[0.634s] DEBUG:colcon:Command line arguments: ['/usr/bin/colcon', 'build']
[0.634s] DEBUG:colcon:Parsed command line arguments: Namespace(allow_overriding=[], ament_cmake_args=None, base_paths=['.'], build_base='build', catkin_cmake_args=None, catkin_skip_building_tests=False, cmake_args=None, cmake_clean_cache=False, cmake_clean_first=False, cmake_force_configure=False, cmake_target=None, cmake_target_skip_unavailable=False, continue_on_error=False, event_handlers=None, executor='parallel', ignore_user_meta=False, install_base='install', log_base=None, log_level=None, main=<bound method BuildVerb.main of <colcon_core.verb.build.BuildVerb object at 0xffff9abca850>>, merge_install=False, metas=['./colcon.meta'], packages_above=None, packages_above_and_dependencies=None, packages_above_depth=None, packages_end=None, packages_ignore=None, packages_ignore_regex=None, packages_select=None, packages_select_build_failed=False, packages_select_by_dep=None, packages_select_regex=None, packages_select_test_failures=False, packages_skip=None, packages_skip_build_finished=False, packages_skip_by_dep=None, packages_skip_regex=None, packages_skip_test_passed=False, packages_skip_up_to=None, packages_start=None, packages_up_to=None, packages_up_to_regex=None, parallel_workers=4, paths=None, symlink_install=False, test_result_base=None, verb_extension=<colcon_core.verb.build.BuildVerb object at 0xffff9abca850>, verb_name='build', verb_parser=<colcon_defaults.argument_parser.defaults.DefaultArgumentsDecorator object at 0xffff9abcadc0>)
[0.729s] Level 1:colcon.colcon_core.package_discovery:discover_packages(colcon_meta) check parameters
[0.730s] Level 1:colcon.colcon_core.package_discovery:discover_packages(recursive) check parameters
[0.730s] Level 1:colcon.colcon_core.package_discovery:discover_packages(ignore) check parameters
[0.730s] Level 1:colcon.colcon_core.package_discovery:discover_packages(path) check parameters
[0.730s] Level 1:colcon.colcon_core.package_discovery:discover_packages(colcon_meta) discover
[0.730s] Level 1:colcon.colcon_core.package_discovery:discover_packages(recursive) discover
[0.730s] INFO:colcon.colcon_core.package_discovery:Crawling recursively for packages in '/home/april/workAreas/apriltag_ws'
[0.731s] Level 1:colcon.colcon_core.package_identification:_identify(.) by extensions ['ignore', 'ignore_ament_install']
[0.731s] Level 1:colcon.colcon_core.package_identification:_identify(.) by extension 'ignore'
[0.731s] Level 1:colcon.colcon_core.package_identification:_identify(.) by extension 'ignore_ament_install'
[0.732s] Level 1:colcon.colcon_core.package_identification:_identify(.) by extensions ['colcon_pkg']
[0.732s] Level 1:colcon.colcon_core.package_identification:_identify(.) by extension 'colcon_pkg'
[0.732s] Level 1:colcon.colcon_core.package_identification:_identify(.) by extensions ['colcon_meta']
[0.732s] Level 1:colcon.colcon_core.package_identification:_identify(.) by extension 'colcon_meta'
[0.732s] Level 1:colcon.colcon_core.package_identification:_identify(.) by extensions ['ros']
[0.732s] Level 1:colcon.colcon_core.package_identification:_identify(.) by extension 'ros'
[0.773s] Level 1:colcon.colcon_core.package_identification:_identify(.) by extensions ['cmake', 'python']
[0.773s] Level 1:colcon.colcon_core.package_identification:_identify(.) by extension 'cmake'
[0.773s] Level 1:colcon.colcon_core.package_identification:_identify(.) by extension 'python'
[0.773s] Level 1:colcon.colcon_core.package_identification:_identify(.) by extensions ['python_setup_py']
[0.773s] Level 1:colcon.colcon_core.package_identification:_identify(.) by extension 'python_setup_py'
[0.774s] Level 1:colcon.colcon_core.package_identification:_identify(build) by extensions ['ignore', 'ignore_ament_install']
[0.774s] Level 1:colcon.colcon_core.package_identification:_identify(build) by extension 'ignore'
[0.774s] Level 1:colcon.colcon_core.package_identification:_identify(build) ignored
[0.775s] Level 1:colcon.colcon_core.package_identification:_identify(install) by extensions ['ignore', 'ignore_ament_install']
[0.775s] Level 1:colcon.colcon_core.package_identification:_identify(install) by extension 'ignore'
[0.776s] Level 1:colcon.colcon_core.package_identification:_identify(install) ignored
[0.776s] Level 1:colcon.colcon_core.package_identification:_identify(log) by extensions ['ignore', 'ignore_ament_install']
[0.776s] Level 1:colcon.colcon_core.package_identification:_identify(log) by extension 'ignore'
[0.777s] Level 1:colcon.colcon_core.package_identification:_identify(log) ignored
[0.777s] Level 1:colcon.colcon_core.package_identification:_identify(src) by extensions ['ignore', 'ignore_ament_install']
[0.777s] Level 1:colcon.colcon_core.package_identification:_identify(src) by extension 'ignore'
[0.777s] Level 1:colcon.colcon_core.package_identification:_identify(src) by extension 'ignore_ament_install'
[0.778s] Level 1:colcon.colcon_core.package_identification:_identify(src) by extensions ['colcon_pkg']
[0.778s] Level 1:colcon.colcon_core.package_identification:_identify(src) by extension 'colcon_pkg'
[0.778s] Level 1:colcon.colcon_core.package_identification:_identify(src) by extensions ['colcon_meta']
[0.778s] Level 1:colcon.colcon_core.package_identification:_identify(src) by extension 'colcon_meta'
[0.778s] Level 1:colcon.colcon_core.package_identification:_identify(src) by extensions ['ros']
[0.778s] Level 1:colcon.colcon_core.package_identification:_identify(src) by extension 'ros'
[0.779s] Level 1:colcon.colcon_core.package_identification:_identify(src) by extensions ['cmake', 'python']
[0.779s] Level 1:colcon.colcon_core.package_identification:_identify(src) by extension 'cmake'
[0.779s] Level 1:colcon.colcon_core.package_identification:_identify(src) by extension 'python'
[0.779s] Level 1:colcon.colcon_core.package_identification:_identify(src) by extensions ['python_setup_py']
[0.779s] Level 1:colcon.colcon_core.package_identification:_identify(src) by extension 'python_setup_py'
[0.780s] Level 1:colcon.colcon_core.package_identification:_identify(src/apriltag_msgs) by extensions ['ignore', 'ignore_ament_install']
[0.780s] Level 1:colcon.colcon_core.package_identification:_identify(src/apriltag_msgs) by extension 'ignore'
[0.780s] Level 1:colcon.colcon_core.package_identification:_identify(src/apriltag_msgs) by extension 'ignore_ament_install'
[0.780s] Level 1:colcon.colcon_core.package_identification:_identify(src/apriltag_msgs) by extensions ['colcon_pkg']
[0.780s] Level 1:colcon.colcon_core.package_identification:_identify(src/apriltag_msgs) by extension 'colcon_pkg'
[0.780s] Level 1:colcon.colcon_core.package_identification:_identify(src/apriltag_msgs) by extensions ['colcon_meta']
[0.781s] Level 1:colcon.colcon_core.package_identification:_identify(src/apriltag_msgs) by extension 'colcon_meta'
[0.781s] Level 1:colcon.colcon_core.package_identification:_identify(src/apriltag_msgs) by extensions ['ros']
[0.781s] Level 1:colcon.colcon_core.package_identification:_identify(src/apriltag_msgs) by extension 'ros'
[0.789s] DEBUG:colcon.colcon_core.package_identification:Package 'src/apriltag_msgs' with type 'ros.ament_cmake' and name 'apriltag_msgs'
[0.789s] Level 1:colcon.colcon_core.package_identification:_identify(src/apriltag_ros) by extensions ['ignore', 'ignore_ament_install']
[0.790s] Level 1:colcon.colcon_core.package_identification:_identify(src/apriltag_ros) by extension 'ignore'
[0.790s] Level 1:colcon.colcon_core.package_identification:_identify(src/apriltag_ros) by extension 'ignore_ament_install'
[0.790s] Level 1:colcon.colcon_core.package_identification:_identify(src/apriltag_ros) by extensions ['colcon_pkg']
[0.790s] Level 1:colcon.colcon_core.package_identification:_identify(src/apriltag_ros) by extension 'colcon_pkg'
[0.790s] Level 1:colcon.colcon_core.package_identification:_identify(src/apriltag_ros) by extensions ['colcon_meta']
[0.791s] Level 1:colcon.colcon_core.package_identification:_identify(src/apriltag_ros) by extension 'colcon_meta'
[0.791s] Level 1:colcon.colcon_core.package_identification:_identify(src/apriltag_ros) by extensions ['ros']
[0.791s] Level 1:colcon.colcon_core.package_identification:_identify(src/apriltag_ros) by extension 'ros'
[0.800s] DEBUG:colcon.colcon_core.package_identification:Package 'src/apriltag_ros' with type 'ros.ament_cmake' and name 'apriltag_ros'
[0.800s] Level 1:colcon.colcon_core.package_identification:_identify(src/cam_subscriber) by extensions ['ignore', 'ignore_ament_install']
[0.801s] Level 1:colcon.colcon_core.package_identification:_identify(src/cam_subscriber) by extension 'ignore'
[0.801s] Level 1:colcon.colcon_core.package_identification:_identify(src/cam_subscriber) by extension 'ignore_ament_install'
[0.801s] Level 1:colcon.colcon_core.package_identification:_identify(src/cam_subscriber) by extensions ['colcon_pkg']
[0.801s] Level 1:colcon.colcon_core.package_identification:_identify(src/cam_subscriber) by extension 'colcon_pkg'
[0.802s] Level 1:colcon.colcon_core.package_identification:_identify(src/cam_subscriber) by extensions ['colcon_meta']
[0.802s] Level 1:colcon.colcon_core.package_identification:_identify(src/cam_subscriber) by extension 'colcon_meta'
[0.802s] Level 1:colcon.colcon_core.package_identification:_identify(src/cam_subscriber) by extensions ['ros']
[0.802s] Level 1:colcon.colcon_core.package_identification:_identify(src/cam_subscriber) by extension 'ros'
[0.805s] DEBUG:colcon.colcon_core.package_identification:Package 'src/cam_subscriber' with type 'ros.ament_python' and name 'cam_subscriber'
[0.805s] Level 1:colcon.colcon_core.package_identification:_identify(src/py_pysub) by extensions ['ignore', 'ignore_ament_install']
[0.806s] Level 1:colcon.colcon_core.package_identification:_identify(src/py_pysub) by extension 'ignore'
[0.806s] Level 1:colcon.colcon_core.package_identification:_identify(src/py_pysub) by extension 'ignore_ament_install'
[0.806s] Level 1:colcon.colcon_core.package_identification:_identify(src/py_pysub) by extensions ['colcon_pkg']
[0.806s] Level 1:colcon.colcon_core.package_identification:_identify(src/py_pysub) by extension 'colcon_pkg'
[0.806s] Level 1:colcon.colcon_core.package_identification:_identify(src/py_pysub) by extensions ['colcon_meta']
[0.806s] Level 1:colcon.colcon_core.package_identification:_identify(src/py_pysub) by extension 'colcon_meta'
[0.807s] Level 1:colcon.colcon_core.package_identification:_identify(src/py_pysub) by extensions ['ros']
[0.807s] Level 1:colcon.colcon_core.package_identification:_identify(src/py_pysub) by extension 'ros'
[0.807s] Level 1:colcon.colcon_core.package_identification:_identify(src/py_pysub) by extensions ['cmake', 'python']
[0.807s] Level 1:colcon.colcon_core.package_identification:_identify(src/py_pysub) by extension 'cmake'
[0.807s] Level 1:colcon.colcon_core.package_identification:_identify(src/py_pysub) by extension 'python'
[0.807s] Level 1:colcon.colcon_core.package_identification:_identify(src/py_pysub) by extensions ['python_setup_py']
[0.808s] Level 1:colcon.colcon_core.package_identification:_identify(src/py_pysub) by extension 'python_setup_py'
[0.808s] Level 1:colcon.colcon_core.package_identification:_identify(src/py_pysub/py_pysub) by extensions ['ignore', 'ignore_ament_install']
[0.808s] Level 1:colcon.colcon_core.package_identification:_identify(src/py_pysub/py_pysub) by extension 'ignore'
[0.809s] Level 1:colcon.colcon_core.package_identification:_identify(src/py_pysub/py_pysub) by extension 'ignore_ament_install'
[0.809s] Level 1:colcon.colcon_core.package_identification:_identify(src/py_pysub/py_pysub) by extensions ['colcon_pkg']
[0.809s] Level 1:colcon.colcon_core.package_identification:_identify(src/py_pysub/py_pysub) by extension 'colcon_pkg'
[0.809s] Level 1:colcon.colcon_core.package_identification:_identify(src/py_pysub/py_pysub) by extensions ['colcon_meta']
[0.809s] Level 1:colcon.colcon_core.package_identification:_identify(src/py_pysub/py_pysub) by extension 'colcon_meta'
[0.809s] Level 1:colcon.colcon_core.package_identification:_identify(src/py_pysub/py_pysub) by extensions ['ros']
[0.809s] Level 1:colcon.colcon_core.package_identification:_identify(src/py_pysub/py_pysub) by extension 'ros'
[0.811s] DEBUG:colcon.colcon_core.package_identification:Package 'src/py_pysub/py_pysub' with type 'ros.ament_python' and name 'py_pysub'
[0.812s] Level 1:colcon.colcon_core.package_discovery:discover_packages(recursive) using defaults
[0.812s] Level 1:colcon.colcon_core.package_discovery:discover_packages(ignore) discover
[0.812s] Level 1:colcon.colcon_core.package_discovery:discover_packages(ignore) using defaults
[0.812s] Level 1:colcon.colcon_core.package_discovery:discover_packages(path) discover
[0.812s] Level 1:colcon.colcon_core.package_discovery:discover_packages(path) using defaults
[0.931s] Level 1:colcon.colcon_core.package_discovery:discover_packages(prefix_path) check parameters
[0.932s] Level 1:colcon.colcon_core.package_discovery:discover_packages(prefix_path) discover
[0.947s] DEBUG:colcon.colcon_installed_package_information.package_discovery:Found 4 installed packages in /home/april/workAreas/apriltag_ws/install
[0.952s] DEBUG:colcon.colcon_installed_package_information.package_discovery:Found 4 installed packages in /home/april/rosApril_ws/install
[0.963s] DEBUG:colcon.colcon_installed_package_information.package_discovery:Found 263 installed packages in /opt/ros/foxy
[0.970s] Level 1:colcon.colcon_core.package_discovery:discover_packages(prefix_path) using defaults
[1.258s] Level 5:colcon.colcon_core.verb:set package 'apriltag_msgs' build argument 'cmake_args' from command line to 'None'
[1.259s] Level 5:colcon.colcon_core.verb:set package 'apriltag_msgs' build argument 'cmake_target' from command line to 'None'
[1.259s] Level 5:colcon.colcon_core.verb:set package 'apriltag_msgs' build argument 'cmake_target_skip_unavailable' from command line to 'False'
[1.259s] Level 5:colcon.colcon_core.verb:set package 'apriltag_msgs' build argument 'cmake_clean_cache' from command line to 'False'
[1.259s] Level 5:colcon.colcon_core.verb:set package 'apriltag_msgs' build argument 'cmake_clean_first' from command line to 'False'
[1.259s] Level 5:colcon.colcon_core.verb:set package 'apriltag_msgs' build argument 'cmake_force_configure' from command line to 'False'
[1.259s] Level 5:colcon.colcon_core.verb:set package 'apriltag_msgs' build argument 'ament_cmake_args' from command line to 'None'
[1.259s] Level 5:colcon.colcon_core.verb:set package 'apriltag_msgs' build argument 'catkin_cmake_args' from command line to 'None'
[1.259s] Level 5:colcon.colcon_core.verb:set package 'apriltag_msgs' build argument 'catkin_skip_building_tests' from command line to 'False'
[1.259s] DEBUG:colcon.colcon_core.verb:Building package 'apriltag_msgs' with the following arguments: {'ament_cmake_args': None, 'build_base': '/home/april/workAreas/apriltag_ws/build/apriltag_msgs', 'catkin_cmake_args': None, 'catkin_skip_building_tests': False, 'cmake_args': None, 'cmake_clean_cache': False, 'cmake_clean_first': False, 'cmake_force_configure': False, 'cmake_target': None, 'cmake_target_skip_unavailable': False, 'install_base': '/home/april/workAreas/apriltag_ws/install/apriltag_msgs', 'merge_install': False, 'path': '/home/april/workAreas/apriltag_ws/src/apriltag_msgs', 'symlink_install': False, 'test_result_base': None}
[1.264s] Level 5:colcon.colcon_core.verb:set package 'py_pysub' build argument 'cmake_args' from command line to 'None'
[1.264s] Level 5:colcon.colcon_core.verb:set package 'py_pysub' build argument 'cmake_target' from command line to 'None'
[1.265s] Level 5:colcon.colcon_core.verb:set package 'py_pysub' build argument 'cmake_target_skip_unavailable' from command line to 'False'
[1.265s] Level 5:colcon.colcon_core.verb:set package 'py_pysub' build argument 'cmake_clean_cache' from command line to 'False'
[1.265s] Level 5:colcon.colcon_core.verb:set package 'py_pysub' build argument 'cmake_clean_first' from command line to 'False'
[1.265s] Level 5:colcon.colcon_core.verb:set package 'py_pysub' build argument 'cmake_force_configure' from command line to 'False'
[1.265s] Level 5:colcon.colcon_core.verb:set package 'py_pysub' build argument 'ament_cmake_args' from command line to 'None'
[1.265s] Level 5:colcon.colcon_core.verb:set package 'py_pysub' build argument 'catkin_cmake_args' from command line to 'None'
[1.265s] Level 5:colcon.colcon_core.verb:set package 'py_pysub' build argument 'catkin_skip_building_tests' from command line to 'False'
[1.265s] DEBUG:colcon.colcon_core.verb:Building package 'py_pysub' with the following arguments: {'ament_cmake_args': None, 'build_base': '/home/april/workAreas/apriltag_ws/build/py_pysub', 'catkin_cmake_args': None, 'catkin_skip_building_tests': False, 'cmake_args': None, 'cmake_clean_cache': False, 'cmake_clean_first': False, 'cmake_force_configure': False, 'cmake_target': None, 'cmake_target_skip_unavailable': False, 'install_base': '/home/april/workAreas/apriltag_ws/install/py_pysub', 'merge_install': False, 'path': '/home/april/workAreas/apriltag_ws/src/py_pysub/py_pysub', 'symlink_install': False, 'test_result_base': None}
[1.269s] Level 5:colcon.colcon_core.verb:set package 'apriltag_ros' build argument 'cmake_args' from command line to 'None'
[1.270s] Level 5:colcon.colcon_core.verb:set package 'apriltag_ros' build argument 'cmake_target' from command line to 'None'
[1.270s] Level 5:colcon.colcon_core.verb:set package 'apriltag_ros' build argument 'cmake_target_skip_unavailable' from command line to 'False'
[1.270s] Level 5:colcon.colcon_core.verb:set package 'apriltag_ros' build argument 'cmake_clean_cache' from command line to 'False'
[1.270s] Level 5:colcon.colcon_core.verb:set package 'apriltag_ros' build argument 'cmake_clean_first' from command line to 'False'
[1.270s] Level 5:colcon.colcon_core.verb:set package 'apriltag_ros' build argument 'cmake_force_configure' from command line to 'False'
[1.270s] Level 5:colcon.colcon_core.verb:set package 'apriltag_ros' build argument 'ament_cmake_args' from command line to 'None'
[1.270s] Level 5:colcon.colcon_core.verb:set package 'apriltag_ros' build argument 'catkin_cmake_args' from command line to 'None'
[1.270s] Level 5:colcon.colcon_core.verb:set package 'apriltag_ros' build argument 'catkin_skip_building_tests' from command line to 'False'
[1.270s] DEBUG:colcon.colcon_core.verb:Building package 'apriltag_ros' with the following arguments: {'ament_cmake_args': None, 'build_base': '/home/april/workAreas/apriltag_ws/build/apriltag_ros', 'catkin_cmake_args': None, 'catkin_skip_building_tests': False, 'cmake_args': None, 'cmake_clean_cache': False, 'cmake_clean_first': False, 'cmake_force_configure': False, 'cmake_target': None, 'cmake_target_skip_unavailable': False, 'install_base': '/home/april/workAreas/apriltag_ws/install/apriltag_ros', 'merge_install': False, 'path': '/home/april/workAreas/apriltag_ws/src/apriltag_ros', 'symlink_install': False, 'test_result_base': None}
[1.275s] Level 5:colcon.colcon_core.verb:set package 'cam_subscriber' build argument 'cmake_args' from command line to 'None'
[1.275s] Level 5:colcon.colcon_core.verb:set package 'cam_subscriber' build argument 'cmake_target' from command line to 'None'
[1.275s] Level 5:colcon.colcon_core.verb:set package 'cam_subscriber' build argument 'cmake_target_skip_unavailable' from command line to 'False'
[1.275s] Level 5:colcon.colcon_core.verb:set package 'cam_subscriber' build argument 'cmake_clean_cache' from command line to 'False'
[1.275s] Level 5:colcon.colcon_core.verb:set package 'cam_subscriber' build argument 'cmake_clean_first' from command line to 'False'
[1.275s] Level 5:colcon.colcon_core.verb:set package 'cam_subscriber' build argument 'cmake_force_configure' from command line to 'False'
[1.275s] Level 5:colcon.colcon_core.verb:set package 'cam_subscriber' build argument 'ament_cmake_args' from command line to 'None'
[1.275s] Level 5:colcon.colcon_core.verb:set package 'cam_subscriber' build argument 'catkin_cmake_args' from command line to 'None'
[1.275s] Level 5:colcon.colcon_core.verb:set package 'cam_subscriber' build argument 'catkin_skip_building_tests' from command line to 'False'
[1.276s] DEBUG:colcon.colcon_core.verb:Building package 'cam_subscriber' with the following arguments: {'ament_cmake_args': None, 'build_base': '/home/april/workAreas/apriltag_ws/build/cam_subscriber', 'catkin_cmake_args': None, 'catkin_skip_building_tests': False, 'cmake_args': None, 'cmake_clean_cache': False, 'cmake_clean_first': False, 'cmake_force_configure': False, 'cmake_target': None, 'cmake_target_skip_unavailable': False, 'install_base': '/home/april/workAreas/apriltag_ws/install/cam_subscriber', 'merge_install': False, 'path': '/home/april/workAreas/apriltag_ws/src/cam_subscriber', 'symlink_install': False, 'test_result_base': None}
[1.278s] INFO:colcon.colcon_core.executor:Executing jobs using 'parallel' executor
[1.294s] DEBUG:colcon.colcon_parallel_executor.executor.parallel:run_until_complete
[1.295s] INFO:colcon.colcon_ros.task.ament_cmake.build:Building ROS package in '/home/april/workAreas/apriltag_ws/src/apriltag_msgs' with build type 'ament_cmake'
[1.296s] INFO:colcon.colcon_cmake.task.cmake.build:Building CMake package in '/home/april/workAreas/apriltag_ws/src/apriltag_msgs'
[1.316s] INFO:colcon.colcon_core.plugin_system:Skipping extension 'colcon_core.shell.bat': Not used on non-Windows systems
[1.317s] INFO:colcon.colcon_core.shell:Skip shell extension 'powershell' for command environment: Not usable outside of PowerShell
[1.317s] DEBUG:colcon.colcon_core.shell:Skip shell extension 'dsv' for command environment
[1.368s] INFO:colcon.colcon_ros.task.ament_python.build:Building ROS package in '/home/april/workAreas/apriltag_ws/src/py_pysub/py_pysub' with build type 'ament_python'
[1.371s] Level 1:colcon.colcon_core.shell:create_environment_hook('py_pysub', 'ament_prefix_path')
[1.379s] INFO:colcon.colcon_core.shell:Creating environment hook '/home/april/workAreas/apriltag_ws/install/py_pysub/share/py_pysub/hook/ament_prefix_path.ps1'
[1.383s] INFO:colcon.colcon_core.shell:Creating environment descriptor '/home/april/workAreas/apriltag_ws/install/py_pysub/share/py_pysub/hook/ament_prefix_path.dsv'
[1.388s] INFO:colcon.colcon_core.shell:Creating environment hook '/home/april/workAreas/apriltag_ws/install/py_pysub/share/py_pysub/hook/ament_prefix_path.sh'
[1.402s] INFO:colcon.colcon_core.shell:Skip shell extension 'powershell' for command environment: Not usable outside of PowerShell
[1.403s] DEBUG:colcon.colcon_core.shell:Skip shell extension 'dsv' for command environment
[1.472s] DEBUG:colcon.colcon_core.event_handler.log_command:Invoking command in '/home/april/workAreas/apriltag_ws/build/apriltag_msgs': CMAKE_PREFIX_PATH=${CMAKE_PREFIX_PATH}:/home/april/workAreas/apriltag_ws/install/py_pysub:/home/april/workAreas/apriltag_ws/install/cam_subscriber:/home/april/rosApril_ws/install/py_pysub:/home/april/rosApril_ws/install/cam_subscriber:/opt/ros/foxy /usr/bin/cmake --build /home/april/workAreas/apriltag_ws/build/apriltag_msgs -- -j4 -l4
[2.792s] INFO:colcon.colcon_core.task.python.build:Building Python package in '/home/april/workAreas/apriltag_ws/src/py_pysub/py_pysub'
[2.799s] INFO:colcon.colcon_core.shell:Skip shell extension 'powershell' for command environment: Not usable outside of PowerShell
[2.800s] DEBUG:colcon.colcon_core.shell:Skip shell extension 'dsv' for command environment
[3.673s] DEBUG:colcon.colcon_core.event_handler.log_command:Invoked command in '/home/april/workAreas/apriltag_ws/build/apriltag_msgs' returned '0': CMAKE_PREFIX_PATH=${CMAKE_PREFIX_PATH}:/home/april/workAreas/apriltag_ws/install/py_pysub:/home/april/workAreas/apriltag_ws/install/cam_subscriber:/home/april/rosApril_ws/install/py_pysub:/home/april/rosApril_ws/install/cam_subscriber:/opt/ros/foxy /usr/bin/cmake --build /home/april/workAreas/apriltag_ws/build/apriltag_msgs -- -j4 -l4
[4.293s] DEBUG:colcon.colcon_core.event_handler.log_command:Invoking command in '/home/april/workAreas/apriltag_ws/build/apriltag_msgs': CMAKE_PREFIX_PATH=${CMAKE_PREFIX_PATH}:/home/april/workAreas/apriltag_ws/install/py_pysub:/home/april/workAreas/apriltag_ws/install/cam_subscriber:/home/april/rosApril_ws/install/py_pysub:/home/april/rosApril_ws/install/cam_subscriber:/opt/ros/foxy /usr/bin/cmake --install /home/april/workAreas/apriltag_ws/build/apriltag_msgs
[4.623s] Level 1:colcon.colcon_core.environment:create_environment_scripts_only(apriltag_msgs)
[4.626s] DEBUG:colcon.colcon_core.event_handler.log_command:Invoked command in '/home/april/workAreas/apriltag_ws/build/apriltag_msgs' returned '0': CMAKE_PREFIX_PATH=${CMAKE_PREFIX_PATH}:/home/april/workAreas/apriltag_ws/install/py_pysub:/home/april/workAreas/apriltag_ws/install/cam_subscriber:/home/april/rosApril_ws/install/py_pysub:/home/april/rosApril_ws/install/cam_subscriber:/opt/ros/foxy /usr/bin/cmake --install /home/april/workAreas/apriltag_ws/build/apriltag_msgs
[4.651s] Level 1:colcon.colcon_core.environment:checking '/home/april/workAreas/apriltag_ws/install/apriltag_msgs' for CMake module files
[4.659s] Level 1:colcon.colcon_core.environment:checking '/home/april/workAreas/apriltag_ws/install/apriltag_msgs' for CMake config files
[4.663s] Level 1:colcon.colcon_core.shell:create_environment_hook('apriltag_msgs', 'cmake_prefix_path')
[4.670s] INFO:colcon.colcon_core.shell:Creating environment hook '/home/april/workAreas/apriltag_ws/install/apriltag_msgs/share/apriltag_msgs/hook/cmake_prefix_path.ps1'
[4.672s] INFO:colcon.colcon_core.shell:Creating environment descriptor '/home/april/workAreas/apriltag_ws/install/apriltag_msgs/share/apriltag_msgs/hook/cmake_prefix_path.dsv'
[4.676s] INFO:colcon.colcon_core.shell:Creating environment hook '/home/april/workAreas/apriltag_ws/install/apriltag_msgs/share/apriltag_msgs/hook/cmake_prefix_path.sh'
[4.680s] Level 1:colcon.colcon_core.environment:checking '/home/april/workAreas/apriltag_ws/install/apriltag_msgs/lib'
[4.681s] Level 1:colcon.colcon_core.shell:create_environment_hook('apriltag_msgs', 'ld_library_path_lib')
[4.687s] INFO:colcon.colcon_core.shell:Creating environment hook '/home/april/workAreas/apriltag_ws/install/apriltag_msgs/share/apriltag_msgs/hook/ld_library_path_lib.ps1'
[4.689s] INFO:colcon.colcon_core.shell:Creating environment descriptor '/home/april/workAreas/apriltag_ws/install/apriltag_msgs/share/apriltag_msgs/hook/ld_library_path_lib.dsv'
[4.691s] INFO:colcon.colcon_core.shell:Creating environment hook '/home/april/workAreas/apriltag_ws/install/apriltag_msgs/share/apriltag_msgs/hook/ld_library_path_lib.sh'
[4.693s] Level 1:colcon.colcon_core.environment:checking '/home/april/workAreas/apriltag_ws/install/apriltag_msgs/bin'
[4.694s] Level 1:colcon.colcon_core.environment:checking '/home/april/workAreas/apriltag_ws/install/apriltag_msgs/lib/pkgconfig/apriltag_msgs.pc'
[4.695s] Level 1:colcon.colcon_core.environment:checking '/home/april/workAreas/apriltag_ws/install/apriltag_msgs/lib/python3.8/site-packages'
[4.695s] Level 1:colcon.colcon_core.shell:create_environment_hook('apriltag_msgs', 'pythonpath')
[4.702s] INFO:colcon.colcon_core.shell:Creating environment hook '/home/april/workAreas/apriltag_ws/install/apriltag_msgs/share/apriltag_msgs/hook/pythonpath.ps1'
[4.704s] INFO:colcon.colcon_core.shell:Creating environment descriptor '/home/april/workAreas/apriltag_ws/install/apriltag_msgs/share/apriltag_msgs/hook/pythonpath.dsv'
[4.706s] INFO:colcon.colcon_core.shell:Creating environment hook '/home/april/workAreas/apriltag_ws/install/apriltag_msgs/share/apriltag_msgs/hook/pythonpath.sh'
[4.708s] Level 1:colcon.colcon_core.environment:checking '/home/april/workAreas/apriltag_ws/install/apriltag_msgs/bin'
[4.715s] INFO:colcon.colcon_core.shell:Creating package script '/home/april/workAreas/apriltag_ws/install/apriltag_msgs/share/apriltag_msgs/package.ps1'
[4.719s] INFO:colcon.colcon_core.shell:Creating package descriptor '/home/april/workAreas/apriltag_ws/install/apriltag_msgs/share/apriltag_msgs/package.dsv'
[4.722s] INFO:colcon.colcon_core.shell:Creating package script '/home/april/workAreas/apriltag_ws/install/apriltag_msgs/share/apriltag_msgs/package.sh'
[4.726s] INFO:colcon.colcon_core.shell:Creating package script '/home/april/workAreas/apriltag_ws/install/apriltag_msgs/share/apriltag_msgs/package.bash'
[4.730s] INFO:colcon.colcon_core.shell:Creating package script '/home/april/workAreas/apriltag_ws/install/apriltag_msgs/share/apriltag_msgs/package.zsh'
[4.735s] Level 1:colcon.colcon_core.environment:create_file_with_runtime_dependencies(/home/april/workAreas/apriltag_ws/install/apriltag_msgs/share/colcon-core/packages/apriltag_msgs)
[4.926s] DEBUG:colcon.colcon_core.event_handler.log_command:Invoking command in '/home/april/workAreas/apriltag_ws/src/py_pysub/py_pysub': PYTHONPATH=/home/april/workAreas/apriltag_ws/build/py_pysub/prefix_override:/home/april/workAreas/apriltag_ws/install/py_pysub/lib/python3.8/site-packages:${PYTHONPATH} /usr/bin/python3 setup.py egg_info --egg-base ../../../build/py_pysub build --build-base /home/april/workAreas/apriltag_ws/build/py_pysub/build install --record /home/april/workAreas/apriltag_ws/build/py_pysub/install.log --install-scripts $base/lib/py_pysub --single-version-externally-managed
[5.352s] Level 1:colcon.colcon_core.environment:create_environment_scripts_only(apriltag_msgs)
[5.360s] Level 1:colcon.colcon_core.environment:checking '/home/april/workAreas/apriltag_ws/install/apriltag_msgs' for CMake module files
[5.367s] Level 1:colcon.colcon_core.environment:checking '/home/april/workAreas/apriltag_ws/install/apriltag_msgs' for CMake config files
[5.374s] Level 1:colcon.colcon_core.shell:create_environment_hook('apriltag_msgs', 'cmake_prefix_path')
[5.380s] INFO:colcon.colcon_core.shell:Creating environment hook '/home/april/workAreas/apriltag_ws/install/apriltag_msgs/share/apriltag_msgs/hook/cmake_prefix_path.ps1'
[5.382s] INFO:colcon.colcon_core.shell:Creating environment descriptor '/home/april/workAreas/apriltag_ws/install/apriltag_msgs/share/apriltag_msgs/hook/cmake_prefix_path.dsv'
[5.384s] INFO:colcon.colcon_core.shell:Creating environment hook '/home/april/workAreas/apriltag_ws/install/apriltag_msgs/share/apriltag_msgs/hook/cmake_prefix_path.sh'
[5.387s] Level 1:colcon.colcon_core.environment:checking '/home/april/workAreas/apriltag_ws/install/apriltag_msgs/lib'
[5.387s] Level 1:colcon.colcon_core.shell:create_environment_hook('apriltag_msgs', 'ld_library_path_lib')
[5.393s] INFO:colcon.colcon_core.shell:Creating environment hook '/home/april/workAreas/apriltag_ws/install/apriltag_msgs/share/apriltag_msgs/hook/ld_library_path_lib.ps1'
[5.395s] INFO:colcon.colcon_core.shell:Creating environment descriptor '/home/april/workAreas/apriltag_ws/install/apriltag_msgs/share/apriltag_msgs/hook/ld_library_path_lib.dsv'
[5.397s] INFO:colcon.colcon_core.shell:Creating environment hook '/home/april/workAreas/apriltag_ws/install/apriltag_msgs/share/apriltag_msgs/hook/ld_library_path_lib.sh'
[5.399s] Level 1:colcon.colcon_core.environment:checking '/home/april/workAreas/apriltag_ws/install/apriltag_msgs/bin'
[5.399s] Level 1:colcon.colcon_core.environment:checking '/home/april/workAreas/apriltag_ws/install/apriltag_msgs/lib/pkgconfig/apriltag_msgs.pc'
[5.400s] Level 1:colcon.colcon_core.environment:checking '/home/april/workAreas/apriltag_ws/install/apriltag_msgs/lib/python3.8/site-packages'
[5.400s] Level 1:colcon.colcon_core.shell:create_environment_hook('apriltag_msgs', 'pythonpath')
[5.406s] INFO:colcon.colcon_core.shell:Creating environment hook '/home/april/workAreas/apriltag_ws/install/apriltag_msgs/share/apriltag_msgs/hook/pythonpath.ps1'
[5.408s] INFO:colcon.colcon_core.shell:Creating environment descriptor '/home/april/workAreas/apriltag_ws/install/apriltag_msgs/share/apriltag_msgs/hook/pythonpath.dsv'
[5.410s] INFO:colcon.colcon_core.shell:Creating environment hook '/home/april/workAreas/apriltag_ws/install/apriltag_msgs/share/apriltag_msgs/hook/pythonpath.sh'
[5.412s] Level 1:colcon.colcon_core.environment:checking '/home/april/workAreas/apriltag_ws/install/apriltag_msgs/bin'
[5.419s] INFO:colcon.colcon_core.shell:Creating package script '/home/april/workAreas/apriltag_ws/install/apriltag_msgs/share/apriltag_msgs/package.ps1'
[5.422s] INFO:colcon.colcon_core.shell:Creating package descriptor '/home/april/workAreas/apriltag_ws/install/apriltag_msgs/share/apriltag_msgs/package.dsv'
[5.424s] INFO:colcon.colcon_core.shell:Creating package script '/home/april/workAreas/apriltag_ws/install/apriltag_msgs/share/apriltag_msgs/package.sh'
[5.427s] INFO:colcon.colcon_core.shell:Creating package script '/home/april/workAreas/apriltag_ws/install/apriltag_msgs/share/apriltag_msgs/package.bash'
[5.429s] INFO:colcon.colcon_core.shell:Creating package script '/home/april/workAreas/apriltag_ws/install/apriltag_msgs/share/apriltag_msgs/package.zsh'
[5.431s] Level 1:colcon.colcon_core.environment:create_file_with_runtime_dependencies(/home/april/workAreas/apriltag_ws/install/apriltag_msgs/share/colcon-core/packages/apriltag_msgs)
[5.433s] INFO:colcon.colcon_ros.task.ament_cmake.build:Building ROS package in '/home/april/workAreas/apriltag_ws/src/apriltag_ros' with build type 'ament_cmake'
[5.435s] INFO:colcon.colcon_cmake.task.cmake.build:Building CMake package in '/home/april/workAreas/apriltag_ws/src/apriltag_ros'
[5.442s] INFO:colcon.colcon_core.shell:Skip shell extension 'powershell' for command environment: Not usable outside of PowerShell
[5.442s] DEBUG:colcon.colcon_core.shell:Skip shell extension 'dsv' for command environment
[5.485s] INFO:colcon.colcon_ros.task.ament_python.build:Building ROS package in '/home/april/workAreas/apriltag_ws/src/cam_subscriber' with build type 'ament_python'
[5.487s] Level 1:colcon.colcon_core.shell:create_environment_hook('cam_subscriber', 'ament_prefix_path')
[5.503s] INFO:colcon.colcon_core.shell:Creating environment hook '/home/april/workAreas/apriltag_ws/install/cam_subscriber/share/cam_subscriber/hook/ament_prefix_path.ps1'
[5.508s] INFO:colcon.colcon_core.shell:Creating environment descriptor '/home/april/workAreas/apriltag_ws/install/cam_subscriber/share/cam_subscriber/hook/ament_prefix_path.dsv'
[5.510s] INFO:colcon.colcon_core.shell:Creating environment hook '/home/april/workAreas/apriltag_ws/install/cam_subscriber/share/cam_subscriber/hook/ament_prefix_path.sh'
[5.519s] INFO:colcon.colcon_core.shell:Skip shell extension 'powershell' for command environment: Not usable outside of PowerShell
[5.519s] DEBUG:colcon.colcon_core.shell:Skip shell extension 'dsv' for command environment
[5.615s] DEBUG:colcon.colcon_core.event_handler.log_command:Invoking command in '/home/april/workAreas/apriltag_ws/build/apriltag_ros': CMAKE_PREFIX_PATH=/home/april/workAreas/apriltag_ws/install/apriltag_msgs:/home/april/workAreas/apriltag_ws/install/apriltag_ros:/home/april/rosApril_ws/install/apriltag_ros:/home/april/rosApril_ws/install/apriltag_msgs:/home/april/workAreas/apriltag_ws/install/py_pysub:/home/april/workAreas/apriltag_ws/install/cam_subscriber:/home/april/rosApril_ws/install/py_pysub:/home/april/rosApril_ws/install/cam_subscriber:/opt/ros/foxy LD_LIBRARY_PATH=/home/april/workAreas/apriltag_ws/install/apriltag_msgs/lib:/home/april/workAreas/apriltag_ws/install/apriltag_ros/lib:/home/april/rosApril_ws/install/apriltag_ros/lib:/home/april/rosApril_ws/install/apriltag_msgs/lib:/opt/ros/foxy/opt/yaml_cpp_vendor/lib:/opt/ros/foxy/opt/rviz_ogre_vendor/lib:/opt/ros/foxy/lib/aarch64-linux-gnu:/opt/ros/foxy/lib PYTHONPATH=/home/april/workAreas/apriltag_ws/install/apriltag_msgs/lib/python3.8/site-packages:/home/april/workAreas/apriltag_ws/install/py_pysub/lib/python3.8/site-packages:/home/april/workAreas/apriltag_ws/install/cam_subscriber/lib/python3.8/site-packages:/home/april/rosApril_ws/install/py_pysub/lib/python3.8/site-packages:/home/april/rosApril_ws/install/cam_subscriber/lib/python3.8/site-packages:/home/april/rosApril_ws/install/apriltag_msgs/lib/python3.8/site-packages:/opt/ros/foxy/lib/python3.8/site-packages /usr/bin/cmake --build /home/april/workAreas/apriltag_ws/build/apriltag_ros -- -j4 -l4
[7.002s] INFO:colcon.colcon_core.task.python.build:Building Python package in '/home/april/workAreas/apriltag_ws/src/cam_subscriber'
[7.010s] INFO:colcon.colcon_core.shell:Skip shell extension 'powershell' for command environment: Not usable outside of PowerShell
[7.010s] DEBUG:colcon.colcon_core.shell:Skip shell extension 'dsv' for command environment
[7.049s] DEBUG:colcon.colcon_core.event_handler.log_command:Invoked command in '/home/april/workAreas/apriltag_ws/build/apriltag_ros' returned '0': CMAKE_PREFIX_PATH=/home/april/workAreas/apriltag_ws/install/apriltag_msgs:/home/april/workAreas/apriltag_ws/install/apriltag_ros:/home/april/rosApril_ws/install/apriltag_ros:/home/april/rosApril_ws/install/apriltag_msgs:/home/april/workAreas/apriltag_ws/install/py_pysub:/home/april/workAreas/apriltag_ws/install/cam_subscriber:/home/april/rosApril_ws/install/py_pysub:/home/april/rosApril_ws/install/cam_subscriber:/opt/ros/foxy LD_LIBRARY_PATH=/home/april/workAreas/apriltag_ws/install/apriltag_msgs/lib:/home/april/workAreas/apriltag_ws/install/apriltag_ros/lib:/home/april/rosApril_ws/install/apriltag_ros/lib:/home/april/rosApril_ws/install/apriltag_msgs/lib:/opt/ros/foxy/opt/yaml_cpp_vendor/lib:/opt/ros/foxy/opt/rviz_ogre_vendor/lib:/opt/ros/foxy/lib/aarch64-linux-gnu:/opt/ros/foxy/lib PYTHONPATH=/home/april/workAreas/apriltag_ws/install/apriltag_msgs/lib/python3.8/site-packages:/home/april/workAreas/apriltag_ws/install/py_pysub/lib/python3.8/site-packages:/home/april/workAreas/apriltag_ws/install/cam_subscriber/lib/python3.8/site-packages:/home/april/rosApril_ws/install/py_pysub/lib/python3.8/site-packages:/home/april/rosApril_ws/install/cam_subscriber/lib/python3.8/site-packages:/home/april/rosApril_ws/install/apriltag_msgs/lib/python3.8/site-packages:/opt/ros/foxy/lib/python3.8/site-packages /usr/bin/cmake --build /home/april/workAreas/apriltag_ws/build/apriltag_ros -- -j4 -l4
[7.074s] Level 1:colcon.colcon_core.environment:checking '/home/april/workAreas/apriltag_ws/install/py_pysub' for CMake module files
[7.076s] DEBUG:colcon.colcon_core.event_handler.log_command:Invoked command in '/home/april/workAreas/apriltag_ws/src/py_pysub/py_pysub' returned '0': PYTHONPATH=/home/april/workAreas/apriltag_ws/build/py_pysub/prefix_override:/home/april/workAreas/apriltag_ws/install/py_pysub/lib/python3.8/site-packages:${PYTHONPATH} /usr/bin/python3 setup.py egg_info --egg-base ../../../build/py_pysub build --build-base /home/april/workAreas/apriltag_ws/build/py_pysub/build install --record /home/april/workAreas/apriltag_ws/build/py_pysub/install.log --install-scripts $base/lib/py_pysub --single-version-externally-managed
[7.078s] Level 1:colcon.colcon_core.environment:checking '/home/april/workAreas/apriltag_ws/install/py_pysub' for CMake config files
[7.082s] Level 1:colcon.colcon_core.environment:checking '/home/april/workAreas/apriltag_ws/install/py_pysub/lib'
[7.083s] Level 1:colcon.colcon_core.environment:checking '/home/april/workAreas/apriltag_ws/install/py_pysub/bin'
[7.085s] Level 1:colcon.colcon_core.environment:checking '/home/april/workAreas/apriltag_ws/install/py_pysub/lib/pkgconfig/py_pysub.pc'
[7.090s] Level 1:colcon.colcon_core.environment:checking '/home/april/workAreas/apriltag_ws/install/py_pysub/lib/python3.8/site-packages'
[7.092s] Level 1:colcon.colcon_core.shell:create_environment_hook('py_pysub', 'pythonpath')
[7.100s] INFO:colcon.colcon_core.shell:Creating environment hook '/home/april/workAreas/apriltag_ws/install/py_pysub/share/py_pysub/hook/pythonpath.ps1'
[7.102s] INFO:colcon.colcon_core.shell:Creating environment descriptor '/home/april/workAreas/apriltag_ws/install/py_pysub/share/py_pysub/hook/pythonpath.dsv'
[7.104s] INFO:colcon.colcon_core.shell:Creating environment hook '/home/april/workAreas/apriltag_ws/install/py_pysub/share/py_pysub/hook/pythonpath.sh'
[7.107s] Level 1:colcon.colcon_core.environment:checking '/home/april/workAreas/apriltag_ws/install/py_pysub/bin'
[7.107s] Level 1:colcon.colcon_core.environment:create_environment_scripts_only(py_pysub)
[7.114s] INFO:colcon.colcon_core.shell:Creating package script '/home/april/workAreas/apriltag_ws/install/py_pysub/share/py_pysub/package.ps1'
[7.116s] INFO:colcon.colcon_core.shell:Creating package descriptor '/home/april/workAreas/apriltag_ws/install/py_pysub/share/py_pysub/package.dsv'
[7.118s] INFO:colcon.colcon_core.shell:Creating package script '/home/april/workAreas/apriltag_ws/install/py_pysub/share/py_pysub/package.sh'
[7.121s] INFO:colcon.colcon_core.shell:Creating package script '/home/april/workAreas/apriltag_ws/install/py_pysub/share/py_pysub/package.bash'
[7.123s] INFO:colcon.colcon_core.shell:Creating package script '/home/april/workAreas/apriltag_ws/install/py_pysub/share/py_pysub/package.zsh'
[7.125s] Level 1:colcon.colcon_core.environment:create_file_with_runtime_dependencies(/home/april/workAreas/apriltag_ws/install/py_pysub/share/colcon-core/packages/py_pysub)
[7.242s] DEBUG:colcon.colcon_core.event_handler.log_command:Invoking command in '/home/april/workAreas/apriltag_ws/build/apriltag_ros': CMAKE_PREFIX_PATH=/home/april/workAreas/apriltag_ws/install/apriltag_msgs:/home/april/workAreas/apriltag_ws/install/apriltag_ros:/home/april/rosApril_ws/install/apriltag_ros:/home/april/rosApril_ws/install/apriltag_msgs:/home/april/workAreas/apriltag_ws/install/py_pysub:/home/april/workAreas/apriltag_ws/install/cam_subscriber:/home/april/rosApril_ws/install/py_pysub:/home/april/rosApril_ws/install/cam_subscriber:/opt/ros/foxy LD_LIBRARY_PATH=/home/april/workAreas/apriltag_ws/install/apriltag_msgs/lib:/home/april/workAreas/apriltag_ws/install/apriltag_ros/lib:/home/april/rosApril_ws/install/apriltag_ros/lib:/home/april/rosApril_ws/install/apriltag_msgs/lib:/opt/ros/foxy/opt/yaml_cpp_vendor/lib:/opt/ros/foxy/opt/rviz_ogre_vendor/lib:/opt/ros/foxy/lib/aarch64-linux-gnu:/opt/ros/foxy/lib PYTHONPATH=/home/april/workAreas/apriltag_ws/install/apriltag_msgs/lib/python3.8/site-packages:/home/april/workAreas/apriltag_ws/install/py_pysub/lib/python3.8/site-packages:/home/april/workAreas/apriltag_ws/install/cam_subscriber/lib/python3.8/site-packages:/home/april/rosApril_ws/install/py_pysub/lib/python3.8/site-packages:/home/april/rosApril_ws/install/cam_subscriber/lib/python3.8/site-packages:/home/april/rosApril_ws/install/apriltag_msgs/lib/python3.8/site-packages:/opt/ros/foxy/lib/python3.8/site-packages /usr/bin/cmake --install /home/april/workAreas/apriltag_ws/build/apriltag_ros
[7.338s] Level 1:colcon.colcon_core.environment:create_environment_scripts_only(apriltag_ros)
[7.348s] Level 1:colcon.colcon_core.environment:checking '/home/april/workAreas/apriltag_ws/install/apriltag_ros' for CMake module files
[7.351s] DEBUG:colcon.colcon_core.event_handler.log_command:Invoked command in '/home/april/workAreas/apriltag_ws/build/apriltag_ros' returned '0': CMAKE_PREFIX_PATH=/home/april/workAreas/apriltag_ws/install/apriltag_msgs:/home/april/workAreas/apriltag_ws/install/apriltag_ros:/home/april/rosApril_ws/install/apriltag_ros:/home/april/rosApril_ws/install/apriltag_msgs:/home/april/workAreas/apriltag_ws/install/py_pysub:/home/april/workAreas/apriltag_ws/install/cam_subscriber:/home/april/rosApril_ws/install/py_pysub:/home/april/rosApril_ws/install/cam_subscriber:/opt/ros/foxy LD_LIBRARY_PATH=/home/april/workAreas/apriltag_ws/install/apriltag_msgs/lib:/home/april/workAreas/apriltag_ws/install/apriltag_ros/lib:/home/april/rosApril_ws/install/apriltag_ros/lib:/home/april/rosApril_ws/install/apriltag_msgs/lib:/opt/ros/foxy/opt/yaml_cpp_vendor/lib:/opt/ros/foxy/opt/rviz_ogre_vendor/lib:/opt/ros/foxy/lib/aarch64-linux-gnu:/opt/ros/foxy/lib PYTHONPATH=/home/april/workAreas/apriltag_ws/install/apriltag_msgs/lib/python3.8/site-packages:/home/april/workAreas/apriltag_ws/install/py_pysub/lib/python3.8/site-packages:/home/april/workAreas/apriltag_ws/install/cam_subscriber/lib/python3.8/site-packages:/home/april/rosApril_ws/install/py_pysub/lib/python3.8/site-packages:/home/april/rosApril_ws/install/cam_subscriber/lib/python3.8/site-packages:/home/april/rosApril_ws/install/apriltag_msgs/lib/python3.8/site-packages:/opt/ros/foxy/lib/python3.8/site-packages /usr/bin/cmake --install /home/april/workAreas/apriltag_ws/build/apriltag_ros
[7.353s] Level 1:colcon.colcon_core.environment:checking '/home/april/workAreas/apriltag_ws/install/apriltag_ros' for CMake config files
[7.355s] Level 1:colcon.colcon_core.shell:create_environment_hook('apriltag_ros', 'cmake_prefix_path')
[7.361s] INFO:colcon.colcon_core.shell:Creating environment hook '/home/april/workAreas/apriltag_ws/install/apriltag_ros/share/apriltag_ros/hook/cmake_prefix_path.ps1'
[7.364s] INFO:colcon.colcon_core.shell:Creating environment descriptor '/home/april/workAreas/apriltag_ws/install/apriltag_ros/share/apriltag_ros/hook/cmake_prefix_path.dsv'
[7.366s] INFO:colcon.colcon_core.shell:Creating environment hook '/home/april/workAreas/apriltag_ws/install/apriltag_ros/share/apriltag_ros/hook/cmake_prefix_path.sh'
[7.369s] Level 1:colcon.colcon_core.environment:checking '/home/april/workAreas/apriltag_ws/install/apriltag_ros/lib'
[7.370s] Level 1:colcon.colcon_core.shell:create_environment_hook('apriltag_ros', 'ld_library_path_lib')
[7.376s] INFO:colcon.colcon_core.shell:Creating environment hook '/home/april/workAreas/apriltag_ws/install/apriltag_ros/share/apriltag_ros/hook/ld_library_path_lib.ps1'
[7.378s] INFO:colcon.colcon_core.shell:Creating environment descriptor '/home/april/workAreas/apriltag_ws/install/apriltag_ros/share/apriltag_ros/hook/ld_library_path_lib.dsv'
[7.381s] INFO:colcon.colcon_core.shell:Creating environment hook '/home/april/workAreas/apriltag_ws/install/apriltag_ros/share/apriltag_ros/hook/ld_library_path_lib.sh'
[7.384s] Level 1:colcon.colcon_core.environment:checking '/home/april/workAreas/apriltag_ws/install/apriltag_ros/bin'
[7.385s] Level 1:colcon.colcon_core.environment:checking '/home/april/workAreas/apriltag_ws/install/apriltag_ros/lib/pkgconfig/apriltag_ros.pc'
[7.386s] Level 1:colcon.colcon_core.environment:checking '/home/april/workAreas/apriltag_ws/install/apriltag_ros/lib/python3.8/site-packages'
[7.387s] Level 1:colcon.colcon_core.environment:checking '/home/april/workAreas/apriltag_ws/install/apriltag_ros/bin'
[7.394s] INFO:colcon.colcon_core.shell:Creating package script '/home/april/workAreas/apriltag_ws/install/apriltag_ros/share/apriltag_ros/package.ps1'
[7.397s] INFO:colcon.colcon_core.shell:Creating package descriptor '/home/april/workAreas/apriltag_ws/install/apriltag_ros/share/apriltag_ros/package.dsv'
[7.406s] INFO:colcon.colcon_core.shell:Creating package script '/home/april/workAreas/apriltag_ws/install/apriltag_ros/share/apriltag_ros/package.sh'
[7.409s] INFO:colcon.colcon_core.shell:Creating package script '/home/april/workAreas/apriltag_ws/install/apriltag_ros/share/apriltag_ros/package.bash'
[7.412s] INFO:colcon.colcon_core.shell:Creating package script '/home/april/workAreas/apriltag_ws/install/apriltag_ros/share/apriltag_ros/package.zsh'
[7.414s] Level 1:colcon.colcon_core.environment:create_file_with_runtime_dependencies(/home/april/workAreas/apriltag_ws/install/apriltag_ros/share/colcon-core/packages/apriltag_ros)
[7.564s] Level 1:colcon.colcon_core.environment:create_environment_scripts_only(apriltag_ros)
[7.574s] Level 1:colcon.colcon_core.environment:checking '/home/april/workAreas/apriltag_ws/install/apriltag_ros' for CMake module files
[7.577s] Level 1:colcon.colcon_core.environment:checking '/home/april/workAreas/apriltag_ws/install/apriltag_ros' for CMake config files
[7.579s] Level 1:colcon.colcon_core.shell:create_environment_hook('apriltag_ros', 'cmake_prefix_path')
[7.585s] INFO:colcon.colcon_core.shell:Creating environment hook '/home/april/workAreas/apriltag_ws/install/apriltag_ros/share/apriltag_ros/hook/cmake_prefix_path.ps1'
[7.587s] INFO:colcon.colcon_core.shell:Creating environment descriptor '/home/april/workAreas/apriltag_ws/install/apriltag_ros/share/apriltag_ros/hook/cmake_prefix_path.dsv'
[7.590s] INFO:colcon.colcon_core.shell:Creating environment hook '/home/april/workAreas/apriltag_ws/install/apriltag_ros/share/apriltag_ros/hook/cmake_prefix_path.sh'
[7.593s] Level 1:colcon.colcon_core.environment:checking '/home/april/workAreas/apriltag_ws/install/apriltag_ros/lib'
[7.593s] Level 1:colcon.colcon_core.shell:create_environment_hook('apriltag_ros', 'ld_library_path_lib')
[7.599s] INFO:colcon.colcon_core.shell:Creating environment hook '/home/april/workAreas/apriltag_ws/install/apriltag_ros/share/apriltag_ros/hook/ld_library_path_lib.ps1'
[7.602s] INFO:colcon.colcon_core.shell:Creating environment descriptor '/home/april/workAreas/apriltag_ws/install/apriltag_ros/share/apriltag_ros/hook/ld_library_path_lib.dsv'
[7.604s] INFO:colcon.colcon_core.shell:Creating environment hook '/home/april/workAreas/apriltag_ws/install/apriltag_ros/share/apriltag_ros/hook/ld_library_path_lib.sh'
[7.612s] Level 1:colcon.colcon_core.environment:checking '/home/april/workAreas/apriltag_ws/install/apriltag_ros/bin'
[7.614s] Level 1:colcon.colcon_core.environment:checking '/home/april/workAreas/apriltag_ws/install/apriltag_ros/lib/pkgconfig/apriltag_ros.pc'
[7.615s] Level 1:colcon.colcon_core.environment:checking '/home/april/workAreas/apriltag_ws/install/apriltag_ros/lib/python3.8/site-packages'
[7.616s] Level 1:colcon.colcon_core.environment:checking '/home/april/workAreas/apriltag_ws/install/apriltag_ros/bin'
[7.623s] INFO:colcon.colcon_core.shell:Creating package script '/home/april/workAreas/apriltag_ws/install/apriltag_ros/share/apriltag_ros/package.ps1'
[7.626s] INFO:colcon.colcon_core.shell:Creating package descriptor '/home/april/workAreas/apriltag_ws/install/apriltag_ros/share/apriltag_ros/package.dsv'
[7.629s] INFO:colcon.colcon_core.shell:Creating package script '/home/april/workAreas/apriltag_ws/install/apriltag_ros/share/apriltag_ros/package.sh'
[7.631s] INFO:colcon.colcon_core.shell:Creating package script '/home/april/workAreas/apriltag_ws/install/apriltag_ros/share/apriltag_ros/package.bash'
[7.634s] INFO:colcon.colcon_core.shell:Creating package script '/home/april/workAreas/apriltag_ws/install/apriltag_ros/share/apriltag_ros/package.zsh'
[7.636s] Level 1:colcon.colcon_core.environment:create_file_with_runtime_dependencies(/home/april/workAreas/apriltag_ws/install/apriltag_ros/share/colcon-core/packages/apriltag_ros)
[9.015s] DEBUG:colcon.colcon_core.event_handler.log_command:Invoking command in '/home/april/workAreas/apriltag_ws/src/cam_subscriber': CMAKE_PREFIX_PATH=/home/april/workAreas/apriltag_ws/install/apriltag_msgs:/home/april/workAreas/apriltag_ws/install/apriltag_ros:/home/april/rosApril_ws/install/apriltag_ros:/home/april/rosApril_ws/install/apriltag_msgs LD_LIBRARY_PATH=/home/april/workAreas/apriltag_ws/install/apriltag_msgs/lib:/home/april/workAreas/apriltag_ws/install/apriltag_ros/lib:/home/april/rosApril_ws/install/apriltag_ros/lib:/home/april/rosApril_ws/install/apriltag_msgs/lib:/opt/ros/foxy/opt/yaml_cpp_vendor/lib:/opt/ros/foxy/opt/rviz_ogre_vendor/lib:/opt/ros/foxy/lib/aarch64-linux-gnu:/opt/ros/foxy/lib PYTHONPATH=/home/april/workAreas/apriltag_ws/build/cam_subscriber/prefix_override:/home/april/workAreas/apriltag_ws/install/cam_subscriber/lib/python3.8/site-packages:/home/april/workAreas/apriltag_ws/install/apriltag_msgs/lib/python3.8/site-packages:/home/april/workAreas/apriltag_ws/install/py_pysub/lib/python3.8/site-packages:/home/april/workAreas/apriltag_ws/install/cam_subscriber/lib/python3.8/site-packages:/home/april/rosApril_ws/install/py_pysub/lib/python3.8/site-packages:/home/april/rosApril_ws/install/cam_subscriber/lib/python3.8/site-packages:/home/april/rosApril_ws/install/apriltag_msgs/lib/python3.8/site-packages:/opt/ros/foxy/lib/python3.8/site-packages /usr/bin/python3 setup.py egg_info --egg-base ../../build/cam_subscriber build --build-base /home/april/workAreas/apriltag_ws/build/cam_subscriber/build install --record /home/april/workAreas/apriltag_ws/build/cam_subscriber/install.log --install-scripts $base/lib/cam_subscriber --single-version-externally-managed
[10.377s] Level 1:colcon.colcon_core.environment:checking '/home/april/workAreas/apriltag_ws/install/cam_subscriber' for CMake module files
[10.379s] DEBUG:colcon.colcon_core.event_handler.log_command:Invoked command in '/home/april/workAreas/apriltag_ws/src/cam_subscriber' returned '0': CMAKE_PREFIX_PATH=/home/april/workAreas/apriltag_ws/install/apriltag_msgs:/home/april/workAreas/apriltag_ws/install/apriltag_ros:/home/april/rosApril_ws/install/apriltag_ros:/home/april/rosApril_ws/install/apriltag_msgs LD_LIBRARY_PATH=/home/april/workAreas/apriltag_ws/install/apriltag_msgs/lib:/home/april/workAreas/apriltag_ws/install/apriltag_ros/lib:/home/april/rosApril_ws/install/apriltag_ros/lib:/home/april/rosApril_ws/install/apriltag_msgs/lib:/opt/ros/foxy/opt/yaml_cpp_vendor/lib:/opt/ros/foxy/opt/rviz_ogre_vendor/lib:/opt/ros/foxy/lib/aarch64-linux-gnu:/opt/ros/foxy/lib PYTHONPATH=/home/april/workAreas/apriltag_ws/build/cam_subscriber/prefix_override:/home/april/workAreas/apriltag_ws/install/cam_subscriber/lib/python3.8/site-packages:/home/april/workAreas/apriltag_ws/install/apriltag_msgs/lib/python3.8/site-packages:/home/april/workAreas/apriltag_ws/install/py_pysub/lib/python3.8/site-packages:/home/april/workAreas/apriltag_ws/install/cam_subscriber/lib/python3.8/site-packages:/home/april/rosApril_ws/install/py_pysub/lib/python3.8/site-packages:/home/april/rosApril_ws/install/cam_subscriber/lib/python3.8/site-packages:/home/april/rosApril_ws/install/apriltag_msgs/lib/python3.8/site-packages:/opt/ros/foxy/lib/python3.8/site-packages /usr/bin/python3 setup.py egg_info --egg-base ../../build/cam_subscriber build --build-base /home/april/workAreas/apriltag_ws/build/cam_subscriber/build install --record /home/april/workAreas/apriltag_ws/build/cam_subscriber/install.log --install-scripts $base/lib/cam_subscriber --single-version-externally-managed
[10.381s] Level 1:colcon.colcon_core.environment:checking '/home/april/workAreas/apriltag_ws/install/cam_subscriber' for CMake config files
[10.384s] Level 1:colcon.colcon_core.environment:checking '/home/april/workAreas/apriltag_ws/install/cam_subscriber/lib'
[10.384s] Level 1:colcon.colcon_core.environment:checking '/home/april/workAreas/apriltag_ws/install/cam_subscriber/bin'
[10.385s] Level 1:colcon.colcon_core.environment:checking '/home/april/workAreas/apriltag_ws/install/cam_subscriber/lib/pkgconfig/cam_subscriber.pc'
[10.385s] Level 1:colcon.colcon_core.environment:checking '/home/april/workAreas/apriltag_ws/install/cam_subscriber/lib/python3.8/site-packages'
[10.386s] Level 1:colcon.colcon_core.shell:create_environment_hook('cam_subscriber', 'pythonpath')
[10.391s] INFO:colcon.colcon_core.shell:Creating environment hook '/home/april/workAreas/apriltag_ws/install/cam_subscriber/share/cam_subscriber/hook/pythonpath.ps1'
[10.393s] INFO:colcon.colcon_core.shell:Creating environment descriptor '/home/april/workAreas/apriltag_ws/install/cam_subscriber/share/cam_subscriber/hook/pythonpath.dsv'
[10.395s] INFO:colcon.colcon_core.shell:Creating environment hook '/home/april/workAreas/apriltag_ws/install/cam_subscriber/share/cam_subscriber/hook/pythonpath.sh'
[10.398s] Level 1:colcon.colcon_core.environment:checking '/home/april/workAreas/apriltag_ws/install/cam_subscriber/bin'
[10.398s] Level 1:colcon.colcon_core.environment:create_environment_scripts_only(cam_subscriber)
[10.404s] INFO:colcon.colcon_core.shell:Creating package script '/home/april/workAreas/apriltag_ws/install/cam_subscriber/share/cam_subscriber/package.ps1'
[10.407s] INFO:colcon.colcon_core.shell:Creating package descriptor '/home/april/workAreas/apriltag_ws/install/cam_subscriber/share/cam_subscriber/package.dsv'
[10.409s] INFO:colcon.colcon_core.shell:Creating package script '/home/april/workAreas/apriltag_ws/install/cam_subscriber/share/cam_subscriber/package.sh'
[10.411s] INFO:colcon.colcon_core.shell:Creating package script '/home/april/workAreas/apriltag_ws/install/cam_subscriber/share/cam_subscriber/package.bash'
[10.413s] INFO:colcon.colcon_core.shell:Creating package script '/home/april/workAreas/apriltag_ws/install/cam_subscriber/share/cam_subscriber/package.zsh'
[10.415s] Level 1:colcon.colcon_core.environment:create_file_with_runtime_dependencies(/home/april/workAreas/apriltag_ws/install/cam_subscriber/share/colcon-core/packages/cam_subscriber)
[10.416s] DEBUG:colcon.colcon_parallel_executor.executor.parallel:closing loop
[10.417s] DEBUG:colcon.colcon_parallel_executor.executor.parallel:loop closed
[10.418s] DEBUG:colcon.colcon_parallel_executor.executor.parallel:run_until_complete finished with '0'
[10.418s] DEBUG:colcon.colcon_core.event_reactor:joining thread
[10.462s] INFO:colcon.colcon_core.plugin_system:Skipping extension 'colcon_notification.desktop_notification.terminal_notifier': Not used on non-Darwin systems
[10.463s] INFO:colcon.colcon_core.plugin_system:Skipping extension 'colcon_notification.desktop_notification.win32': Not used on non-Windows systems
[10.464s] INFO:colcon.colcon_notification.desktop_notification:Sending desktop notification using 'notify2'
[10.540s] DEBUG:colcon.colcon_core.event_reactor:joined thread
[10.546s] INFO:colcon.colcon_core.shell:Creating prefix script '/home/april/workAreas/apriltag_ws/install/local_setup.ps1'
[10.551s] INFO:colcon.colcon_core.shell:Creating prefix util module '/home/april/workAreas/apriltag_ws/install/_local_setup_util_ps1.py'
[10.557s] INFO:colcon.colcon_core.shell:Creating prefix chain script '/home/april/workAreas/apriltag_ws/install/setup.ps1'
[10.566s] INFO:colcon.colcon_core.shell:Creating prefix script '/home/april/workAreas/apriltag_ws/install/local_setup.sh'
[10.569s] INFO:colcon.colcon_core.shell:Creating prefix util module '/home/april/workAreas/apriltag_ws/install/_local_setup_util_sh.py'
[10.572s] INFO:colcon.colcon_core.shell:Creating prefix chain script '/home/april/workAreas/apriltag_ws/install/setup.sh'
[10.581s] INFO:colcon.colcon_core.shell:Creating prefix script '/home/april/workAreas/apriltag_ws/install/local_setup.bash'
[10.584s] INFO:colcon.colcon_core.shell:Creating prefix chain script '/home/april/workAreas/apriltag_ws/install/setup.bash'
[10.593s] INFO:colcon.colcon_core.shell:Creating prefix script '/home/april/workAreas/apriltag_ws/install/local_setup.zsh'
[10.596s] INFO:colcon.colcon_core.shell:Creating prefix chain script '/home/april/workAreas/apriltag_ws/install/setup.zsh'
