[11.448s] Invoking command in '/home/april/workAreas/apriltag_ws/src/py_pysub/py_pysub': PYTHONPATH=/home/april/workAreas/apriltag_ws/build/py_pysub/prefix_override:/home/april/workAreas/apriltag_ws/install/py_pysub/lib/python3.8/site-packages:${PYTHONPATH} /usr/bin/python3 setup.py egg_info --egg-base ../../../build/py_pysub build --build-base /home/april/workAreas/apriltag_ws/build/py_pysub/build install --record /home/april/workAreas/apriltag_ws/build/py_pysub/install.log --install-scripts $base/lib/py_pysub --single-version-externally-managed
[13.871s] running egg_info
[13.875s] writing ../../../build/py_pysub/py_pysub.egg-info/PKG-INFO
[13.878s] writing dependency_links to ../../../build/py_pysub/py_pysub.egg-info/dependency_links.txt
[13.879s] writing entry points to ../../../build/py_pysub/py_pysub.egg-info/entry_points.txt
[13.881s] writing requirements to ../../../build/py_pysub/py_pysub.egg-info/requires.txt
[13.882s] writing top-level names to ../../../build/py_pysub/py_pysub.egg-info/top_level.txt
[14.104s] reading manifest file '../../../build/py_pysub/py_pysub.egg-info/SOURCES.txt'
[14.111s] writing manifest file '../../../build/py_pysub/py_pysub.egg-info/SOURCES.txt'
[14.112s] running build
[14.114s] running build_py
[14.115s] running install
[14.120s] running install_lib
[14.132s] running install_data
[14.137s] running install_egg_info
[14.155s] removing '/home/april/workAreas/apriltag_ws/install/py_pysub/lib/python3.8/site-packages/py_pysub-0.0.0-py3.8.egg-info' (and everything under it)
[14.158s] Copying ../../../build/py_pysub/py_pysub.egg-info to /home/april/workAreas/apriltag_ws/install/py_pysub/lib/python3.8/site-packages/py_pysub-0.0.0-py3.8.egg-info
[14.173s] running install_scripts
[14.319s] Installing talker script to /home/april/workAreas/apriltag_ws/install/py_pysub/lib/py_pysub
[14.325s] writing list of installed files to '/home/april/workAreas/apriltag_ws/build/py_pysub/install.log'
[14.507s] Invoked command in '/home/april/workAreas/apriltag_ws/src/py_pysub/py_pysub' returned '0': PYTHONPATH=/home/april/workAreas/apriltag_ws/build/py_pysub/prefix_override:/home/april/workAreas/apriltag_ws/install/py_pysub/lib/python3.8/site-packages:${PYTHONPATH} /usr/bin/python3 setup.py egg_info --egg-base ../../../build/py_pysub build --build-base /home/april/workAreas/apriltag_ws/build/py_pysub/build install --record /home/april/workAreas/apriltag_ws/build/py_pysub/install.log --install-scripts $base/lib/py_pysub --single-version-externally-managed
