[0.304s] Invoking command in '/home/april/workAreas/apriltag_ws/build/apriltag_msgs': CMAKE_PREFIX_PATH=${CMAKE_PREFIX_PATH}:/home/april/workAreas/apriltag_ws/install/py_pysub:/home/april/workAreas/apriltag_ws/install/cam_subscriber:/home/april/rosApril_ws/install/py_pysub:/home/april/rosApril_ws/install/cam_subscriber:/opt/ros/foxy /usr/bin/cmake --build /home/april/workAreas/apriltag_ws/build/apriltag_msgs -- -j4 -l4
[1.734s] [  2%] Built target apriltag_msgs__cpp
[1.985s] [ 12%] Built target apriltag_msgs__rosidl_generator_c
[2.225s] [ 23%] Built target apriltag_msgs__rosidl_typesupport_introspection_cpp
[2.520s] [ 34%] Built target apriltag_msgs__rosidl_typesupport_introspection_c
[2.846s] [ 44%] Built target apriltag_msgs__rosidl_typesupport_c
[3.350s] [ 55%] Built target apriltag_msgs__rosidl_typesupport_fastrtps_cpp
[3.552s] [ 65%] Built target apriltag_msgs__rosidl_typesupport_cpp
[4.201s] [ 76%] Built target apriltag_msgs__rosidl_typesupport_fastrtps_c
[4.636s] [ 76%] Built target apriltag_msgs
[4.966s] [ 78%] Built target apriltag_msgs__py
[5.637s] [ 87%] Built target apriltag_msgs__python
[6.344s] [ 91%] Built target apriltag_msgs__rosidl_typesupport_introspection_c__pyext
[6.735s] [ 95%] Built target apriltag_msgs__rosidl_typesupport_c__pyext
[7.122s] [100%] Built target apriltag_msgs__rosidl_typesupport_fastrtps_c__pyext
[7.245s] Invoked command in '/home/april/workAreas/apriltag_ws/build/apriltag_msgs' returned '0': CMAKE_PREFIX_PATH=${CMAKE_PREFIX_PATH}:/home/april/workAreas/apriltag_ws/install/py_pysub:/home/april/workAreas/apriltag_ws/install/cam_subscriber:/home/april/rosApril_ws/install/py_pysub:/home/april/rosApril_ws/install/cam_subscriber:/opt/ros/foxy /usr/bin/cmake --build /home/april/workAreas/apriltag_ws/build/apriltag_msgs -- -j4 -l4
[10.570s] Invoking command in '/home/april/workAreas/apriltag_ws/build/apriltag_msgs': CMAKE_PREFIX_PATH=${CMAKE_PREFIX_PATH}:/home/april/workAreas/apriltag_ws/install/py_pysub:/home/april/workAreas/apriltag_ws/install/cam_subscriber:/home/april/rosApril_ws/install/py_pysub:/home/april/rosApril_ws/install/cam_subscriber:/opt/ros/foxy /usr/bin/cmake --install /home/april/workAreas/apriltag_ws/build/apriltag_msgs
[10.733s] -- Install configuration: ""
[10.735s] -- Up-to-date: /home/april/workAreas/apriltag_ws/install/apriltag_msgs/share/ament_index/resource_index/rosidl_interfaces/apriltag_msgs
[10.736s] -- Up-to-date: /home/april/workAreas/apriltag_ws/install/apriltag_msgs/include/apriltag_msgs
[10.740s] -- Up-to-date: /home/april/workAreas/apriltag_ws/install/apriltag_msgs/include/apriltag_msgs/msg
[10.741s] -- Up-to-date: /home/april/workAreas/apriltag_ws/install/apriltag_msgs/include/apriltag_msgs/msg/april_tag_detection_array.h
[10.742s] -- Up-to-date: /home/april/workAreas/apriltag_ws/install/apriltag_msgs/include/apriltag_msgs/msg/detail
[10.742s] -- Up-to-date: /home/april/workAreas/apriltag_ws/install/apriltag_msgs/include/apriltag_msgs/msg/detail/april_tag_detection__functions.c
[10.743s] -- Up-to-date: /home/april/workAreas/apriltag_ws/install/apriltag_msgs/include/apriltag_msgs/msg/detail/point__functions.h
[10.744s] -- Up-to-date: /home/april/workAreas/apriltag_ws/install/apriltag_msgs/include/apriltag_msgs/msg/detail/april_tag_detection_array__functions.c
[10.744s] -- Up-to-date: /home/april/workAreas/apriltag_ws/install/apriltag_msgs/include/apriltag_msgs/msg/detail/april_tag_detection__type_support.h
[10.745s] -- Up-to-date: /home/april/workAreas/apriltag_ws/install/apriltag_msgs/include/apriltag_msgs/msg/detail/april_tag_detection_array__functions.h
[10.768s] -- Up-to-date: /home/april/workAreas/apriltag_ws/install/apriltag_msgs/include/apriltag_msgs/msg/detail/point__struct.h
[10.768s] -- Up-to-date: /home/april/workAreas/apriltag_ws/install/apriltag_msgs/include/apriltag_msgs/msg/detail/april_tag_detection__functions.h
[10.769s] -- Up-to-date: /home/april/workAreas/apriltag_ws/install/apriltag_msgs/include/apriltag_msgs/msg/detail/april_tag_detection_array__struct.h
[10.771s] -- Up-to-date: /home/april/workAreas/apriltag_ws/install/apriltag_msgs/include/apriltag_msgs/msg/detail/april_tag_detection__struct.h
[10.772s] -- Up-to-date: /home/april/workAreas/apriltag_ws/install/apriltag_msgs/include/apriltag_msgs/msg/detail/point__type_support.h
[10.773s] -- Up-to-date: /home/april/workAreas/apriltag_ws/install/apriltag_msgs/include/apriltag_msgs/msg/detail/point__functions.c
[10.774s] -- Up-to-date: /home/april/workAreas/apriltag_ws/install/apriltag_msgs/include/apriltag_msgs/msg/detail/april_tag_detection_array__type_support.h
[10.795s] -- Up-to-date: /home/april/workAreas/apriltag_ws/install/apriltag_msgs/include/apriltag_msgs/msg/rosidl_generator_c__visibility_control.h
[10.796s] -- Up-to-date: /home/april/workAreas/apriltag_ws/install/apriltag_msgs/include/apriltag_msgs/msg/point.h
[10.797s] -- Up-to-date: /home/april/workAreas/apriltag_ws/install/apriltag_msgs/include/apriltag_msgs/msg/april_tag_detection.h
[10.798s] -- Up-to-date: /home/april/workAreas/apriltag_ws/install/apriltag_msgs/share/apriltag_msgs/environment/library_path.sh
[10.799s] -- Up-to-date: /home/april/workAreas/apriltag_ws/install/apriltag_msgs/share/apriltag_msgs/environment/library_path.dsv
[10.800s] -- Up-to-date: /home/april/workAreas/apriltag_ws/install/apriltag_msgs/lib/libapriltag_msgs__rosidl_generator_c.so
[10.800s] -- Up-to-date: /home/april/workAreas/apriltag_ws/install/apriltag_msgs/include/apriltag_msgs
[10.801s] -- Up-to-date: /home/april/workAreas/apriltag_ws/install/apriltag_msgs/include/apriltag_msgs/msg
[10.802s] -- Up-to-date: /home/april/workAreas/apriltag_ws/install/apriltag_msgs/include/apriltag_msgs/msg/rosidl_typesupport_fastrtps_c__visibility_control.h
[10.821s] -- Up-to-date: /home/april/workAreas/apriltag_ws/install/apriltag_msgs/include/apriltag_msgs/msg/detail
[10.823s] -- Up-to-date: /home/april/workAreas/apriltag_ws/install/apriltag_msgs/include/apriltag_msgs/msg/detail/april_tag_detection_array__rosidl_typesupport_fastrtps_c.h
[10.824s] -- Up-to-date: /home/april/workAreas/apriltag_ws/install/apriltag_msgs/include/apriltag_msgs/msg/detail/april_tag_detection__rosidl_typesupport_fastrtps_c.h
[10.825s] -- Up-to-date: /home/april/workAreas/apriltag_ws/install/apriltag_msgs/include/apriltag_msgs/msg/detail/point__rosidl_typesupport_fastrtps_c.h
[10.826s] -- Up-to-date: /home/april/workAreas/apriltag_ws/install/apriltag_msgs/lib/libapriltag_msgs__rosidl_typesupport_fastrtps_c.so
[10.838s] -- Up-to-date: /home/april/workAreas/apriltag_ws/install/apriltag_msgs/include/apriltag_msgs
[10.838s] -- Up-to-date: /home/april/workAreas/apriltag_ws/install/apriltag_msgs/include/apriltag_msgs/msg
[10.839s] -- Up-to-date: /home/april/workAreas/apriltag_ws/install/apriltag_msgs/include/apriltag_msgs/msg/rosidl_typesupport_fastrtps_cpp__visibility_control.h
[10.840s] -- Up-to-date: /home/april/workAreas/apriltag_ws/install/apriltag_msgs/include/apriltag_msgs/msg/detail
[10.841s] -- Up-to-date: /home/april/workAreas/apriltag_ws/install/apriltag_msgs/include/apriltag_msgs/msg/detail/dds_fastrtps
[10.847s] -- Up-to-date: /home/april/workAreas/apriltag_ws/install/apriltag_msgs/include/apriltag_msgs/msg/detail/april_tag_detection__rosidl_typesupport_fastrtps_cpp.hpp
[10.848s] -- Up-to-date: /home/april/workAreas/apriltag_ws/install/apriltag_msgs/include/apriltag_msgs/msg/detail/april_tag_detection_array__rosidl_typesupport_fastrtps_cpp.hpp
[10.855s] -- Up-to-date: /home/april/workAreas/apriltag_ws/install/apriltag_msgs/include/apriltag_msgs/msg/detail/point__rosidl_typesupport_fastrtps_cpp.hpp
[10.856s] -- Up-to-date: /home/april/workAreas/apriltag_ws/install/apriltag_msgs/lib/libapriltag_msgs__rosidl_typesupport_fastrtps_cpp.so
[10.856s] -- Up-to-date: /home/april/workAreas/apriltag_ws/install/apriltag_msgs/include/apriltag_msgs
[10.857s] -- Up-to-date: /home/april/workAreas/apriltag_ws/install/apriltag_msgs/include/apriltag_msgs/msg
[10.858s] -- Up-to-date: /home/april/workAreas/apriltag_ws/install/apriltag_msgs/include/apriltag_msgs/msg/detail
[10.884s] -- Up-to-date: /home/april/workAreas/apriltag_ws/install/apriltag_msgs/include/apriltag_msgs/msg/detail/point__rosidl_typesupport_introspection_c.h
[10.894s] -- Up-to-date: /home/april/workAreas/apriltag_ws/install/apriltag_msgs/include/apriltag_msgs/msg/detail/april_tag_detection_array__rosidl_typesupport_introspection_c.h
[10.898s] -- Up-to-date: /home/april/workAreas/apriltag_ws/install/apriltag_msgs/include/apriltag_msgs/msg/detail/april_tag_detection__type_support.c
[10.900s] -- Up-to-date: /home/april/workAreas/apriltag_ws/install/apriltag_msgs/include/apriltag_msgs/msg/detail/april_tag_detection_array__type_support.c
[10.903s] -- Up-to-date: /home/april/workAreas/apriltag_ws/install/apriltag_msgs/include/apriltag_msgs/msg/detail/point__type_support.c
[10.906s] -- Up-to-date: /home/april/workAreas/apriltag_ws/install/apriltag_msgs/include/apriltag_msgs/msg/detail/april_tag_detection__rosidl_typesupport_introspection_c.h
[10.908s] -- Up-to-date: /home/april/workAreas/apriltag_ws/install/apriltag_msgs/include/apriltag_msgs/msg/rosidl_typesupport_introspection_c__visibility_control.h
[10.912s] -- Up-to-date: /home/april/workAreas/apriltag_ws/install/apriltag_msgs/lib/libapriltag_msgs__rosidl_typesupport_introspection_c.so
[10.917s] -- Up-to-date: /home/april/workAreas/apriltag_ws/install/apriltag_msgs/lib/libapriltag_msgs__rosidl_typesupport_c.so
[10.920s] -- Up-to-date: /home/april/workAreas/apriltag_ws/install/apriltag_msgs/include/apriltag_msgs
[10.980s] -- Up-to-date: /home/april/workAreas/apriltag_ws/install/apriltag_msgs/include/apriltag_msgs/msg
[10.983s] -- Up-to-date: /home/april/workAreas/apriltag_ws/install/apriltag_msgs/include/apriltag_msgs/msg/april_tag_detection_array.hpp
[10.987s] -- Up-to-date: /home/april/workAreas/apriltag_ws/install/apriltag_msgs/include/apriltag_msgs/msg/detail
[10.988s] -- Up-to-date: /home/april/workAreas/apriltag_ws/install/apriltag_msgs/include/apriltag_msgs/msg/detail/point__struct.hpp
[10.989s] -- Up-to-date: /home/april/workAreas/apriltag_ws/install/apriltag_msgs/include/apriltag_msgs/msg/detail/point__traits.hpp
[11.012s] -- Up-to-date: /home/april/workAreas/apriltag_ws/install/apriltag_msgs/include/apriltag_msgs/msg/detail/april_tag_detection__builder.hpp
[11.013s] -- Up-to-date: /home/april/workAreas/apriltag_ws/install/apriltag_msgs/include/apriltag_msgs/msg/detail/april_tag_detection_array__builder.hpp
[11.014s] -- Up-to-date: /home/april/workAreas/apriltag_ws/install/apriltag_msgs/include/apriltag_msgs/msg/detail/point__builder.hpp
[11.015s] -- Up-to-date: /home/april/workAreas/apriltag_ws/install/apriltag_msgs/include/apriltag_msgs/msg/detail/april_tag_detection_array__traits.hpp
[11.015s] -- Up-to-date: /home/april/workAreas/apriltag_ws/install/apriltag_msgs/include/apriltag_msgs/msg/detail/april_tag_detection__struct.hpp
[11.016s] -- Up-to-date: /home/april/workAreas/apriltag_ws/install/apriltag_msgs/include/apriltag_msgs/msg/detail/april_tag_detection_array__struct.hpp
[11.017s] -- Up-to-date: /home/april/workAreas/apriltag_ws/install/apriltag_msgs/include/apriltag_msgs/msg/detail/april_tag_detection__traits.hpp
[11.018s] -- Up-to-date: /home/april/workAreas/apriltag_ws/install/apriltag_msgs/include/apriltag_msgs/msg/april_tag_detection.hpp
[11.024s] -- Up-to-date: /home/april/workAreas/apriltag_ws/install/apriltag_msgs/include/apriltag_msgs/msg/point.hpp
[11.024s] -- Up-to-date: /home/april/workAreas/apriltag_ws/install/apriltag_msgs/include/apriltag_msgs
[11.025s] -- Up-to-date: /home/april/workAreas/apriltag_ws/install/apriltag_msgs/include/apriltag_msgs/msg
[11.031s] -- Up-to-date: /home/april/workAreas/apriltag_ws/install/apriltag_msgs/include/apriltag_msgs/msg/detail
[11.032s] -- Up-to-date: /home/april/workAreas/apriltag_ws/install/apriltag_msgs/include/apriltag_msgs/msg/detail/april_tag_detection__type_support.cpp
[11.033s] -- Up-to-date: /home/april/workAreas/apriltag_ws/install/apriltag_msgs/include/apriltag_msgs/msg/detail/april_tag_detection_array__type_support.cpp
[11.033s] -- Up-to-date: /home/april/workAreas/apriltag_ws/install/apriltag_msgs/include/apriltag_msgs/msg/detail/april_tag_detection_array__rosidl_typesupport_introspection_cpp.hpp
[11.034s] -- Up-to-date: /home/april/workAreas/apriltag_ws/install/apriltag_msgs/include/apriltag_msgs/msg/detail/point__type_support.cpp
[11.035s] -- Up-to-date: /home/april/workAreas/apriltag_ws/install/apriltag_msgs/include/apriltag_msgs/msg/detail/point__rosidl_typesupport_introspection_cpp.hpp
[11.036s] -- Up-to-date: /home/april/workAreas/apriltag_ws/install/apriltag_msgs/include/apriltag_msgs/msg/detail/april_tag_detection__rosidl_typesupport_introspection_cpp.hpp
[11.036s] -- Up-to-date: /home/april/workAreas/apriltag_ws/install/apriltag_msgs/lib/libapriltag_msgs__rosidl_typesupport_introspection_cpp.so
[11.037s] -- Up-to-date: /home/april/workAreas/apriltag_ws/install/apriltag_msgs/lib/libapriltag_msgs__rosidl_typesupport_cpp.so
[11.037s] -- Up-to-date: /home/april/workAreas/apriltag_ws/install/apriltag_msgs/share/apriltag_msgs/environment/pythonpath.sh
[11.038s] -- Up-to-date: /home/april/workAreas/apriltag_ws/install/apriltag_msgs/share/apriltag_msgs/environment/pythonpath.dsv
[11.045s] -- Up-to-date: /home/april/workAreas/apriltag_ws/install/apriltag_msgs/lib/python3.8/site-packages/apriltag_msgs/__init__.py
[11.996s] -- Up-to-date: /home/april/workAreas/apriltag_ws/install/apriltag_msgs/lib/python3.8/site-packages/apriltag_msgs/msg
[11.997s] -- Up-to-date: /home/april/workAreas/apriltag_ws/install/apriltag_msgs/lib/python3.8/site-packages/apriltag_msgs/msg/_point_s.c
[11.998s] -- Up-to-date: /home/april/workAreas/apriltag_ws/install/apriltag_msgs/lib/python3.8/site-packages/apriltag_msgs/msg/_april_tag_detection_s.c
[12.000s] -- Up-to-date: /home/april/workAreas/apriltag_ws/install/apriltag_msgs/lib/python3.8/site-packages/apriltag_msgs/msg/_april_tag_detection_array.py
[12.001s] -- Up-to-date: /home/april/workAreas/apriltag_ws/install/apriltag_msgs/lib/python3.8/site-packages/apriltag_msgs/msg/_april_tag_detection_array_s.c
[12.002s] -- Up-to-date: /home/april/workAreas/apriltag_ws/install/apriltag_msgs/lib/python3.8/site-packages/apriltag_msgs/msg/_april_tag_detection.py
[12.003s] -- Up-to-date: /home/april/workAreas/apriltag_ws/install/apriltag_msgs/lib/python3.8/site-packages/apriltag_msgs/msg/_point.py
[12.004s] -- Up-to-date: /home/april/workAreas/apriltag_ws/install/apriltag_msgs/lib/python3.8/site-packages/apriltag_msgs/msg/__init__.py
[12.008s] -- Up-to-date: /home/april/workAreas/apriltag_ws/install/apriltag_msgs/lib/python3.8/site-packages/apriltag_msgs/apriltag_msgs_s__rosidl_typesupport_fastrtps_c.cpython-38-aarch64-linux-gnu.so
[12.022s] -- Up-to-date: /home/april/workAreas/apriltag_ws/install/apriltag_msgs/lib/python3.8/site-packages/apriltag_msgs/apriltag_msgs_s__rosidl_typesupport_introspection_c.cpython-38-aarch64-linux-gnu.so
[12.037s] -- Up-to-date: /home/april/workAreas/apriltag_ws/install/apriltag_msgs/lib/python3.8/site-packages/apriltag_msgs/apriltag_msgs_s__rosidl_typesupport_c.cpython-38-aarch64-linux-gnu.so
[12.067s] -- Up-to-date: /home/april/workAreas/apriltag_ws/install/apriltag_msgs/lib/libapriltag_msgs__python.so
[12.072s] -- Up-to-date: /home/april/workAreas/apriltag_ws/install/apriltag_msgs/share/apriltag_msgs/msg/Point.idl
[12.076s] -- Up-to-date: /home/april/workAreas/apriltag_ws/install/apriltag_msgs/share/apriltag_msgs/msg/AprilTagDetection.idl
[12.080s] -- Up-to-date: /home/april/workAreas/apriltag_ws/install/apriltag_msgs/share/apriltag_msgs/msg/AprilTagDetectionArray.idl
[12.082s] -- Up-to-date: /home/april/workAreas/apriltag_ws/install/apriltag_msgs/share/apriltag_msgs/msg/Point.msg
[12.085s] -- Up-to-date: /home/april/workAreas/apriltag_ws/install/apriltag_msgs/share/apriltag_msgs/msg/AprilTagDetection.msg
[12.087s] -- Up-to-date: /home/april/workAreas/apriltag_ws/install/apriltag_msgs/share/apriltag_msgs/msg/AprilTagDetectionArray.msg
[12.089s] -- Up-to-date: /home/april/workAreas/apriltag_ws/install/apriltag_msgs/share/ament_index/resource_index/package_run_dependencies/apriltag_msgs
[12.095s] -- Up-to-date: /home/april/workAreas/apriltag_ws/install/apriltag_msgs/share/ament_index/resource_index/parent_prefix_path/apriltag_msgs
[12.100s] -- Up-to-date: /home/april/workAreas/apriltag_ws/install/apriltag_msgs/share/apriltag_msgs/environment/ament_prefix_path.sh
[12.104s] -- Up-to-date: /home/april/workAreas/apriltag_ws/install/apriltag_msgs/share/apriltag_msgs/environment/ament_prefix_path.dsv
[12.109s] -- Up-to-date: /home/april/workAreas/apriltag_ws/install/apriltag_msgs/share/apriltag_msgs/environment/path.sh
[12.111s] -- Up-to-date: /home/april/workAreas/apriltag_ws/install/apriltag_msgs/share/apriltag_msgs/environment/path.dsv
[12.113s] -- Up-to-date: /home/april/workAreas/apriltag_ws/install/apriltag_msgs/share/apriltag_msgs/local_setup.bash
[12.116s] -- Up-to-date: /home/april/workAreas/apriltag_ws/install/apriltag_msgs/share/apriltag_msgs/local_setup.sh
[12.122s] -- Up-to-date: /home/april/workAreas/apriltag_ws/install/apriltag_msgs/share/apriltag_msgs/local_setup.zsh
[12.126s] -- Up-to-date: /home/april/workAreas/apriltag_ws/install/apriltag_msgs/share/apriltag_msgs/local_setup.dsv
[12.127s] -- Installing: /home/april/workAreas/apriltag_ws/install/apriltag_msgs/share/apriltag_msgs/package.dsv
[12.135s] -- Up-to-date: /home/april/workAreas/apriltag_ws/install/apriltag_msgs/share/ament_index/resource_index/packages/apriltag_msgs
[12.142s] -- Up-to-date: /home/april/workAreas/apriltag_ws/install/apriltag_msgs/share/apriltag_msgs/cmake/apriltag_msgs__rosidl_generator_cExport.cmake
[12.144s] -- Up-to-date: /home/april/workAreas/apriltag_ws/install/apriltag_msgs/share/apriltag_msgs/cmake/apriltag_msgs__rosidl_generator_cExport-noconfig.cmake
[12.154s] -- Up-to-date: /home/april/workAreas/apriltag_ws/install/apriltag_msgs/share/apriltag_msgs/cmake/apriltag_msgs__rosidl_typesupport_introspection_cExport.cmake
[12.161s] -- Up-to-date: /home/april/workAreas/apriltag_ws/install/apriltag_msgs/share/apriltag_msgs/cmake/apriltag_msgs__rosidl_typesupport_introspection_cExport-noconfig.cmake
[12.166s] -- Up-to-date: /home/april/workAreas/apriltag_ws/install/apriltag_msgs/share/apriltag_msgs/cmake/apriltag_msgs__rosidl_typesupport_cExport.cmake
[12.171s] -- Up-to-date: /home/april/workAreas/apriltag_ws/install/apriltag_msgs/share/apriltag_msgs/cmake/apriltag_msgs__rosidl_typesupport_cExport-noconfig.cmake
[12.178s] -- Up-to-date: /home/april/workAreas/apriltag_ws/install/apriltag_msgs/share/apriltag_msgs/cmake/apriltag_msgs__rosidl_generator_cppExport.cmake
[12.185s] -- Up-to-date: /home/april/workAreas/apriltag_ws/install/apriltag_msgs/share/apriltag_msgs/cmake/apriltag_msgs__rosidl_typesupport_introspection_cppExport.cmake
[12.190s] -- Up-to-date: /home/april/workAreas/apriltag_ws/install/apriltag_msgs/share/apriltag_msgs/cmake/apriltag_msgs__rosidl_typesupport_introspection_cppExport-noconfig.cmake
[12.195s] -- Up-to-date: /home/april/workAreas/apriltag_ws/install/apriltag_msgs/share/apriltag_msgs/cmake/apriltag_msgs__rosidl_typesupport_cppExport.cmake
[12.200s] -- Up-to-date: /home/april/workAreas/apriltag_ws/install/apriltag_msgs/share/apriltag_msgs/cmake/apriltag_msgs__rosidl_typesupport_cppExport-noconfig.cmake
[12.203s] -- Up-to-date: /home/april/workAreas/apriltag_ws/install/apriltag_msgs/share/apriltag_msgs/cmake/rosidl_cmake-extras.cmake
[12.205s] -- Up-to-date: /home/april/workAreas/apriltag_ws/install/apriltag_msgs/share/apriltag_msgs/cmake/ament_cmake_export_dependencies-extras.cmake
[12.209s] -- Up-to-date: /home/april/workAreas/apriltag_ws/install/apriltag_msgs/share/apriltag_msgs/cmake/ament_cmake_export_libraries-extras.cmake
[12.212s] -- Up-to-date: /home/april/workAreas/apriltag_ws/install/apriltag_msgs/share/apriltag_msgs/cmake/ament_cmake_export_targets-extras.cmake
[12.218s] -- Up-to-date: /home/april/workAreas/apriltag_ws/install/apriltag_msgs/share/apriltag_msgs/cmake/ament_cmake_export_include_directories-extras.cmake
[12.221s] -- Up-to-date: /home/april/workAreas/apriltag_ws/install/apriltag_msgs/share/apriltag_msgs/cmake/rosidl_cmake_export_typesupport_libraries-extras.cmake
[12.229s] -- Up-to-date: /home/april/workAreas/apriltag_ws/install/apriltag_msgs/share/apriltag_msgs/cmake/rosidl_cmake_export_typesupport_targets-extras.cmake
[12.229s] -- Up-to-date: /home/april/workAreas/apriltag_ws/install/apriltag_msgs/share/apriltag_msgs/cmake/apriltag_msgsConfig.cmake
[12.230s] -- Up-to-date: /home/april/workAreas/apriltag_ws/install/apriltag_msgs/share/apriltag_msgs/cmake/apriltag_msgsConfig-version.cmake
[12.237s] -- Up-to-date: /home/april/workAreas/apriltag_ws/install/apriltag_msgs/share/apriltag_msgs/package.xml
[12.278s] Invoked command in '/home/april/workAreas/apriltag_ws/build/apriltag_msgs' returned '0': CMAKE_PREFIX_PATH=${CMAKE_PREFIX_PATH}:/home/april/workAreas/apriltag_ws/install/py_pysub:/home/april/workAreas/apriltag_ws/install/cam_subscriber:/home/april/rosApril_ws/install/py_pysub:/home/april/rosApril_ws/install/cam_subscriber:/opt/ros/foxy /usr/bin/cmake --install /home/april/workAreas/apriltag_ws/build/apriltag_msgs
