[0.183s] Invoking command in '/home/april/workAreas/apriltag_ws/build/apriltag_msgs': CMAKE_PREFIX_PATH=${CMAKE_PREFIX_PATH}:/home/april/workAreas/apriltag_ws/install/py_pysub:/home/april/workAreas/apriltag_ws/install/cam_subscriber:/home/april/rosApril_ws/install/py_pysub:/home/april/rosApril_ws/install/cam_subscriber:/opt/ros/foxy /usr/bin/cmake --build /home/april/workAreas/apriltag_ws/build/apriltag_msgs -- -j4 -l4
[0.486s] [  2%] Built target apriltag_msgs__cpp
[0.612s] [ 12%] Built target apriltag_msgs__rosidl_generator_c
[0.743s] [ 23%] Built target apriltag_msgs__rosidl_typesupport_introspection_cpp
[0.878s] [ 34%] Built target apriltag_msgs__rosidl_typesupport_introspection_c
[0.996s] [ 44%] Built target apriltag_msgs__rosidl_typesupport_c
[1.163s] [ 55%] Built target apriltag_msgs__rosidl_typesupport_fastrtps_cpp
[1.283s] [ 65%] Built target apriltag_msgs__rosidl_typesupport_cpp
[1.475s] [ 76%] Built target apriltag_msgs__rosidl_typesupport_fastrtps_c
[1.587s] [ 76%] Built target apriltag_msgs
[1.696s] [ 78%] Built target apriltag_msgs__py
[1.867s] [ 87%] Built target apriltag_msgs__python
[2.025s] [ 91%] Built target apriltag_msgs__rosidl_typesupport_introspection_c__pyext
[2.184s] [ 95%] Built target apriltag_msgs__rosidl_typesupport_c__pyext
[2.350s] [100%] Built target apriltag_msgs__rosidl_typesupport_fastrtps_c__pyext
[2.400s] Invoked command in '/home/april/workAreas/apriltag_ws/build/apriltag_msgs' returned '0': CMAKE_PREFIX_PATH=${CMAKE_PREFIX_PATH}:/home/april/workAreas/apriltag_ws/install/py_pysub:/home/april/workAreas/apriltag_ws/install/cam_subscriber:/home/april/rosApril_ws/install/py_pysub:/home/april/rosApril_ws/install/cam_subscriber:/opt/ros/foxy /usr/bin/cmake --build /home/april/workAreas/apriltag_ws/build/apriltag_msgs -- -j4 -l4
[3.028s] Invoking command in '/home/april/workAreas/apriltag_ws/build/apriltag_msgs': CMAKE_PREFIX_PATH=${CMAKE_PREFIX_PATH}:/home/april/workAreas/apriltag_ws/install/py_pysub:/home/april/workAreas/apriltag_ws/install/cam_subscriber:/home/april/rosApril_ws/install/py_pysub:/home/april/rosApril_ws/install/cam_subscriber:/opt/ros/foxy /usr/bin/cmake --install /home/april/workAreas/apriltag_ws/build/apriltag_msgs
[3.077s] -- Install configuration: ""
[3.078s] -- Up-to-date: /home/april/workAreas/apriltag_ws/install/apriltag_msgs/share/ament_index/resource_index/rosidl_interfaces/apriltag_msgs
[3.078s] -- Up-to-date: /home/april/workAreas/apriltag_ws/install/apriltag_msgs/include/apriltag_msgs
[3.079s] -- Up-to-date: /home/april/workAreas/apriltag_ws/install/apriltag_msgs/include/apriltag_msgs/msg
[3.079s] -- Up-to-date: /home/april/workAreas/apriltag_ws/install/apriltag_msgs/include/apriltag_msgs/msg/april_tag_detection_array.h
[3.080s] -- Up-to-date: /home/april/workAreas/apriltag_ws/install/apriltag_msgs/include/apriltag_msgs/msg/detail
[3.080s] -- Up-to-date: /home/april/workAreas/apriltag_ws/install/apriltag_msgs/include/apriltag_msgs/msg/detail/april_tag_detection__functions.c
[3.081s] -- Up-to-date: /home/april/workAreas/apriltag_ws/install/apriltag_msgs/include/apriltag_msgs/msg/detail/point__functions.h
[3.082s] -- Up-to-date: /home/april/workAreas/apriltag_ws/install/apriltag_msgs/include/apriltag_msgs/msg/detail/april_tag_detection_array__functions.c
[3.082s] -- Up-to-date: /home/april/workAreas/apriltag_ws/install/apriltag_msgs/include/apriltag_msgs/msg/detail/april_tag_detection__type_support.h
[3.083s] -- Up-to-date: /home/april/workAreas/apriltag_ws/install/apriltag_msgs/include/apriltag_msgs/msg/detail/april_tag_detection_array__functions.h
[3.083s] -- Up-to-date: /home/april/workAreas/apriltag_ws/install/apriltag_msgs/include/apriltag_msgs/msg/detail/point__struct.h
[3.084s] -- Up-to-date: /home/april/workAreas/apriltag_ws/install/apriltag_msgs/include/apriltag_msgs/msg/detail/april_tag_detection__functions.h
[3.084s] -- Up-to-date: /home/april/workAreas/apriltag_ws/install/apriltag_msgs/include/apriltag_msgs/msg/detail/april_tag_detection_array__struct.h
[3.084s] -- Up-to-date: /home/april/workAreas/apriltag_ws/install/apriltag_msgs/include/apriltag_msgs/msg/detail/april_tag_detection__struct.h
[3.085s] -- Up-to-date: /home/april/workAreas/apriltag_ws/install/apriltag_msgs/include/apriltag_msgs/msg/detail/point__type_support.h
[3.085s] -- Up-to-date: /home/april/workAreas/apriltag_ws/install/apriltag_msgs/include/apriltag_msgs/msg/detail/point__functions.c
[3.086s] -- Up-to-date: /home/april/workAreas/apriltag_ws/install/apriltag_msgs/include/apriltag_msgs/msg/detail/april_tag_detection_array__type_support.h
[3.086s] -- Up-to-date: /home/april/workAreas/apriltag_ws/install/apriltag_msgs/include/apriltag_msgs/msg/rosidl_generator_c__visibility_control.h
[3.087s] -- Up-to-date: /home/april/workAreas/apriltag_ws/install/apriltag_msgs/include/apriltag_msgs/msg/point.h
[3.087s] -- Up-to-date: /home/april/workAreas/apriltag_ws/install/apriltag_msgs/include/apriltag_msgs/msg/april_tag_detection.h
[3.088s] -- Up-to-date: /home/april/workAreas/apriltag_ws/install/apriltag_msgs/share/apriltag_msgs/environment/library_path.sh
[3.088s] -- Up-to-date: /home/april/workAreas/apriltag_ws/install/apriltag_msgs/share/apriltag_msgs/environment/library_path.dsv
[3.089s] -- Up-to-date: /home/april/workAreas/apriltag_ws/install/apriltag_msgs/lib/libapriltag_msgs__rosidl_generator_c.so
[3.089s] -- Up-to-date: /home/april/workAreas/apriltag_ws/install/apriltag_msgs/include/apriltag_msgs
[3.089s] -- Up-to-date: /home/april/workAreas/apriltag_ws/install/apriltag_msgs/include/apriltag_msgs/msg
[3.090s] -- Up-to-date: /home/april/workAreas/apriltag_ws/install/apriltag_msgs/include/apriltag_msgs/msg/rosidl_typesupport_fastrtps_c__visibility_control.h
[3.090s] -- Up-to-date: /home/april/workAreas/apriltag_ws/install/apriltag_msgs/include/apriltag_msgs/msg/detail
[3.091s] -- Up-to-date: /home/april/workAreas/apriltag_ws/install/apriltag_msgs/include/apriltag_msgs/msg/detail/april_tag_detection_array__rosidl_typesupport_fastrtps_c.h
[3.091s] -- Up-to-date: /home/april/workAreas/apriltag_ws/install/apriltag_msgs/include/apriltag_msgs/msg/detail/april_tag_detection__rosidl_typesupport_fastrtps_c.h
[3.092s] -- Up-to-date: /home/april/workAreas/apriltag_ws/install/apriltag_msgs/include/apriltag_msgs/msg/detail/point__rosidl_typesupport_fastrtps_c.h
[3.092s] -- Up-to-date: /home/april/workAreas/apriltag_ws/install/apriltag_msgs/lib/libapriltag_msgs__rosidl_typesupport_fastrtps_c.so
[3.093s] -- Up-to-date: /home/april/workAreas/apriltag_ws/install/apriltag_msgs/include/apriltag_msgs
[3.093s] -- Up-to-date: /home/april/workAreas/apriltag_ws/install/apriltag_msgs/include/apriltag_msgs/msg
[3.094s] -- Up-to-date: /home/april/workAreas/apriltag_ws/install/apriltag_msgs/include/apriltag_msgs/msg/rosidl_typesupport_fastrtps_cpp__visibility_control.h
[3.094s] -- Up-to-date: /home/april/workAreas/apriltag_ws/install/apriltag_msgs/include/apriltag_msgs/msg/detail
[3.094s] -- Up-to-date: /home/april/workAreas/apriltag_ws/install/apriltag_msgs/include/apriltag_msgs/msg/detail/dds_fastrtps
[3.095s] -- Up-to-date: /home/april/workAreas/apriltag_ws/install/apriltag_msgs/include/apriltag_msgs/msg/detail/april_tag_detection__rosidl_typesupport_fastrtps_cpp.hpp
[3.095s] -- Up-to-date: /home/april/workAreas/apriltag_ws/install/apriltag_msgs/include/apriltag_msgs/msg/detail/april_tag_detection_array__rosidl_typesupport_fastrtps_cpp.hpp
[3.096s] -- Up-to-date: /home/april/workAreas/apriltag_ws/install/apriltag_msgs/include/apriltag_msgs/msg/detail/point__rosidl_typesupport_fastrtps_cpp.hpp
[3.096s] -- Up-to-date: /home/april/workAreas/apriltag_ws/install/apriltag_msgs/lib/libapriltag_msgs__rosidl_typesupport_fastrtps_cpp.so
[3.097s] -- Up-to-date: /home/april/workAreas/apriltag_ws/install/apriltag_msgs/include/apriltag_msgs
[3.097s] -- Up-to-date: /home/april/workAreas/apriltag_ws/install/apriltag_msgs/include/apriltag_msgs/msg
[3.098s] -- Up-to-date: /home/april/workAreas/apriltag_ws/install/apriltag_msgs/include/apriltag_msgs/msg/detail
[3.098s] -- Up-to-date: /home/april/workAreas/apriltag_ws/install/apriltag_msgs/include/apriltag_msgs/msg/detail/point__rosidl_typesupport_introspection_c.h
[3.099s] -- Up-to-date: /home/april/workAreas/apriltag_ws/install/apriltag_msgs/include/apriltag_msgs/msg/detail/april_tag_detection_array__rosidl_typesupport_introspection_c.h
[3.099s] -- Up-to-date: /home/april/workAreas/apriltag_ws/install/apriltag_msgs/include/apriltag_msgs/msg/detail/april_tag_detection__type_support.c
[3.099s] -- Up-to-date: /home/april/workAreas/apriltag_ws/install/apriltag_msgs/include/apriltag_msgs/msg/detail/april_tag_detection_array__type_support.c
[3.100s] -- Up-to-date: /home/april/workAreas/apriltag_ws/install/apriltag_msgs/include/apriltag_msgs/msg/detail/point__type_support.c
[3.100s] -- Up-to-date: /home/april/workAreas/apriltag_ws/install/apriltag_msgs/include/apriltag_msgs/msg/detail/april_tag_detection__rosidl_typesupport_introspection_c.h
[3.101s] -- Up-to-date: /home/april/workAreas/apriltag_ws/install/apriltag_msgs/include/apriltag_msgs/msg/rosidl_typesupport_introspection_c__visibility_control.h
[3.101s] -- Up-to-date: /home/april/workAreas/apriltag_ws/install/apriltag_msgs/lib/libapriltag_msgs__rosidl_typesupport_introspection_c.so
[3.103s] -- Up-to-date: /home/april/workAreas/apriltag_ws/install/apriltag_msgs/lib/libapriltag_msgs__rosidl_typesupport_c.so
[3.104s] -- Up-to-date: /home/april/workAreas/apriltag_ws/install/apriltag_msgs/include/apriltag_msgs
[3.105s] -- Up-to-date: /home/april/workAreas/apriltag_ws/install/apriltag_msgs/include/apriltag_msgs/msg
[3.106s] -- Up-to-date: /home/april/workAreas/apriltag_ws/install/apriltag_msgs/include/apriltag_msgs/msg/april_tag_detection_array.hpp
[3.106s] -- Up-to-date: /home/april/workAreas/apriltag_ws/install/apriltag_msgs/include/apriltag_msgs/msg/detail
[3.107s] -- Up-to-date: /home/april/workAreas/apriltag_ws/install/apriltag_msgs/include/apriltag_msgs/msg/detail/point__struct.hpp
[3.107s] -- Up-to-date: /home/april/workAreas/apriltag_ws/install/apriltag_msgs/include/apriltag_msgs/msg/detail/point__traits.hpp
[3.108s] -- Up-to-date: /home/april/workAreas/apriltag_ws/install/apriltag_msgs/include/apriltag_msgs/msg/detail/april_tag_detection__builder.hpp
[3.108s] -- Up-to-date: /home/april/workAreas/apriltag_ws/install/apriltag_msgs/include/apriltag_msgs/msg/detail/april_tag_detection_array__builder.hpp
[3.109s] -- Up-to-date: /home/april/workAreas/apriltag_ws/install/apriltag_msgs/include/apriltag_msgs/msg/detail/point__builder.hpp
[3.109s] -- Up-to-date: /home/april/workAreas/apriltag_ws/install/apriltag_msgs/include/apriltag_msgs/msg/detail/april_tag_detection_array__traits.hpp
[3.110s] -- Up-to-date: /home/april/workAreas/apriltag_ws/install/apriltag_msgs/include/apriltag_msgs/msg/detail/april_tag_detection__struct.hpp
[3.111s] -- Up-to-date: /home/april/workAreas/apriltag_ws/install/apriltag_msgs/include/apriltag_msgs/msg/detail/april_tag_detection_array__struct.hpp
[3.111s] -- Up-to-date: /home/april/workAreas/apriltag_ws/install/apriltag_msgs/include/apriltag_msgs/msg/detail/april_tag_detection__traits.hpp
[3.112s] -- Up-to-date: /home/april/workAreas/apriltag_ws/install/apriltag_msgs/include/apriltag_msgs/msg/april_tag_detection.hpp
[3.112s] -- Up-to-date: /home/april/workAreas/apriltag_ws/install/apriltag_msgs/include/apriltag_msgs/msg/point.hpp
[3.113s] -- Up-to-date: /home/april/workAreas/apriltag_ws/install/apriltag_msgs/include/apriltag_msgs
[3.113s] -- Up-to-date: /home/april/workAreas/apriltag_ws/install/apriltag_msgs/include/apriltag_msgs/msg
[3.114s] -- Up-to-date: /home/april/workAreas/apriltag_ws/install/apriltag_msgs/include/apriltag_msgs/msg/detail
[3.115s] -- Up-to-date: /home/april/workAreas/apriltag_ws/install/apriltag_msgs/include/apriltag_msgs/msg/detail/april_tag_detection__type_support.cpp
[3.115s] -- Up-to-date: /home/april/workAreas/apriltag_ws/install/apriltag_msgs/include/apriltag_msgs/msg/detail/april_tag_detection_array__type_support.cpp
[3.116s] -- Up-to-date: /home/april/workAreas/apriltag_ws/install/apriltag_msgs/include/apriltag_msgs/msg/detail/april_tag_detection_array__rosidl_typesupport_introspection_cpp.hpp
[3.117s] -- Up-to-date: /home/april/workAreas/apriltag_ws/install/apriltag_msgs/include/apriltag_msgs/msg/detail/point__type_support.cpp
[3.118s] -- Up-to-date: /home/april/workAreas/apriltag_ws/install/apriltag_msgs/include/apriltag_msgs/msg/detail/point__rosidl_typesupport_introspection_cpp.hpp
[3.119s] -- Up-to-date: /home/april/workAreas/apriltag_ws/install/apriltag_msgs/include/apriltag_msgs/msg/detail/april_tag_detection__rosidl_typesupport_introspection_cpp.hpp
[3.120s] -- Up-to-date: /home/april/workAreas/apriltag_ws/install/apriltag_msgs/lib/libapriltag_msgs__rosidl_typesupport_introspection_cpp.so
[3.120s] -- Up-to-date: /home/april/workAreas/apriltag_ws/install/apriltag_msgs/lib/libapriltag_msgs__rosidl_typesupport_cpp.so
[3.120s] -- Up-to-date: /home/april/workAreas/apriltag_ws/install/apriltag_msgs/share/apriltag_msgs/environment/pythonpath.sh
[3.121s] -- Up-to-date: /home/april/workAreas/apriltag_ws/install/apriltag_msgs/share/apriltag_msgs/environment/pythonpath.dsv
[3.121s] -- Up-to-date: /home/april/workAreas/apriltag_ws/install/apriltag_msgs/lib/python3.8/site-packages/apriltag_msgs/__init__.py
[3.329s] -- Up-to-date: /home/april/workAreas/apriltag_ws/install/apriltag_msgs/lib/python3.8/site-packages/apriltag_msgs/msg
[3.329s] -- Up-to-date: /home/april/workAreas/apriltag_ws/install/apriltag_msgs/lib/python3.8/site-packages/apriltag_msgs/msg/_point_s.c
[3.330s] -- Up-to-date: /home/april/workAreas/apriltag_ws/install/apriltag_msgs/lib/python3.8/site-packages/apriltag_msgs/msg/_april_tag_detection_s.c
[3.331s] -- Up-to-date: /home/april/workAreas/apriltag_ws/install/apriltag_msgs/lib/python3.8/site-packages/apriltag_msgs/msg/_april_tag_detection_array.py
[3.331s] -- Up-to-date: /home/april/workAreas/apriltag_ws/install/apriltag_msgs/lib/python3.8/site-packages/apriltag_msgs/msg/_april_tag_detection_array_s.c
[3.332s] -- Up-to-date: /home/april/workAreas/apriltag_ws/install/apriltag_msgs/lib/python3.8/site-packages/apriltag_msgs/msg/_april_tag_detection.py
[3.332s] -- Up-to-date: /home/april/workAreas/apriltag_ws/install/apriltag_msgs/lib/python3.8/site-packages/apriltag_msgs/msg/_point.py
[3.333s] -- Up-to-date: /home/april/workAreas/apriltag_ws/install/apriltag_msgs/lib/python3.8/site-packages/apriltag_msgs/msg/__init__.py
[3.333s] -- Up-to-date: /home/april/workAreas/apriltag_ws/install/apriltag_msgs/lib/python3.8/site-packages/apriltag_msgs/apriltag_msgs_s__rosidl_typesupport_fastrtps_c.cpython-38-aarch64-linux-gnu.so
[3.336s] -- Up-to-date: /home/april/workAreas/apriltag_ws/install/apriltag_msgs/lib/python3.8/site-packages/apriltag_msgs/apriltag_msgs_s__rosidl_typesupport_introspection_c.cpython-38-aarch64-linux-gnu.so
[3.338s] -- Up-to-date: /home/april/workAreas/apriltag_ws/install/apriltag_msgs/lib/python3.8/site-packages/apriltag_msgs/apriltag_msgs_s__rosidl_typesupport_c.cpython-38-aarch64-linux-gnu.so
[3.341s] -- Up-to-date: /home/april/workAreas/apriltag_ws/install/apriltag_msgs/lib/libapriltag_msgs__python.so
[3.342s] -- Up-to-date: /home/april/workAreas/apriltag_ws/install/apriltag_msgs/share/apriltag_msgs/msg/Point.idl
[3.343s] -- Up-to-date: /home/april/workAreas/apriltag_ws/install/apriltag_msgs/share/apriltag_msgs/msg/AprilTagDetection.idl
[3.344s] -- Up-to-date: /home/april/workAreas/apriltag_ws/install/apriltag_msgs/share/apriltag_msgs/msg/AprilTagDetectionArray.idl
[3.344s] -- Up-to-date: /home/april/workAreas/apriltag_ws/install/apriltag_msgs/share/apriltag_msgs/msg/Point.msg
[3.346s] -- Up-to-date: /home/april/workAreas/apriltag_ws/install/apriltag_msgs/share/apriltag_msgs/msg/AprilTagDetection.msg
[3.348s] -- Up-to-date: /home/april/workAreas/apriltag_ws/install/apriltag_msgs/share/apriltag_msgs/msg/AprilTagDetectionArray.msg
[3.354s] -- Up-to-date: /home/april/workAreas/apriltag_ws/install/apriltag_msgs/share/ament_index/resource_index/package_run_dependencies/apriltag_msgs
[3.359s] -- Up-to-date: /home/april/workAreas/apriltag_ws/install/apriltag_msgs/share/ament_index/resource_index/parent_prefix_path/apriltag_msgs
[3.360s] -- Up-to-date: /home/april/workAreas/apriltag_ws/install/apriltag_msgs/share/apriltag_msgs/environment/ament_prefix_path.sh
[3.361s] -- Up-to-date: /home/april/workAreas/apriltag_ws/install/apriltag_msgs/share/apriltag_msgs/environment/ament_prefix_path.dsv
[3.362s] -- Up-to-date: /home/april/workAreas/apriltag_ws/install/apriltag_msgs/share/apriltag_msgs/environment/path.sh
[3.363s] -- Up-to-date: /home/april/workAreas/apriltag_ws/install/apriltag_msgs/share/apriltag_msgs/environment/path.dsv
[3.364s] -- Up-to-date: /home/april/workAreas/apriltag_ws/install/apriltag_msgs/share/apriltag_msgs/local_setup.bash
[3.365s] -- Up-to-date: /home/april/workAreas/apriltag_ws/install/apriltag_msgs/share/apriltag_msgs/local_setup.sh
[3.365s] -- Up-to-date: /home/april/workAreas/apriltag_ws/install/apriltag_msgs/share/apriltag_msgs/local_setup.zsh
[3.366s] -- Up-to-date: /home/april/workAreas/apriltag_ws/install/apriltag_msgs/share/apriltag_msgs/local_setup.dsv
[3.366s] -- Installing: /home/april/workAreas/apriltag_ws/install/apriltag_msgs/share/apriltag_msgs/package.dsv
[3.367s] -- Up-to-date: /home/april/workAreas/apriltag_ws/install/apriltag_msgs/share/ament_index/resource_index/packages/apriltag_msgs
[3.367s] -- Up-to-date: /home/april/workAreas/apriltag_ws/install/apriltag_msgs/share/apriltag_msgs/cmake/apriltag_msgs__rosidl_generator_cExport.cmake
[3.368s] -- Up-to-date: /home/april/workAreas/apriltag_ws/install/apriltag_msgs/share/apriltag_msgs/cmake/apriltag_msgs__rosidl_generator_cExport-noconfig.cmake
[3.369s] -- Up-to-date: /home/april/workAreas/apriltag_ws/install/apriltag_msgs/share/apriltag_msgs/cmake/apriltag_msgs__rosidl_typesupport_introspection_cExport.cmake
[3.369s] -- Up-to-date: /home/april/workAreas/apriltag_ws/install/apriltag_msgs/share/apriltag_msgs/cmake/apriltag_msgs__rosidl_typesupport_introspection_cExport-noconfig.cmake
[3.370s] -- Up-to-date: /home/april/workAreas/apriltag_ws/install/apriltag_msgs/share/apriltag_msgs/cmake/apriltag_msgs__rosidl_typesupport_cExport.cmake
[3.370s] -- Up-to-date: /home/april/workAreas/apriltag_ws/install/apriltag_msgs/share/apriltag_msgs/cmake/apriltag_msgs__rosidl_typesupport_cExport-noconfig.cmake
[3.371s] -- Up-to-date: /home/april/workAreas/apriltag_ws/install/apriltag_msgs/share/apriltag_msgs/cmake/apriltag_msgs__rosidl_generator_cppExport.cmake
[3.371s] -- Up-to-date: /home/april/workAreas/apriltag_ws/install/apriltag_msgs/share/apriltag_msgs/cmake/apriltag_msgs__rosidl_typesupport_introspection_cppExport.cmake
[3.372s] -- Up-to-date: /home/april/workAreas/apriltag_ws/install/apriltag_msgs/share/apriltag_msgs/cmake/apriltag_msgs__rosidl_typesupport_introspection_cppExport-noconfig.cmake
[3.373s] -- Up-to-date: /home/april/workAreas/apriltag_ws/install/apriltag_msgs/share/apriltag_msgs/cmake/apriltag_msgs__rosidl_typesupport_cppExport.cmake
[3.373s] -- Up-to-date: /home/april/workAreas/apriltag_ws/install/apriltag_msgs/share/apriltag_msgs/cmake/apriltag_msgs__rosidl_typesupport_cppExport-noconfig.cmake
[3.374s] -- Up-to-date: /home/april/workAreas/apriltag_ws/install/apriltag_msgs/share/apriltag_msgs/cmake/rosidl_cmake-extras.cmake
[3.375s] -- Up-to-date: /home/april/workAreas/apriltag_ws/install/apriltag_msgs/share/apriltag_msgs/cmake/ament_cmake_export_dependencies-extras.cmake
[3.375s] -- Up-to-date: /home/april/workAreas/apriltag_ws/install/apriltag_msgs/share/apriltag_msgs/cmake/ament_cmake_export_libraries-extras.cmake
[3.376s] -- Up-to-date: /home/april/workAreas/apriltag_ws/install/apriltag_msgs/share/apriltag_msgs/cmake/ament_cmake_export_targets-extras.cmake
[3.377s] -- Up-to-date: /home/april/workAreas/apriltag_ws/install/apriltag_msgs/share/apriltag_msgs/cmake/ament_cmake_export_include_directories-extras.cmake
[3.377s] -- Up-to-date: /home/april/workAreas/apriltag_ws/install/apriltag_msgs/share/apriltag_msgs/cmake/rosidl_cmake_export_typesupport_libraries-extras.cmake
[3.378s] -- Up-to-date: /home/april/workAreas/apriltag_ws/install/apriltag_msgs/share/apriltag_msgs/cmake/rosidl_cmake_export_typesupport_targets-extras.cmake
[3.379s] -- Up-to-date: /home/april/workAreas/apriltag_ws/install/apriltag_msgs/share/apriltag_msgs/cmake/apriltag_msgsConfig.cmake
[3.379s] -- Up-to-date: /home/april/workAreas/apriltag_ws/install/apriltag_msgs/share/apriltag_msgs/cmake/apriltag_msgsConfig-version.cmake
[3.380s] -- Up-to-date: /home/april/workAreas/apriltag_ws/install/apriltag_msgs/share/apriltag_msgs/package.xml
[3.386s] Invoked command in '/home/april/workAreas/apriltag_ws/build/apriltag_msgs' returned '0': CMAKE_PREFIX_PATH=${CMAKE_PREFIX_PATH}:/home/april/workAreas/apriltag_ws/install/py_pysub:/home/april/workAreas/apriltag_ws/install/cam_subscriber:/home/april/rosApril_ws/install/py_pysub:/home/april/rosApril_ws/install/cam_subscriber:/opt/ros/foxy /usr/bin/cmake --install /home/april/workAreas/apriltag_ws/build/apriltag_msgs
