[0.688s] DEBUG:colcon:Command line arguments: ['/usr/bin/colcon', 'build']
[0.689s] DEBUG:colcon:Parsed command line arguments: Namespace(allow_overriding=[], ament_cmake_args=None, base_paths=['.'], build_base='build', catkin_cmake_args=None, catkin_skip_building_tests=False, cmake_args=None, cmake_clean_cache=False, cmake_clean_first=False, cmake_force_configure=False, cmake_target=None, cmake_target_skip_unavailable=False, continue_on_error=False, event_handlers=None, executor='parallel', ignore_user_meta=False, install_base='install', log_base=None, log_level=None, main=<bound method BuildVerb.main of <colcon_core.verb.build.BuildVerb object at 0xffffbbea56d0>>, merge_install=False, metas=['./colcon.meta'], packages_above=None, packages_above_and_dependencies=None, packages_above_depth=None, packages_end=None, packages_ignore=None, packages_ignore_regex=None, packages_select=None, packages_select_build_failed=False, packages_select_by_dep=None, packages_select_regex=None, packages_select_test_failures=False, packages_skip=None, packages_skip_build_finished=False, packages_skip_by_dep=None, packages_skip_regex=None, packages_skip_test_passed=False, packages_skip_up_to=None, packages_start=None, packages_up_to=None, packages_up_to_regex=None, parallel_workers=4, paths=None, symlink_install=False, test_result_base=None, verb_extension=<colcon_core.verb.build.BuildVerb object at 0xffffbbea56d0>, verb_name='build', verb_parser=<colcon_defaults.argument_parser.defaults.DefaultArgumentsDecorator object at 0xffffbbea5c10>)
[0.794s] Level 1:colcon.colcon_core.package_discovery:discover_packages(colcon_meta) check parameters
[0.795s] Level 1:colcon.colcon_core.package_discovery:discover_packages(recursive) check parameters
[0.795s] Level 1:colcon.colcon_core.package_discovery:discover_packages(ignore) check parameters
[0.795s] Level 1:colcon.colcon_core.package_discovery:discover_packages(path) check parameters
[0.795s] Level 1:colcon.colcon_core.package_discovery:discover_packages(colcon_meta) discover
[0.796s] Level 1:colcon.colcon_core.package_discovery:discover_packages(recursive) discover
[0.796s] INFO:colcon.colcon_core.package_discovery:Crawling recursively for packages in '/home/april/workAreas/apriltag_ws'
[0.796s] Level 1:colcon.colcon_core.package_identification:_identify(.) by extensions ['ignore', 'ignore_ament_install']
[0.796s] Level 1:colcon.colcon_core.package_identification:_identify(.) by extension 'ignore'
[0.797s] Level 1:colcon.colcon_core.package_identification:_identify(.) by extension 'ignore_ament_install'
[0.797s] Level 1:colcon.colcon_core.package_identification:_identify(.) by extensions ['colcon_pkg']
[0.797s] Level 1:colcon.colcon_core.package_identification:_identify(.) by extension 'colcon_pkg'
[0.797s] Level 1:colcon.colcon_core.package_identification:_identify(.) by extensions ['colcon_meta']
[0.797s] Level 1:colcon.colcon_core.package_identification:_identify(.) by extension 'colcon_meta'
[0.798s] Level 1:colcon.colcon_core.package_identification:_identify(.) by extensions ['ros']
[0.798s] Level 1:colcon.colcon_core.package_identification:_identify(.) by extension 'ros'
[0.842s] Level 1:colcon.colcon_core.package_identification:_identify(.) by extensions ['cmake', 'python']
[0.842s] Level 1:colcon.colcon_core.package_identification:_identify(.) by extension 'cmake'
[0.842s] Level 1:colcon.colcon_core.package_identification:_identify(.) by extension 'python'
[0.843s] Level 1:colcon.colcon_core.package_identification:_identify(.) by extensions ['python_setup_py']
[0.843s] Level 1:colcon.colcon_core.package_identification:_identify(.) by extension 'python_setup_py'
[0.843s] Level 1:colcon.colcon_core.package_identification:_identify(build) by extensions ['ignore', 'ignore_ament_install']
[0.844s] Level 1:colcon.colcon_core.package_identification:_identify(build) by extension 'ignore'
[0.844s] Level 1:colcon.colcon_core.package_identification:_identify(build) ignored
[0.844s] Level 1:colcon.colcon_core.package_identification:_identify(install) by extensions ['ignore', 'ignore_ament_install']
[0.845s] Level 1:colcon.colcon_core.package_identification:_identify(install) by extension 'ignore'
[0.845s] Level 1:colcon.colcon_core.package_identification:_identify(install) ignored
[0.846s] Level 1:colcon.colcon_core.package_identification:_identify(log) by extensions ['ignore', 'ignore_ament_install']
[0.846s] Level 1:colcon.colcon_core.package_identification:_identify(log) by extension 'ignore'
[0.846s] Level 1:colcon.colcon_core.package_identification:_identify(log) ignored
[0.847s] Level 1:colcon.colcon_core.package_identification:_identify(src) by extensions ['ignore', 'ignore_ament_install']
[0.847s] Level 1:colcon.colcon_core.package_identification:_identify(src) by extension 'ignore'
[0.847s] Level 1:colcon.colcon_core.package_identification:_identify(src) by extension 'ignore_ament_install'
[0.847s] Level 1:colcon.colcon_core.package_identification:_identify(src) by extensions ['colcon_pkg']
[0.847s] Level 1:colcon.colcon_core.package_identification:_identify(src) by extension 'colcon_pkg'
[0.848s] Level 1:colcon.colcon_core.package_identification:_identify(src) by extensions ['colcon_meta']
[0.848s] Level 1:colcon.colcon_core.package_identification:_identify(src) by extension 'colcon_meta'
[0.848s] Level 1:colcon.colcon_core.package_identification:_identify(src) by extensions ['ros']
[0.848s] Level 1:colcon.colcon_core.package_identification:_identify(src) by extension 'ros'
[0.848s] Level 1:colcon.colcon_core.package_identification:_identify(src) by extensions ['cmake', 'python']
[0.848s] Level 1:colcon.colcon_core.package_identification:_identify(src) by extension 'cmake'
[0.849s] Level 1:colcon.colcon_core.package_identification:_identify(src) by extension 'python'
[0.849s] Level 1:colcon.colcon_core.package_identification:_identify(src) by extensions ['python_setup_py']
[0.849s] Level 1:colcon.colcon_core.package_identification:_identify(src) by extension 'python_setup_py'
[0.849s] Level 1:colcon.colcon_core.package_identification:_identify(src/apriltag_msgs) by extensions ['ignore', 'ignore_ament_install']
[0.850s] Level 1:colcon.colcon_core.package_identification:_identify(src/apriltag_msgs) by extension 'ignore'
[0.850s] Level 1:colcon.colcon_core.package_identification:_identify(src/apriltag_msgs) by extension 'ignore_ament_install'
[0.850s] Level 1:colcon.colcon_core.package_identification:_identify(src/apriltag_msgs) by extensions ['colcon_pkg']
[0.850s] Level 1:colcon.colcon_core.package_identification:_identify(src/apriltag_msgs) by extension 'colcon_pkg'
[0.850s] Level 1:colcon.colcon_core.package_identification:_identify(src/apriltag_msgs) by extensions ['colcon_meta']
[0.850s] Level 1:colcon.colcon_core.package_identification:_identify(src/apriltag_msgs) by extension 'colcon_meta'
[0.851s] Level 1:colcon.colcon_core.package_identification:_identify(src/apriltag_msgs) by extensions ['ros']
[0.851s] Level 1:colcon.colcon_core.package_identification:_identify(src/apriltag_msgs) by extension 'ros'
[0.859s] DEBUG:colcon.colcon_core.package_identification:Package 'src/apriltag_msgs' with type 'ros.ament_cmake' and name 'apriltag_msgs'
[0.860s] Level 1:colcon.colcon_core.package_identification:_identify(src/apriltag_ros) by extensions ['ignore', 'ignore_ament_install']
[0.861s] Level 1:colcon.colcon_core.package_identification:_identify(src/apriltag_ros) by extension 'ignore'
[0.861s] Level 1:colcon.colcon_core.package_identification:_identify(src/apriltag_ros) by extension 'ignore_ament_install'
[0.861s] Level 1:colcon.colcon_core.package_identification:_identify(src/apriltag_ros) by extensions ['colcon_pkg']
[0.861s] Level 1:colcon.colcon_core.package_identification:_identify(src/apriltag_ros) by extension 'colcon_pkg'
[0.861s] Level 1:colcon.colcon_core.package_identification:_identify(src/apriltag_ros) by extensions ['colcon_meta']
[0.861s] Level 1:colcon.colcon_core.package_identification:_identify(src/apriltag_ros) by extension 'colcon_meta'
[0.862s] Level 1:colcon.colcon_core.package_identification:_identify(src/apriltag_ros) by extensions ['ros']
[0.862s] Level 1:colcon.colcon_core.package_identification:_identify(src/apriltag_ros) by extension 'ros'
[0.872s] DEBUG:colcon.colcon_core.package_identification:Package 'src/apriltag_ros' with type 'ros.ament_cmake' and name 'apriltag_ros'
[0.875s] Level 1:colcon.colcon_core.package_identification:_identify(src/cam_subscriber) by extensions ['ignore', 'ignore_ament_install']
[0.878s] Level 1:colcon.colcon_core.package_identification:_identify(src/cam_subscriber) by extension 'ignore'
[0.879s] Level 1:colcon.colcon_core.package_identification:_identify(src/cam_subscriber) by extension 'ignore_ament_install'
[0.880s] Level 1:colcon.colcon_core.package_identification:_identify(src/cam_subscriber) by extensions ['colcon_pkg']
[0.880s] Level 1:colcon.colcon_core.package_identification:_identify(src/cam_subscriber) by extension 'colcon_pkg'
[0.880s] Level 1:colcon.colcon_core.package_identification:_identify(src/cam_subscriber) by extensions ['colcon_meta']
[0.881s] Level 1:colcon.colcon_core.package_identification:_identify(src/cam_subscriber) by extension 'colcon_meta'
[0.881s] Level 1:colcon.colcon_core.package_identification:_identify(src/cam_subscriber) by extensions ['ros']
[0.881s] Level 1:colcon.colcon_core.package_identification:_identify(src/cam_subscriber) by extension 'ros'
[0.885s] DEBUG:colcon.colcon_core.package_identification:Package 'src/cam_subscriber' with type 'ros.ament_python' and name 'cam_subscriber'
[0.885s] Level 1:colcon.colcon_core.package_identification:_identify(src/py_pysub) by extensions ['ignore', 'ignore_ament_install']
[0.886s] Level 1:colcon.colcon_core.package_identification:_identify(src/py_pysub) by extension 'ignore'
[0.886s] Level 1:colcon.colcon_core.package_identification:_identify(src/py_pysub) by extension 'ignore_ament_install'
[0.887s] Level 1:colcon.colcon_core.package_identification:_identify(src/py_pysub) by extensions ['colcon_pkg']
[0.887s] Level 1:colcon.colcon_core.package_identification:_identify(src/py_pysub) by extension 'colcon_pkg'
[0.887s] Level 1:colcon.colcon_core.package_identification:_identify(src/py_pysub) by extensions ['colcon_meta']
[0.887s] Level 1:colcon.colcon_core.package_identification:_identify(src/py_pysub) by extension 'colcon_meta'
[0.888s] Level 1:colcon.colcon_core.package_identification:_identify(src/py_pysub) by extensions ['ros']
[0.888s] Level 1:colcon.colcon_core.package_identification:_identify(src/py_pysub) by extension 'ros'
[0.888s] Level 1:colcon.colcon_core.package_identification:_identify(src/py_pysub) by extensions ['cmake', 'python']
[0.888s] Level 1:colcon.colcon_core.package_identification:_identify(src/py_pysub) by extension 'cmake'
[0.888s] Level 1:colcon.colcon_core.package_identification:_identify(src/py_pysub) by extension 'python'
[0.888s] Level 1:colcon.colcon_core.package_identification:_identify(src/py_pysub) by extensions ['python_setup_py']
[0.889s] Level 1:colcon.colcon_core.package_identification:_identify(src/py_pysub) by extension 'python_setup_py'
[0.889s] Level 1:colcon.colcon_core.package_identification:_identify(src/py_pysub/py_pysub) by extensions ['ignore', 'ignore_ament_install']
[0.890s] Level 1:colcon.colcon_core.package_identification:_identify(src/py_pysub/py_pysub) by extension 'ignore'
[0.890s] Level 1:colcon.colcon_core.package_identification:_identify(src/py_pysub/py_pysub) by extension 'ignore_ament_install'
[0.890s] Level 1:colcon.colcon_core.package_identification:_identify(src/py_pysub/py_pysub) by extensions ['colcon_pkg']
[0.890s] Level 1:colcon.colcon_core.package_identification:_identify(src/py_pysub/py_pysub) by extension 'colcon_pkg'
[0.890s] Level 1:colcon.colcon_core.package_identification:_identify(src/py_pysub/py_pysub) by extensions ['colcon_meta']
[0.890s] Level 1:colcon.colcon_core.package_identification:_identify(src/py_pysub/py_pysub) by extension 'colcon_meta'
[0.891s] Level 1:colcon.colcon_core.package_identification:_identify(src/py_pysub/py_pysub) by extensions ['ros']
[0.891s] Level 1:colcon.colcon_core.package_identification:_identify(src/py_pysub/py_pysub) by extension 'ros'
[0.893s] DEBUG:colcon.colcon_core.package_identification:Package 'src/py_pysub/py_pysub' with type 'ros.ament_python' and name 'py_pysub'
[0.893s] Level 1:colcon.colcon_core.package_discovery:discover_packages(recursive) using defaults
[0.893s] Level 1:colcon.colcon_core.package_discovery:discover_packages(ignore) discover
[0.893s] Level 1:colcon.colcon_core.package_discovery:discover_packages(ignore) using defaults
[0.894s] Level 1:colcon.colcon_core.package_discovery:discover_packages(path) discover
[0.894s] Level 1:colcon.colcon_core.package_discovery:discover_packages(path) using defaults
[1.017s] Level 1:colcon.colcon_core.package_discovery:discover_packages(prefix_path) check parameters
[1.017s] Level 1:colcon.colcon_core.package_discovery:discover_packages(prefix_path) discover
[1.032s] DEBUG:colcon.colcon_installed_package_information.package_discovery:Found 4 installed packages in /home/april/workAreas/apriltag_ws/install
[1.036s] DEBUG:colcon.colcon_installed_package_information.package_discovery:Found 4 installed packages in /home/april/rosApril_ws/install
[1.048s] DEBUG:colcon.colcon_installed_package_information.package_discovery:Found 263 installed packages in /opt/ros/foxy
[1.055s] Level 1:colcon.colcon_core.package_discovery:discover_packages(prefix_path) using defaults
[1.484s] Level 5:colcon.colcon_core.verb:set package 'apriltag_msgs' build argument 'cmake_args' from command line to 'None'
[1.484s] Level 5:colcon.colcon_core.verb:set package 'apriltag_msgs' build argument 'cmake_target' from command line to 'None'
[1.484s] Level 5:colcon.colcon_core.verb:set package 'apriltag_msgs' build argument 'cmake_target_skip_unavailable' from command line to 'False'
[1.485s] Level 5:colcon.colcon_core.verb:set package 'apriltag_msgs' build argument 'cmake_clean_cache' from command line to 'False'
[1.487s] Level 5:colcon.colcon_core.verb:set package 'apriltag_msgs' build argument 'cmake_clean_first' from command line to 'False'
[1.487s] Level 5:colcon.colcon_core.verb:set package 'apriltag_msgs' build argument 'cmake_force_configure' from command line to 'False'
[1.489s] Level 5:colcon.colcon_core.verb:set package 'apriltag_msgs' build argument 'ament_cmake_args' from command line to 'None'
[1.490s] Level 5:colcon.colcon_core.verb:set package 'apriltag_msgs' build argument 'catkin_cmake_args' from command line to 'None'
[1.492s] Level 5:colcon.colcon_core.verb:set package 'apriltag_msgs' build argument 'catkin_skip_building_tests' from command line to 'False'
[1.492s] DEBUG:colcon.colcon_core.verb:Building package 'apriltag_msgs' with the following arguments: {'ament_cmake_args': None, 'build_base': '/home/april/workAreas/apriltag_ws/build/apriltag_msgs', 'catkin_cmake_args': None, 'catkin_skip_building_tests': False, 'cmake_args': None, 'cmake_clean_cache': False, 'cmake_clean_first': False, 'cmake_force_configure': False, 'cmake_target': None, 'cmake_target_skip_unavailable': False, 'install_base': '/home/april/workAreas/apriltag_ws/install/apriltag_msgs', 'merge_install': False, 'path': '/home/april/workAreas/apriltag_ws/src/apriltag_msgs', 'symlink_install': False, 'test_result_base': None}
[1.500s] Level 5:colcon.colcon_core.verb:set package 'py_pysub' build argument 'cmake_args' from command line to 'None'
[1.500s] Level 5:colcon.colcon_core.verb:set package 'py_pysub' build argument 'cmake_target' from command line to 'None'
[1.500s] Level 5:colcon.colcon_core.verb:set package 'py_pysub' build argument 'cmake_target_skip_unavailable' from command line to 'False'
[1.500s] Level 5:colcon.colcon_core.verb:set package 'py_pysub' build argument 'cmake_clean_cache' from command line to 'False'
[1.500s] Level 5:colcon.colcon_core.verb:set package 'py_pysub' build argument 'cmake_clean_first' from command line to 'False'
[1.500s] Level 5:colcon.colcon_core.verb:set package 'py_pysub' build argument 'cmake_force_configure' from command line to 'False'
[1.501s] Level 5:colcon.colcon_core.verb:set package 'py_pysub' build argument 'ament_cmake_args' from command line to 'None'
[1.501s] Level 5:colcon.colcon_core.verb:set package 'py_pysub' build argument 'catkin_cmake_args' from command line to 'None'
[1.501s] Level 5:colcon.colcon_core.verb:set package 'py_pysub' build argument 'catkin_skip_building_tests' from command line to 'False'
[1.501s] DEBUG:colcon.colcon_core.verb:Building package 'py_pysub' with the following arguments: {'ament_cmake_args': None, 'build_base': '/home/april/workAreas/apriltag_ws/build/py_pysub', 'catkin_cmake_args': None, 'catkin_skip_building_tests': False, 'cmake_args': None, 'cmake_clean_cache': False, 'cmake_clean_first': False, 'cmake_force_configure': False, 'cmake_target': None, 'cmake_target_skip_unavailable': False, 'install_base': '/home/april/workAreas/apriltag_ws/install/py_pysub', 'merge_install': False, 'path': '/home/april/workAreas/apriltag_ws/src/py_pysub/py_pysub', 'symlink_install': False, 'test_result_base': None}
[1.505s] Level 5:colcon.colcon_core.verb:set package 'apriltag_ros' build argument 'cmake_args' from command line to 'None'
[1.506s] Level 5:colcon.colcon_core.verb:set package 'apriltag_ros' build argument 'cmake_target' from command line to 'None'
[1.506s] Level 5:colcon.colcon_core.verb:set package 'apriltag_ros' build argument 'cmake_target_skip_unavailable' from command line to 'False'
[1.506s] Level 5:colcon.colcon_core.verb:set package 'apriltag_ros' build argument 'cmake_clean_cache' from command line to 'False'
[1.506s] Level 5:colcon.colcon_core.verb:set package 'apriltag_ros' build argument 'cmake_clean_first' from command line to 'False'
[1.506s] Level 5:colcon.colcon_core.verb:set package 'apriltag_ros' build argument 'cmake_force_configure' from command line to 'False'
[1.506s] Level 5:colcon.colcon_core.verb:set package 'apriltag_ros' build argument 'ament_cmake_args' from command line to 'None'
[1.506s] Level 5:colcon.colcon_core.verb:set package 'apriltag_ros' build argument 'catkin_cmake_args' from command line to 'None'
[1.506s] Level 5:colcon.colcon_core.verb:set package 'apriltag_ros' build argument 'catkin_skip_building_tests' from command line to 'False'
[1.506s] DEBUG:colcon.colcon_core.verb:Building package 'apriltag_ros' with the following arguments: {'ament_cmake_args': None, 'build_base': '/home/april/workAreas/apriltag_ws/build/apriltag_ros', 'catkin_cmake_args': None, 'catkin_skip_building_tests': False, 'cmake_args': None, 'cmake_clean_cache': False, 'cmake_clean_first': False, 'cmake_force_configure': False, 'cmake_target': None, 'cmake_target_skip_unavailable': False, 'install_base': '/home/april/workAreas/apriltag_ws/install/apriltag_ros', 'merge_install': False, 'path': '/home/april/workAreas/apriltag_ws/src/apriltag_ros', 'symlink_install': False, 'test_result_base': None}
[1.511s] Level 5:colcon.colcon_core.verb:set package 'cam_subscriber' build argument 'cmake_args' from command line to 'None'
[1.511s] Level 5:colcon.colcon_core.verb:set package 'cam_subscriber' build argument 'cmake_target' from command line to 'None'
[1.511s] Level 5:colcon.colcon_core.verb:set package 'cam_subscriber' build argument 'cmake_target_skip_unavailable' from command line to 'False'
[1.511s] Level 5:colcon.colcon_core.verb:set package 'cam_subscriber' build argument 'cmake_clean_cache' from command line to 'False'
[1.511s] Level 5:colcon.colcon_core.verb:set package 'cam_subscriber' build argument 'cmake_clean_first' from command line to 'False'
[1.511s] Level 5:colcon.colcon_core.verb:set package 'cam_subscriber' build argument 'cmake_force_configure' from command line to 'False'
[1.512s] Level 5:colcon.colcon_core.verb:set package 'cam_subscriber' build argument 'ament_cmake_args' from command line to 'None'
[1.512s] Level 5:colcon.colcon_core.verb:set package 'cam_subscriber' build argument 'catkin_cmake_args' from command line to 'None'
[1.512s] Level 5:colcon.colcon_core.verb:set package 'cam_subscriber' build argument 'catkin_skip_building_tests' from command line to 'False'
[1.512s] DEBUG:colcon.colcon_core.verb:Building package 'cam_subscriber' with the following arguments: {'ament_cmake_args': None, 'build_base': '/home/april/workAreas/apriltag_ws/build/cam_subscriber', 'catkin_cmake_args': None, 'catkin_skip_building_tests': False, 'cmake_args': None, 'cmake_clean_cache': False, 'cmake_clean_first': False, 'cmake_force_configure': False, 'cmake_target': None, 'cmake_target_skip_unavailable': False, 'install_base': '/home/april/workAreas/apriltag_ws/install/cam_subscriber', 'merge_install': False, 'path': '/home/april/workAreas/apriltag_ws/src/cam_subscriber', 'symlink_install': False, 'test_result_base': None}
[1.515s] INFO:colcon.colcon_core.executor:Executing jobs using 'parallel' executor
[1.532s] DEBUG:colcon.colcon_parallel_executor.executor.parallel:run_until_complete
[1.533s] INFO:colcon.colcon_ros.task.ament_cmake.build:Building ROS package in '/home/april/workAreas/apriltag_ws/src/apriltag_msgs' with build type 'ament_cmake'
[1.534s] INFO:colcon.colcon_cmake.task.cmake.build:Building CMake package in '/home/april/workAreas/apriltag_ws/src/apriltag_msgs'
[1.556s] INFO:colcon.colcon_core.plugin_system:Skipping extension 'colcon_core.shell.bat': Not used on non-Windows systems
[1.557s] INFO:colcon.colcon_core.shell:Skip shell extension 'powershell' for command environment: Not usable outside of PowerShell
[1.557s] DEBUG:colcon.colcon_core.shell:Skip shell extension 'dsv' for command environment
[1.608s] INFO:colcon.colcon_ros.task.ament_python.build:Building ROS package in '/home/april/workAreas/apriltag_ws/src/py_pysub/py_pysub' with build type 'ament_python'
[1.609s] Level 1:colcon.colcon_core.shell:create_environment_hook('py_pysub', 'ament_prefix_path')
[1.621s] INFO:colcon.colcon_core.shell:Creating environment hook '/home/april/workAreas/apriltag_ws/install/py_pysub/share/py_pysub/hook/ament_prefix_path.ps1'
[1.626s] INFO:colcon.colcon_core.shell:Creating environment descriptor '/home/april/workAreas/apriltag_ws/install/py_pysub/share/py_pysub/hook/ament_prefix_path.dsv'
[1.629s] INFO:colcon.colcon_core.shell:Creating environment hook '/home/april/workAreas/apriltag_ws/install/py_pysub/share/py_pysub/hook/ament_prefix_path.sh'
[1.639s] INFO:colcon.colcon_core.shell:Skip shell extension 'powershell' for command environment: Not usable outside of PowerShell
[1.640s] DEBUG:colcon.colcon_core.shell:Skip shell extension 'dsv' for command environment
[1.730s] DEBUG:colcon.colcon_core.event_handler.log_command:Invoking command in '/home/april/workAreas/apriltag_ws/build/apriltag_msgs': CMAKE_PREFIX_PATH=${CMAKE_PREFIX_PATH}:/home/april/workAreas/apriltag_ws/install/py_pysub:/home/april/workAreas/apriltag_ws/install/cam_subscriber:/opt/ros/foxy:/home/april/rosApril_ws/install/py_pysub:/home/april/rosApril_ws/install/cam_subscriber /usr/bin/cmake --build /home/april/workAreas/apriltag_ws/build/apriltag_msgs -- -j4 -l4
[3.383s] INFO:colcon.colcon_core.task.python.build:Building Python package in '/home/april/workAreas/apriltag_ws/src/py_pysub/py_pysub'
[3.405s] INFO:colcon.colcon_core.shell:Skip shell extension 'powershell' for command environment: Not usable outside of PowerShell
[3.406s] DEBUG:colcon.colcon_core.shell:Skip shell extension 'dsv' for command environment
[3.592s] DEBUG:colcon.colcon_core.event_handler.log_command:Invoked command in '/home/april/workAreas/apriltag_ws/build/apriltag_msgs' returned '0': CMAKE_PREFIX_PATH=${CMAKE_PREFIX_PATH}:/home/april/workAreas/apriltag_ws/install/py_pysub:/home/april/workAreas/apriltag_ws/install/cam_subscriber:/opt/ros/foxy:/home/april/rosApril_ws/install/py_pysub:/home/april/rosApril_ws/install/cam_subscriber /usr/bin/cmake --build /home/april/workAreas/apriltag_ws/build/apriltag_msgs -- -j4 -l4
[4.285s] DEBUG:colcon.colcon_core.event_handler.log_command:Invoking command in '/home/april/workAreas/apriltag_ws/build/apriltag_msgs': CMAKE_PREFIX_PATH=${CMAKE_PREFIX_PATH}:/home/april/workAreas/apriltag_ws/install/py_pysub:/home/april/workAreas/apriltag_ws/install/cam_subscriber:/opt/ros/foxy:/home/april/rosApril_ws/install/py_pysub:/home/april/rosApril_ws/install/cam_subscriber /usr/bin/cmake --install /home/april/workAreas/apriltag_ws/build/apriltag_msgs
[4.673s] Level 1:colcon.colcon_core.environment:create_environment_scripts_only(apriltag_msgs)
[4.694s] DEBUG:colcon.colcon_core.event_handler.log_command:Invoked command in '/home/april/workAreas/apriltag_ws/build/apriltag_msgs' returned '0': CMAKE_PREFIX_PATH=${CMAKE_PREFIX_PATH}:/home/april/workAreas/apriltag_ws/install/py_pysub:/home/april/workAreas/apriltag_ws/install/cam_subscriber:/opt/ros/foxy:/home/april/rosApril_ws/install/py_pysub:/home/april/rosApril_ws/install/cam_subscriber /usr/bin/cmake --install /home/april/workAreas/apriltag_ws/build/apriltag_msgs
[4.711s] Level 1:colcon.colcon_core.environment:checking '/home/april/workAreas/apriltag_ws/install/apriltag_msgs' for CMake module files
[4.715s] Level 1:colcon.colcon_core.environment:checking '/home/april/workAreas/apriltag_ws/install/apriltag_msgs' for CMake config files
[4.719s] Level 1:colcon.colcon_core.shell:create_environment_hook('apriltag_msgs', 'cmake_prefix_path')
[4.726s] INFO:colcon.colcon_core.shell:Creating environment hook '/home/april/workAreas/apriltag_ws/install/apriltag_msgs/share/apriltag_msgs/hook/cmake_prefix_path.ps1'
[4.728s] INFO:colcon.colcon_core.shell:Creating environment descriptor '/home/april/workAreas/apriltag_ws/install/apriltag_msgs/share/apriltag_msgs/hook/cmake_prefix_path.dsv'
[4.730s] INFO:colcon.colcon_core.shell:Creating environment hook '/home/april/workAreas/apriltag_ws/install/apriltag_msgs/share/apriltag_msgs/hook/cmake_prefix_path.sh'
[4.734s] Level 1:colcon.colcon_core.environment:checking '/home/april/workAreas/apriltag_ws/install/apriltag_msgs/lib'
[4.735s] Level 1:colcon.colcon_core.shell:create_environment_hook('apriltag_msgs', 'ld_library_path_lib')
[4.741s] INFO:colcon.colcon_core.shell:Creating environment hook '/home/april/workAreas/apriltag_ws/install/apriltag_msgs/share/apriltag_msgs/hook/ld_library_path_lib.ps1'
[4.743s] INFO:colcon.colcon_core.shell:Creating environment descriptor '/home/april/workAreas/apriltag_ws/install/apriltag_msgs/share/apriltag_msgs/hook/ld_library_path_lib.dsv'
[4.745s] INFO:colcon.colcon_core.shell:Creating environment hook '/home/april/workAreas/apriltag_ws/install/apriltag_msgs/share/apriltag_msgs/hook/ld_library_path_lib.sh'
[4.747s] Level 1:colcon.colcon_core.environment:checking '/home/april/workAreas/apriltag_ws/install/apriltag_msgs/bin'
[4.748s] Level 1:colcon.colcon_core.environment:checking '/home/april/workAreas/apriltag_ws/install/apriltag_msgs/lib/pkgconfig/apriltag_msgs.pc'
[4.749s] Level 1:colcon.colcon_core.environment:checking '/home/april/workAreas/apriltag_ws/install/apriltag_msgs/lib/python3.8/site-packages'
[4.749s] Level 1:colcon.colcon_core.shell:create_environment_hook('apriltag_msgs', 'pythonpath')
[4.756s] INFO:colcon.colcon_core.shell:Creating environment hook '/home/april/workAreas/apriltag_ws/install/apriltag_msgs/share/apriltag_msgs/hook/pythonpath.ps1'
[4.759s] INFO:colcon.colcon_core.shell:Creating environment descriptor '/home/april/workAreas/apriltag_ws/install/apriltag_msgs/share/apriltag_msgs/hook/pythonpath.dsv'
[4.761s] INFO:colcon.colcon_core.shell:Creating environment hook '/home/april/workAreas/apriltag_ws/install/apriltag_msgs/share/apriltag_msgs/hook/pythonpath.sh'
[4.763s] Level 1:colcon.colcon_core.environment:checking '/home/april/workAreas/apriltag_ws/install/apriltag_msgs/bin'
[4.770s] INFO:colcon.colcon_core.shell:Creating package script '/home/april/workAreas/apriltag_ws/install/apriltag_msgs/share/apriltag_msgs/package.ps1'
[4.774s] INFO:colcon.colcon_core.shell:Creating package descriptor '/home/april/workAreas/apriltag_ws/install/apriltag_msgs/share/apriltag_msgs/package.dsv'
[4.777s] INFO:colcon.colcon_core.shell:Creating package script '/home/april/workAreas/apriltag_ws/install/apriltag_msgs/share/apriltag_msgs/package.sh'
[4.781s] INFO:colcon.colcon_core.shell:Creating package script '/home/april/workAreas/apriltag_ws/install/apriltag_msgs/share/apriltag_msgs/package.bash'
[4.784s] INFO:colcon.colcon_core.shell:Creating package script '/home/april/workAreas/apriltag_ws/install/apriltag_msgs/share/apriltag_msgs/package.zsh'
[4.787s] Level 1:colcon.colcon_core.environment:create_file_with_runtime_dependencies(/home/april/workAreas/apriltag_ws/install/apriltag_msgs/share/colcon-core/packages/apriltag_msgs)
[5.364s] Level 1:colcon.colcon_core.environment:create_environment_scripts_only(apriltag_msgs)
[5.376s] Level 1:colcon.colcon_core.environment:checking '/home/april/workAreas/apriltag_ws/install/apriltag_msgs' for CMake module files
[5.380s] Level 1:colcon.colcon_core.environment:checking '/home/april/workAreas/apriltag_ws/install/apriltag_msgs' for CMake config files
[5.384s] Level 1:colcon.colcon_core.shell:create_environment_hook('apriltag_msgs', 'cmake_prefix_path')
[5.391s] INFO:colcon.colcon_core.shell:Creating environment hook '/home/april/workAreas/apriltag_ws/install/apriltag_msgs/share/apriltag_msgs/hook/cmake_prefix_path.ps1'
[5.393s] INFO:colcon.colcon_core.shell:Creating environment descriptor '/home/april/workAreas/apriltag_ws/install/apriltag_msgs/share/apriltag_msgs/hook/cmake_prefix_path.dsv'
[5.395s] INFO:colcon.colcon_core.shell:Creating environment hook '/home/april/workAreas/apriltag_ws/install/apriltag_msgs/share/apriltag_msgs/hook/cmake_prefix_path.sh'
[5.398s] Level 1:colcon.colcon_core.environment:checking '/home/april/workAreas/apriltag_ws/install/apriltag_msgs/lib'
[5.399s] Level 1:colcon.colcon_core.shell:create_environment_hook('apriltag_msgs', 'ld_library_path_lib')
[5.405s] INFO:colcon.colcon_core.shell:Creating environment hook '/home/april/workAreas/apriltag_ws/install/apriltag_msgs/share/apriltag_msgs/hook/ld_library_path_lib.ps1'
[5.407s] INFO:colcon.colcon_core.shell:Creating environment descriptor '/home/april/workAreas/apriltag_ws/install/apriltag_msgs/share/apriltag_msgs/hook/ld_library_path_lib.dsv'
[5.409s] INFO:colcon.colcon_core.shell:Creating environment hook '/home/april/workAreas/apriltag_ws/install/apriltag_msgs/share/apriltag_msgs/hook/ld_library_path_lib.sh'
[5.411s] Level 1:colcon.colcon_core.environment:checking '/home/april/workAreas/apriltag_ws/install/apriltag_msgs/bin'
[5.412s] Level 1:colcon.colcon_core.environment:checking '/home/april/workAreas/apriltag_ws/install/apriltag_msgs/lib/pkgconfig/apriltag_msgs.pc'
[5.413s] Level 1:colcon.colcon_core.environment:checking '/home/april/workAreas/apriltag_ws/install/apriltag_msgs/lib/python3.8/site-packages'
[5.413s] Level 1:colcon.colcon_core.shell:create_environment_hook('apriltag_msgs', 'pythonpath')
[5.419s] INFO:colcon.colcon_core.shell:Creating environment hook '/home/april/workAreas/apriltag_ws/install/apriltag_msgs/share/apriltag_msgs/hook/pythonpath.ps1'
[5.422s] INFO:colcon.colcon_core.shell:Creating environment descriptor '/home/april/workAreas/apriltag_ws/install/apriltag_msgs/share/apriltag_msgs/hook/pythonpath.dsv'
[5.424s] INFO:colcon.colcon_core.shell:Creating environment hook '/home/april/workAreas/apriltag_ws/install/apriltag_msgs/share/apriltag_msgs/hook/pythonpath.sh'
[5.426s] Level 1:colcon.colcon_core.environment:checking '/home/april/workAreas/apriltag_ws/install/apriltag_msgs/bin'
[5.434s] INFO:colcon.colcon_core.shell:Creating package script '/home/april/workAreas/apriltag_ws/install/apriltag_msgs/share/apriltag_msgs/package.ps1'
[5.437s] INFO:colcon.colcon_core.shell:Creating package descriptor '/home/april/workAreas/apriltag_ws/install/apriltag_msgs/share/apriltag_msgs/package.dsv'
[5.440s] INFO:colcon.colcon_core.shell:Creating package script '/home/april/workAreas/apriltag_ws/install/apriltag_msgs/share/apriltag_msgs/package.sh'
[5.443s] INFO:colcon.colcon_core.shell:Creating package script '/home/april/workAreas/apriltag_ws/install/apriltag_msgs/share/apriltag_msgs/package.bash'
[5.446s] INFO:colcon.colcon_core.shell:Creating package script '/home/april/workAreas/apriltag_ws/install/apriltag_msgs/share/apriltag_msgs/package.zsh'
[5.448s] Level 1:colcon.colcon_core.environment:create_file_with_runtime_dependencies(/home/april/workAreas/apriltag_ws/install/apriltag_msgs/share/colcon-core/packages/apriltag_msgs)
[5.451s] INFO:colcon.colcon_ros.task.ament_cmake.build:Building ROS package in '/home/april/workAreas/apriltag_ws/src/apriltag_ros' with build type 'ament_cmake'
[5.453s] INFO:colcon.colcon_cmake.task.cmake.build:Building CMake package in '/home/april/workAreas/apriltag_ws/src/apriltag_ros'
[5.461s] INFO:colcon.colcon_core.shell:Skip shell extension 'powershell' for command environment: Not usable outside of PowerShell
[5.462s] DEBUG:colcon.colcon_core.shell:Skip shell extension 'dsv' for command environment
[5.585s] INFO:colcon.colcon_ros.task.ament_python.build:Building ROS package in '/home/april/workAreas/apriltag_ws/src/cam_subscriber' with build type 'ament_python'
[5.588s] Level 1:colcon.colcon_core.shell:create_environment_hook('cam_subscriber', 'ament_prefix_path')
[5.697s] INFO:colcon.colcon_core.shell:Creating environment hook '/home/april/workAreas/apriltag_ws/install/cam_subscriber/share/cam_subscriber/hook/ament_prefix_path.ps1'
[5.710s] INFO:colcon.colcon_core.shell:Creating environment descriptor '/home/april/workAreas/apriltag_ws/install/cam_subscriber/share/cam_subscriber/hook/ament_prefix_path.dsv'
[5.715s] INFO:colcon.colcon_core.shell:Creating environment hook '/home/april/workAreas/apriltag_ws/install/cam_subscriber/share/cam_subscriber/hook/ament_prefix_path.sh'
[5.740s] INFO:colcon.colcon_core.shell:Skip shell extension 'powershell' for command environment: Not usable outside of PowerShell
[5.741s] DEBUG:colcon.colcon_core.shell:Skip shell extension 'dsv' for command environment
[5.844s] DEBUG:colcon.colcon_core.event_handler.log_command:Invoking command in '/home/april/workAreas/apriltag_ws/src/py_pysub/py_pysub': PYTHONPATH=/home/april/workAreas/apriltag_ws/build/py_pysub/prefix_override:/home/april/workAreas/apriltag_ws/install/py_pysub/lib/python3.8/site-packages:${PYTHONPATH} /usr/bin/python3 setup.py egg_info --egg-base ../../../build/py_pysub build --build-base /home/april/workAreas/apriltag_ws/build/py_pysub/build install --record /home/april/workAreas/apriltag_ws/build/py_pysub/install.log --install-scripts $base/lib/py_pysub --single-version-externally-managed
[5.890s] DEBUG:colcon.colcon_core.event_handler.log_command:Invoking command in '/home/april/workAreas/apriltag_ws/build/apriltag_ros': CMAKE_PREFIX_PATH=/home/april/workAreas/apriltag_ws/install/apriltag_msgs:/home/april/workAreas/apriltag_ws/install/apriltag_ros:/home/april/rosApril_ws/install/apriltag_ros:/home/april/rosApril_ws/install/apriltag_msgs:/home/april/workAreas/apriltag_ws/install/py_pysub:/home/april/workAreas/apriltag_ws/install/cam_subscriber:/opt/ros/foxy:/home/april/rosApril_ws/install/py_pysub:/home/april/rosApril_ws/install/cam_subscriber LD_LIBRARY_PATH=/home/april/workAreas/apriltag_ws/install/apriltag_msgs/lib:/home/april/workAreas/apriltag_ws/install/apriltag_ros/lib:/opt/ros/foxy/opt/yaml_cpp_vendor/lib:/opt/ros/foxy/opt/rviz_ogre_vendor/lib:/opt/ros/foxy/lib/aarch64-linux-gnu:/opt/ros/foxy/lib:/home/april/rosApril_ws/install/apriltag_ros/lib:/home/april/rosApril_ws/install/apriltag_msgs/lib PYTHONPATH=/home/april/workAreas/apriltag_ws/install/apriltag_msgs/lib/python3.8/site-packages:/home/april/workAreas/apriltag_ws/install/py_pysub/lib/python3.8/site-packages:/home/april/workAreas/apriltag_ws/install/cam_subscriber/lib/python3.8/site-packages:/opt/ros/foxy/lib/python3.8/site-packages:/home/april/rosApril_ws/install/py_pysub/lib/python3.8/site-packages:/home/april/rosApril_ws/install/cam_subscriber/lib/python3.8/site-packages:/home/april/rosApril_ws/install/apriltag_msgs/lib/python3.8/site-packages /usr/bin/cmake --build /home/april/workAreas/apriltag_ws/build/apriltag_ros -- -j4 -l4
[7.548s] INFO:colcon.colcon_core.task.python.build:Building Python package in '/home/april/workAreas/apriltag_ws/src/cam_subscriber'
[7.557s] INFO:colcon.colcon_core.shell:Skip shell extension 'powershell' for command environment: Not usable outside of PowerShell
[7.557s] DEBUG:colcon.colcon_core.shell:Skip shell extension 'dsv' for command environment
[7.612s] DEBUG:colcon.colcon_core.event_handler.log_command:Invoked command in '/home/april/workAreas/apriltag_ws/build/apriltag_ros' returned '0': CMAKE_PREFIX_PATH=/home/april/workAreas/apriltag_ws/install/apriltag_msgs:/home/april/workAreas/apriltag_ws/install/apriltag_ros:/home/april/rosApril_ws/install/apriltag_ros:/home/april/rosApril_ws/install/apriltag_msgs:/home/april/workAreas/apriltag_ws/install/py_pysub:/home/april/workAreas/apriltag_ws/install/cam_subscriber:/opt/ros/foxy:/home/april/rosApril_ws/install/py_pysub:/home/april/rosApril_ws/install/cam_subscriber LD_LIBRARY_PATH=/home/april/workAreas/apriltag_ws/install/apriltag_msgs/lib:/home/april/workAreas/apriltag_ws/install/apriltag_ros/lib:/opt/ros/foxy/opt/yaml_cpp_vendor/lib:/opt/ros/foxy/opt/rviz_ogre_vendor/lib:/opt/ros/foxy/lib/aarch64-linux-gnu:/opt/ros/foxy/lib:/home/april/rosApril_ws/install/apriltag_ros/lib:/home/april/rosApril_ws/install/apriltag_msgs/lib PYTHONPATH=/home/april/workAreas/apriltag_ws/install/apriltag_msgs/lib/python3.8/site-packages:/home/april/workAreas/apriltag_ws/install/py_pysub/lib/python3.8/site-packages:/home/april/workAreas/apriltag_ws/install/cam_subscriber/lib/python3.8/site-packages:/opt/ros/foxy/lib/python3.8/site-packages:/home/april/rosApril_ws/install/py_pysub/lib/python3.8/site-packages:/home/april/rosApril_ws/install/cam_subscriber/lib/python3.8/site-packages:/home/april/rosApril_ws/install/apriltag_msgs/lib/python3.8/site-packages /usr/bin/cmake --build /home/april/workAreas/apriltag_ws/build/apriltag_ros -- -j4 -l4
[7.828s] DEBUG:colcon.colcon_core.event_handler.log_command:Invoking command in '/home/april/workAreas/apriltag_ws/build/apriltag_ros': CMAKE_PREFIX_PATH=/home/april/workAreas/apriltag_ws/install/apriltag_msgs:/home/april/workAreas/apriltag_ws/install/apriltag_ros:/home/april/rosApril_ws/install/apriltag_ros:/home/april/rosApril_ws/install/apriltag_msgs:/home/april/workAreas/apriltag_ws/install/py_pysub:/home/april/workAreas/apriltag_ws/install/cam_subscriber:/opt/ros/foxy:/home/april/rosApril_ws/install/py_pysub:/home/april/rosApril_ws/install/cam_subscriber LD_LIBRARY_PATH=/home/april/workAreas/apriltag_ws/install/apriltag_msgs/lib:/home/april/workAreas/apriltag_ws/install/apriltag_ros/lib:/opt/ros/foxy/opt/yaml_cpp_vendor/lib:/opt/ros/foxy/opt/rviz_ogre_vendor/lib:/opt/ros/foxy/lib/aarch64-linux-gnu:/opt/ros/foxy/lib:/home/april/rosApril_ws/install/apriltag_ros/lib:/home/april/rosApril_ws/install/apriltag_msgs/lib PYTHONPATH=/home/april/workAreas/apriltag_ws/install/apriltag_msgs/lib/python3.8/site-packages:/home/april/workAreas/apriltag_ws/install/py_pysub/lib/python3.8/site-packages:/home/april/workAreas/apriltag_ws/install/cam_subscriber/lib/python3.8/site-packages:/opt/ros/foxy/lib/python3.8/site-packages:/home/april/rosApril_ws/install/py_pysub/lib/python3.8/site-packages:/home/april/rosApril_ws/install/cam_subscriber/lib/python3.8/site-packages:/home/april/rosApril_ws/install/apriltag_msgs/lib/python3.8/site-packages /usr/bin/cmake --install /home/april/workAreas/apriltag_ws/build/apriltag_ros
[7.985s] Level 1:colcon.colcon_core.environment:checking '/home/april/workAreas/apriltag_ws/install/py_pysub' for CMake module files
[7.996s] Level 1:colcon.colcon_core.environment:checking '/home/april/workAreas/apriltag_ws/install/py_pysub' for CMake config files
[7.992s] DEBUG:colcon.colcon_core.event_handler.log_command:Invoked command in '/home/april/workAreas/apriltag_ws/src/py_pysub/py_pysub' returned '0': PYTHONPATH=/home/april/workAreas/apriltag_ws/build/py_pysub/prefix_override:/home/april/workAreas/apriltag_ws/install/py_pysub/lib/python3.8/site-packages:${PYTHONPATH} /usr/bin/python3 setup.py egg_info --egg-base ../../../build/py_pysub build --build-base /home/april/workAreas/apriltag_ws/build/py_pysub/build install --record /home/april/workAreas/apriltag_ws/build/py_pysub/install.log --install-scripts $base/lib/py_pysub --single-version-externally-managed
[8.012s] Level 1:colcon.colcon_core.environment:checking '/home/april/workAreas/apriltag_ws/install/py_pysub/lib'
[8.013s] Level 1:colcon.colcon_core.environment:checking '/home/april/workAreas/apriltag_ws/install/py_pysub/bin'
[8.037s] Level 1:colcon.colcon_core.environment:checking '/home/april/workAreas/apriltag_ws/install/py_pysub/lib/pkgconfig/py_pysub.pc'
[8.039s] Level 1:colcon.colcon_core.environment:checking '/home/april/workAreas/apriltag_ws/install/py_pysub/lib/python3.8/site-packages'
[8.040s] Level 1:colcon.colcon_core.shell:create_environment_hook('py_pysub', 'pythonpath')
[8.053s] INFO:colcon.colcon_core.shell:Creating environment hook '/home/april/workAreas/apriltag_ws/install/py_pysub/share/py_pysub/hook/pythonpath.ps1'
[8.058s] INFO:colcon.colcon_core.shell:Creating environment descriptor '/home/april/workAreas/apriltag_ws/install/py_pysub/share/py_pysub/hook/pythonpath.dsv'
[8.060s] INFO:colcon.colcon_core.shell:Creating environment hook '/home/april/workAreas/apriltag_ws/install/py_pysub/share/py_pysub/hook/pythonpath.sh'
[8.063s] Level 1:colcon.colcon_core.environment:checking '/home/april/workAreas/apriltag_ws/install/py_pysub/bin'
[8.063s] Level 1:colcon.colcon_core.environment:create_environment_scripts_only(py_pysub)
[8.070s] INFO:colcon.colcon_core.shell:Creating package script '/home/april/workAreas/apriltag_ws/install/py_pysub/share/py_pysub/package.ps1'
[8.074s] INFO:colcon.colcon_core.shell:Creating package descriptor '/home/april/workAreas/apriltag_ws/install/py_pysub/share/py_pysub/package.dsv'
[8.076s] INFO:colcon.colcon_core.shell:Creating package script '/home/april/workAreas/apriltag_ws/install/py_pysub/share/py_pysub/package.sh'
[8.079s] INFO:colcon.colcon_core.shell:Creating package script '/home/april/workAreas/apriltag_ws/install/py_pysub/share/py_pysub/package.bash'
[8.082s] INFO:colcon.colcon_core.shell:Creating package script '/home/april/workAreas/apriltag_ws/install/py_pysub/share/py_pysub/package.zsh'
[8.084s] Level 1:colcon.colcon_core.environment:create_file_with_runtime_dependencies(/home/april/workAreas/apriltag_ws/install/py_pysub/share/colcon-core/packages/py_pysub)
[8.093s] Level 1:colcon.colcon_core.environment:create_environment_scripts_only(apriltag_ros)
[8.114s] Level 1:colcon.colcon_core.environment:checking '/home/april/workAreas/apriltag_ws/install/apriltag_ros' for CMake module files
[8.116s] DEBUG:colcon.colcon_core.event_handler.log_command:Invoked command in '/home/april/workAreas/apriltag_ws/build/apriltag_ros' returned '0': CMAKE_PREFIX_PATH=/home/april/workAreas/apriltag_ws/install/apriltag_msgs:/home/april/workAreas/apriltag_ws/install/apriltag_ros:/home/april/rosApril_ws/install/apriltag_ros:/home/april/rosApril_ws/install/apriltag_msgs:/home/april/workAreas/apriltag_ws/install/py_pysub:/home/april/workAreas/apriltag_ws/install/cam_subscriber:/opt/ros/foxy:/home/april/rosApril_ws/install/py_pysub:/home/april/rosApril_ws/install/cam_subscriber LD_LIBRARY_PATH=/home/april/workAreas/apriltag_ws/install/apriltag_msgs/lib:/home/april/workAreas/apriltag_ws/install/apriltag_ros/lib:/opt/ros/foxy/opt/yaml_cpp_vendor/lib:/opt/ros/foxy/opt/rviz_ogre_vendor/lib:/opt/ros/foxy/lib/aarch64-linux-gnu:/opt/ros/foxy/lib:/home/april/rosApril_ws/install/apriltag_ros/lib:/home/april/rosApril_ws/install/apriltag_msgs/lib PYTHONPATH=/home/april/workAreas/apriltag_ws/install/apriltag_msgs/lib/python3.8/site-packages:/home/april/workAreas/apriltag_ws/install/py_pysub/lib/python3.8/site-packages:/home/april/workAreas/apriltag_ws/install/cam_subscriber/lib/python3.8/site-packages:/opt/ros/foxy/lib/python3.8/site-packages:/home/april/rosApril_ws/install/py_pysub/lib/python3.8/site-packages:/home/april/rosApril_ws/install/cam_subscriber/lib/python3.8/site-packages:/home/april/rosApril_ws/install/apriltag_msgs/lib/python3.8/site-packages /usr/bin/cmake --install /home/april/workAreas/apriltag_ws/build/apriltag_ros
[8.121s] Level 1:colcon.colcon_core.environment:checking '/home/april/workAreas/apriltag_ws/install/apriltag_ros' for CMake config files
[8.124s] Level 1:colcon.colcon_core.shell:create_environment_hook('apriltag_ros', 'cmake_prefix_path')
[8.130s] INFO:colcon.colcon_core.shell:Creating environment hook '/home/april/workAreas/apriltag_ws/install/apriltag_ros/share/apriltag_ros/hook/cmake_prefix_path.ps1'
[8.132s] INFO:colcon.colcon_core.shell:Creating environment descriptor '/home/april/workAreas/apriltag_ws/install/apriltag_ros/share/apriltag_ros/hook/cmake_prefix_path.dsv'
[8.135s] INFO:colcon.colcon_core.shell:Creating environment hook '/home/april/workAreas/apriltag_ws/install/apriltag_ros/share/apriltag_ros/hook/cmake_prefix_path.sh'
[8.142s] Level 1:colcon.colcon_core.environment:checking '/home/april/workAreas/apriltag_ws/install/apriltag_ros/lib'
[8.142s] Level 1:colcon.colcon_core.shell:create_environment_hook('apriltag_ros', 'ld_library_path_lib')
[8.149s] INFO:colcon.colcon_core.shell:Creating environment hook '/home/april/workAreas/apriltag_ws/install/apriltag_ros/share/apriltag_ros/hook/ld_library_path_lib.ps1'
[8.152s] INFO:colcon.colcon_core.shell:Creating environment descriptor '/home/april/workAreas/apriltag_ws/install/apriltag_ros/share/apriltag_ros/hook/ld_library_path_lib.dsv'
[8.156s] INFO:colcon.colcon_core.shell:Creating environment hook '/home/april/workAreas/apriltag_ws/install/apriltag_ros/share/apriltag_ros/hook/ld_library_path_lib.sh'
[8.159s] Level 1:colcon.colcon_core.environment:checking '/home/april/workAreas/apriltag_ws/install/apriltag_ros/bin'
[8.159s] Level 1:colcon.colcon_core.environment:checking '/home/april/workAreas/apriltag_ws/install/apriltag_ros/lib/pkgconfig/apriltag_ros.pc'
[8.161s] Level 1:colcon.colcon_core.environment:checking '/home/april/workAreas/apriltag_ws/install/apriltag_ros/lib/python3.8/site-packages'
[8.162s] Level 1:colcon.colcon_core.environment:checking '/home/april/workAreas/apriltag_ws/install/apriltag_ros/bin'
[8.176s] INFO:colcon.colcon_core.shell:Creating package script '/home/april/workAreas/apriltag_ws/install/apriltag_ros/share/apriltag_ros/package.ps1'
[8.181s] INFO:colcon.colcon_core.shell:Creating package descriptor '/home/april/workAreas/apriltag_ws/install/apriltag_ros/share/apriltag_ros/package.dsv'
[8.185s] INFO:colcon.colcon_core.shell:Creating package script '/home/april/workAreas/apriltag_ws/install/apriltag_ros/share/apriltag_ros/package.sh'
[8.188s] INFO:colcon.colcon_core.shell:Creating package script '/home/april/workAreas/apriltag_ws/install/apriltag_ros/share/apriltag_ros/package.bash'
[8.191s] INFO:colcon.colcon_core.shell:Creating package script '/home/april/workAreas/apriltag_ws/install/apriltag_ros/share/apriltag_ros/package.zsh'
[8.193s] Level 1:colcon.colcon_core.environment:create_file_with_runtime_dependencies(/home/april/workAreas/apriltag_ws/install/apriltag_ros/share/colcon-core/packages/apriltag_ros)
[8.378s] Level 1:colcon.colcon_core.environment:create_environment_scripts_only(apriltag_ros)
[8.388s] Level 1:colcon.colcon_core.environment:checking '/home/april/workAreas/apriltag_ws/install/apriltag_ros' for CMake module files
[8.391s] Level 1:colcon.colcon_core.environment:checking '/home/april/workAreas/apriltag_ws/install/apriltag_ros' for CMake config files
[8.394s] Level 1:colcon.colcon_core.shell:create_environment_hook('apriltag_ros', 'cmake_prefix_path')
[8.400s] INFO:colcon.colcon_core.shell:Creating environment hook '/home/april/workAreas/apriltag_ws/install/apriltag_ros/share/apriltag_ros/hook/cmake_prefix_path.ps1'
[8.402s] INFO:colcon.colcon_core.shell:Creating environment descriptor '/home/april/workAreas/apriltag_ws/install/apriltag_ros/share/apriltag_ros/hook/cmake_prefix_path.dsv'
[8.404s] INFO:colcon.colcon_core.shell:Creating environment hook '/home/april/workAreas/apriltag_ws/install/apriltag_ros/share/apriltag_ros/hook/cmake_prefix_path.sh'
[8.407s] Level 1:colcon.colcon_core.environment:checking '/home/april/workAreas/apriltag_ws/install/apriltag_ros/lib'
[8.408s] Level 1:colcon.colcon_core.shell:create_environment_hook('apriltag_ros', 'ld_library_path_lib')
[8.414s] INFO:colcon.colcon_core.shell:Creating environment hook '/home/april/workAreas/apriltag_ws/install/apriltag_ros/share/apriltag_ros/hook/ld_library_path_lib.ps1'
[8.416s] INFO:colcon.colcon_core.shell:Creating environment descriptor '/home/april/workAreas/apriltag_ws/install/apriltag_ros/share/apriltag_ros/hook/ld_library_path_lib.dsv'
[8.419s] INFO:colcon.colcon_core.shell:Creating environment hook '/home/april/workAreas/apriltag_ws/install/apriltag_ros/share/apriltag_ros/hook/ld_library_path_lib.sh'
[8.421s] Level 1:colcon.colcon_core.environment:checking '/home/april/workAreas/apriltag_ws/install/apriltag_ros/bin'
[8.421s] Level 1:colcon.colcon_core.environment:checking '/home/april/workAreas/apriltag_ws/install/apriltag_ros/lib/pkgconfig/apriltag_ros.pc'
[8.422s] Level 1:colcon.colcon_core.environment:checking '/home/april/workAreas/apriltag_ws/install/apriltag_ros/lib/python3.8/site-packages'
[8.424s] Level 1:colcon.colcon_core.environment:checking '/home/april/workAreas/apriltag_ws/install/apriltag_ros/bin'
[8.430s] INFO:colcon.colcon_core.shell:Creating package script '/home/april/workAreas/apriltag_ws/install/apriltag_ros/share/apriltag_ros/package.ps1'
[8.433s] INFO:colcon.colcon_core.shell:Creating package descriptor '/home/april/workAreas/apriltag_ws/install/apriltag_ros/share/apriltag_ros/package.dsv'
[8.436s] INFO:colcon.colcon_core.shell:Creating package script '/home/april/workAreas/apriltag_ws/install/apriltag_ros/share/apriltag_ros/package.sh'
[8.439s] INFO:colcon.colcon_core.shell:Creating package script '/home/april/workAreas/apriltag_ws/install/apriltag_ros/share/apriltag_ros/package.bash'
[8.441s] INFO:colcon.colcon_core.shell:Creating package script '/home/april/workAreas/apriltag_ws/install/apriltag_ros/share/apriltag_ros/package.zsh'
[8.444s] Level 1:colcon.colcon_core.environment:create_file_with_runtime_dependencies(/home/april/workAreas/apriltag_ws/install/apriltag_ros/share/colcon-core/packages/apriltag_ros)
[9.785s] DEBUG:colcon.colcon_core.event_handler.log_command:Invoking command in '/home/april/workAreas/apriltag_ws/src/cam_subscriber': CMAKE_PREFIX_PATH=/home/april/workAreas/apriltag_ws/install/apriltag_msgs:/home/april/workAreas/apriltag_ws/install/apriltag_ros:/home/april/rosApril_ws/install/apriltag_ros:/home/april/rosApril_ws/install/apriltag_msgs LD_LIBRARY_PATH=/home/april/workAreas/apriltag_ws/install/apriltag_msgs/lib:/home/april/workAreas/apriltag_ws/install/apriltag_ros/lib:/opt/ros/foxy/opt/yaml_cpp_vendor/lib:/opt/ros/foxy/opt/rviz_ogre_vendor/lib:/opt/ros/foxy/lib/aarch64-linux-gnu:/opt/ros/foxy/lib:/home/april/rosApril_ws/install/apriltag_ros/lib:/home/april/rosApril_ws/install/apriltag_msgs/lib PYTHONPATH=/home/april/workAreas/apriltag_ws/build/cam_subscriber/prefix_override:/home/april/workAreas/apriltag_ws/install/cam_subscriber/lib/python3.8/site-packages:/home/april/workAreas/apriltag_ws/install/apriltag_msgs/lib/python3.8/site-packages:/home/april/workAreas/apriltag_ws/install/py_pysub/lib/python3.8/site-packages:/home/april/workAreas/apriltag_ws/install/cam_subscriber/lib/python3.8/site-packages:/opt/ros/foxy/lib/python3.8/site-packages:/home/april/rosApril_ws/install/py_pysub/lib/python3.8/site-packages:/home/april/rosApril_ws/install/cam_subscriber/lib/python3.8/site-packages:/home/april/rosApril_ws/install/apriltag_msgs/lib/python3.8/site-packages /usr/bin/python3 setup.py egg_info --egg-base ../../build/cam_subscriber build --build-base /home/april/workAreas/apriltag_ws/build/cam_subscriber/build install --record /home/april/workAreas/apriltag_ws/build/cam_subscriber/install.log --install-scripts $base/lib/cam_subscriber --single-version-externally-managed
[11.282s] Level 1:colcon.colcon_core.environment:checking '/home/april/workAreas/apriltag_ws/install/cam_subscriber' for CMake module files
[11.284s] DEBUG:colcon.colcon_core.event_handler.log_command:Invoked command in '/home/april/workAreas/apriltag_ws/src/cam_subscriber' returned '0': CMAKE_PREFIX_PATH=/home/april/workAreas/apriltag_ws/install/apriltag_msgs:/home/april/workAreas/apriltag_ws/install/apriltag_ros:/home/april/rosApril_ws/install/apriltag_ros:/home/april/rosApril_ws/install/apriltag_msgs LD_LIBRARY_PATH=/home/april/workAreas/apriltag_ws/install/apriltag_msgs/lib:/home/april/workAreas/apriltag_ws/install/apriltag_ros/lib:/opt/ros/foxy/opt/yaml_cpp_vendor/lib:/opt/ros/foxy/opt/rviz_ogre_vendor/lib:/opt/ros/foxy/lib/aarch64-linux-gnu:/opt/ros/foxy/lib:/home/april/rosApril_ws/install/apriltag_ros/lib:/home/april/rosApril_ws/install/apriltag_msgs/lib PYTHONPATH=/home/april/workAreas/apriltag_ws/build/cam_subscriber/prefix_override:/home/april/workAreas/apriltag_ws/install/cam_subscriber/lib/python3.8/site-packages:/home/april/workAreas/apriltag_ws/install/apriltag_msgs/lib/python3.8/site-packages:/home/april/workAreas/apriltag_ws/install/py_pysub/lib/python3.8/site-packages:/home/april/workAreas/apriltag_ws/install/cam_subscriber/lib/python3.8/site-packages:/opt/ros/foxy/lib/python3.8/site-packages:/home/april/rosApril_ws/install/py_pysub/lib/python3.8/site-packages:/home/april/rosApril_ws/install/cam_subscriber/lib/python3.8/site-packages:/home/april/rosApril_ws/install/apriltag_msgs/lib/python3.8/site-packages /usr/bin/python3 setup.py egg_info --egg-base ../../build/cam_subscriber build --build-base /home/april/workAreas/apriltag_ws/build/cam_subscriber/build install --record /home/april/workAreas/apriltag_ws/build/cam_subscriber/install.log --install-scripts $base/lib/cam_subscriber --single-version-externally-managed
[11.287s] Level 1:colcon.colcon_core.environment:checking '/home/april/workAreas/apriltag_ws/install/cam_subscriber' for CMake config files
[11.291s] Level 1:colcon.colcon_core.environment:checking '/home/april/workAreas/apriltag_ws/install/cam_subscriber/lib'
[11.292s] Level 1:colcon.colcon_core.environment:checking '/home/april/workAreas/apriltag_ws/install/cam_subscriber/bin'
[11.293s] Level 1:colcon.colcon_core.environment:checking '/home/april/workAreas/apriltag_ws/install/cam_subscriber/lib/pkgconfig/cam_subscriber.pc'
[11.294s] Level 1:colcon.colcon_core.environment:checking '/home/april/workAreas/apriltag_ws/install/cam_subscriber/lib/python3.8/site-packages'
[11.294s] Level 1:colcon.colcon_core.shell:create_environment_hook('cam_subscriber', 'pythonpath')
[11.302s] INFO:colcon.colcon_core.shell:Creating environment hook '/home/april/workAreas/apriltag_ws/install/cam_subscriber/share/cam_subscriber/hook/pythonpath.ps1'
[11.304s] INFO:colcon.colcon_core.shell:Creating environment descriptor '/home/april/workAreas/apriltag_ws/install/cam_subscriber/share/cam_subscriber/hook/pythonpath.dsv'
[11.306s] INFO:colcon.colcon_core.shell:Creating environment hook '/home/april/workAreas/apriltag_ws/install/cam_subscriber/share/cam_subscriber/hook/pythonpath.sh'
[11.308s] Level 1:colcon.colcon_core.environment:checking '/home/april/workAreas/apriltag_ws/install/cam_subscriber/bin'
[11.308s] Level 1:colcon.colcon_core.environment:create_environment_scripts_only(cam_subscriber)
[11.315s] INFO:colcon.colcon_core.shell:Creating package script '/home/april/workAreas/apriltag_ws/install/cam_subscriber/share/cam_subscriber/package.ps1'
[11.318s] INFO:colcon.colcon_core.shell:Creating package descriptor '/home/april/workAreas/apriltag_ws/install/cam_subscriber/share/cam_subscriber/package.dsv'
[11.324s] INFO:colcon.colcon_core.shell:Creating package script '/home/april/workAreas/apriltag_ws/install/cam_subscriber/share/cam_subscriber/package.sh'
[11.328s] INFO:colcon.colcon_core.shell:Creating package script '/home/april/workAreas/apriltag_ws/install/cam_subscriber/share/cam_subscriber/package.bash'
[11.330s] INFO:colcon.colcon_core.shell:Creating package script '/home/april/workAreas/apriltag_ws/install/cam_subscriber/share/cam_subscriber/package.zsh'
[11.332s] Level 1:colcon.colcon_core.environment:create_file_with_runtime_dependencies(/home/april/workAreas/apriltag_ws/install/cam_subscriber/share/colcon-core/packages/cam_subscriber)
[11.334s] DEBUG:colcon.colcon_parallel_executor.executor.parallel:closing loop
[11.335s] DEBUG:colcon.colcon_parallel_executor.executor.parallel:loop closed
[11.335s] DEBUG:colcon.colcon_parallel_executor.executor.parallel:run_until_complete finished with '0'
[11.336s] DEBUG:colcon.colcon_core.event_reactor:joining thread
[11.373s] INFO:colcon.colcon_core.plugin_system:Skipping extension 'colcon_notification.desktop_notification.terminal_notifier': Not used on non-Darwin systems
[11.373s] INFO:colcon.colcon_core.plugin_system:Skipping extension 'colcon_notification.desktop_notification.win32': Not used on non-Windows systems
[11.374s] INFO:colcon.colcon_notification.desktop_notification:Sending desktop notification using 'notify2'
[11.470s] DEBUG:colcon.colcon_core.event_reactor:joined thread
[11.478s] INFO:colcon.colcon_core.shell:Creating prefix script '/home/april/workAreas/apriltag_ws/install/local_setup.ps1'
[11.482s] INFO:colcon.colcon_core.shell:Creating prefix util module '/home/april/workAreas/apriltag_ws/install/_local_setup_util_ps1.py'
[11.488s] INFO:colcon.colcon_core.shell:Creating prefix chain script '/home/april/workAreas/apriltag_ws/install/setup.ps1'
[11.498s] INFO:colcon.colcon_core.shell:Creating prefix script '/home/april/workAreas/apriltag_ws/install/local_setup.sh'
[11.502s] INFO:colcon.colcon_core.shell:Creating prefix util module '/home/april/workAreas/apriltag_ws/install/_local_setup_util_sh.py'
[11.505s] INFO:colcon.colcon_core.shell:Creating prefix chain script '/home/april/workAreas/apriltag_ws/install/setup.sh'
[11.514s] INFO:colcon.colcon_core.shell:Creating prefix script '/home/april/workAreas/apriltag_ws/install/local_setup.bash'
[11.518s] INFO:colcon.colcon_core.shell:Creating prefix chain script '/home/april/workAreas/apriltag_ws/install/setup.bash'
[11.527s] INFO:colcon.colcon_core.shell:Creating prefix script '/home/april/workAreas/apriltag_ws/install/local_setup.zsh'
[11.530s] INFO:colcon.colcon_core.shell:Creating prefix chain script '/home/april/workAreas/apriltag_ws/install/setup.zsh'
