[5.145s] Invoking command in '/home/april/workAreas/apriltag_ws/src/py_pysub/py_pysub': PYTHONPATH=/home/april/workAreas/apriltag_ws/build/py_pysub/prefix_override:/home/april/workAreas/apriltag_ws/install/py_pysub/lib/python3.8/site-packages:${PYTHONPATH} /usr/bin/python3 setup.py egg_info --egg-base ../../../build/py_pysub build --build-base /home/april/workAreas/apriltag_ws/build/py_pysub/build install --record /home/april/workAreas/apriltag_ws/build/py_pysub/install.log --install-scripts $base/lib/py_pysub --single-version-externally-managed
[6.554s] running egg_info
[6.558s] writing ../../../build/py_pysub/py_pysub.egg-info/PKG-INFO
[6.559s] writing dependency_links to ../../../build/py_pysub/py_pysub.egg-info/dependency_links.txt
[6.560s] writing entry points to ../../../build/py_pysub/py_pysub.egg-info/entry_points.txt
[6.561s] writing requirements to ../../../build/py_pysub/py_pysub.egg-info/requires.txt
[6.562s] writing top-level names to ../../../build/py_pysub/py_pysub.egg-info/top_level.txt
[6.720s] reading manifest file '../../../build/py_pysub/py_pysub.egg-info/SOURCES.txt'
[6.725s] writing manifest file '../../../build/py_pysub/py_pysub.egg-info/SOURCES.txt'
[6.726s] running build
[6.727s] running build_py
[6.728s] copying py_pysub/publisher_member_function.py -> /home/april/workAreas/apriltag_ws/build/py_pysub/build/lib/py_pysub
[6.729s] running install
[6.733s] running install_lib
[6.738s] copying /home/april/workAreas/apriltag_ws/build/py_pysub/build/lib/py_pysub/publisher_member_function.py -> /home/april/workAreas/apriltag_ws/install/py_pysub/lib/python3.8/site-packages/py_pysub
[6.744s] byte-compiling /home/april/workAreas/apriltag_ws/install/py_pysub/lib/python3.8/site-packages/py_pysub/publisher_member_function.py to publisher_member_function.cpython-38.pyc
[6.756s] running install_data
[6.759s] running install_egg_info
[6.767s] removing '/home/april/workAreas/apriltag_ws/install/py_pysub/lib/python3.8/site-packages/py_pysub-0.0.0-py3.8.egg-info' (and everything under it)
[6.768s] Copying ../../../build/py_pysub/py_pysub.egg-info to /home/april/workAreas/apriltag_ws/install/py_pysub/lib/python3.8/site-packages/py_pysub-0.0.0-py3.8.egg-info
[6.775s] running install_scripts
[6.858s] Installing talker script to /home/april/workAreas/apriltag_ws/install/py_pysub/lib/py_pysub
[6.861s] writing list of installed files to '/home/april/workAreas/apriltag_ws/build/py_pysub/install.log'
[7.001s] Invoked command in '/home/april/workAreas/apriltag_ws/src/py_pysub/py_pysub' returned '0': PYTHONPATH=/home/april/workAreas/apriltag_ws/build/py_pysub/prefix_override:/home/april/workAreas/apriltag_ws/install/py_pysub/lib/python3.8/site-packages:${PYTHONPATH} /usr/bin/python3 setup.py egg_info --egg-base ../../../build/py_pysub build --build-base /home/april/workAreas/apriltag_ws/build/py_pysub/build install --record /home/april/workAreas/apriltag_ws/build/py_pysub/install.log --install-scripts $base/lib/py_pysub --single-version-externally-managed
