[0.358s] Invoking command in '/home/april/workAreas/apriltag_ws/build/apriltag_msgs': CMAKE_PREFIX_PATH=${CMAKE_PREFIX_PATH}:/home/april/workAreas/apriltag_ws/install/py_pysub:/home/april/workAreas/apriltag_ws/install/cam_subscriber:/home/april/rosApril_ws/install/py_pysub:/home/april/rosApril_ws/install/cam_subscriber:/opt/ros/foxy /usr/bin/cmake --build /home/april/workAreas/apriltag_ws/build/apriltag_msgs -- -j4 -l4
[1.283s] [  2%] Built target apriltag_msgs__cpp
[1.668s] [ 12%] Built target apriltag_msgs__rosidl_generator_c
[1.941s] [ 23%] Built target apriltag_msgs__rosidl_typesupport_introspection_cpp
[2.154s] [ 34%] Built target apriltag_msgs__rosidl_typesupport_introspection_c
[2.393s] [ 44%] Built target apriltag_msgs__rosidl_typesupport_c
[2.811s] [ 55%] Built target apriltag_msgs__rosidl_typesupport_fastrtps_cpp
[3.014s] [ 65%] Built target apriltag_msgs__rosidl_typesupport_cpp
[3.360s] [ 76%] Built target apriltag_msgs__rosidl_typesupport_fastrtps_c
[3.532s] [ 76%] Built target apriltag_msgs
[3.707s] [ 78%] Built target apriltag_msgs__py
[3.989s] [ 87%] Built target apriltag_msgs__python
[4.238s] [ 91%] Built target apriltag_msgs__rosidl_typesupport_introspection_c__pyext
[4.478s] [ 95%] Built target apriltag_msgs__rosidl_typesupport_c__pyext
[4.772s] [100%] Built target apriltag_msgs__rosidl_typesupport_fastrtps_c__pyext
[4.897s] Invoked command in '/home/april/workAreas/apriltag_ws/build/apriltag_msgs' returned '0': CMAKE_PREFIX_PATH=${CMAKE_PREFIX_PATH}:/home/april/workAreas/apriltag_ws/install/py_pysub:/home/april/workAreas/apriltag_ws/install/cam_subscriber:/home/april/rosApril_ws/install/py_pysub:/home/april/rosApril_ws/install/cam_subscriber:/opt/ros/foxy /usr/bin/cmake --build /home/april/workAreas/apriltag_ws/build/apriltag_msgs -- -j4 -l4
[6.592s] Invoking command in '/home/april/workAreas/apriltag_ws/build/apriltag_msgs': CMAKE_PREFIX_PATH=${CMAKE_PREFIX_PATH}:/home/april/workAreas/apriltag_ws/install/py_pysub:/home/april/workAreas/apriltag_ws/install/cam_subscriber:/home/april/rosApril_ws/install/py_pysub:/home/april/rosApril_ws/install/cam_subscriber:/opt/ros/foxy /usr/bin/cmake --install /home/april/workAreas/apriltag_ws/build/apriltag_msgs
[6.673s] -- Install configuration: ""
[6.675s] -- Up-to-date: /home/april/workAreas/apriltag_ws/install/apriltag_msgs/share/ament_index/resource_index/rosidl_interfaces/apriltag_msgs
[6.677s] -- Up-to-date: /home/april/workAreas/apriltag_ws/install/apriltag_msgs/include/apriltag_msgs
[6.679s] -- Up-to-date: /home/april/workAreas/apriltag_ws/install/apriltag_msgs/include/apriltag_msgs/msg
[6.681s] -- Up-to-date: /home/april/workAreas/apriltag_ws/install/apriltag_msgs/include/apriltag_msgs/msg/april_tag_detection_array.h
[6.685s] -- Up-to-date: /home/april/workAreas/apriltag_ws/install/apriltag_msgs/include/apriltag_msgs/msg/detail
[6.687s] -- Up-to-date: /home/april/workAreas/apriltag_ws/install/apriltag_msgs/include/apriltag_msgs/msg/detail/april_tag_detection__functions.c
[6.689s] -- Up-to-date: /home/april/workAreas/apriltag_ws/install/apriltag_msgs/include/apriltag_msgs/msg/detail/point__functions.h
[6.691s] -- Up-to-date: /home/april/workAreas/apriltag_ws/install/apriltag_msgs/include/apriltag_msgs/msg/detail/april_tag_detection_array__functions.c
[6.695s] -- Up-to-date: /home/april/workAreas/apriltag_ws/install/apriltag_msgs/include/apriltag_msgs/msg/detail/april_tag_detection__type_support.h
[6.699s] -- Up-to-date: /home/april/workAreas/apriltag_ws/install/apriltag_msgs/include/apriltag_msgs/msg/detail/april_tag_detection_array__functions.h
[6.714s] -- Up-to-date: /home/april/workAreas/apriltag_ws/install/apriltag_msgs/include/apriltag_msgs/msg/detail/point__struct.h
[6.715s] -- Up-to-date: /home/april/workAreas/apriltag_ws/install/apriltag_msgs/include/apriltag_msgs/msg/detail/april_tag_detection__functions.h
[6.716s] -- Up-to-date: /home/april/workAreas/apriltag_ws/install/apriltag_msgs/include/apriltag_msgs/msg/detail/april_tag_detection_array__struct.h
[6.716s] -- Up-to-date: /home/april/workAreas/apriltag_ws/install/apriltag_msgs/include/apriltag_msgs/msg/detail/april_tag_detection__struct.h
[6.717s] -- Up-to-date: /home/april/workAreas/apriltag_ws/install/apriltag_msgs/include/apriltag_msgs/msg/detail/point__type_support.h
[6.717s] -- Up-to-date: /home/april/workAreas/apriltag_ws/install/apriltag_msgs/include/apriltag_msgs/msg/detail/point__functions.c
[6.717s] -- Up-to-date: /home/april/workAreas/apriltag_ws/install/apriltag_msgs/include/apriltag_msgs/msg/detail/april_tag_detection_array__type_support.h
[6.718s] -- Up-to-date: /home/april/workAreas/apriltag_ws/install/apriltag_msgs/include/apriltag_msgs/msg/rosidl_generator_c__visibility_control.h
[6.718s] -- Up-to-date: /home/april/workAreas/apriltag_ws/install/apriltag_msgs/include/apriltag_msgs/msg/point.h
[6.719s] -- Up-to-date: /home/april/workAreas/apriltag_ws/install/apriltag_msgs/include/apriltag_msgs/msg/april_tag_detection.h
[6.719s] -- Up-to-date: /home/april/workAreas/apriltag_ws/install/apriltag_msgs/share/apriltag_msgs/environment/library_path.sh
[6.720s] -- Up-to-date: /home/april/workAreas/apriltag_ws/install/apriltag_msgs/share/apriltag_msgs/environment/library_path.dsv
[6.720s] -- Up-to-date: /home/april/workAreas/apriltag_ws/install/apriltag_msgs/lib/libapriltag_msgs__rosidl_generator_c.so
[6.721s] -- Up-to-date: /home/april/workAreas/apriltag_ws/install/apriltag_msgs/include/apriltag_msgs
[6.721s] -- Up-to-date: /home/april/workAreas/apriltag_ws/install/apriltag_msgs/include/apriltag_msgs/msg
[6.722s] -- Up-to-date: /home/april/workAreas/apriltag_ws/install/apriltag_msgs/include/apriltag_msgs/msg/rosidl_typesupport_fastrtps_c__visibility_control.h
[6.722s] -- Up-to-date: /home/april/workAreas/apriltag_ws/install/apriltag_msgs/include/apriltag_msgs/msg/detail
[6.723s] -- Up-to-date: /home/april/workAreas/apriltag_ws/install/apriltag_msgs/include/apriltag_msgs/msg/detail/april_tag_detection_array__rosidl_typesupport_fastrtps_c.h
[6.723s] -- Up-to-date: /home/april/workAreas/apriltag_ws/install/apriltag_msgs/include/apriltag_msgs/msg/detail/april_tag_detection__rosidl_typesupport_fastrtps_c.h
[6.724s] -- Up-to-date: /home/april/workAreas/apriltag_ws/install/apriltag_msgs/include/apriltag_msgs/msg/detail/point__rosidl_typesupport_fastrtps_c.h
[6.724s] -- Up-to-date: /home/april/workAreas/apriltag_ws/install/apriltag_msgs/lib/libapriltag_msgs__rosidl_typesupport_fastrtps_c.so
[6.725s] -- Up-to-date: /home/april/workAreas/apriltag_ws/install/apriltag_msgs/include/apriltag_msgs
[6.725s] -- Up-to-date: /home/april/workAreas/apriltag_ws/install/apriltag_msgs/include/apriltag_msgs/msg
[6.732s] -- Up-to-date: /home/april/workAreas/apriltag_ws/install/apriltag_msgs/include/apriltag_msgs/msg/rosidl_typesupport_fastrtps_cpp__visibility_control.h
[6.733s] -- Up-to-date: /home/april/workAreas/apriltag_ws/install/apriltag_msgs/include/apriltag_msgs/msg/detail
[6.734s] -- Up-to-date: /home/april/workAreas/apriltag_ws/install/apriltag_msgs/include/apriltag_msgs/msg/detail/dds_fastrtps
[6.735s] -- Up-to-date: /home/april/workAreas/apriltag_ws/install/apriltag_msgs/include/apriltag_msgs/msg/detail/april_tag_detection__rosidl_typesupport_fastrtps_cpp.hpp
[6.736s] -- Up-to-date: /home/april/workAreas/apriltag_ws/install/apriltag_msgs/include/apriltag_msgs/msg/detail/april_tag_detection_array__rosidl_typesupport_fastrtps_cpp.hpp
[6.738s] -- Up-to-date: /home/april/workAreas/apriltag_ws/install/apriltag_msgs/include/apriltag_msgs/msg/detail/point__rosidl_typesupport_fastrtps_cpp.hpp
[6.739s] -- Up-to-date: /home/april/workAreas/apriltag_ws/install/apriltag_msgs/lib/libapriltag_msgs__rosidl_typesupport_fastrtps_cpp.so
[6.740s] -- Up-to-date: /home/april/workAreas/apriltag_ws/install/apriltag_msgs/include/apriltag_msgs
[6.741s] -- Up-to-date: /home/april/workAreas/apriltag_ws/install/apriltag_msgs/include/apriltag_msgs/msg
[6.742s] -- Up-to-date: /home/april/workAreas/apriltag_ws/install/apriltag_msgs/include/apriltag_msgs/msg/detail
[6.743s] -- Up-to-date: /home/april/workAreas/apriltag_ws/install/apriltag_msgs/include/apriltag_msgs/msg/detail/point__rosidl_typesupport_introspection_c.h
[6.743s] -- Up-to-date: /home/april/workAreas/apriltag_ws/install/apriltag_msgs/include/apriltag_msgs/msg/detail/april_tag_detection_array__rosidl_typesupport_introspection_c.h
[6.745s] -- Up-to-date: /home/april/workAreas/apriltag_ws/install/apriltag_msgs/include/apriltag_msgs/msg/detail/april_tag_detection__type_support.c
[6.748s] -- Up-to-date: /home/april/workAreas/apriltag_ws/install/apriltag_msgs/include/apriltag_msgs/msg/detail/april_tag_detection_array__type_support.c
[6.749s] -- Up-to-date: /home/april/workAreas/apriltag_ws/install/apriltag_msgs/include/apriltag_msgs/msg/detail/point__type_support.c
[6.751s] -- Up-to-date: /home/april/workAreas/apriltag_ws/install/apriltag_msgs/include/apriltag_msgs/msg/detail/april_tag_detection__rosidl_typesupport_introspection_c.h
[6.752s] -- Up-to-date: /home/april/workAreas/apriltag_ws/install/apriltag_msgs/include/apriltag_msgs/msg/rosidl_typesupport_introspection_c__visibility_control.h
[6.755s] -- Up-to-date: /home/april/workAreas/apriltag_ws/install/apriltag_msgs/lib/libapriltag_msgs__rosidl_typesupport_introspection_c.so
[6.758s] -- Up-to-date: /home/april/workAreas/apriltag_ws/install/apriltag_msgs/lib/libapriltag_msgs__rosidl_typesupport_c.so
[6.761s] -- Up-to-date: /home/april/workAreas/apriltag_ws/install/apriltag_msgs/include/apriltag_msgs
[6.762s] -- Up-to-date: /home/april/workAreas/apriltag_ws/install/apriltag_msgs/include/apriltag_msgs/msg
[6.764s] -- Up-to-date: /home/april/workAreas/apriltag_ws/install/apriltag_msgs/include/apriltag_msgs/msg/april_tag_detection_array.hpp
[6.765s] -- Up-to-date: /home/april/workAreas/apriltag_ws/install/apriltag_msgs/include/apriltag_msgs/msg/detail
[6.767s] -- Up-to-date: /home/april/workAreas/apriltag_ws/install/apriltag_msgs/include/apriltag_msgs/msg/detail/point__struct.hpp
[6.768s] -- Up-to-date: /home/april/workAreas/apriltag_ws/install/apriltag_msgs/include/apriltag_msgs/msg/detail/point__traits.hpp
[6.769s] -- Up-to-date: /home/april/workAreas/apriltag_ws/install/apriltag_msgs/include/apriltag_msgs/msg/detail/april_tag_detection__builder.hpp
[6.770s] -- Up-to-date: /home/april/workAreas/apriltag_ws/install/apriltag_msgs/include/apriltag_msgs/msg/detail/april_tag_detection_array__builder.hpp
[6.772s] -- Up-to-date: /home/april/workAreas/apriltag_ws/install/apriltag_msgs/include/apriltag_msgs/msg/detail/point__builder.hpp
[6.773s] -- Up-to-date: /home/april/workAreas/apriltag_ws/install/apriltag_msgs/include/apriltag_msgs/msg/detail/april_tag_detection_array__traits.hpp
[6.775s] -- Up-to-date: /home/april/workAreas/apriltag_ws/install/apriltag_msgs/include/apriltag_msgs/msg/detail/april_tag_detection__struct.hpp
[6.777s] -- Up-to-date: /home/april/workAreas/apriltag_ws/install/apriltag_msgs/include/apriltag_msgs/msg/detail/april_tag_detection_array__struct.hpp
[6.778s] -- Up-to-date: /home/april/workAreas/apriltag_ws/install/apriltag_msgs/include/apriltag_msgs/msg/detail/april_tag_detection__traits.hpp
[6.780s] -- Up-to-date: /home/april/workAreas/apriltag_ws/install/apriltag_msgs/include/apriltag_msgs/msg/april_tag_detection.hpp
[6.781s] -- Up-to-date: /home/april/workAreas/apriltag_ws/install/apriltag_msgs/include/apriltag_msgs/msg/point.hpp
[6.783s] -- Up-to-date: /home/april/workAreas/apriltag_ws/install/apriltag_msgs/include/apriltag_msgs
[6.795s] -- Up-to-date: /home/april/workAreas/apriltag_ws/install/apriltag_msgs/include/apriltag_msgs/msg
[6.796s] -- Up-to-date: /home/april/workAreas/apriltag_ws/install/apriltag_msgs/include/apriltag_msgs/msg/detail
[6.797s] -- Up-to-date: /home/april/workAreas/apriltag_ws/install/apriltag_msgs/include/apriltag_msgs/msg/detail/april_tag_detection__type_support.cpp
[6.801s] -- Up-to-date: /home/april/workAreas/apriltag_ws/install/apriltag_msgs/include/apriltag_msgs/msg/detail/april_tag_detection_array__type_support.cpp
[6.803s] -- Up-to-date: /home/april/workAreas/apriltag_ws/install/apriltag_msgs/include/apriltag_msgs/msg/detail/april_tag_detection_array__rosidl_typesupport_introspection_cpp.hpp
[6.808s] -- Up-to-date: /home/april/workAreas/apriltag_ws/install/apriltag_msgs/include/apriltag_msgs/msg/detail/point__type_support.cpp
[6.809s] -- Up-to-date: /home/april/workAreas/apriltag_ws/install/apriltag_msgs/include/apriltag_msgs/msg/detail/point__rosidl_typesupport_introspection_cpp.hpp
[6.810s] -- Up-to-date: /home/april/workAreas/apriltag_ws/install/apriltag_msgs/include/apriltag_msgs/msg/detail/april_tag_detection__rosidl_typesupport_introspection_cpp.hpp
[6.811s] -- Up-to-date: /home/april/workAreas/apriltag_ws/install/apriltag_msgs/lib/libapriltag_msgs__rosidl_typesupport_introspection_cpp.so
[6.817s] -- Up-to-date: /home/april/workAreas/apriltag_ws/install/apriltag_msgs/lib/libapriltag_msgs__rosidl_typesupport_cpp.so
[6.823s] -- Up-to-date: /home/april/workAreas/apriltag_ws/install/apriltag_msgs/share/apriltag_msgs/environment/pythonpath.sh
[6.825s] -- Up-to-date: /home/april/workAreas/apriltag_ws/install/apriltag_msgs/share/apriltag_msgs/environment/pythonpath.dsv
[6.826s] -- Up-to-date: /home/april/workAreas/apriltag_ws/install/apriltag_msgs/lib/python3.8/site-packages/apriltag_msgs/__init__.py
[7.173s] -- Up-to-date: /home/april/workAreas/apriltag_ws/install/apriltag_msgs/lib/python3.8/site-packages/apriltag_msgs/msg
[7.175s] -- Up-to-date: /home/april/workAreas/apriltag_ws/install/apriltag_msgs/lib/python3.8/site-packages/apriltag_msgs/msg/_point_s.c
[7.176s] -- Up-to-date: /home/april/workAreas/apriltag_ws/install/apriltag_msgs/lib/python3.8/site-packages/apriltag_msgs/msg/_april_tag_detection_s.c
[7.177s] -- Up-to-date: /home/april/workAreas/apriltag_ws/install/apriltag_msgs/lib/python3.8/site-packages/apriltag_msgs/msg/_april_tag_detection_array.py
[7.178s] -- Up-to-date: /home/april/workAreas/apriltag_ws/install/apriltag_msgs/lib/python3.8/site-packages/apriltag_msgs/msg/_april_tag_detection_array_s.c
[7.179s] -- Up-to-date: /home/april/workAreas/apriltag_ws/install/apriltag_msgs/lib/python3.8/site-packages/apriltag_msgs/msg/_april_tag_detection.py
[7.181s] -- Up-to-date: /home/april/workAreas/apriltag_ws/install/apriltag_msgs/lib/python3.8/site-packages/apriltag_msgs/msg/_point.py
[7.184s] -- Up-to-date: /home/april/workAreas/apriltag_ws/install/apriltag_msgs/lib/python3.8/site-packages/apriltag_msgs/msg/__init__.py
[7.185s] -- Up-to-date: /home/april/workAreas/apriltag_ws/install/apriltag_msgs/lib/python3.8/site-packages/apriltag_msgs/apriltag_msgs_s__rosidl_typesupport_fastrtps_c.cpython-38-aarch64-linux-gnu.so
[7.187s] -- Up-to-date: /home/april/workAreas/apriltag_ws/install/apriltag_msgs/lib/python3.8/site-packages/apriltag_msgs/apriltag_msgs_s__rosidl_typesupport_introspection_c.cpython-38-aarch64-linux-gnu.so
[7.187s] -- Up-to-date: /home/april/workAreas/apriltag_ws/install/apriltag_msgs/lib/python3.8/site-packages/apriltag_msgs/apriltag_msgs_s__rosidl_typesupport_c.cpython-38-aarch64-linux-gnu.so
[7.188s] -- Up-to-date: /home/april/workAreas/apriltag_ws/install/apriltag_msgs/lib/libapriltag_msgs__python.so
[7.188s] -- Up-to-date: /home/april/workAreas/apriltag_ws/install/apriltag_msgs/share/apriltag_msgs/msg/Point.idl
[7.189s] -- Up-to-date: /home/april/workAreas/apriltag_ws/install/apriltag_msgs/share/apriltag_msgs/msg/AprilTagDetection.idl
[7.189s] -- Up-to-date: /home/april/workAreas/apriltag_ws/install/apriltag_msgs/share/apriltag_msgs/msg/AprilTagDetectionArray.idl
[7.190s] -- Up-to-date: /home/april/workAreas/apriltag_ws/install/apriltag_msgs/share/apriltag_msgs/msg/Point.msg
[7.190s] -- Up-to-date: /home/april/workAreas/apriltag_ws/install/apriltag_msgs/share/apriltag_msgs/msg/AprilTagDetection.msg
[7.190s] -- Up-to-date: /home/april/workAreas/apriltag_ws/install/apriltag_msgs/share/apriltag_msgs/msg/AprilTagDetectionArray.msg
[7.191s] -- Up-to-date: /home/april/workAreas/apriltag_ws/install/apriltag_msgs/share/ament_index/resource_index/package_run_dependencies/apriltag_msgs
[7.191s] -- Up-to-date: /home/april/workAreas/apriltag_ws/install/apriltag_msgs/share/ament_index/resource_index/parent_prefix_path/apriltag_msgs
[7.192s] -- Up-to-date: /home/april/workAreas/apriltag_ws/install/apriltag_msgs/share/apriltag_msgs/environment/ament_prefix_path.sh
[7.192s] -- Up-to-date: /home/april/workAreas/apriltag_ws/install/apriltag_msgs/share/apriltag_msgs/environment/ament_prefix_path.dsv
[7.193s] -- Up-to-date: /home/april/workAreas/apriltag_ws/install/apriltag_msgs/share/apriltag_msgs/environment/path.sh
[7.205s] -- Up-to-date: /home/april/workAreas/apriltag_ws/install/apriltag_msgs/share/apriltag_msgs/environment/path.dsv
[7.205s] -- Up-to-date: /home/april/workAreas/apriltag_ws/install/apriltag_msgs/share/apriltag_msgs/local_setup.bash
[7.206s] -- Up-to-date: /home/april/workAreas/apriltag_ws/install/apriltag_msgs/share/apriltag_msgs/local_setup.sh
[7.206s] -- Up-to-date: /home/april/workAreas/apriltag_ws/install/apriltag_msgs/share/apriltag_msgs/local_setup.zsh
[7.206s] -- Up-to-date: /home/april/workAreas/apriltag_ws/install/apriltag_msgs/share/apriltag_msgs/local_setup.dsv
[7.207s] -- Installing: /home/april/workAreas/apriltag_ws/install/apriltag_msgs/share/apriltag_msgs/package.dsv
[7.207s] -- Up-to-date: /home/april/workAreas/apriltag_ws/install/apriltag_msgs/share/ament_index/resource_index/packages/apriltag_msgs
[7.208s] -- Up-to-date: /home/april/workAreas/apriltag_ws/install/apriltag_msgs/share/apriltag_msgs/cmake/apriltag_msgs__rosidl_generator_cExport.cmake
[7.211s] -- Up-to-date: /home/april/workAreas/apriltag_ws/install/apriltag_msgs/share/apriltag_msgs/cmake/apriltag_msgs__rosidl_generator_cExport-noconfig.cmake
[7.230s] -- Up-to-date: /home/april/workAreas/apriltag_ws/install/apriltag_msgs/share/apriltag_msgs/cmake/apriltag_msgs__rosidl_typesupport_introspection_cExport.cmake
[7.233s] -- Up-to-date: /home/april/workAreas/apriltag_ws/install/apriltag_msgs/share/apriltag_msgs/cmake/apriltag_msgs__rosidl_typesupport_introspection_cExport-noconfig.cmake
[7.236s] -- Up-to-date: /home/april/workAreas/apriltag_ws/install/apriltag_msgs/share/apriltag_msgs/cmake/apriltag_msgs__rosidl_typesupport_cExport.cmake
[7.241s] -- Up-to-date: /home/april/workAreas/apriltag_ws/install/apriltag_msgs/share/apriltag_msgs/cmake/apriltag_msgs__rosidl_typesupport_cExport-noconfig.cmake
[7.248s] -- Up-to-date: /home/april/workAreas/apriltag_ws/install/apriltag_msgs/share/apriltag_msgs/cmake/apriltag_msgs__rosidl_generator_cppExport.cmake
[7.266s] -- Up-to-date: /home/april/workAreas/apriltag_ws/install/apriltag_msgs/share/apriltag_msgs/cmake/apriltag_msgs__rosidl_typesupport_introspection_cppExport.cmake
[7.269s] -- Up-to-date: /home/april/workAreas/apriltag_ws/install/apriltag_msgs/share/apriltag_msgs/cmake/apriltag_msgs__rosidl_typesupport_introspection_cppExport-noconfig.cmake
[7.271s] -- Up-to-date: /home/april/workAreas/apriltag_ws/install/apriltag_msgs/share/apriltag_msgs/cmake/apriltag_msgs__rosidl_typesupport_cppExport.cmake
[7.272s] -- Up-to-date: /home/april/workAreas/apriltag_ws/install/apriltag_msgs/share/apriltag_msgs/cmake/apriltag_msgs__rosidl_typesupport_cppExport-noconfig.cmake
[7.274s] -- Up-to-date: /home/april/workAreas/apriltag_ws/install/apriltag_msgs/share/apriltag_msgs/cmake/rosidl_cmake-extras.cmake
[7.290s] -- Up-to-date: /home/april/workAreas/apriltag_ws/install/apriltag_msgs/share/apriltag_msgs/cmake/ament_cmake_export_dependencies-extras.cmake
[7.292s] -- Up-to-date: /home/april/workAreas/apriltag_ws/install/apriltag_msgs/share/apriltag_msgs/cmake/ament_cmake_export_libraries-extras.cmake
[7.293s] -- Up-to-date: /home/april/workAreas/apriltag_ws/install/apriltag_msgs/share/apriltag_msgs/cmake/ament_cmake_export_targets-extras.cmake
[7.294s] -- Up-to-date: /home/april/workAreas/apriltag_ws/install/apriltag_msgs/share/apriltag_msgs/cmake/ament_cmake_export_include_directories-extras.cmake
[7.295s] -- Up-to-date: /home/april/workAreas/apriltag_ws/install/apriltag_msgs/share/apriltag_msgs/cmake/rosidl_cmake_export_typesupport_libraries-extras.cmake
[7.296s] -- Up-to-date: /home/april/workAreas/apriltag_ws/install/apriltag_msgs/share/apriltag_msgs/cmake/rosidl_cmake_export_typesupport_targets-extras.cmake
[7.297s] -- Up-to-date: /home/april/workAreas/apriltag_ws/install/apriltag_msgs/share/apriltag_msgs/cmake/apriltag_msgsConfig.cmake
[7.298s] -- Up-to-date: /home/april/workAreas/apriltag_ws/install/apriltag_msgs/share/apriltag_msgs/cmake/apriltag_msgsConfig-version.cmake
[7.315s] -- Up-to-date: /home/april/workAreas/apriltag_ws/install/apriltag_msgs/share/apriltag_msgs/package.xml
[7.316s] Invoked command in '/home/april/workAreas/apriltag_ws/build/apriltag_msgs' returned '0': CMAKE_PREFIX_PATH=${CMAKE_PREFIX_PATH}:/home/april/workAreas/apriltag_ws/install/py_pysub:/home/april/workAreas/apriltag_ws/install/cam_subscriber:/home/april/rosApril_ws/install/py_pysub:/home/april/rosApril_ws/install/cam_subscriber:/opt/ros/foxy /usr/bin/cmake --install /home/april/workAreas/apriltag_ws/build/apriltag_msgs
