[3.886s] Invoking command in '/home/april/workAreas/apriltag_ws/src/py_pysub/py_pysub': PYTHONPATH=/home/april/workAreas/apriltag_ws/build/py_pysub/prefix_override:/home/april/workAreas/apriltag_ws/install/py_pysub/lib/python3.8/site-packages:${PYTHONPATH} /usr/bin/python3 setup.py egg_info --egg-base ../../../build/py_pysub build --build-base /home/april/workAreas/apriltag_ws/build/py_pysub/build install --record /home/april/workAreas/apriltag_ws/build/py_pysub/install.log --install-scripts $base/lib/py_pysub --single-version-externally-managed
[5.348s] running egg_info
[5.350s] writing ../../../build/py_pysub/py_pysub.egg-info/PKG-INFO
[5.352s] writing dependency_links to ../../../build/py_pysub/py_pysub.egg-info/dependency_links.txt
[5.353s] writing entry points to ../../../build/py_pysub/py_pysub.egg-info/entry_points.txt
[5.355s] writing requirements to ../../../build/py_pysub/py_pysub.egg-info/requires.txt
[5.356s] writing top-level names to ../../../build/py_pysub/py_pysub.egg-info/top_level.txt
[5.504s] reading manifest file '../../../build/py_pysub/py_pysub.egg-info/SOURCES.txt'
[5.509s] writing manifest file '../../../build/py_pysub/py_pysub.egg-info/SOURCES.txt'
[5.511s] running build
[5.512s] running build_py
[5.514s] running install
[5.516s] running install_lib
[5.523s] running install_data
[5.526s] running install_egg_info
[5.541s] removing '/home/april/workAreas/apriltag_ws/install/py_pysub/lib/python3.8/site-packages/py_pysub-0.0.0-py3.8.egg-info' (and everything under it)
[5.542s] Copying ../../../build/py_pysub/py_pysub.egg-info to /home/april/workAreas/apriltag_ws/install/py_pysub/lib/python3.8/site-packages/py_pysub-0.0.0-py3.8.egg-info
[5.548s] running install_scripts
[5.625s] Installing talker script to /home/april/workAreas/apriltag_ws/install/py_pysub/lib/py_pysub
[5.639s] writing list of installed files to '/home/april/workAreas/apriltag_ws/build/py_pysub/install.log'
[6.057s] Invoked command in '/home/april/workAreas/apriltag_ws/src/py_pysub/py_pysub' returned '0': PYTHONPATH=/home/april/workAreas/apriltag_ws/build/py_pysub/prefix_override:/home/april/workAreas/apriltag_ws/install/py_pysub/lib/python3.8/site-packages:${PYTHONPATH} /usr/bin/python3 setup.py egg_info --egg-base ../../../build/py_pysub build --build-base /home/april/workAreas/apriltag_ws/build/py_pysub/build install --record /home/april/workAreas/apriltag_ws/build/py_pysub/install.log --install-scripts $base/lib/py_pysub --single-version-externally-managed
