[0.203s] Invoking command in '/home/april/workAreas/apriltag_ws/build/apriltag_msgs': CMAKE_PREFIX_PATH=${CMAKE_PREFIX_PATH}:/home/april/workAreas/apriltag_ws/install/py_pysub:/home/april/workAreas/apriltag_ws/install/cam_subscriber:/home/april/rosApril_ws/install/py_pysub:/home/april/rosApril_ws/install/cam_subscriber:/opt/ros/foxy /usr/bin/cmake --build /home/april/workAreas/apriltag_ws/build/apriltag_msgs -- -j4 -l4
[0.508s] [  2%] Built target apriltag_msgs__cpp
[0.644s] [ 12%] Built target apriltag_msgs__rosidl_generator_c
[0.806s] [ 23%] Built target apriltag_msgs__rosidl_typesupport_introspection_cpp
[1.080s] [ 34%] Built target apriltag_msgs__rosidl_typesupport_introspection_c
[1.706s] [ 44%] Built target apriltag_msgs__rosidl_typesupport_c
[2.203s] [ 55%] Built target apriltag_msgs__rosidl_typesupport_fastrtps_cpp
[2.406s] [ 65%] Built target apriltag_msgs__rosidl_typesupport_cpp
[2.585s] [ 76%] Built target apriltag_msgs__rosidl_typesupport_fastrtps_c
[2.736s] [ 76%] Built target apriltag_msgs
[2.856s] [ 78%] Built target apriltag_msgs__py
[3.039s] [ 87%] Built target apriltag_msgs__python
[3.214s] [ 91%] Built target apriltag_msgs__rosidl_typesupport_introspection_c__pyext
[3.382s] [ 95%] Built target apriltag_msgs__rosidl_typesupport_c__pyext
[3.558s] [100%] Built target apriltag_msgs__rosidl_typesupport_fastrtps_c__pyext
[3.605s] Invoked command in '/home/april/workAreas/apriltag_ws/build/apriltag_msgs' returned '0': CMAKE_PREFIX_PATH=${CMAKE_PREFIX_PATH}:/home/april/workAreas/apriltag_ws/install/py_pysub:/home/april/workAreas/apriltag_ws/install/cam_subscriber:/home/april/rosApril_ws/install/py_pysub:/home/april/rosApril_ws/install/cam_subscriber:/opt/ros/foxy /usr/bin/cmake --build /home/april/workAreas/apriltag_ws/build/apriltag_msgs -- -j4 -l4
[4.391s] Invoking command in '/home/april/workAreas/apriltag_ws/build/apriltag_msgs': CMAKE_PREFIX_PATH=${CMAKE_PREFIX_PATH}:/home/april/workAreas/apriltag_ws/install/py_pysub:/home/april/workAreas/apriltag_ws/install/cam_subscriber:/home/april/rosApril_ws/install/py_pysub:/home/april/rosApril_ws/install/cam_subscriber:/opt/ros/foxy /usr/bin/cmake --install /home/april/workAreas/apriltag_ws/build/apriltag_msgs
[4.542s] -- Install configuration: ""
[4.544s] -- Up-to-date: /home/april/workAreas/apriltag_ws/install/apriltag_msgs/share/ament_index/resource_index/rosidl_interfaces/apriltag_msgs
[4.549s] -- Up-to-date: /home/april/workAreas/apriltag_ws/install/apriltag_msgs/include/apriltag_msgs
[4.551s] -- Up-to-date: /home/april/workAreas/apriltag_ws/install/apriltag_msgs/include/apriltag_msgs/msg
[4.552s] -- Up-to-date: /home/april/workAreas/apriltag_ws/install/apriltag_msgs/include/apriltag_msgs/msg/april_tag_detection_array.h
[4.554s] -- Up-to-date: /home/april/workAreas/apriltag_ws/install/apriltag_msgs/include/apriltag_msgs/msg/detail
[4.567s] -- Up-to-date: /home/april/workAreas/apriltag_ws/install/apriltag_msgs/include/apriltag_msgs/msg/detail/april_tag_detection__functions.c
[4.570s] -- Up-to-date: /home/april/workAreas/apriltag_ws/install/apriltag_msgs/include/apriltag_msgs/msg/detail/point__functions.h
[4.577s] -- Up-to-date: /home/april/workAreas/apriltag_ws/install/apriltag_msgs/include/apriltag_msgs/msg/detail/april_tag_detection_array__functions.c
[4.578s] -- Up-to-date: /home/april/workAreas/apriltag_ws/install/apriltag_msgs/include/apriltag_msgs/msg/detail/april_tag_detection__type_support.h
[4.578s] -- Up-to-date: /home/april/workAreas/apriltag_ws/install/apriltag_msgs/include/apriltag_msgs/msg/detail/april_tag_detection_array__functions.h
[4.579s] -- Up-to-date: /home/april/workAreas/apriltag_ws/install/apriltag_msgs/include/apriltag_msgs/msg/detail/point__struct.h
[4.580s] -- Up-to-date: /home/april/workAreas/apriltag_ws/install/apriltag_msgs/include/apriltag_msgs/msg/detail/april_tag_detection__functions.h
[4.582s] -- Up-to-date: /home/april/workAreas/apriltag_ws/install/apriltag_msgs/include/apriltag_msgs/msg/detail/april_tag_detection_array__struct.h
[4.584s] -- Up-to-date: /home/april/workAreas/apriltag_ws/install/apriltag_msgs/include/apriltag_msgs/msg/detail/april_tag_detection__struct.h
[4.591s] -- Up-to-date: /home/april/workAreas/apriltag_ws/install/apriltag_msgs/include/apriltag_msgs/msg/detail/point__type_support.h
[4.592s] -- Up-to-date: /home/april/workAreas/apriltag_ws/install/apriltag_msgs/include/apriltag_msgs/msg/detail/point__functions.c
[4.593s] -- Up-to-date: /home/april/workAreas/apriltag_ws/install/apriltag_msgs/include/apriltag_msgs/msg/detail/april_tag_detection_array__type_support.h
[4.594s] -- Up-to-date: /home/april/workAreas/apriltag_ws/install/apriltag_msgs/include/apriltag_msgs/msg/rosidl_generator_c__visibility_control.h
[4.594s] -- Up-to-date: /home/april/workAreas/apriltag_ws/install/apriltag_msgs/include/apriltag_msgs/msg/point.h
[4.604s] -- Up-to-date: /home/april/workAreas/apriltag_ws/install/apriltag_msgs/include/apriltag_msgs/msg/april_tag_detection.h
[4.606s] -- Up-to-date: /home/april/workAreas/apriltag_ws/install/apriltag_msgs/share/apriltag_msgs/environment/library_path.sh
[4.618s] -- Up-to-date: /home/april/workAreas/apriltag_ws/install/apriltag_msgs/share/apriltag_msgs/environment/library_path.dsv
[4.620s] -- Up-to-date: /home/april/workAreas/apriltag_ws/install/apriltag_msgs/lib/libapriltag_msgs__rosidl_generator_c.so
[4.629s] -- Up-to-date: /home/april/workAreas/apriltag_ws/install/apriltag_msgs/include/apriltag_msgs
[4.630s] -- Up-to-date: /home/april/workAreas/apriltag_ws/install/apriltag_msgs/include/apriltag_msgs/msg
[4.632s] -- Up-to-date: /home/april/workAreas/apriltag_ws/install/apriltag_msgs/include/apriltag_msgs/msg/rosidl_typesupport_fastrtps_c__visibility_control.h
[4.632s] -- Up-to-date: /home/april/workAreas/apriltag_ws/install/apriltag_msgs/include/apriltag_msgs/msg/detail
[4.633s] -- Up-to-date: /home/april/workAreas/apriltag_ws/install/apriltag_msgs/include/apriltag_msgs/msg/detail/april_tag_detection_array__rosidl_typesupport_fastrtps_c.h
[4.634s] -- Up-to-date: /home/april/workAreas/apriltag_ws/install/apriltag_msgs/include/apriltag_msgs/msg/detail/april_tag_detection__rosidl_typesupport_fastrtps_c.h
[4.634s] -- Up-to-date: /home/april/workAreas/apriltag_ws/install/apriltag_msgs/include/apriltag_msgs/msg/detail/point__rosidl_typesupport_fastrtps_c.h
[4.636s] -- Up-to-date: /home/april/workAreas/apriltag_ws/install/apriltag_msgs/lib/libapriltag_msgs__rosidl_typesupport_fastrtps_c.so
[4.638s] -- Up-to-date: /home/april/workAreas/apriltag_ws/install/apriltag_msgs/include/apriltag_msgs
[4.645s] -- Up-to-date: /home/april/workAreas/apriltag_ws/install/apriltag_msgs/include/apriltag_msgs/msg
[4.646s] -- Up-to-date: /home/april/workAreas/apriltag_ws/install/apriltag_msgs/include/apriltag_msgs/msg/rosidl_typesupport_fastrtps_cpp__visibility_control.h
[4.648s] -- Up-to-date: /home/april/workAreas/apriltag_ws/install/apriltag_msgs/include/apriltag_msgs/msg/detail
[4.650s] -- Up-to-date: /home/april/workAreas/apriltag_ws/install/apriltag_msgs/include/apriltag_msgs/msg/detail/dds_fastrtps
[4.652s] -- Up-to-date: /home/april/workAreas/apriltag_ws/install/apriltag_msgs/include/apriltag_msgs/msg/detail/april_tag_detection__rosidl_typesupport_fastrtps_cpp.hpp
[4.653s] -- Up-to-date: /home/april/workAreas/apriltag_ws/install/apriltag_msgs/include/apriltag_msgs/msg/detail/april_tag_detection_array__rosidl_typesupport_fastrtps_cpp.hpp
[4.654s] -- Up-to-date: /home/april/workAreas/apriltag_ws/install/apriltag_msgs/include/apriltag_msgs/msg/detail/point__rosidl_typesupport_fastrtps_cpp.hpp
[4.654s] -- Up-to-date: /home/april/workAreas/apriltag_ws/install/apriltag_msgs/lib/libapriltag_msgs__rosidl_typesupport_fastrtps_cpp.so
[4.656s] -- Up-to-date: /home/april/workAreas/apriltag_ws/install/apriltag_msgs/include/apriltag_msgs
[4.658s] -- Up-to-date: /home/april/workAreas/apriltag_ws/install/apriltag_msgs/include/apriltag_msgs/msg
[4.662s] -- Up-to-date: /home/april/workAreas/apriltag_ws/install/apriltag_msgs/include/apriltag_msgs/msg/detail
[4.671s] -- Up-to-date: /home/april/workAreas/apriltag_ws/install/apriltag_msgs/include/apriltag_msgs/msg/detail/point__rosidl_typesupport_introspection_c.h
[4.689s] -- Up-to-date: /home/april/workAreas/apriltag_ws/install/apriltag_msgs/include/apriltag_msgs/msg/detail/april_tag_detection_array__rosidl_typesupport_introspection_c.h
[4.691s] -- Up-to-date: /home/april/workAreas/apriltag_ws/install/apriltag_msgs/include/apriltag_msgs/msg/detail/april_tag_detection__type_support.c
[4.700s] -- Up-to-date: /home/april/workAreas/apriltag_ws/install/apriltag_msgs/include/apriltag_msgs/msg/detail/april_tag_detection_array__type_support.c
[4.701s] -- Up-to-date: /home/april/workAreas/apriltag_ws/install/apriltag_msgs/include/apriltag_msgs/msg/detail/point__type_support.c
[4.702s] -- Up-to-date: /home/april/workAreas/apriltag_ws/install/apriltag_msgs/include/apriltag_msgs/msg/detail/april_tag_detection__rosidl_typesupport_introspection_c.h
[4.703s] -- Up-to-date: /home/april/workAreas/apriltag_ws/install/apriltag_msgs/include/apriltag_msgs/msg/rosidl_typesupport_introspection_c__visibility_control.h
[4.704s] -- Up-to-date: /home/april/workAreas/apriltag_ws/install/apriltag_msgs/lib/libapriltag_msgs__rosidl_typesupport_introspection_c.so
[4.704s] -- Up-to-date: /home/april/workAreas/apriltag_ws/install/apriltag_msgs/lib/libapriltag_msgs__rosidl_typesupport_c.so
[4.705s] -- Up-to-date: /home/april/workAreas/apriltag_ws/install/apriltag_msgs/include/apriltag_msgs
[4.706s] -- Up-to-date: /home/april/workAreas/apriltag_ws/install/apriltag_msgs/include/apriltag_msgs/msg
[4.723s] -- Up-to-date: /home/april/workAreas/apriltag_ws/install/apriltag_msgs/include/apriltag_msgs/msg/april_tag_detection_array.hpp
[4.747s] -- Up-to-date: /home/april/workAreas/apriltag_ws/install/apriltag_msgs/include/apriltag_msgs/msg/detail
[4.748s] -- Up-to-date: /home/april/workAreas/apriltag_ws/install/apriltag_msgs/include/apriltag_msgs/msg/detail/point__struct.hpp
[4.752s] -- Up-to-date: /home/april/workAreas/apriltag_ws/install/apriltag_msgs/include/apriltag_msgs/msg/detail/point__traits.hpp
[4.753s] -- Up-to-date: /home/april/workAreas/apriltag_ws/install/apriltag_msgs/include/apriltag_msgs/msg/detail/april_tag_detection__builder.hpp
[4.754s] -- Up-to-date: /home/april/workAreas/apriltag_ws/install/apriltag_msgs/include/apriltag_msgs/msg/detail/april_tag_detection_array__builder.hpp
[4.754s] -- Up-to-date: /home/april/workAreas/apriltag_ws/install/apriltag_msgs/include/apriltag_msgs/msg/detail/point__builder.hpp
[4.755s] -- Up-to-date: /home/april/workAreas/apriltag_ws/install/apriltag_msgs/include/apriltag_msgs/msg/detail/april_tag_detection_array__traits.hpp
[4.756s] -- Up-to-date: /home/april/workAreas/apriltag_ws/install/apriltag_msgs/include/apriltag_msgs/msg/detail/april_tag_detection__struct.hpp
[4.756s] -- Up-to-date: /home/april/workAreas/apriltag_ws/install/apriltag_msgs/include/apriltag_msgs/msg/detail/april_tag_detection_array__struct.hpp
[4.757s] -- Up-to-date: /home/april/workAreas/apriltag_ws/install/apriltag_msgs/include/apriltag_msgs/msg/detail/april_tag_detection__traits.hpp
[4.758s] -- Up-to-date: /home/april/workAreas/apriltag_ws/install/apriltag_msgs/include/apriltag_msgs/msg/april_tag_detection.hpp
[4.767s] -- Up-to-date: /home/april/workAreas/apriltag_ws/install/apriltag_msgs/include/apriltag_msgs/msg/point.hpp
[4.769s] -- Up-to-date: /home/april/workAreas/apriltag_ws/install/apriltag_msgs/include/apriltag_msgs
[4.771s] -- Up-to-date: /home/april/workAreas/apriltag_ws/install/apriltag_msgs/include/apriltag_msgs/msg
[4.772s] -- Up-to-date: /home/april/workAreas/apriltag_ws/install/apriltag_msgs/include/apriltag_msgs/msg/detail
[4.774s] -- Up-to-date: /home/april/workAreas/apriltag_ws/install/apriltag_msgs/include/apriltag_msgs/msg/detail/april_tag_detection__type_support.cpp
[4.779s] -- Up-to-date: /home/april/workAreas/apriltag_ws/install/apriltag_msgs/include/apriltag_msgs/msg/detail/april_tag_detection_array__type_support.cpp
[4.780s] -- Up-to-date: /home/april/workAreas/apriltag_ws/install/apriltag_msgs/include/apriltag_msgs/msg/detail/april_tag_detection_array__rosidl_typesupport_introspection_cpp.hpp
[4.781s] -- Up-to-date: /home/april/workAreas/apriltag_ws/install/apriltag_msgs/include/apriltag_msgs/msg/detail/point__type_support.cpp
[4.783s] -- Up-to-date: /home/april/workAreas/apriltag_ws/install/apriltag_msgs/include/apriltag_msgs/msg/detail/point__rosidl_typesupport_introspection_cpp.hpp
[4.784s] -- Up-to-date: /home/april/workAreas/apriltag_ws/install/apriltag_msgs/include/apriltag_msgs/msg/detail/april_tag_detection__rosidl_typesupport_introspection_cpp.hpp
[4.791s] -- Up-to-date: /home/april/workAreas/apriltag_ws/install/apriltag_msgs/lib/libapriltag_msgs__rosidl_typesupport_introspection_cpp.so
[4.796s] -- Up-to-date: /home/april/workAreas/apriltag_ws/install/apriltag_msgs/lib/libapriltag_msgs__rosidl_typesupport_cpp.so
[4.797s] -- Up-to-date: /home/april/workAreas/apriltag_ws/install/apriltag_msgs/share/apriltag_msgs/environment/pythonpath.sh
[4.799s] -- Up-to-date: /home/april/workAreas/apriltag_ws/install/apriltag_msgs/share/apriltag_msgs/environment/pythonpath.dsv
[4.802s] -- Up-to-date: /home/april/workAreas/apriltag_ws/install/apriltag_msgs/lib/python3.8/site-packages/apriltag_msgs/__init__.py
[5.007s] -- Up-to-date: /home/april/workAreas/apriltag_ws/install/apriltag_msgs/lib/python3.8/site-packages/apriltag_msgs/msg
[5.009s] -- Up-to-date: /home/april/workAreas/apriltag_ws/install/apriltag_msgs/lib/python3.8/site-packages/apriltag_msgs/msg/_point_s.c
[5.010s] -- Up-to-date: /home/april/workAreas/apriltag_ws/install/apriltag_msgs/lib/python3.8/site-packages/apriltag_msgs/msg/_april_tag_detection_s.c
[5.012s] -- Up-to-date: /home/april/workAreas/apriltag_ws/install/apriltag_msgs/lib/python3.8/site-packages/apriltag_msgs/msg/_april_tag_detection_array.py
[5.013s] -- Up-to-date: /home/april/workAreas/apriltag_ws/install/apriltag_msgs/lib/python3.8/site-packages/apriltag_msgs/msg/_april_tag_detection_array_s.c
[5.024s] -- Up-to-date: /home/april/workAreas/apriltag_ws/install/apriltag_msgs/lib/python3.8/site-packages/apriltag_msgs/msg/_april_tag_detection.py
[5.025s] -- Up-to-date: /home/april/workAreas/apriltag_ws/install/apriltag_msgs/lib/python3.8/site-packages/apriltag_msgs/msg/_point.py
[5.026s] -- Up-to-date: /home/april/workAreas/apriltag_ws/install/apriltag_msgs/lib/python3.8/site-packages/apriltag_msgs/msg/__init__.py
[5.027s] -- Up-to-date: /home/april/workAreas/apriltag_ws/install/apriltag_msgs/lib/python3.8/site-packages/apriltag_msgs/apriltag_msgs_s__rosidl_typesupport_fastrtps_c.cpython-38-aarch64-linux-gnu.so
[5.044s] -- Up-to-date: /home/april/workAreas/apriltag_ws/install/apriltag_msgs/lib/python3.8/site-packages/apriltag_msgs/apriltag_msgs_s__rosidl_typesupport_introspection_c.cpython-38-aarch64-linux-gnu.so
[5.053s] -- Up-to-date: /home/april/workAreas/apriltag_ws/install/apriltag_msgs/lib/python3.8/site-packages/apriltag_msgs/apriltag_msgs_s__rosidl_typesupport_c.cpython-38-aarch64-linux-gnu.so
[5.064s] -- Up-to-date: /home/april/workAreas/apriltag_ws/install/apriltag_msgs/lib/libapriltag_msgs__python.so
[5.070s] -- Up-to-date: /home/april/workAreas/apriltag_ws/install/apriltag_msgs/share/apriltag_msgs/msg/Point.idl
[5.073s] -- Up-to-date: /home/april/workAreas/apriltag_ws/install/apriltag_msgs/share/apriltag_msgs/msg/AprilTagDetection.idl
[5.076s] -- Up-to-date: /home/april/workAreas/apriltag_ws/install/apriltag_msgs/share/apriltag_msgs/msg/AprilTagDetectionArray.idl
[5.077s] -- Up-to-date: /home/april/workAreas/apriltag_ws/install/apriltag_msgs/share/apriltag_msgs/msg/Point.msg
[5.079s] -- Up-to-date: /home/april/workAreas/apriltag_ws/install/apriltag_msgs/share/apriltag_msgs/msg/AprilTagDetection.msg
[5.084s] -- Up-to-date: /home/april/workAreas/apriltag_ws/install/apriltag_msgs/share/apriltag_msgs/msg/AprilTagDetectionArray.msg
[5.089s] -- Up-to-date: /home/april/workAreas/apriltag_ws/install/apriltag_msgs/share/ament_index/resource_index/package_run_dependencies/apriltag_msgs
[5.093s] -- Up-to-date: /home/april/workAreas/apriltag_ws/install/apriltag_msgs/share/ament_index/resource_index/parent_prefix_path/apriltag_msgs
[5.097s] -- Up-to-date: /home/april/workAreas/apriltag_ws/install/apriltag_msgs/share/apriltag_msgs/environment/ament_prefix_path.sh
[5.101s] -- Up-to-date: /home/april/workAreas/apriltag_ws/install/apriltag_msgs/share/apriltag_msgs/environment/ament_prefix_path.dsv
[5.103s] -- Up-to-date: /home/april/workAreas/apriltag_ws/install/apriltag_msgs/share/apriltag_msgs/environment/path.sh
[5.105s] -- Up-to-date: /home/april/workAreas/apriltag_ws/install/apriltag_msgs/share/apriltag_msgs/environment/path.dsv
[5.110s] -- Up-to-date: /home/april/workAreas/apriltag_ws/install/apriltag_msgs/share/apriltag_msgs/local_setup.bash
[5.114s] -- Up-to-date: /home/april/workAreas/apriltag_ws/install/apriltag_msgs/share/apriltag_msgs/local_setup.sh
[5.118s] -- Up-to-date: /home/april/workAreas/apriltag_ws/install/apriltag_msgs/share/apriltag_msgs/local_setup.zsh
[5.119s] -- Up-to-date: /home/april/workAreas/apriltag_ws/install/apriltag_msgs/share/apriltag_msgs/local_setup.dsv
[5.120s] -- Installing: /home/april/workAreas/apriltag_ws/install/apriltag_msgs/share/apriltag_msgs/package.dsv
[5.122s] -- Up-to-date: /home/april/workAreas/apriltag_ws/install/apriltag_msgs/share/ament_index/resource_index/packages/apriltag_msgs
[5.132s] -- Up-to-date: /home/april/workAreas/apriltag_ws/install/apriltag_msgs/share/apriltag_msgs/cmake/apriltag_msgs__rosidl_generator_cExport.cmake
[5.133s] -- Up-to-date: /home/april/workAreas/apriltag_ws/install/apriltag_msgs/share/apriltag_msgs/cmake/apriltag_msgs__rosidl_generator_cExport-noconfig.cmake
[5.140s] -- Up-to-date: /home/april/workAreas/apriltag_ws/install/apriltag_msgs/share/apriltag_msgs/cmake/apriltag_msgs__rosidl_typesupport_introspection_cExport.cmake
[5.142s] -- Up-to-date: /home/april/workAreas/apriltag_ws/install/apriltag_msgs/share/apriltag_msgs/cmake/apriltag_msgs__rosidl_typesupport_introspection_cExport-noconfig.cmake
[5.142s] -- Up-to-date: /home/april/workAreas/apriltag_ws/install/apriltag_msgs/share/apriltag_msgs/cmake/apriltag_msgs__rosidl_typesupport_cExport.cmake
[5.145s] -- Up-to-date: /home/april/workAreas/apriltag_ws/install/apriltag_msgs/share/apriltag_msgs/cmake/apriltag_msgs__rosidl_typesupport_cExport-noconfig.cmake
[5.147s] -- Up-to-date: /home/april/workAreas/apriltag_ws/install/apriltag_msgs/share/apriltag_msgs/cmake/apriltag_msgs__rosidl_generator_cppExport.cmake
[5.148s] -- Up-to-date: /home/april/workAreas/apriltag_ws/install/apriltag_msgs/share/apriltag_msgs/cmake/apriltag_msgs__rosidl_typesupport_introspection_cppExport.cmake
[5.169s] -- Up-to-date: /home/april/workAreas/apriltag_ws/install/apriltag_msgs/share/apriltag_msgs/cmake/apriltag_msgs__rosidl_typesupport_introspection_cppExport-noconfig.cmake
[5.170s] -- Up-to-date: /home/april/workAreas/apriltag_ws/install/apriltag_msgs/share/apriltag_msgs/cmake/apriltag_msgs__rosidl_typesupport_cppExport.cmake
[5.171s] -- Up-to-date: /home/april/workAreas/apriltag_ws/install/apriltag_msgs/share/apriltag_msgs/cmake/apriltag_msgs__rosidl_typesupport_cppExport-noconfig.cmake
[5.192s] -- Up-to-date: /home/april/workAreas/apriltag_ws/install/apriltag_msgs/share/apriltag_msgs/cmake/rosidl_cmake-extras.cmake
[5.193s] -- Up-to-date: /home/april/workAreas/apriltag_ws/install/apriltag_msgs/share/apriltag_msgs/cmake/ament_cmake_export_dependencies-extras.cmake
[5.194s] -- Up-to-date: /home/april/workAreas/apriltag_ws/install/apriltag_msgs/share/apriltag_msgs/cmake/ament_cmake_export_libraries-extras.cmake
[5.195s] -- Up-to-date: /home/april/workAreas/apriltag_ws/install/apriltag_msgs/share/apriltag_msgs/cmake/ament_cmake_export_targets-extras.cmake
[5.196s] -- Up-to-date: /home/april/workAreas/apriltag_ws/install/apriltag_msgs/share/apriltag_msgs/cmake/ament_cmake_export_include_directories-extras.cmake
[5.196s] -- Up-to-date: /home/april/workAreas/apriltag_ws/install/apriltag_msgs/share/apriltag_msgs/cmake/rosidl_cmake_export_typesupport_libraries-extras.cmake
[5.197s] -- Up-to-date: /home/april/workAreas/apriltag_ws/install/apriltag_msgs/share/apriltag_msgs/cmake/rosidl_cmake_export_typesupport_targets-extras.cmake
[5.198s] -- Up-to-date: /home/april/workAreas/apriltag_ws/install/apriltag_msgs/share/apriltag_msgs/cmake/apriltag_msgsConfig.cmake
[5.198s] -- Up-to-date: /home/april/workAreas/apriltag_ws/install/apriltag_msgs/share/apriltag_msgs/cmake/apriltag_msgsConfig-version.cmake
[5.199s] -- Up-to-date: /home/april/workAreas/apriltag_ws/install/apriltag_msgs/share/apriltag_msgs/package.xml
[5.235s] Invoked command in '/home/april/workAreas/apriltag_ws/build/apriltag_msgs' returned '0': CMAKE_PREFIX_PATH=${CMAKE_PREFIX_PATH}:/home/april/workAreas/apriltag_ws/install/py_pysub:/home/april/workAreas/apriltag_ws/install/cam_subscriber:/home/april/rosApril_ws/install/py_pysub:/home/april/rosApril_ws/install/cam_subscriber:/opt/ros/foxy /usr/bin/cmake --install /home/april/workAreas/apriltag_ws/build/apriltag_msgs
