[0.551s] Invoking command in '/home/april/workAreas/apriltag_ws/build/apriltag_msgs': CMAKE_PREFIX_PATH=${CMAKE_PREFIX_PATH}:/home/april/workAreas/apriltag_ws/install/py_pysub:/home/april/workAreas/apriltag_ws/install/cam_subscriber:/home/april/rosApril_ws/install/py_pysub:/home/april/rosApril_ws/install/cam_subscriber:/opt/ros/foxy /usr/bin/cmake --build /home/april/workAreas/apriltag_ws/build/apriltag_msgs -- -j4 -l4
[1.647s] [  2%] Built target apriltag_msgs__cpp
[2.043s] [ 12%] Built target apriltag_msgs__rosidl_generator_c
[2.521s] [ 23%] Built target apriltag_msgs__rosidl_typesupport_introspection_cpp
[3.038s] [ 34%] Built target apriltag_msgs__rosidl_typesupport_introspection_c
[3.656s] [ 44%] Built target apriltag_msgs__rosidl_typesupport_c
[4.170s] [ 55%] Built target apriltag_msgs__rosidl_typesupport_fastrtps_cpp
[4.609s] [ 65%] Built target apriltag_msgs__rosidl_typesupport_cpp
[5.155s] [ 76%] Built target apriltag_msgs__rosidl_typesupport_fastrtps_c
[5.673s] [ 76%] Built target apriltag_msgs
[6.443s] [ 78%] Built target apriltag_msgs__py
[7.203s] [ 87%] Built target apriltag_msgs__python
[7.595s] [ 91%] Built target apriltag_msgs__rosidl_typesupport_introspection_c__pyext
[8.001s] [ 95%] Built target apriltag_msgs__rosidl_typesupport_c__pyext
[8.284s] [100%] Built target apriltag_msgs__rosidl_typesupport_fastrtps_c__pyext
[8.482s] Invoked command in '/home/april/workAreas/apriltag_ws/build/apriltag_msgs' returned '0': CMAKE_PREFIX_PATH=${CMAKE_PREFIX_PATH}:/home/april/workAreas/apriltag_ws/install/py_pysub:/home/april/workAreas/apriltag_ws/install/cam_subscriber:/home/april/rosApril_ws/install/py_pysub:/home/april/rosApril_ws/install/cam_subscriber:/opt/ros/foxy /usr/bin/cmake --build /home/april/workAreas/apriltag_ws/build/apriltag_msgs -- -j4 -l4
[11.195s] Invoking command in '/home/april/workAreas/apriltag_ws/build/apriltag_msgs': CMAKE_PREFIX_PATH=${CMAKE_PREFIX_PATH}:/home/april/workAreas/apriltag_ws/install/py_pysub:/home/april/workAreas/apriltag_ws/install/cam_subscriber:/home/april/rosApril_ws/install/py_pysub:/home/april/rosApril_ws/install/cam_subscriber:/opt/ros/foxy /usr/bin/cmake --install /home/april/workAreas/apriltag_ws/build/apriltag_msgs
[11.290s] -- Install configuration: ""
[11.292s] -- Up-to-date: /home/april/workAreas/apriltag_ws/install/apriltag_msgs/share/ament_index/resource_index/rosidl_interfaces/apriltag_msgs
[11.295s] -- Up-to-date: /home/april/workAreas/apriltag_ws/install/apriltag_msgs/include/apriltag_msgs
[11.304s] -- Up-to-date: /home/april/workAreas/apriltag_ws/install/apriltag_msgs/include/apriltag_msgs/msg
[11.307s] -- Up-to-date: /home/april/workAreas/apriltag_ws/install/apriltag_msgs/include/apriltag_msgs/msg/april_tag_detection_array.h
[11.310s] -- Up-to-date: /home/april/workAreas/apriltag_ws/install/apriltag_msgs/include/apriltag_msgs/msg/detail
[11.321s] -- Up-to-date: /home/april/workAreas/apriltag_ws/install/apriltag_msgs/include/apriltag_msgs/msg/detail/april_tag_detection__functions.c
[11.323s] -- Up-to-date: /home/april/workAreas/apriltag_ws/install/apriltag_msgs/include/apriltag_msgs/msg/detail/point__functions.h
[11.326s] -- Up-to-date: /home/april/workAreas/apriltag_ws/install/apriltag_msgs/include/apriltag_msgs/msg/detail/april_tag_detection_array__functions.c
[11.329s] -- Up-to-date: /home/april/workAreas/apriltag_ws/install/apriltag_msgs/include/apriltag_msgs/msg/detail/april_tag_detection__type_support.h
[11.344s] -- Up-to-date: /home/april/workAreas/apriltag_ws/install/apriltag_msgs/include/apriltag_msgs/msg/detail/april_tag_detection_array__functions.h
[11.358s] -- Up-to-date: /home/april/workAreas/apriltag_ws/install/apriltag_msgs/include/apriltag_msgs/msg/detail/point__struct.h
[11.368s] -- Up-to-date: /home/april/workAreas/apriltag_ws/install/apriltag_msgs/include/apriltag_msgs/msg/detail/april_tag_detection__functions.h
[11.369s] -- Up-to-date: /home/april/workAreas/apriltag_ws/install/apriltag_msgs/include/apriltag_msgs/msg/detail/april_tag_detection_array__struct.h
[11.380s] -- Up-to-date: /home/april/workAreas/apriltag_ws/install/apriltag_msgs/include/apriltag_msgs/msg/detail/april_tag_detection__struct.h
[11.382s] -- Up-to-date: /home/april/workAreas/apriltag_ws/install/apriltag_msgs/include/apriltag_msgs/msg/detail/point__type_support.h
[11.398s] -- Up-to-date: /home/april/workAreas/apriltag_ws/install/apriltag_msgs/include/apriltag_msgs/msg/detail/point__functions.c
[11.403s] -- Up-to-date: /home/april/workAreas/apriltag_ws/install/apriltag_msgs/include/apriltag_msgs/msg/detail/april_tag_detection_array__type_support.h
[11.404s] -- Up-to-date: /home/april/workAreas/apriltag_ws/install/apriltag_msgs/include/apriltag_msgs/msg/rosidl_generator_c__visibility_control.h
[11.405s] -- Up-to-date: /home/april/workAreas/apriltag_ws/install/apriltag_msgs/include/apriltag_msgs/msg/point.h
[11.406s] -- Up-to-date: /home/april/workAreas/apriltag_ws/install/apriltag_msgs/include/apriltag_msgs/msg/april_tag_detection.h
[11.407s] -- Up-to-date: /home/april/workAreas/apriltag_ws/install/apriltag_msgs/share/apriltag_msgs/environment/library_path.sh
[11.408s] -- Up-to-date: /home/april/workAreas/apriltag_ws/install/apriltag_msgs/share/apriltag_msgs/environment/library_path.dsv
[11.409s] -- Up-to-date: /home/april/workAreas/apriltag_ws/install/apriltag_msgs/lib/libapriltag_msgs__rosidl_generator_c.so
[11.410s] -- Up-to-date: /home/april/workAreas/apriltag_ws/install/apriltag_msgs/include/apriltag_msgs
[11.422s] -- Up-to-date: /home/april/workAreas/apriltag_ws/install/apriltag_msgs/include/apriltag_msgs/msg
[11.429s] -- Up-to-date: /home/april/workAreas/apriltag_ws/install/apriltag_msgs/include/apriltag_msgs/msg/rosidl_typesupport_fastrtps_c__visibility_control.h
[11.430s] -- Up-to-date: /home/april/workAreas/apriltag_ws/install/apriltag_msgs/include/apriltag_msgs/msg/detail
[11.434s] -- Up-to-date: /home/april/workAreas/apriltag_ws/install/apriltag_msgs/include/apriltag_msgs/msg/detail/april_tag_detection_array__rosidl_typesupport_fastrtps_c.h
[11.435s] -- Up-to-date: /home/april/workAreas/apriltag_ws/install/apriltag_msgs/include/apriltag_msgs/msg/detail/april_tag_detection__rosidl_typesupport_fastrtps_c.h
[11.436s] -- Up-to-date: /home/april/workAreas/apriltag_ws/install/apriltag_msgs/include/apriltag_msgs/msg/detail/point__rosidl_typesupport_fastrtps_c.h
[11.437s] -- Up-to-date: /home/april/workAreas/apriltag_ws/install/apriltag_msgs/lib/libapriltag_msgs__rosidl_typesupport_fastrtps_c.so
[11.438s] -- Up-to-date: /home/april/workAreas/apriltag_ws/install/apriltag_msgs/include/apriltag_msgs
[11.439s] -- Up-to-date: /home/april/workAreas/apriltag_ws/install/apriltag_msgs/include/apriltag_msgs/msg
[11.440s] -- Up-to-date: /home/april/workAreas/apriltag_ws/install/apriltag_msgs/include/apriltag_msgs/msg/rosidl_typesupport_fastrtps_cpp__visibility_control.h
[11.441s] -- Up-to-date: /home/april/workAreas/apriltag_ws/install/apriltag_msgs/include/apriltag_msgs/msg/detail
[11.442s] -- Up-to-date: /home/april/workAreas/apriltag_ws/install/apriltag_msgs/include/apriltag_msgs/msg/detail/dds_fastrtps
[11.443s] -- Up-to-date: /home/april/workAreas/apriltag_ws/install/apriltag_msgs/include/apriltag_msgs/msg/detail/april_tag_detection__rosidl_typesupport_fastrtps_cpp.hpp
[11.467s] -- Up-to-date: /home/april/workAreas/apriltag_ws/install/apriltag_msgs/include/apriltag_msgs/msg/detail/april_tag_detection_array__rosidl_typesupport_fastrtps_cpp.hpp
[11.481s] -- Up-to-date: /home/april/workAreas/apriltag_ws/install/apriltag_msgs/include/apriltag_msgs/msg/detail/point__rosidl_typesupport_fastrtps_cpp.hpp
[11.484s] -- Up-to-date: /home/april/workAreas/apriltag_ws/install/apriltag_msgs/lib/libapriltag_msgs__rosidl_typesupport_fastrtps_cpp.so
[11.487s] -- Up-to-date: /home/april/workAreas/apriltag_ws/install/apriltag_msgs/include/apriltag_msgs
[11.488s] -- Up-to-date: /home/april/workAreas/apriltag_ws/install/apriltag_msgs/include/apriltag_msgs/msg
[11.499s] -- Up-to-date: /home/april/workAreas/apriltag_ws/install/apriltag_msgs/include/apriltag_msgs/msg/detail
[11.501s] -- Up-to-date: /home/april/workAreas/apriltag_ws/install/apriltag_msgs/include/apriltag_msgs/msg/detail/point__rosidl_typesupport_introspection_c.h
[11.502s] -- Up-to-date: /home/april/workAreas/apriltag_ws/install/apriltag_msgs/include/apriltag_msgs/msg/detail/april_tag_detection_array__rosidl_typesupport_introspection_c.h
[11.504s] -- Up-to-date: /home/april/workAreas/apriltag_ws/install/apriltag_msgs/include/apriltag_msgs/msg/detail/april_tag_detection__type_support.c
[11.525s] -- Up-to-date: /home/april/workAreas/apriltag_ws/install/apriltag_msgs/include/apriltag_msgs/msg/detail/april_tag_detection_array__type_support.c
[11.528s] -- Up-to-date: /home/april/workAreas/apriltag_ws/install/apriltag_msgs/include/apriltag_msgs/msg/detail/point__type_support.c
[11.531s] -- Up-to-date: /home/april/workAreas/apriltag_ws/install/apriltag_msgs/include/apriltag_msgs/msg/detail/april_tag_detection__rosidl_typesupport_introspection_c.h
[11.553s] -- Up-to-date: /home/april/workAreas/apriltag_ws/install/apriltag_msgs/include/apriltag_msgs/msg/rosidl_typesupport_introspection_c__visibility_control.h
[11.554s] -- Up-to-date: /home/april/workAreas/apriltag_ws/install/apriltag_msgs/lib/libapriltag_msgs__rosidl_typesupport_introspection_c.so
[11.555s] -- Up-to-date: /home/april/workAreas/apriltag_ws/install/apriltag_msgs/lib/libapriltag_msgs__rosidl_typesupport_c.so
[11.556s] -- Up-to-date: /home/april/workAreas/apriltag_ws/install/apriltag_msgs/include/apriltag_msgs
[11.557s] -- Up-to-date: /home/april/workAreas/apriltag_ws/install/apriltag_msgs/include/apriltag_msgs/msg
[11.558s] -- Up-to-date: /home/april/workAreas/apriltag_ws/install/apriltag_msgs/include/apriltag_msgs/msg/april_tag_detection_array.hpp
[11.559s] -- Up-to-date: /home/april/workAreas/apriltag_ws/install/apriltag_msgs/include/apriltag_msgs/msg/detail
[11.560s] -- Up-to-date: /home/april/workAreas/apriltag_ws/install/apriltag_msgs/include/apriltag_msgs/msg/detail/point__struct.hpp
[11.560s] -- Up-to-date: /home/april/workAreas/apriltag_ws/install/apriltag_msgs/include/apriltag_msgs/msg/detail/point__traits.hpp
[11.561s] -- Up-to-date: /home/april/workAreas/apriltag_ws/install/apriltag_msgs/include/apriltag_msgs/msg/detail/april_tag_detection__builder.hpp
[11.563s] -- Up-to-date: /home/april/workAreas/apriltag_ws/install/apriltag_msgs/include/apriltag_msgs/msg/detail/april_tag_detection_array__builder.hpp
[11.564s] -- Up-to-date: /home/april/workAreas/apriltag_ws/install/apriltag_msgs/include/apriltag_msgs/msg/detail/point__builder.hpp
[11.566s] -- Up-to-date: /home/april/workAreas/apriltag_ws/install/apriltag_msgs/include/apriltag_msgs/msg/detail/april_tag_detection_array__traits.hpp
[11.580s] -- Up-to-date: /home/april/workAreas/apriltag_ws/install/apriltag_msgs/include/apriltag_msgs/msg/detail/april_tag_detection__struct.hpp
[11.586s] -- Up-to-date: /home/april/workAreas/apriltag_ws/install/apriltag_msgs/include/apriltag_msgs/msg/detail/april_tag_detection_array__struct.hpp
[11.589s] -- Up-to-date: /home/april/workAreas/apriltag_ws/install/apriltag_msgs/include/apriltag_msgs/msg/detail/april_tag_detection__traits.hpp
[11.590s] -- Up-to-date: /home/april/workAreas/apriltag_ws/install/apriltag_msgs/include/apriltag_msgs/msg/april_tag_detection.hpp
[11.591s] -- Up-to-date: /home/april/workAreas/apriltag_ws/install/apriltag_msgs/include/apriltag_msgs/msg/point.hpp
[11.592s] -- Up-to-date: /home/april/workAreas/apriltag_ws/install/apriltag_msgs/include/apriltag_msgs
[11.600s] -- Up-to-date: /home/april/workAreas/apriltag_ws/install/apriltag_msgs/include/apriltag_msgs/msg
[11.604s] -- Up-to-date: /home/april/workAreas/apriltag_ws/install/apriltag_msgs/include/apriltag_msgs/msg/detail
[11.604s] -- Up-to-date: /home/april/workAreas/apriltag_ws/install/apriltag_msgs/include/apriltag_msgs/msg/detail/april_tag_detection__type_support.cpp
[11.606s] -- Up-to-date: /home/april/workAreas/apriltag_ws/install/apriltag_msgs/include/apriltag_msgs/msg/detail/april_tag_detection_array__type_support.cpp
[11.608s] -- Up-to-date: /home/april/workAreas/apriltag_ws/install/apriltag_msgs/include/apriltag_msgs/msg/detail/april_tag_detection_array__rosidl_typesupport_introspection_cpp.hpp
[11.609s] -- Up-to-date: /home/april/workAreas/apriltag_ws/install/apriltag_msgs/include/apriltag_msgs/msg/detail/point__type_support.cpp
[11.610s] -- Up-to-date: /home/april/workAreas/apriltag_ws/install/apriltag_msgs/include/apriltag_msgs/msg/detail/point__rosidl_typesupport_introspection_cpp.hpp
[11.611s] -- Up-to-date: /home/april/workAreas/apriltag_ws/install/apriltag_msgs/include/apriltag_msgs/msg/detail/april_tag_detection__rosidl_typesupport_introspection_cpp.hpp
[11.612s] -- Up-to-date: /home/april/workAreas/apriltag_ws/install/apriltag_msgs/lib/libapriltag_msgs__rosidl_typesupport_introspection_cpp.so
[11.613s] -- Up-to-date: /home/april/workAreas/apriltag_ws/install/apriltag_msgs/lib/libapriltag_msgs__rosidl_typesupport_cpp.so
[11.619s] -- Up-to-date: /home/april/workAreas/apriltag_ws/install/apriltag_msgs/share/apriltag_msgs/environment/pythonpath.sh
[11.620s] -- Up-to-date: /home/april/workAreas/apriltag_ws/install/apriltag_msgs/share/apriltag_msgs/environment/pythonpath.dsv
[11.622s] -- Up-to-date: /home/april/workAreas/apriltag_ws/install/apriltag_msgs/lib/python3.8/site-packages/apriltag_msgs/__init__.py
[12.287s] -- Up-to-date: /home/april/workAreas/apriltag_ws/install/apriltag_msgs/lib/python3.8/site-packages/apriltag_msgs/msg
[12.294s] -- Up-to-date: /home/april/workAreas/apriltag_ws/install/apriltag_msgs/lib/python3.8/site-packages/apriltag_msgs/msg/_point_s.c
[12.296s] -- Up-to-date: /home/april/workAreas/apriltag_ws/install/apriltag_msgs/lib/python3.8/site-packages/apriltag_msgs/msg/_april_tag_detection_s.c
[12.297s] -- Up-to-date: /home/april/workAreas/apriltag_ws/install/apriltag_msgs/lib/python3.8/site-packages/apriltag_msgs/msg/_april_tag_detection_array.py
[12.298s] -- Up-to-date: /home/april/workAreas/apriltag_ws/install/apriltag_msgs/lib/python3.8/site-packages/apriltag_msgs/msg/_april_tag_detection_array_s.c
[12.299s] -- Up-to-date: /home/april/workAreas/apriltag_ws/install/apriltag_msgs/lib/python3.8/site-packages/apriltag_msgs/msg/_april_tag_detection.py
[12.300s] -- Up-to-date: /home/april/workAreas/apriltag_ws/install/apriltag_msgs/lib/python3.8/site-packages/apriltag_msgs/msg/_point.py
[12.310s] -- Up-to-date: /home/april/workAreas/apriltag_ws/install/apriltag_msgs/lib/python3.8/site-packages/apriltag_msgs/msg/__init__.py
[12.312s] -- Up-to-date: /home/april/workAreas/apriltag_ws/install/apriltag_msgs/lib/python3.8/site-packages/apriltag_msgs/apriltag_msgs_s__rosidl_typesupport_fastrtps_c.cpython-38-aarch64-linux-gnu.so
[12.313s] -- Up-to-date: /home/april/workAreas/apriltag_ws/install/apriltag_msgs/lib/python3.8/site-packages/apriltag_msgs/apriltag_msgs_s__rosidl_typesupport_introspection_c.cpython-38-aarch64-linux-gnu.so
[12.321s] -- Up-to-date: /home/april/workAreas/apriltag_ws/install/apriltag_msgs/lib/python3.8/site-packages/apriltag_msgs/apriltag_msgs_s__rosidl_typesupport_c.cpython-38-aarch64-linux-gnu.so
[12.326s] -- Up-to-date: /home/april/workAreas/apriltag_ws/install/apriltag_msgs/lib/libapriltag_msgs__python.so
[12.333s] -- Up-to-date: /home/april/workAreas/apriltag_ws/install/apriltag_msgs/share/apriltag_msgs/msg/Point.idl
[12.335s] -- Up-to-date: /home/april/workAreas/apriltag_ws/install/apriltag_msgs/share/apriltag_msgs/msg/AprilTagDetection.idl
[12.342s] -- Up-to-date: /home/april/workAreas/apriltag_ws/install/apriltag_msgs/share/apriltag_msgs/msg/AprilTagDetectionArray.idl
[12.345s] -- Up-to-date: /home/april/workAreas/apriltag_ws/install/apriltag_msgs/share/apriltag_msgs/msg/Point.msg
[12.353s] -- Up-to-date: /home/april/workAreas/apriltag_ws/install/apriltag_msgs/share/apriltag_msgs/msg/AprilTagDetection.msg
[12.357s] -- Up-to-date: /home/april/workAreas/apriltag_ws/install/apriltag_msgs/share/apriltag_msgs/msg/AprilTagDetectionArray.msg
[12.360s] -- Up-to-date: /home/april/workAreas/apriltag_ws/install/apriltag_msgs/share/ament_index/resource_index/package_run_dependencies/apriltag_msgs
[12.369s] -- Up-to-date: /home/april/workAreas/apriltag_ws/install/apriltag_msgs/share/ament_index/resource_index/parent_prefix_path/apriltag_msgs
[12.372s] -- Up-to-date: /home/april/workAreas/apriltag_ws/install/apriltag_msgs/share/apriltag_msgs/environment/ament_prefix_path.sh
[12.380s] -- Up-to-date: /home/april/workAreas/apriltag_ws/install/apriltag_msgs/share/apriltag_msgs/environment/ament_prefix_path.dsv
[12.381s] -- Up-to-date: /home/april/workAreas/apriltag_ws/install/apriltag_msgs/share/apriltag_msgs/environment/path.sh
[12.387s] -- Up-to-date: /home/april/workAreas/apriltag_ws/install/apriltag_msgs/share/apriltag_msgs/environment/path.dsv
[12.390s] -- Up-to-date: /home/april/workAreas/apriltag_ws/install/apriltag_msgs/share/apriltag_msgs/local_setup.bash
[12.391s] -- Up-to-date: /home/april/workAreas/apriltag_ws/install/apriltag_msgs/share/apriltag_msgs/local_setup.sh
[12.393s] -- Up-to-date: /home/april/workAreas/apriltag_ws/install/apriltag_msgs/share/apriltag_msgs/local_setup.zsh
[12.393s] -- Up-to-date: /home/april/workAreas/apriltag_ws/install/apriltag_msgs/share/apriltag_msgs/local_setup.dsv
[12.416s] -- Installing: /home/april/workAreas/apriltag_ws/install/apriltag_msgs/share/apriltag_msgs/package.dsv
[12.420s] -- Up-to-date: /home/april/workAreas/apriltag_ws/install/apriltag_msgs/share/ament_index/resource_index/packages/apriltag_msgs
[12.420s] -- Up-to-date: /home/april/workAreas/apriltag_ws/install/apriltag_msgs/share/apriltag_msgs/cmake/apriltag_msgs__rosidl_generator_cExport.cmake
[12.421s] -- Up-to-date: /home/april/workAreas/apriltag_ws/install/apriltag_msgs/share/apriltag_msgs/cmake/apriltag_msgs__rosidl_generator_cExport-noconfig.cmake
[12.422s] -- Up-to-date: /home/april/workAreas/apriltag_ws/install/apriltag_msgs/share/apriltag_msgs/cmake/apriltag_msgs__rosidl_typesupport_introspection_cExport.cmake
[12.422s] -- Up-to-date: /home/april/workAreas/apriltag_ws/install/apriltag_msgs/share/apriltag_msgs/cmake/apriltag_msgs__rosidl_typesupport_introspection_cExport-noconfig.cmake
[12.425s] -- Up-to-date: /home/april/workAreas/apriltag_ws/install/apriltag_msgs/share/apriltag_msgs/cmake/apriltag_msgs__rosidl_typesupport_cExport.cmake
[12.426s] -- Up-to-date: /home/april/workAreas/apriltag_ws/install/apriltag_msgs/share/apriltag_msgs/cmake/apriltag_msgs__rosidl_typesupport_cExport-noconfig.cmake
[12.436s] -- Up-to-date: /home/april/workAreas/apriltag_ws/install/apriltag_msgs/share/apriltag_msgs/cmake/apriltag_msgs__rosidl_generator_cppExport.cmake
[12.476s] -- Up-to-date: /home/april/workAreas/apriltag_ws/install/apriltag_msgs/share/apriltag_msgs/cmake/apriltag_msgs__rosidl_typesupport_introspection_cppExport.cmake
[12.477s] -- Up-to-date: /home/april/workAreas/apriltag_ws/install/apriltag_msgs/share/apriltag_msgs/cmake/apriltag_msgs__rosidl_typesupport_introspection_cppExport-noconfig.cmake
[12.479s] -- Up-to-date: /home/april/workAreas/apriltag_ws/install/apriltag_msgs/share/apriltag_msgs/cmake/apriltag_msgs__rosidl_typesupport_cppExport.cmake
[12.479s] -- Up-to-date: /home/april/workAreas/apriltag_ws/install/apriltag_msgs/share/apriltag_msgs/cmake/apriltag_msgs__rosidl_typesupport_cppExport-noconfig.cmake
[12.480s] -- Up-to-date: /home/april/workAreas/apriltag_ws/install/apriltag_msgs/share/apriltag_msgs/cmake/rosidl_cmake-extras.cmake
[12.484s] -- Up-to-date: /home/april/workAreas/apriltag_ws/install/apriltag_msgs/share/apriltag_msgs/cmake/ament_cmake_export_dependencies-extras.cmake
[12.485s] -- Up-to-date: /home/april/workAreas/apriltag_ws/install/apriltag_msgs/share/apriltag_msgs/cmake/ament_cmake_export_libraries-extras.cmake
[12.486s] -- Up-to-date: /home/april/workAreas/apriltag_ws/install/apriltag_msgs/share/apriltag_msgs/cmake/ament_cmake_export_targets-extras.cmake
[12.489s] -- Up-to-date: /home/april/workAreas/apriltag_ws/install/apriltag_msgs/share/apriltag_msgs/cmake/ament_cmake_export_include_directories-extras.cmake
[12.495s] -- Up-to-date: /home/april/workAreas/apriltag_ws/install/apriltag_msgs/share/apriltag_msgs/cmake/rosidl_cmake_export_typesupport_libraries-extras.cmake
[12.497s] -- Up-to-date: /home/april/workAreas/apriltag_ws/install/apriltag_msgs/share/apriltag_msgs/cmake/rosidl_cmake_export_typesupport_targets-extras.cmake
[12.504s] -- Up-to-date: /home/april/workAreas/apriltag_ws/install/apriltag_msgs/share/apriltag_msgs/cmake/apriltag_msgsConfig.cmake
[12.506s] -- Up-to-date: /home/april/workAreas/apriltag_ws/install/apriltag_msgs/share/apriltag_msgs/cmake/apriltag_msgsConfig-version.cmake
[12.508s] -- Up-to-date: /home/april/workAreas/apriltag_ws/install/apriltag_msgs/share/apriltag_msgs/package.xml
[12.541s] Invoked command in '/home/april/workAreas/apriltag_ws/build/apriltag_msgs' returned '0': CMAKE_PREFIX_PATH=${CMAKE_PREFIX_PATH}:/home/april/workAreas/apriltag_ws/install/py_pysub:/home/april/workAreas/apriltag_ws/install/cam_subscriber:/home/april/rosApril_ws/install/py_pysub:/home/april/rosApril_ws/install/cam_subscriber:/opt/ros/foxy /usr/bin/cmake --install /home/april/workAreas/apriltag_ws/build/apriltag_msgs
