[0.146s] Invoking command in '/home/april/workAreas/apriltag_ws/build/apriltag_ros': CMAKE_PREFIX_PATH=/home/april/workAreas/apriltag_ws/install/apriltag_msgs:/home/april/workAreas/apriltag_ws/install/apriltag_ros:/home/april/rosApril_ws/install/apriltag_ros:/home/april/rosApril_ws/install/apriltag_msgs:/home/april/workAreas/apriltag_ws/install/py_pysub:/home/april/workAreas/apriltag_ws/install/cam_subscriber:/home/april/rosApril_ws/install/py_pysub:/home/april/rosApril_ws/install/cam_subscriber:/opt/ros/foxy LD_LIBRARY_PATH=/home/april/workAreas/apriltag_ws/install/apriltag_msgs/lib:/home/april/workAreas/apriltag_ws/install/apriltag_ros/lib:/home/april/rosApril_ws/install/apriltag_ros/lib:/home/april/rosApril_ws/install/apriltag_msgs/lib:/opt/ros/foxy/opt/yaml_cpp_vendor/lib:/opt/ros/foxy/opt/rviz_ogre_vendor/lib:/opt/ros/foxy/lib/aarch64-linux-gnu:/opt/ros/foxy/lib PYTHONPATH=/home/april/workAreas/apriltag_ws/install/apriltag_msgs/lib/python3.8/site-packages:/home/april/workAreas/apriltag_ws/install/py_pysub/lib/python3.8/site-packages:/home/april/workAreas/apriltag_ws/install/cam_subscriber/lib/python3.8/site-packages:/home/april/rosApril_ws/install/py_pysub/lib/python3.8/site-packages:/home/april/rosApril_ws/install/cam_subscriber/lib/python3.8/site-packages:/home/april/rosApril_ws/install/apriltag_msgs/lib/python3.8/site-packages:/opt/ros/foxy/lib/python3.8/site-packages /usr/bin/cmake --build /home/april/workAreas/apriltag_ws/build/apriltag_ros -- -j4 -l4
[0.716s] [100%] Built target AprilTagNode
[1.742s] Invoked command in '/home/april/workAreas/apriltag_ws/build/apriltag_ros' returned '0': CMAKE_PREFIX_PATH=/home/april/workAreas/apriltag_ws/install/apriltag_msgs:/home/april/workAreas/apriltag_ws/install/apriltag_ros:/home/april/rosApril_ws/install/apriltag_ros:/home/april/rosApril_ws/install/apriltag_msgs:/home/april/workAreas/apriltag_ws/install/py_pysub:/home/april/workAreas/apriltag_ws/install/cam_subscriber:/home/april/rosApril_ws/install/py_pysub:/home/april/rosApril_ws/install/cam_subscriber:/opt/ros/foxy LD_LIBRARY_PATH=/home/april/workAreas/apriltag_ws/install/apriltag_msgs/lib:/home/april/workAreas/apriltag_ws/install/apriltag_ros/lib:/home/april/rosApril_ws/install/apriltag_ros/lib:/home/april/rosApril_ws/install/apriltag_msgs/lib:/opt/ros/foxy/opt/yaml_cpp_vendor/lib:/opt/ros/foxy/opt/rviz_ogre_vendor/lib:/opt/ros/foxy/lib/aarch64-linux-gnu:/opt/ros/foxy/lib PYTHONPATH=/home/april/workAreas/apriltag_ws/install/apriltag_msgs/lib/python3.8/site-packages:/home/april/workAreas/apriltag_ws/install/py_pysub/lib/python3.8/site-packages:/home/april/workAreas/apriltag_ws/install/cam_subscriber/lib/python3.8/site-packages:/home/april/rosApril_ws/install/py_pysub/lib/python3.8/site-packages:/home/april/rosApril_ws/install/cam_subscriber/lib/python3.8/site-packages:/home/april/rosApril_ws/install/apriltag_msgs/lib/python3.8/site-packages:/opt/ros/foxy/lib/python3.8/site-packages /usr/bin/cmake --build /home/april/workAreas/apriltag_ws/build/apriltag_ros -- -j4 -l4
[1.902s] Invoking command in '/home/april/workAreas/apriltag_ws/build/apriltag_ros': CMAKE_PREFIX_PATH=/home/april/workAreas/apriltag_ws/install/apriltag_msgs:/home/april/workAreas/apriltag_ws/install/apriltag_ros:/home/april/rosApril_ws/install/apriltag_ros:/home/april/rosApril_ws/install/apriltag_msgs:/home/april/workAreas/apriltag_ws/install/py_pysub:/home/april/workAreas/apriltag_ws/install/cam_subscriber:/home/april/rosApril_ws/install/py_pysub:/home/april/rosApril_ws/install/cam_subscriber:/opt/ros/foxy LD_LIBRARY_PATH=/home/april/workAreas/apriltag_ws/install/apriltag_msgs/lib:/home/april/workAreas/apriltag_ws/install/apriltag_ros/lib:/home/april/rosApril_ws/install/apriltag_ros/lib:/home/april/rosApril_ws/install/apriltag_msgs/lib:/opt/ros/foxy/opt/yaml_cpp_vendor/lib:/opt/ros/foxy/opt/rviz_ogre_vendor/lib:/opt/ros/foxy/lib/aarch64-linux-gnu:/opt/ros/foxy/lib PYTHONPATH=/home/april/workAreas/apriltag_ws/install/apriltag_msgs/lib/python3.8/site-packages:/home/april/workAreas/apriltag_ws/install/py_pysub/lib/python3.8/site-packages:/home/april/workAreas/apriltag_ws/install/cam_subscriber/lib/python3.8/site-packages:/home/april/rosApril_ws/install/py_pysub/lib/python3.8/site-packages:/home/april/rosApril_ws/install/cam_subscriber/lib/python3.8/site-packages:/home/april/rosApril_ws/install/apriltag_msgs/lib/python3.8/site-packages:/opt/ros/foxy/lib/python3.8/site-packages /usr/bin/cmake --install /home/april/workAreas/apriltag_ws/build/apriltag_ros
[1.976s] -- Install configuration: ""
[1.978s] -- Up-to-date: /home/april/workAreas/apriltag_ws/install/apriltag_ros/share/apriltag_ros/environment/library_path.sh
[1.985s] -- Up-to-date: /home/april/workAreas/apriltag_ws/install/apriltag_ros/share/apriltag_ros/environment/library_path.dsv
[1.997s] -- Up-to-date: /home/april/workAreas/apriltag_ws/install/apriltag_ros/lib/libAprilTagNode.so
[2.000s] -- Up-to-date: /home/april/workAreas/apriltag_ws/install/apriltag_ros/share/apriltag_ros/cfg
[2.002s] -- Up-to-date: /home/april/workAreas/apriltag_ws/install/apriltag_ros/share/apriltag_ros/cfg/tags_16h5_all.yaml
[2.003s] -- Up-to-date: /home/april/workAreas/apriltag_ws/install/apriltag_ros/share/apriltag_ros/cfg/tags_16h5_filtered.yaml
[2.005s] -- Up-to-date: /home/april/workAreas/apriltag_ws/install/apriltag_ros/share/apriltag_ros/cfg/tags_36h11_all.yaml
[2.007s] -- Up-to-date: /home/april/workAreas/apriltag_ws/install/apriltag_ros/share/apriltag_ros/launch
[2.009s] -- Up-to-date: /home/april/workAreas/apriltag_ws/install/apriltag_ros/share/apriltag_ros/launch/tag_16h5_all.launch.py
[2.019s] -- Up-to-date: /home/april/workAreas/apriltag_ws/install/apriltag_ros/share/ament_index/resource_index/package_run_dependencies/apriltag_ros
[2.025s] -- Up-to-date: /home/april/workAreas/apriltag_ws/install/apriltag_ros/share/ament_index/resource_index/parent_prefix_path/apriltag_ros
[2.026s] -- Up-to-date: /home/april/workAreas/apriltag_ws/install/apriltag_ros/share/apriltag_ros/environment/ament_prefix_path.sh
[2.027s] -- Up-to-date: /home/april/workAreas/apriltag_ws/install/apriltag_ros/share/apriltag_ros/environment/ament_prefix_path.dsv
[2.045s] -- Up-to-date: /home/april/workAreas/apriltag_ws/install/apriltag_ros/share/apriltag_ros/environment/path.sh
[2.054s] -- Up-to-date: /home/april/workAreas/apriltag_ws/install/apriltag_ros/share/apriltag_ros/environment/path.dsv
[2.061s] -- Up-to-date: /home/april/workAreas/apriltag_ws/install/apriltag_ros/share/apriltag_ros/local_setup.bash
[2.063s] -- Up-to-date: /home/april/workAreas/apriltag_ws/install/apriltag_ros/share/apriltag_ros/local_setup.sh
[2.072s] -- Up-to-date: /home/april/workAreas/apriltag_ws/install/apriltag_ros/share/apriltag_ros/local_setup.zsh
[2.076s] -- Up-to-date: /home/april/workAreas/apriltag_ws/install/apriltag_ros/share/apriltag_ros/local_setup.dsv
[2.078s] -- Installing: /home/april/workAreas/apriltag_ws/install/apriltag_ros/share/apriltag_ros/package.dsv
[2.080s] -- Up-to-date: /home/april/workAreas/apriltag_ws/install/apriltag_ros/share/ament_index/resource_index/packages/apriltag_ros
[2.082s] -- Up-to-date: /home/april/workAreas/apriltag_ws/install/apriltag_ros/share/ament_index/resource_index/rclcpp_components/apriltag_ros
[2.085s] -- Up-to-date: /home/april/workAreas/apriltag_ws/install/apriltag_ros/share/apriltag_ros/cmake/apriltag_rosConfig.cmake
[2.093s] -- Up-to-date: /home/april/workAreas/apriltag_ws/install/apriltag_ros/share/apriltag_ros/cmake/apriltag_rosConfig-version.cmake
[2.095s] -- Up-to-date: /home/april/workAreas/apriltag_ws/install/apriltag_ros/share/apriltag_ros/package.xml
[2.097s] Invoked command in '/home/april/workAreas/apriltag_ws/build/apriltag_ros' returned '0': CMAKE_PREFIX_PATH=/home/april/workAreas/apriltag_ws/install/apriltag_msgs:/home/april/workAreas/apriltag_ws/install/apriltag_ros:/home/april/rosApril_ws/install/apriltag_ros:/home/april/rosApril_ws/install/apriltag_msgs:/home/april/workAreas/apriltag_ws/install/py_pysub:/home/april/workAreas/apriltag_ws/install/cam_subscriber:/home/april/rosApril_ws/install/py_pysub:/home/april/rosApril_ws/install/cam_subscriber:/opt/ros/foxy LD_LIBRARY_PATH=/home/april/workAreas/apriltag_ws/install/apriltag_msgs/lib:/home/april/workAreas/apriltag_ws/install/apriltag_ros/lib:/home/april/rosApril_ws/install/apriltag_ros/lib:/home/april/rosApril_ws/install/apriltag_msgs/lib:/opt/ros/foxy/opt/yaml_cpp_vendor/lib:/opt/ros/foxy/opt/rviz_ogre_vendor/lib:/opt/ros/foxy/lib/aarch64-linux-gnu:/opt/ros/foxy/lib PYTHONPATH=/home/april/workAreas/apriltag_ws/install/apriltag_msgs/lib/python3.8/site-packages:/home/april/workAreas/apriltag_ws/install/py_pysub/lib/python3.8/site-packages:/home/april/workAreas/apriltag_ws/install/cam_subscriber/lib/python3.8/site-packages:/home/april/rosApril_ws/install/py_pysub/lib/python3.8/site-packages:/home/april/rosApril_ws/install/cam_subscriber/lib/python3.8/site-packages:/home/april/rosApril_ws/install/apriltag_msgs/lib/python3.8/site-packages:/opt/ros/foxy/lib/python3.8/site-packages /usr/bin/cmake --install /home/april/workAreas/apriltag_ws/build/apriltag_ros
