[6.541s] Invoking command in '/home/april/workAreas/apriltag_ws/src/py_pysub/py_pysub': PYTHONPATH=/home/april/workAreas/apriltag_ws/build/py_pysub/prefix_override:/home/april/workAreas/apriltag_ws/install/py_pysub/lib/python3.8/site-packages:${PYTHONPATH} /usr/bin/python3 setup.py egg_info --egg-base ../../../build/py_pysub build --build-base /home/april/workAreas/apriltag_ws/build/py_pysub/build install --record /home/april/workAreas/apriltag_ws/build/py_pysub/install.log --install-scripts $base/lib/py_pysub --single-version-externally-managed
[8.579s] running egg_info
[8.587s] writing ../../../build/py_pysub/py_pysub.egg-info/PKG-INFO
[8.591s] writing dependency_links to ../../../build/py_pysub/py_pysub.egg-info/dependency_links.txt
[8.592s] writing entry points to ../../../build/py_pysub/py_pysub.egg-info/entry_points.txt
[8.593s] writing requirements to ../../../build/py_pysub/py_pysub.egg-info/requires.txt
[8.594s] writing top-level names to ../../../build/py_pysub/py_pysub.egg-info/top_level.txt
[8.900s] reading manifest file '../../../build/py_pysub/py_pysub.egg-info/SOURCES.txt'
[8.901s] writing manifest file '../../../build/py_pysub/py_pysub.egg-info/SOURCES.txt'
[8.908s] running build
[8.909s] running build_py
[8.910s] running install
[8.910s] running install_lib
[8.922s] running install_data
[8.922s] running install_egg_info
[8.935s] removing '/home/april/workAreas/apriltag_ws/install/py_pysub/lib/python3.8/site-packages/py_pysub-0.0.0-py3.8.egg-info' (and everything under it)
[8.946s] Copying ../../../build/py_pysub/py_pysub.egg-info to /home/april/workAreas/apriltag_ws/install/py_pysub/lib/python3.8/site-packages/py_pysub-0.0.0-py3.8.egg-info
[8.959s] running install_scripts
[9.092s] Installing talker script to /home/april/workAreas/apriltag_ws/install/py_pysub/lib/py_pysub
[9.094s] writing list of installed files to '/home/april/workAreas/apriltag_ws/build/py_pysub/install.log'
[9.287s] Invoked command in '/home/april/workAreas/apriltag_ws/src/py_pysub/py_pysub' returned '0': PYTHONPATH=/home/april/workAreas/apriltag_ws/build/py_pysub/prefix_override:/home/april/workAreas/apriltag_ws/install/py_pysub/lib/python3.8/site-packages:${PYTHONPATH} /usr/bin/python3 setup.py egg_info --egg-base ../../../build/py_pysub build --build-base /home/april/workAreas/apriltag_ws/build/py_pysub/build install --record /home/april/workAreas/apriltag_ws/build/py_pysub/install.log --install-scripts $base/lib/py_pysub --single-version-externally-managed
