[0.142s] Invoking command in '/home/april/workAreas/apriltag_ws/build/apriltag_ros': CMAKE_PREFIX_PATH=/home/april/workAreas/apriltag_ws/install/apriltag_msgs:/home/april/workAreas/apriltag_ws/install/apriltag_ros:/home/april/rosApril_ws/install/apriltag_ros:/home/april/rosApril_ws/install/apriltag_msgs:/home/april/workAreas/apriltag_ws/install/py_pysub:/home/april/workAreas/apriltag_ws/install/cam_subscriber:/home/april/rosApril_ws/install/py_pysub:/home/april/rosApril_ws/install/cam_subscriber:/opt/ros/foxy LD_LIBRARY_PATH=/home/april/workAreas/apriltag_ws/install/apriltag_msgs/lib:/home/april/workAreas/apriltag_ws/install/apriltag_ros/lib:/home/april/rosApril_ws/install/apriltag_ros/lib:/home/april/rosApril_ws/install/apriltag_msgs/lib:/opt/ros/foxy/opt/yaml_cpp_vendor/lib:/opt/ros/foxy/opt/rviz_ogre_vendor/lib:/opt/ros/foxy/lib/aarch64-linux-gnu:/opt/ros/foxy/lib PYTHONPATH=/home/april/workAreas/apriltag_ws/install/apriltag_msgs/lib/python3.8/site-packages:/home/april/workAreas/apriltag_ws/install/py_pysub/lib/python3.8/site-packages:/home/april/workAreas/apriltag_ws/install/cam_subscriber/lib/python3.8/site-packages:/home/april/rosApril_ws/install/py_pysub/lib/python3.8/site-packages:/home/april/rosApril_ws/install/cam_subscriber/lib/python3.8/site-packages:/home/april/rosApril_ws/install/apriltag_msgs/lib/python3.8/site-packages:/opt/ros/foxy/lib/python3.8/site-packages /usr/bin/cmake --build /home/april/workAreas/apriltag_ws/build/apriltag_ros -- -j4 -l4
[0.711s] [100%] Built target AprilTagNode
[1.478s] Invoked command in '/home/april/workAreas/apriltag_ws/build/apriltag_ros' returned '0': CMAKE_PREFIX_PATH=/home/april/workAreas/apriltag_ws/install/apriltag_msgs:/home/april/workAreas/apriltag_ws/install/apriltag_ros:/home/april/rosApril_ws/install/apriltag_ros:/home/april/rosApril_ws/install/apriltag_msgs:/home/april/workAreas/apriltag_ws/install/py_pysub:/home/april/workAreas/apriltag_ws/install/cam_subscriber:/home/april/rosApril_ws/install/py_pysub:/home/april/rosApril_ws/install/cam_subscriber:/opt/ros/foxy LD_LIBRARY_PATH=/home/april/workAreas/apriltag_ws/install/apriltag_msgs/lib:/home/april/workAreas/apriltag_ws/install/apriltag_ros/lib:/home/april/rosApril_ws/install/apriltag_ros/lib:/home/april/rosApril_ws/install/apriltag_msgs/lib:/opt/ros/foxy/opt/yaml_cpp_vendor/lib:/opt/ros/foxy/opt/rviz_ogre_vendor/lib:/opt/ros/foxy/lib/aarch64-linux-gnu:/opt/ros/foxy/lib PYTHONPATH=/home/april/workAreas/apriltag_ws/install/apriltag_msgs/lib/python3.8/site-packages:/home/april/workAreas/apriltag_ws/install/py_pysub/lib/python3.8/site-packages:/home/april/workAreas/apriltag_ws/install/cam_subscriber/lib/python3.8/site-packages:/home/april/rosApril_ws/install/py_pysub/lib/python3.8/site-packages:/home/april/rosApril_ws/install/cam_subscriber/lib/python3.8/site-packages:/home/april/rosApril_ws/install/apriltag_msgs/lib/python3.8/site-packages:/opt/ros/foxy/lib/python3.8/site-packages /usr/bin/cmake --build /home/april/workAreas/apriltag_ws/build/apriltag_ros -- -j4 -l4
[1.653s] Invoking command in '/home/april/workAreas/apriltag_ws/build/apriltag_ros': CMAKE_PREFIX_PATH=/home/april/workAreas/apriltag_ws/install/apriltag_msgs:/home/april/workAreas/apriltag_ws/install/apriltag_ros:/home/april/rosApril_ws/install/apriltag_ros:/home/april/rosApril_ws/install/apriltag_msgs:/home/april/workAreas/apriltag_ws/install/py_pysub:/home/april/workAreas/apriltag_ws/install/cam_subscriber:/home/april/rosApril_ws/install/py_pysub:/home/april/rosApril_ws/install/cam_subscriber:/opt/ros/foxy LD_LIBRARY_PATH=/home/april/workAreas/apriltag_ws/install/apriltag_msgs/lib:/home/april/workAreas/apriltag_ws/install/apriltag_ros/lib:/home/april/rosApril_ws/install/apriltag_ros/lib:/home/april/rosApril_ws/install/apriltag_msgs/lib:/opt/ros/foxy/opt/yaml_cpp_vendor/lib:/opt/ros/foxy/opt/rviz_ogre_vendor/lib:/opt/ros/foxy/lib/aarch64-linux-gnu:/opt/ros/foxy/lib PYTHONPATH=/home/april/workAreas/apriltag_ws/install/apriltag_msgs/lib/python3.8/site-packages:/home/april/workAreas/apriltag_ws/install/py_pysub/lib/python3.8/site-packages:/home/april/workAreas/apriltag_ws/install/cam_subscriber/lib/python3.8/site-packages:/home/april/rosApril_ws/install/py_pysub/lib/python3.8/site-packages:/home/april/rosApril_ws/install/cam_subscriber/lib/python3.8/site-packages:/home/april/rosApril_ws/install/apriltag_msgs/lib/python3.8/site-packages:/opt/ros/foxy/lib/python3.8/site-packages /usr/bin/cmake --install /home/april/workAreas/apriltag_ws/build/apriltag_ros
[1.704s] -- Install configuration: ""
[1.706s] -- Up-to-date: /home/april/workAreas/apriltag_ws/install/apriltag_ros/share/apriltag_ros/environment/library_path.sh
[1.706s] -- Up-to-date: /home/april/workAreas/apriltag_ws/install/apriltag_ros/share/apriltag_ros/environment/library_path.dsv
[1.707s] -- Up-to-date: /home/april/workAreas/apriltag_ws/install/apriltag_ros/lib/libAprilTagNode.so
[1.709s] -- Up-to-date: /home/april/workAreas/apriltag_ws/install/apriltag_ros/share/apriltag_ros/cfg
[1.710s] -- Up-to-date: /home/april/workAreas/apriltag_ws/install/apriltag_ros/share/apriltag_ros/cfg/tags_16h5_all.yaml
[1.711s] -- Up-to-date: /home/april/workAreas/apriltag_ws/install/apriltag_ros/share/apriltag_ros/cfg/tags_16h5_filtered.yaml
[1.711s] -- Up-to-date: /home/april/workAreas/apriltag_ws/install/apriltag_ros/share/apriltag_ros/cfg/tags_36h11_all.yaml
[1.713s] -- Up-to-date: /home/april/workAreas/apriltag_ws/install/apriltag_ros/share/apriltag_ros/launch
[1.714s] -- Up-to-date: /home/april/workAreas/apriltag_ws/install/apriltag_ros/share/apriltag_ros/launch/tag_16h5_all.launch.py
[1.715s] -- Up-to-date: /home/april/workAreas/apriltag_ws/install/apriltag_ros/share/ament_index/resource_index/package_run_dependencies/apriltag_ros
[1.716s] -- Up-to-date: /home/april/workAreas/apriltag_ws/install/apriltag_ros/share/ament_index/resource_index/parent_prefix_path/apriltag_ros
[1.718s] -- Up-to-date: /home/april/workAreas/apriltag_ws/install/apriltag_ros/share/apriltag_ros/environment/ament_prefix_path.sh
[1.719s] -- Up-to-date: /home/april/workAreas/apriltag_ws/install/apriltag_ros/share/apriltag_ros/environment/ament_prefix_path.dsv
[1.719s] -- Up-to-date: /home/april/workAreas/apriltag_ws/install/apriltag_ros/share/apriltag_ros/environment/path.sh
[1.721s] -- Up-to-date: /home/april/workAreas/apriltag_ws/install/apriltag_ros/share/apriltag_ros/environment/path.dsv
[1.722s] -- Up-to-date: /home/april/workAreas/apriltag_ws/install/apriltag_ros/share/apriltag_ros/local_setup.bash
[1.723s] -- Up-to-date: /home/april/workAreas/apriltag_ws/install/apriltag_ros/share/apriltag_ros/local_setup.sh
[1.723s] -- Up-to-date: /home/april/workAreas/apriltag_ws/install/apriltag_ros/share/apriltag_ros/local_setup.zsh
[1.724s] -- Up-to-date: /home/april/workAreas/apriltag_ws/install/apriltag_ros/share/apriltag_ros/local_setup.dsv
[1.725s] -- Installing: /home/april/workAreas/apriltag_ws/install/apriltag_ros/share/apriltag_ros/package.dsv
[1.726s] -- Up-to-date: /home/april/workAreas/apriltag_ws/install/apriltag_ros/share/ament_index/resource_index/packages/apriltag_ros
[1.729s] -- Up-to-date: /home/april/workAreas/apriltag_ws/install/apriltag_ros/share/ament_index/resource_index/rclcpp_components/apriltag_ros
[1.730s] -- Up-to-date: /home/april/workAreas/apriltag_ws/install/apriltag_ros/share/apriltag_ros/cmake/apriltag_rosConfig.cmake
[1.746s] -- Up-to-date: /home/april/workAreas/apriltag_ws/install/apriltag_ros/share/apriltag_ros/cmake/apriltag_rosConfig-version.cmake
[1.750s] -- Up-to-date: /home/april/workAreas/apriltag_ws/install/apriltag_ros/share/apriltag_ros/package.xml
[1.751s] Invoked command in '/home/april/workAreas/apriltag_ws/build/apriltag_ros' returned '0': CMAKE_PREFIX_PATH=/home/april/workAreas/apriltag_ws/install/apriltag_msgs:/home/april/workAreas/apriltag_ws/install/apriltag_ros:/home/april/rosApril_ws/install/apriltag_ros:/home/april/rosApril_ws/install/apriltag_msgs:/home/april/workAreas/apriltag_ws/install/py_pysub:/home/april/workAreas/apriltag_ws/install/cam_subscriber:/home/april/rosApril_ws/install/py_pysub:/home/april/rosApril_ws/install/cam_subscriber:/opt/ros/foxy LD_LIBRARY_PATH=/home/april/workAreas/apriltag_ws/install/apriltag_msgs/lib:/home/april/workAreas/apriltag_ws/install/apriltag_ros/lib:/home/april/rosApril_ws/install/apriltag_ros/lib:/home/april/rosApril_ws/install/apriltag_msgs/lib:/opt/ros/foxy/opt/yaml_cpp_vendor/lib:/opt/ros/foxy/opt/rviz_ogre_vendor/lib:/opt/ros/foxy/lib/aarch64-linux-gnu:/opt/ros/foxy/lib PYTHONPATH=/home/april/workAreas/apriltag_ws/install/apriltag_msgs/lib/python3.8/site-packages:/home/april/workAreas/apriltag_ws/install/py_pysub/lib/python3.8/site-packages:/home/april/workAreas/apriltag_ws/install/cam_subscriber/lib/python3.8/site-packages:/home/april/rosApril_ws/install/py_pysub/lib/python3.8/site-packages:/home/april/rosApril_ws/install/cam_subscriber/lib/python3.8/site-packages:/home/april/rosApril_ws/install/apriltag_msgs/lib/python3.8/site-packages:/opt/ros/foxy/lib/python3.8/site-packages /usr/bin/cmake --install /home/april/workAreas/apriltag_ws/build/apriltag_ros
