[0.636s] DEBUG:colcon:Command line arguments: ['/usr/bin/colcon', 'build']
[0.637s] DEBUG:colcon:Parsed command line arguments: Namespace(allow_overriding=[], ament_cmake_args=None, base_paths=['.'], build_base='build', catkin_cmake_args=None, catkin_skip_building_tests=False, cmake_args=None, cmake_clean_cache=False, cmake_clean_first=False, cmake_force_configure=False, cmake_target=None, cmake_target_skip_unavailable=False, continue_on_error=False, event_handlers=None, executor='parallel', ignore_user_meta=False, install_base='install', log_base=None, log_level=None, main=<bound method BuildVerb.main of <colcon_core.verb.build.BuildVerb object at 0xffff7f4537c0>>, merge_install=False, metas=['./colcon.meta'], packages_above=None, packages_above_and_dependencies=None, packages_above_depth=None, packages_end=None, packages_ignore=None, packages_ignore_regex=None, packages_select=None, packages_select_build_failed=False, packages_select_by_dep=None, packages_select_regex=None, packages_select_test_failures=False, packages_skip=None, packages_skip_build_finished=False, packages_skip_by_dep=None, packages_skip_regex=None, packages_skip_test_passed=False, packages_skip_up_to=None, packages_start=None, packages_up_to=None, packages_up_to_regex=None, parallel_workers=4, paths=None, symlink_install=False, test_result_base=None, verb_extension=<colcon_core.verb.build.BuildVerb object at 0xffff7f4537c0>, verb_name='build', verb_parser=<colcon_defaults.argument_parser.defaults.DefaultArgumentsDecorator object at 0xffff7f453d30>)
[0.732s] Level 1:colcon.colcon_core.package_discovery:discover_packages(colcon_meta) check parameters
[0.733s] Level 1:colcon.colcon_core.package_discovery:discover_packages(recursive) check parameters
[0.733s] Level 1:colcon.colcon_core.package_discovery:discover_packages(ignore) check parameters
[0.733s] Level 1:colcon.colcon_core.package_discovery:discover_packages(path) check parameters
[0.733s] Level 1:colcon.colcon_core.package_discovery:discover_packages(colcon_meta) discover
[0.733s] Level 1:colcon.colcon_core.package_discovery:discover_packages(recursive) discover
[0.734s] INFO:colcon.colcon_core.package_discovery:Crawling recursively for packages in '/home/april/workAreas/apriltag_ws'
[0.734s] Level 1:colcon.colcon_core.package_identification:_identify(.) by extensions ['ignore', 'ignore_ament_install']
[0.734s] Level 1:colcon.colcon_core.package_identification:_identify(.) by extension 'ignore'
[0.735s] Level 1:colcon.colcon_core.package_identification:_identify(.) by extension 'ignore_ament_install'
[0.735s] Level 1:colcon.colcon_core.package_identification:_identify(.) by extensions ['colcon_pkg']
[0.735s] Level 1:colcon.colcon_core.package_identification:_identify(.) by extension 'colcon_pkg'
[0.735s] Level 1:colcon.colcon_core.package_identification:_identify(.) by extensions ['colcon_meta']
[0.735s] Level 1:colcon.colcon_core.package_identification:_identify(.) by extension 'colcon_meta'
[0.735s] Level 1:colcon.colcon_core.package_identification:_identify(.) by extensions ['ros']
[0.735s] Level 1:colcon.colcon_core.package_identification:_identify(.) by extension 'ros'
[0.776s] Level 1:colcon.colcon_core.package_identification:_identify(.) by extensions ['cmake', 'python']
[0.776s] Level 1:colcon.colcon_core.package_identification:_identify(.) by extension 'cmake'
[0.776s] Level 1:colcon.colcon_core.package_identification:_identify(.) by extension 'python'
[0.777s] Level 1:colcon.colcon_core.package_identification:_identify(.) by extensions ['python_setup_py']
[0.777s] Level 1:colcon.colcon_core.package_identification:_identify(.) by extension 'python_setup_py'
[0.777s] Level 1:colcon.colcon_core.package_identification:_identify(build) by extensions ['ignore', 'ignore_ament_install']
[0.778s] Level 1:colcon.colcon_core.package_identification:_identify(build) by extension 'ignore'
[0.778s] Level 1:colcon.colcon_core.package_identification:_identify(build) ignored
[0.778s] Level 1:colcon.colcon_core.package_identification:_identify(install) by extensions ['ignore', 'ignore_ament_install']
[0.779s] Level 1:colcon.colcon_core.package_identification:_identify(install) by extension 'ignore'
[0.779s] Level 1:colcon.colcon_core.package_identification:_identify(install) ignored
[0.780s] Level 1:colcon.colcon_core.package_identification:_identify(log) by extensions ['ignore', 'ignore_ament_install']
[0.780s] Level 1:colcon.colcon_core.package_identification:_identify(log) by extension 'ignore'
[0.780s] Level 1:colcon.colcon_core.package_identification:_identify(log) ignored
[0.780s] Level 1:colcon.colcon_core.package_identification:_identify(src) by extensions ['ignore', 'ignore_ament_install']
[0.781s] Level 1:colcon.colcon_core.package_identification:_identify(src) by extension 'ignore'
[0.781s] Level 1:colcon.colcon_core.package_identification:_identify(src) by extension 'ignore_ament_install'
[0.781s] Level 1:colcon.colcon_core.package_identification:_identify(src) by extensions ['colcon_pkg']
[0.781s] Level 1:colcon.colcon_core.package_identification:_identify(src) by extension 'colcon_pkg'
[0.781s] Level 1:colcon.colcon_core.package_identification:_identify(src) by extensions ['colcon_meta']
[0.781s] Level 1:colcon.colcon_core.package_identification:_identify(src) by extension 'colcon_meta'
[0.782s] Level 1:colcon.colcon_core.package_identification:_identify(src) by extensions ['ros']
[0.782s] Level 1:colcon.colcon_core.package_identification:_identify(src) by extension 'ros'
[0.782s] Level 1:colcon.colcon_core.package_identification:_identify(src) by extensions ['cmake', 'python']
[0.782s] Level 1:colcon.colcon_core.package_identification:_identify(src) by extension 'cmake'
[0.782s] Level 1:colcon.colcon_core.package_identification:_identify(src) by extension 'python'
[0.782s] Level 1:colcon.colcon_core.package_identification:_identify(src) by extensions ['python_setup_py']
[0.783s] Level 1:colcon.colcon_core.package_identification:_identify(src) by extension 'python_setup_py'
[0.783s] Level 1:colcon.colcon_core.package_identification:_identify(src/apriltag_msgs) by extensions ['ignore', 'ignore_ament_install']
[0.783s] Level 1:colcon.colcon_core.package_identification:_identify(src/apriltag_msgs) by extension 'ignore'
[0.783s] Level 1:colcon.colcon_core.package_identification:_identify(src/apriltag_msgs) by extension 'ignore_ament_install'
[0.784s] Level 1:colcon.colcon_core.package_identification:_identify(src/apriltag_msgs) by extensions ['colcon_pkg']
[0.784s] Level 1:colcon.colcon_core.package_identification:_identify(src/apriltag_msgs) by extension 'colcon_pkg'
[0.784s] Level 1:colcon.colcon_core.package_identification:_identify(src/apriltag_msgs) by extensions ['colcon_meta']
[0.784s] Level 1:colcon.colcon_core.package_identification:_identify(src/apriltag_msgs) by extension 'colcon_meta'
[0.784s] Level 1:colcon.colcon_core.package_identification:_identify(src/apriltag_msgs) by extensions ['ros']
[0.784s] Level 1:colcon.colcon_core.package_identification:_identify(src/apriltag_msgs) by extension 'ros'
[0.792s] DEBUG:colcon.colcon_core.package_identification:Package 'src/apriltag_msgs' with type 'ros.ament_cmake' and name 'apriltag_msgs'
[0.793s] Level 1:colcon.colcon_core.package_identification:_identify(src/apriltag_ros) by extensions ['ignore', 'ignore_ament_install']
[0.793s] Level 1:colcon.colcon_core.package_identification:_identify(src/apriltag_ros) by extension 'ignore'
[0.793s] Level 1:colcon.colcon_core.package_identification:_identify(src/apriltag_ros) by extension 'ignore_ament_install'
[0.794s] Level 1:colcon.colcon_core.package_identification:_identify(src/apriltag_ros) by extensions ['colcon_pkg']
[0.794s] Level 1:colcon.colcon_core.package_identification:_identify(src/apriltag_ros) by extension 'colcon_pkg'
[0.794s] Level 1:colcon.colcon_core.package_identification:_identify(src/apriltag_ros) by extensions ['colcon_meta']
[0.794s] Level 1:colcon.colcon_core.package_identification:_identify(src/apriltag_ros) by extension 'colcon_meta'
[0.794s] Level 1:colcon.colcon_core.package_identification:_identify(src/apriltag_ros) by extensions ['ros']
[0.794s] Level 1:colcon.colcon_core.package_identification:_identify(src/apriltag_ros) by extension 'ros'
[0.803s] DEBUG:colcon.colcon_core.package_identification:Package 'src/apriltag_ros' with type 'ros.ament_cmake' and name 'apriltag_ros'
[0.804s] Level 1:colcon.colcon_core.package_identification:_identify(src/cam_subscriber) by extensions ['ignore', 'ignore_ament_install']
[0.804s] Level 1:colcon.colcon_core.package_identification:_identify(src/cam_subscriber) by extension 'ignore'
[0.804s] Level 1:colcon.colcon_core.package_identification:_identify(src/cam_subscriber) by extension 'ignore_ament_install'
[0.805s] Level 1:colcon.colcon_core.package_identification:_identify(src/cam_subscriber) by extensions ['colcon_pkg']
[0.805s] Level 1:colcon.colcon_core.package_identification:_identify(src/cam_subscriber) by extension 'colcon_pkg'
[0.805s] Level 1:colcon.colcon_core.package_identification:_identify(src/cam_subscriber) by extensions ['colcon_meta']
[0.805s] Level 1:colcon.colcon_core.package_identification:_identify(src/cam_subscriber) by extension 'colcon_meta'
[0.805s] Level 1:colcon.colcon_core.package_identification:_identify(src/cam_subscriber) by extensions ['ros']
[0.805s] Level 1:colcon.colcon_core.package_identification:_identify(src/cam_subscriber) by extension 'ros'
[0.808s] DEBUG:colcon.colcon_core.package_identification:Package 'src/cam_subscriber' with type 'ros.ament_python' and name 'cam_subscriber'
[0.809s] Level 1:colcon.colcon_core.package_identification:_identify(src/py_pysub) by extensions ['ignore', 'ignore_ament_install']
[0.809s] Level 1:colcon.colcon_core.package_identification:_identify(src/py_pysub) by extension 'ignore'
[0.809s] Level 1:colcon.colcon_core.package_identification:_identify(src/py_pysub) by extension 'ignore_ament_install'
[0.810s] Level 1:colcon.colcon_core.package_identification:_identify(src/py_pysub) by extensions ['colcon_pkg']
[0.810s] Level 1:colcon.colcon_core.package_identification:_identify(src/py_pysub) by extension 'colcon_pkg'
[0.810s] Level 1:colcon.colcon_core.package_identification:_identify(src/py_pysub) by extensions ['colcon_meta']
[0.810s] Level 1:colcon.colcon_core.package_identification:_identify(src/py_pysub) by extension 'colcon_meta'
[0.810s] Level 1:colcon.colcon_core.package_identification:_identify(src/py_pysub) by extensions ['ros']
[0.810s] Level 1:colcon.colcon_core.package_identification:_identify(src/py_pysub) by extension 'ros'
[0.811s] Level 1:colcon.colcon_core.package_identification:_identify(src/py_pysub) by extensions ['cmake', 'python']
[0.811s] Level 1:colcon.colcon_core.package_identification:_identify(src/py_pysub) by extension 'cmake'
[0.811s] Level 1:colcon.colcon_core.package_identification:_identify(src/py_pysub) by extension 'python'
[0.811s] Level 1:colcon.colcon_core.package_identification:_identify(src/py_pysub) by extensions ['python_setup_py']
[0.811s] Level 1:colcon.colcon_core.package_identification:_identify(src/py_pysub) by extension 'python_setup_py'
[0.812s] Level 1:colcon.colcon_core.package_identification:_identify(src/py_pysub/py_pysub) by extensions ['ignore', 'ignore_ament_install']
[0.812s] Level 1:colcon.colcon_core.package_identification:_identify(src/py_pysub/py_pysub) by extension 'ignore'
[0.812s] Level 1:colcon.colcon_core.package_identification:_identify(src/py_pysub/py_pysub) by extension 'ignore_ament_install'
[0.812s] Level 1:colcon.colcon_core.package_identification:_identify(src/py_pysub/py_pysub) by extensions ['colcon_pkg']
[0.812s] Level 1:colcon.colcon_core.package_identification:_identify(src/py_pysub/py_pysub) by extension 'colcon_pkg'
[0.813s] Level 1:colcon.colcon_core.package_identification:_identify(src/py_pysub/py_pysub) by extensions ['colcon_meta']
[0.813s] Level 1:colcon.colcon_core.package_identification:_identify(src/py_pysub/py_pysub) by extension 'colcon_meta'
[0.813s] Level 1:colcon.colcon_core.package_identification:_identify(src/py_pysub/py_pysub) by extensions ['ros']
[0.813s] Level 1:colcon.colcon_core.package_identification:_identify(src/py_pysub/py_pysub) by extension 'ros'
[0.815s] DEBUG:colcon.colcon_core.package_identification:Package 'src/py_pysub/py_pysub' with type 'ros.ament_python' and name 'py_pysub'
[0.815s] Level 1:colcon.colcon_core.package_discovery:discover_packages(recursive) using defaults
[0.815s] Level 1:colcon.colcon_core.package_discovery:discover_packages(ignore) discover
[0.815s] Level 1:colcon.colcon_core.package_discovery:discover_packages(ignore) using defaults
[0.816s] Level 1:colcon.colcon_core.package_discovery:discover_packages(path) discover
[0.816s] Level 1:colcon.colcon_core.package_discovery:discover_packages(path) using defaults
[0.929s] Level 1:colcon.colcon_core.package_discovery:discover_packages(prefix_path) check parameters
[0.930s] Level 1:colcon.colcon_core.package_discovery:discover_packages(prefix_path) discover
[0.952s] DEBUG:colcon.colcon_installed_package_information.package_discovery:Found 4 installed packages in /home/april/workAreas/apriltag_ws/install
[0.956s] DEBUG:colcon.colcon_installed_package_information.package_discovery:Found 4 installed packages in /home/april/rosApril_ws/install
[0.967s] DEBUG:colcon.colcon_installed_package_information.package_discovery:Found 263 installed packages in /opt/ros/foxy
[0.974s] Level 1:colcon.colcon_core.package_discovery:discover_packages(prefix_path) using defaults
[1.263s] Level 5:colcon.colcon_core.verb:set package 'apriltag_msgs' build argument 'cmake_args' from command line to 'None'
[1.263s] Level 5:colcon.colcon_core.verb:set package 'apriltag_msgs' build argument 'cmake_target' from command line to 'None'
[1.267s] Level 5:colcon.colcon_core.verb:set package 'apriltag_msgs' build argument 'cmake_target_skip_unavailable' from command line to 'False'
[1.267s] Level 5:colcon.colcon_core.verb:set package 'apriltag_msgs' build argument 'cmake_clean_cache' from command line to 'False'
[1.267s] Level 5:colcon.colcon_core.verb:set package 'apriltag_msgs' build argument 'cmake_clean_first' from command line to 'False'
[1.267s] Level 5:colcon.colcon_core.verb:set package 'apriltag_msgs' build argument 'cmake_force_configure' from command line to 'False'
[1.267s] Level 5:colcon.colcon_core.verb:set package 'apriltag_msgs' build argument 'ament_cmake_args' from command line to 'None'
[1.267s] Level 5:colcon.colcon_core.verb:set package 'apriltag_msgs' build argument 'catkin_cmake_args' from command line to 'None'
[1.267s] Level 5:colcon.colcon_core.verb:set package 'apriltag_msgs' build argument 'catkin_skip_building_tests' from command line to 'False'
[1.267s] DEBUG:colcon.colcon_core.verb:Building package 'apriltag_msgs' with the following arguments: {'ament_cmake_args': None, 'build_base': '/home/april/workAreas/apriltag_ws/build/apriltag_msgs', 'catkin_cmake_args': None, 'catkin_skip_building_tests': False, 'cmake_args': None, 'cmake_clean_cache': False, 'cmake_clean_first': False, 'cmake_force_configure': False, 'cmake_target': None, 'cmake_target_skip_unavailable': False, 'install_base': '/home/april/workAreas/apriltag_ws/install/apriltag_msgs', 'merge_install': False, 'path': '/home/april/workAreas/apriltag_ws/src/apriltag_msgs', 'symlink_install': False, 'test_result_base': None}
[1.272s] Level 5:colcon.colcon_core.verb:set package 'py_pysub' build argument 'cmake_args' from command line to 'None'
[1.272s] Level 5:colcon.colcon_core.verb:set package 'py_pysub' build argument 'cmake_target' from command line to 'None'
[1.273s] Level 5:colcon.colcon_core.verb:set package 'py_pysub' build argument 'cmake_target_skip_unavailable' from command line to 'False'
[1.273s] Level 5:colcon.colcon_core.verb:set package 'py_pysub' build argument 'cmake_clean_cache' from command line to 'False'
[1.273s] Level 5:colcon.colcon_core.verb:set package 'py_pysub' build argument 'cmake_clean_first' from command line to 'False'
[1.273s] Level 5:colcon.colcon_core.verb:set package 'py_pysub' build argument 'cmake_force_configure' from command line to 'False'
[1.273s] Level 5:colcon.colcon_core.verb:set package 'py_pysub' build argument 'ament_cmake_args' from command line to 'None'
[1.273s] Level 5:colcon.colcon_core.verb:set package 'py_pysub' build argument 'catkin_cmake_args' from command line to 'None'
[1.273s] Level 5:colcon.colcon_core.verb:set package 'py_pysub' build argument 'catkin_skip_building_tests' from command line to 'False'
[1.273s] DEBUG:colcon.colcon_core.verb:Building package 'py_pysub' with the following arguments: {'ament_cmake_args': None, 'build_base': '/home/april/workAreas/apriltag_ws/build/py_pysub', 'catkin_cmake_args': None, 'catkin_skip_building_tests': False, 'cmake_args': None, 'cmake_clean_cache': False, 'cmake_clean_first': False, 'cmake_force_configure': False, 'cmake_target': None, 'cmake_target_skip_unavailable': False, 'install_base': '/home/april/workAreas/apriltag_ws/install/py_pysub', 'merge_install': False, 'path': '/home/april/workAreas/apriltag_ws/src/py_pysub/py_pysub', 'symlink_install': False, 'test_result_base': None}
[1.278s] Level 5:colcon.colcon_core.verb:set package 'apriltag_ros' build argument 'cmake_args' from command line to 'None'
[1.278s] Level 5:colcon.colcon_core.verb:set package 'apriltag_ros' build argument 'cmake_target' from command line to 'None'
[1.279s] Level 5:colcon.colcon_core.verb:set package 'apriltag_ros' build argument 'cmake_target_skip_unavailable' from command line to 'False'
[1.279s] Level 5:colcon.colcon_core.verb:set package 'apriltag_ros' build argument 'cmake_clean_cache' from command line to 'False'
[1.279s] Level 5:colcon.colcon_core.verb:set package 'apriltag_ros' build argument 'cmake_clean_first' from command line to 'False'
[1.279s] Level 5:colcon.colcon_core.verb:set package 'apriltag_ros' build argument 'cmake_force_configure' from command line to 'False'
[1.279s] Level 5:colcon.colcon_core.verb:set package 'apriltag_ros' build argument 'ament_cmake_args' from command line to 'None'
[1.279s] Level 5:colcon.colcon_core.verb:set package 'apriltag_ros' build argument 'catkin_cmake_args' from command line to 'None'
[1.279s] Level 5:colcon.colcon_core.verb:set package 'apriltag_ros' build argument 'catkin_skip_building_tests' from command line to 'False'
[1.279s] DEBUG:colcon.colcon_core.verb:Building package 'apriltag_ros' with the following arguments: {'ament_cmake_args': None, 'build_base': '/home/april/workAreas/apriltag_ws/build/apriltag_ros', 'catkin_cmake_args': None, 'catkin_skip_building_tests': False, 'cmake_args': None, 'cmake_clean_cache': False, 'cmake_clean_first': False, 'cmake_force_configure': False, 'cmake_target': None, 'cmake_target_skip_unavailable': False, 'install_base': '/home/april/workAreas/apriltag_ws/install/apriltag_ros', 'merge_install': False, 'path': '/home/april/workAreas/apriltag_ws/src/apriltag_ros', 'symlink_install': False, 'test_result_base': None}
[1.285s] Level 5:colcon.colcon_core.verb:set package 'cam_subscriber' build argument 'cmake_args' from command line to 'None'
[1.285s] Level 5:colcon.colcon_core.verb:set package 'cam_subscriber' build argument 'cmake_target' from command line to 'None'
[1.285s] Level 5:colcon.colcon_core.verb:set package 'cam_subscriber' build argument 'cmake_target_skip_unavailable' from command line to 'False'
[1.285s] Level 5:colcon.colcon_core.verb:set package 'cam_subscriber' build argument 'cmake_clean_cache' from command line to 'False'
[1.285s] Level 5:colcon.colcon_core.verb:set package 'cam_subscriber' build argument 'cmake_clean_first' from command line to 'False'
[1.285s] Level 5:colcon.colcon_core.verb:set package 'cam_subscriber' build argument 'cmake_force_configure' from command line to 'False'
[1.286s] Level 5:colcon.colcon_core.verb:set package 'cam_subscriber' build argument 'ament_cmake_args' from command line to 'None'
[1.286s] Level 5:colcon.colcon_core.verb:set package 'cam_subscriber' build argument 'catkin_cmake_args' from command line to 'None'
[1.286s] Level 5:colcon.colcon_core.verb:set package 'cam_subscriber' build argument 'catkin_skip_building_tests' from command line to 'False'
[1.286s] DEBUG:colcon.colcon_core.verb:Building package 'cam_subscriber' with the following arguments: {'ament_cmake_args': None, 'build_base': '/home/april/workAreas/apriltag_ws/build/cam_subscriber', 'catkin_cmake_args': None, 'catkin_skip_building_tests': False, 'cmake_args': None, 'cmake_clean_cache': False, 'cmake_clean_first': False, 'cmake_force_configure': False, 'cmake_target': None, 'cmake_target_skip_unavailable': False, 'install_base': '/home/april/workAreas/apriltag_ws/install/cam_subscriber', 'merge_install': False, 'path': '/home/april/workAreas/apriltag_ws/src/cam_subscriber', 'symlink_install': False, 'test_result_base': None}
[1.289s] INFO:colcon.colcon_core.executor:Executing jobs using 'parallel' executor
[1.305s] DEBUG:colcon.colcon_parallel_executor.executor.parallel:run_until_complete
[1.307s] INFO:colcon.colcon_ros.task.ament_cmake.build:Building ROS package in '/home/april/workAreas/apriltag_ws/src/apriltag_msgs' with build type 'ament_cmake'
[1.307s] INFO:colcon.colcon_cmake.task.cmake.build:Building CMake package in '/home/april/workAreas/apriltag_ws/src/apriltag_msgs'
[1.328s] INFO:colcon.colcon_core.plugin_system:Skipping extension 'colcon_core.shell.bat': Not used on non-Windows systems
[1.329s] INFO:colcon.colcon_core.shell:Skip shell extension 'powershell' for command environment: Not usable outside of PowerShell
[1.329s] DEBUG:colcon.colcon_core.shell:Skip shell extension 'dsv' for command environment
[1.379s] INFO:colcon.colcon_ros.task.ament_python.build:Building ROS package in '/home/april/workAreas/apriltag_ws/src/py_pysub/py_pysub' with build type 'ament_python'
[1.381s] Level 1:colcon.colcon_core.shell:create_environment_hook('py_pysub', 'ament_prefix_path')
[1.391s] INFO:colcon.colcon_core.shell:Creating environment hook '/home/april/workAreas/apriltag_ws/install/py_pysub/share/py_pysub/hook/ament_prefix_path.ps1'
[1.394s] INFO:colcon.colcon_core.shell:Creating environment descriptor '/home/april/workAreas/apriltag_ws/install/py_pysub/share/py_pysub/hook/ament_prefix_path.dsv'
[1.399s] INFO:colcon.colcon_core.shell:Creating environment hook '/home/april/workAreas/apriltag_ws/install/py_pysub/share/py_pysub/hook/ament_prefix_path.sh'
[1.416s] INFO:colcon.colcon_core.shell:Skip shell extension 'powershell' for command environment: Not usable outside of PowerShell
[1.417s] DEBUG:colcon.colcon_core.shell:Skip shell extension 'dsv' for command environment
[1.504s] DEBUG:colcon.colcon_core.event_handler.log_command:Invoking command in '/home/april/workAreas/apriltag_ws/build/apriltag_msgs': CMAKE_PREFIX_PATH=${CMAKE_PREFIX_PATH}:/home/april/workAreas/apriltag_ws/install/py_pysub:/home/april/workAreas/apriltag_ws/install/cam_subscriber:/home/april/rosApril_ws/install/py_pysub:/home/april/rosApril_ws/install/cam_subscriber:/opt/ros/foxy /usr/bin/cmake --build /home/april/workAreas/apriltag_ws/build/apriltag_msgs -- -j4 -l4
[2.937s] INFO:colcon.colcon_core.task.python.build:Building Python package in '/home/april/workAreas/apriltag_ws/src/py_pysub/py_pysub'
[2.946s] INFO:colcon.colcon_core.shell:Skip shell extension 'powershell' for command environment: Not usable outside of PowerShell
[2.948s] DEBUG:colcon.colcon_core.shell:Skip shell extension 'dsv' for command environment
[2.990s] DEBUG:colcon.colcon_core.event_handler.log_command:Invoked command in '/home/april/workAreas/apriltag_ws/build/apriltag_msgs' returned '0': CMAKE_PREFIX_PATH=${CMAKE_PREFIX_PATH}:/home/april/workAreas/apriltag_ws/install/py_pysub:/home/april/workAreas/apriltag_ws/install/cam_subscriber:/home/april/rosApril_ws/install/py_pysub:/home/april/rosApril_ws/install/cam_subscriber:/opt/ros/foxy /usr/bin/cmake --build /home/april/workAreas/apriltag_ws/build/apriltag_msgs -- -j4 -l4
[3.616s] DEBUG:colcon.colcon_core.event_handler.log_command:Invoking command in '/home/april/workAreas/apriltag_ws/build/apriltag_msgs': CMAKE_PREFIX_PATH=${CMAKE_PREFIX_PATH}:/home/april/workAreas/apriltag_ws/install/py_pysub:/home/april/workAreas/apriltag_ws/install/cam_subscriber:/home/april/rosApril_ws/install/py_pysub:/home/april/rosApril_ws/install/cam_subscriber:/opt/ros/foxy /usr/bin/cmake --install /home/april/workAreas/apriltag_ws/build/apriltag_msgs
[3.929s] Level 1:colcon.colcon_core.environment:create_environment_scripts_only(apriltag_msgs)
[3.932s] DEBUG:colcon.colcon_core.event_handler.log_command:Invoked command in '/home/april/workAreas/apriltag_ws/build/apriltag_msgs' returned '0': CMAKE_PREFIX_PATH=${CMAKE_PREFIX_PATH}:/home/april/workAreas/apriltag_ws/install/py_pysub:/home/april/workAreas/apriltag_ws/install/cam_subscriber:/home/april/rosApril_ws/install/py_pysub:/home/april/rosApril_ws/install/cam_subscriber:/opt/ros/foxy /usr/bin/cmake --install /home/april/workAreas/apriltag_ws/build/apriltag_msgs
[3.962s] Level 1:colcon.colcon_core.environment:checking '/home/april/workAreas/apriltag_ws/install/apriltag_msgs' for CMake module files
[3.966s] Level 1:colcon.colcon_core.environment:checking '/home/april/workAreas/apriltag_ws/install/apriltag_msgs' for CMake config files
[3.970s] Level 1:colcon.colcon_core.shell:create_environment_hook('apriltag_msgs', 'cmake_prefix_path')
[3.976s] INFO:colcon.colcon_core.shell:Creating environment hook '/home/april/workAreas/apriltag_ws/install/apriltag_msgs/share/apriltag_msgs/hook/cmake_prefix_path.ps1'
[3.978s] INFO:colcon.colcon_core.shell:Creating environment descriptor '/home/april/workAreas/apriltag_ws/install/apriltag_msgs/share/apriltag_msgs/hook/cmake_prefix_path.dsv'
[3.980s] INFO:colcon.colcon_core.shell:Creating environment hook '/home/april/workAreas/apriltag_ws/install/apriltag_msgs/share/apriltag_msgs/hook/cmake_prefix_path.sh'
[3.984s] Level 1:colcon.colcon_core.environment:checking '/home/april/workAreas/apriltag_ws/install/apriltag_msgs/lib'
[3.984s] Level 1:colcon.colcon_core.shell:create_environment_hook('apriltag_msgs', 'ld_library_path_lib')
[3.991s] INFO:colcon.colcon_core.shell:Creating environment hook '/home/april/workAreas/apriltag_ws/install/apriltag_msgs/share/apriltag_msgs/hook/ld_library_path_lib.ps1'
[3.993s] INFO:colcon.colcon_core.shell:Creating environment descriptor '/home/april/workAreas/apriltag_ws/install/apriltag_msgs/share/apriltag_msgs/hook/ld_library_path_lib.dsv'
[3.994s] INFO:colcon.colcon_core.shell:Creating environment hook '/home/april/workAreas/apriltag_ws/install/apriltag_msgs/share/apriltag_msgs/hook/ld_library_path_lib.sh'
[3.996s] Level 1:colcon.colcon_core.environment:checking '/home/april/workAreas/apriltag_ws/install/apriltag_msgs/bin'
[3.997s] Level 1:colcon.colcon_core.environment:checking '/home/april/workAreas/apriltag_ws/install/apriltag_msgs/lib/pkgconfig/apriltag_msgs.pc'
[3.998s] Level 1:colcon.colcon_core.environment:checking '/home/april/workAreas/apriltag_ws/install/apriltag_msgs/lib/python3.8/site-packages'
[3.998s] Level 1:colcon.colcon_core.shell:create_environment_hook('apriltag_msgs', 'pythonpath')
[4.004s] INFO:colcon.colcon_core.shell:Creating environment hook '/home/april/workAreas/apriltag_ws/install/apriltag_msgs/share/apriltag_msgs/hook/pythonpath.ps1'
[4.006s] INFO:colcon.colcon_core.shell:Creating environment descriptor '/home/april/workAreas/apriltag_ws/install/apriltag_msgs/share/apriltag_msgs/hook/pythonpath.dsv'
[4.008s] INFO:colcon.colcon_core.shell:Creating environment hook '/home/april/workAreas/apriltag_ws/install/apriltag_msgs/share/apriltag_msgs/hook/pythonpath.sh'
[4.011s] Level 1:colcon.colcon_core.environment:checking '/home/april/workAreas/apriltag_ws/install/apriltag_msgs/bin'
[4.018s] INFO:colcon.colcon_core.shell:Creating package script '/home/april/workAreas/apriltag_ws/install/apriltag_msgs/share/apriltag_msgs/package.ps1'
[4.022s] INFO:colcon.colcon_core.shell:Creating package descriptor '/home/april/workAreas/apriltag_ws/install/apriltag_msgs/share/apriltag_msgs/package.dsv'
[4.025s] INFO:colcon.colcon_core.shell:Creating package script '/home/april/workAreas/apriltag_ws/install/apriltag_msgs/share/apriltag_msgs/package.sh'
[4.029s] INFO:colcon.colcon_core.shell:Creating package script '/home/april/workAreas/apriltag_ws/install/apriltag_msgs/share/apriltag_msgs/package.bash'
[4.032s] INFO:colcon.colcon_core.shell:Creating package script '/home/april/workAreas/apriltag_ws/install/apriltag_msgs/share/apriltag_msgs/package.zsh'
[4.035s] Level 1:colcon.colcon_core.environment:create_file_with_runtime_dependencies(/home/april/workAreas/apriltag_ws/install/apriltag_msgs/share/colcon-core/packages/apriltag_msgs)
[4.608s] Level 1:colcon.colcon_core.environment:create_environment_scripts_only(apriltag_msgs)
[4.617s] Level 1:colcon.colcon_core.environment:checking '/home/april/workAreas/apriltag_ws/install/apriltag_msgs' for CMake module files
[4.621s] Level 1:colcon.colcon_core.environment:checking '/home/april/workAreas/apriltag_ws/install/apriltag_msgs' for CMake config files
[4.626s] Level 1:colcon.colcon_core.shell:create_environment_hook('apriltag_msgs', 'cmake_prefix_path')
[4.632s] INFO:colcon.colcon_core.shell:Creating environment hook '/home/april/workAreas/apriltag_ws/install/apriltag_msgs/share/apriltag_msgs/hook/cmake_prefix_path.ps1'
[4.636s] INFO:colcon.colcon_core.shell:Creating environment descriptor '/home/april/workAreas/apriltag_ws/install/apriltag_msgs/share/apriltag_msgs/hook/cmake_prefix_path.dsv'
[4.638s] INFO:colcon.colcon_core.shell:Creating environment hook '/home/april/workAreas/apriltag_ws/install/apriltag_msgs/share/apriltag_msgs/hook/cmake_prefix_path.sh'
[4.641s] Level 1:colcon.colcon_core.environment:checking '/home/april/workAreas/apriltag_ws/install/apriltag_msgs/lib'
[4.641s] Level 1:colcon.colcon_core.shell:create_environment_hook('apriltag_msgs', 'ld_library_path_lib')
[4.648s] INFO:colcon.colcon_core.shell:Creating environment hook '/home/april/workAreas/apriltag_ws/install/apriltag_msgs/share/apriltag_msgs/hook/ld_library_path_lib.ps1'
[4.650s] INFO:colcon.colcon_core.shell:Creating environment descriptor '/home/april/workAreas/apriltag_ws/install/apriltag_msgs/share/apriltag_msgs/hook/ld_library_path_lib.dsv'
[4.652s] INFO:colcon.colcon_core.shell:Creating environment hook '/home/april/workAreas/apriltag_ws/install/apriltag_msgs/share/apriltag_msgs/hook/ld_library_path_lib.sh'
[4.654s] Level 1:colcon.colcon_core.environment:checking '/home/april/workAreas/apriltag_ws/install/apriltag_msgs/bin'
[4.655s] Level 1:colcon.colcon_core.environment:checking '/home/april/workAreas/apriltag_ws/install/apriltag_msgs/lib/pkgconfig/apriltag_msgs.pc'
[4.656s] Level 1:colcon.colcon_core.environment:checking '/home/april/workAreas/apriltag_ws/install/apriltag_msgs/lib/python3.8/site-packages'
[4.656s] Level 1:colcon.colcon_core.shell:create_environment_hook('apriltag_msgs', 'pythonpath')
[4.663s] INFO:colcon.colcon_core.shell:Creating environment hook '/home/april/workAreas/apriltag_ws/install/apriltag_msgs/share/apriltag_msgs/hook/pythonpath.ps1'
[4.670s] INFO:colcon.colcon_core.shell:Creating environment descriptor '/home/april/workAreas/apriltag_ws/install/apriltag_msgs/share/apriltag_msgs/hook/pythonpath.dsv'
[4.674s] INFO:colcon.colcon_core.shell:Creating environment hook '/home/april/workAreas/apriltag_ws/install/apriltag_msgs/share/apriltag_msgs/hook/pythonpath.sh'
[4.678s] Level 1:colcon.colcon_core.environment:checking '/home/april/workAreas/apriltag_ws/install/apriltag_msgs/bin'
[4.685s] INFO:colcon.colcon_core.shell:Creating package script '/home/april/workAreas/apriltag_ws/install/apriltag_msgs/share/apriltag_msgs/package.ps1'
[4.688s] INFO:colcon.colcon_core.shell:Creating package descriptor '/home/april/workAreas/apriltag_ws/install/apriltag_msgs/share/apriltag_msgs/package.dsv'
[4.691s] INFO:colcon.colcon_core.shell:Creating package script '/home/april/workAreas/apriltag_ws/install/apriltag_msgs/share/apriltag_msgs/package.sh'
[4.693s] INFO:colcon.colcon_core.shell:Creating package script '/home/april/workAreas/apriltag_ws/install/apriltag_msgs/share/apriltag_msgs/package.bash'
[4.695s] INFO:colcon.colcon_core.shell:Creating package script '/home/april/workAreas/apriltag_ws/install/apriltag_msgs/share/apriltag_msgs/package.zsh'
[4.698s] Level 1:colcon.colcon_core.environment:create_file_with_runtime_dependencies(/home/april/workAreas/apriltag_ws/install/apriltag_msgs/share/colcon-core/packages/apriltag_msgs)
[4.700s] INFO:colcon.colcon_ros.task.ament_cmake.build:Building ROS package in '/home/april/workAreas/apriltag_ws/src/apriltag_ros' with build type 'ament_cmake'
[4.701s] INFO:colcon.colcon_cmake.task.cmake.build:Building CMake package in '/home/april/workAreas/apriltag_ws/src/apriltag_ros'
[4.707s] INFO:colcon.colcon_core.shell:Skip shell extension 'powershell' for command environment: Not usable outside of PowerShell
[4.708s] DEBUG:colcon.colcon_core.shell:Skip shell extension 'dsv' for command environment
[4.755s] INFO:colcon.colcon_ros.task.ament_python.build:Building ROS package in '/home/april/workAreas/apriltag_ws/src/cam_subscriber' with build type 'ament_python'
[4.759s] Level 1:colcon.colcon_core.shell:create_environment_hook('cam_subscriber', 'ament_prefix_path')
[4.772s] INFO:colcon.colcon_core.shell:Creating environment hook '/home/april/workAreas/apriltag_ws/install/cam_subscriber/share/cam_subscriber/hook/ament_prefix_path.ps1'
[4.776s] INFO:colcon.colcon_core.shell:Creating environment descriptor '/home/april/workAreas/apriltag_ws/install/cam_subscriber/share/cam_subscriber/hook/ament_prefix_path.dsv'
[4.778s] INFO:colcon.colcon_core.shell:Creating environment hook '/home/april/workAreas/apriltag_ws/install/cam_subscriber/share/cam_subscriber/hook/ament_prefix_path.sh'
[4.790s] INFO:colcon.colcon_core.shell:Skip shell extension 'powershell' for command environment: Not usable outside of PowerShell
[4.790s] DEBUG:colcon.colcon_core.shell:Skip shell extension 'dsv' for command environment
[4.864s] DEBUG:colcon.colcon_core.event_handler.log_command:Invoking command in '/home/april/workAreas/apriltag_ws/build/apriltag_ros': CMAKE_PREFIX_PATH=/home/april/workAreas/apriltag_ws/install/apriltag_msgs:/home/april/workAreas/apriltag_ws/install/apriltag_ros:/home/april/rosApril_ws/install/apriltag_ros:/home/april/rosApril_ws/install/apriltag_msgs:/home/april/workAreas/apriltag_ws/install/py_pysub:/home/april/workAreas/apriltag_ws/install/cam_subscriber:/home/april/rosApril_ws/install/py_pysub:/home/april/rosApril_ws/install/cam_subscriber:/opt/ros/foxy LD_LIBRARY_PATH=/home/april/workAreas/apriltag_ws/install/apriltag_msgs/lib:/home/april/workAreas/apriltag_ws/install/apriltag_ros/lib:/home/april/rosApril_ws/install/apriltag_ros/lib:/home/april/rosApril_ws/install/apriltag_msgs/lib:/opt/ros/foxy/opt/yaml_cpp_vendor/lib:/opt/ros/foxy/opt/rviz_ogre_vendor/lib:/opt/ros/foxy/lib/aarch64-linux-gnu:/opt/ros/foxy/lib PYTHONPATH=/home/april/workAreas/apriltag_ws/install/apriltag_msgs/lib/python3.8/site-packages:/home/april/workAreas/apriltag_ws/install/py_pysub/lib/python3.8/site-packages:/home/april/workAreas/apriltag_ws/install/cam_subscriber/lib/python3.8/site-packages:/home/april/rosApril_ws/install/py_pysub/lib/python3.8/site-packages:/home/april/rosApril_ws/install/cam_subscriber/lib/python3.8/site-packages:/home/april/rosApril_ws/install/apriltag_msgs/lib/python3.8/site-packages:/opt/ros/foxy/lib/python3.8/site-packages /usr/bin/cmake --build /home/april/workAreas/apriltag_ws/build/apriltag_ros -- -j4 -l4
[6.145s] INFO:colcon.colcon_core.task.python.build:Building Python package in '/home/april/workAreas/apriltag_ws/src/cam_subscriber'
[6.151s] INFO:colcon.colcon_core.shell:Skip shell extension 'powershell' for command environment: Not usable outside of PowerShell
[6.151s] DEBUG:colcon.colcon_core.shell:Skip shell extension 'dsv' for command environment
[6.200s] DEBUG:colcon.colcon_core.event_handler.log_command:Invoked command in '/home/april/workAreas/apriltag_ws/build/apriltag_ros' returned '0': CMAKE_PREFIX_PATH=/home/april/workAreas/apriltag_ws/install/apriltag_msgs:/home/april/workAreas/apriltag_ws/install/apriltag_ros:/home/april/rosApril_ws/install/apriltag_ros:/home/april/rosApril_ws/install/apriltag_msgs:/home/april/workAreas/apriltag_ws/install/py_pysub:/home/april/workAreas/apriltag_ws/install/cam_subscriber:/home/april/rosApril_ws/install/py_pysub:/home/april/rosApril_ws/install/cam_subscriber:/opt/ros/foxy LD_LIBRARY_PATH=/home/april/workAreas/apriltag_ws/install/apriltag_msgs/lib:/home/april/workAreas/apriltag_ws/install/apriltag_ros/lib:/home/april/rosApril_ws/install/apriltag_ros/lib:/home/april/rosApril_ws/install/apriltag_msgs/lib:/opt/ros/foxy/opt/yaml_cpp_vendor/lib:/opt/ros/foxy/opt/rviz_ogre_vendor/lib:/opt/ros/foxy/lib/aarch64-linux-gnu:/opt/ros/foxy/lib PYTHONPATH=/home/april/workAreas/apriltag_ws/install/apriltag_msgs/lib/python3.8/site-packages:/home/april/workAreas/apriltag_ws/install/py_pysub/lib/python3.8/site-packages:/home/april/workAreas/apriltag_ws/install/cam_subscriber/lib/python3.8/site-packages:/home/april/rosApril_ws/install/py_pysub/lib/python3.8/site-packages:/home/april/rosApril_ws/install/cam_subscriber/lib/python3.8/site-packages:/home/april/rosApril_ws/install/apriltag_msgs/lib/python3.8/site-packages:/opt/ros/foxy/lib/python3.8/site-packages /usr/bin/cmake --build /home/april/workAreas/apriltag_ws/build/apriltag_ros -- -j4 -l4
[6.228s] DEBUG:colcon.colcon_core.event_handler.log_command:Invoking command in '/home/april/workAreas/apriltag_ws/src/py_pysub/py_pysub': PYTHONPATH=/home/april/workAreas/apriltag_ws/build/py_pysub/prefix_override:/home/april/workAreas/apriltag_ws/install/py_pysub/lib/python3.8/site-packages:${PYTHONPATH} /usr/bin/python3 setup.py egg_info --egg-base ../../../build/py_pysub build --build-base /home/april/workAreas/apriltag_ws/build/py_pysub/build install --record /home/april/workAreas/apriltag_ws/build/py_pysub/install.log --install-scripts $base/lib/py_pysub --single-version-externally-managed
[6.376s] DEBUG:colcon.colcon_core.event_handler.log_command:Invoking command in '/home/april/workAreas/apriltag_ws/build/apriltag_ros': CMAKE_PREFIX_PATH=/home/april/workAreas/apriltag_ws/install/apriltag_msgs:/home/april/workAreas/apriltag_ws/install/apriltag_ros:/home/april/rosApril_ws/install/apriltag_ros:/home/april/rosApril_ws/install/apriltag_msgs:/home/april/workAreas/apriltag_ws/install/py_pysub:/home/april/workAreas/apriltag_ws/install/cam_subscriber:/home/april/rosApril_ws/install/py_pysub:/home/april/rosApril_ws/install/cam_subscriber:/opt/ros/foxy LD_LIBRARY_PATH=/home/april/workAreas/apriltag_ws/install/apriltag_msgs/lib:/home/april/workAreas/apriltag_ws/install/apriltag_ros/lib:/home/april/rosApril_ws/install/apriltag_ros/lib:/home/april/rosApril_ws/install/apriltag_msgs/lib:/opt/ros/foxy/opt/yaml_cpp_vendor/lib:/opt/ros/foxy/opt/rviz_ogre_vendor/lib:/opt/ros/foxy/lib/aarch64-linux-gnu:/opt/ros/foxy/lib PYTHONPATH=/home/april/workAreas/apriltag_ws/install/apriltag_msgs/lib/python3.8/site-packages:/home/april/workAreas/apriltag_ws/install/py_pysub/lib/python3.8/site-packages:/home/april/workAreas/apriltag_ws/install/cam_subscriber/lib/python3.8/site-packages:/home/april/rosApril_ws/install/py_pysub/lib/python3.8/site-packages:/home/april/rosApril_ws/install/cam_subscriber/lib/python3.8/site-packages:/home/april/rosApril_ws/install/apriltag_msgs/lib/python3.8/site-packages:/opt/ros/foxy/lib/python3.8/site-packages /usr/bin/cmake --install /home/april/workAreas/apriltag_ws/build/apriltag_ros
[6.458s] Level 1:colcon.colcon_core.environment:create_environment_scripts_only(apriltag_ros)
[6.471s] Level 1:colcon.colcon_core.environment:checking '/home/april/workAreas/apriltag_ws/install/apriltag_ros' for CMake module files
[6.480s] DEBUG:colcon.colcon_core.event_handler.log_command:Invoked command in '/home/april/workAreas/apriltag_ws/build/apriltag_ros' returned '0': CMAKE_PREFIX_PATH=/home/april/workAreas/apriltag_ws/install/apriltag_msgs:/home/april/workAreas/apriltag_ws/install/apriltag_ros:/home/april/rosApril_ws/install/apriltag_ros:/home/april/rosApril_ws/install/apriltag_msgs:/home/april/workAreas/apriltag_ws/install/py_pysub:/home/april/workAreas/apriltag_ws/install/cam_subscriber:/home/april/rosApril_ws/install/py_pysub:/home/april/rosApril_ws/install/cam_subscriber:/opt/ros/foxy LD_LIBRARY_PATH=/home/april/workAreas/apriltag_ws/install/apriltag_msgs/lib:/home/april/workAreas/apriltag_ws/install/apriltag_ros/lib:/home/april/rosApril_ws/install/apriltag_ros/lib:/home/april/rosApril_ws/install/apriltag_msgs/lib:/opt/ros/foxy/opt/yaml_cpp_vendor/lib:/opt/ros/foxy/opt/rviz_ogre_vendor/lib:/opt/ros/foxy/lib/aarch64-linux-gnu:/opt/ros/foxy/lib PYTHONPATH=/home/april/workAreas/apriltag_ws/install/apriltag_msgs/lib/python3.8/site-packages:/home/april/workAreas/apriltag_ws/install/py_pysub/lib/python3.8/site-packages:/home/april/workAreas/apriltag_ws/install/cam_subscriber/lib/python3.8/site-packages:/home/april/rosApril_ws/install/py_pysub/lib/python3.8/site-packages:/home/april/rosApril_ws/install/cam_subscriber/lib/python3.8/site-packages:/home/april/rosApril_ws/install/apriltag_msgs/lib/python3.8/site-packages:/opt/ros/foxy/lib/python3.8/site-packages /usr/bin/cmake --install /home/april/workAreas/apriltag_ws/build/apriltag_ros
[6.482s] Level 1:colcon.colcon_core.environment:checking '/home/april/workAreas/apriltag_ws/install/apriltag_ros' for CMake config files
[6.485s] Level 1:colcon.colcon_core.shell:create_environment_hook('apriltag_ros', 'cmake_prefix_path')
[6.495s] INFO:colcon.colcon_core.shell:Creating environment hook '/home/april/workAreas/apriltag_ws/install/apriltag_ros/share/apriltag_ros/hook/cmake_prefix_path.ps1'
[6.497s] INFO:colcon.colcon_core.shell:Creating environment descriptor '/home/april/workAreas/apriltag_ws/install/apriltag_ros/share/apriltag_ros/hook/cmake_prefix_path.dsv'
[6.499s] INFO:colcon.colcon_core.shell:Creating environment hook '/home/april/workAreas/apriltag_ws/install/apriltag_ros/share/apriltag_ros/hook/cmake_prefix_path.sh'
[6.504s] Level 1:colcon.colcon_core.environment:checking '/home/april/workAreas/apriltag_ws/install/apriltag_ros/lib'
[6.506s] Level 1:colcon.colcon_core.shell:create_environment_hook('apriltag_ros', 'ld_library_path_lib')
[6.523s] INFO:colcon.colcon_core.shell:Creating environment hook '/home/april/workAreas/apriltag_ws/install/apriltag_ros/share/apriltag_ros/hook/ld_library_path_lib.ps1'
[6.526s] INFO:colcon.colcon_core.shell:Creating environment descriptor '/home/april/workAreas/apriltag_ws/install/apriltag_ros/share/apriltag_ros/hook/ld_library_path_lib.dsv'
[6.528s] INFO:colcon.colcon_core.shell:Creating environment hook '/home/april/workAreas/apriltag_ws/install/apriltag_ros/share/apriltag_ros/hook/ld_library_path_lib.sh'
[6.530s] Level 1:colcon.colcon_core.environment:checking '/home/april/workAreas/apriltag_ws/install/apriltag_ros/bin'
[6.531s] Level 1:colcon.colcon_core.environment:checking '/home/april/workAreas/apriltag_ws/install/apriltag_ros/lib/pkgconfig/apriltag_ros.pc'
[6.532s] Level 1:colcon.colcon_core.environment:checking '/home/april/workAreas/apriltag_ws/install/apriltag_ros/lib/python3.8/site-packages'
[6.533s] Level 1:colcon.colcon_core.environment:checking '/home/april/workAreas/apriltag_ws/install/apriltag_ros/bin'
[6.541s] INFO:colcon.colcon_core.shell:Creating package script '/home/april/workAreas/apriltag_ws/install/apriltag_ros/share/apriltag_ros/package.ps1'
[6.544s] INFO:colcon.colcon_core.shell:Creating package descriptor '/home/april/workAreas/apriltag_ws/install/apriltag_ros/share/apriltag_ros/package.dsv'
[6.547s] INFO:colcon.colcon_core.shell:Creating package script '/home/april/workAreas/apriltag_ws/install/apriltag_ros/share/apriltag_ros/package.sh'
[6.550s] INFO:colcon.colcon_core.shell:Creating package script '/home/april/workAreas/apriltag_ws/install/apriltag_ros/share/apriltag_ros/package.bash'
[6.552s] INFO:colcon.colcon_core.shell:Creating package script '/home/april/workAreas/apriltag_ws/install/apriltag_ros/share/apriltag_ros/package.zsh'
[6.554s] Level 1:colcon.colcon_core.environment:create_file_with_runtime_dependencies(/home/april/workAreas/apriltag_ws/install/apriltag_ros/share/colcon-core/packages/apriltag_ros)
[6.738s] Level 1:colcon.colcon_core.environment:create_environment_scripts_only(apriltag_ros)
[6.747s] Level 1:colcon.colcon_core.environment:checking '/home/april/workAreas/apriltag_ws/install/apriltag_ros' for CMake module files
[6.750s] Level 1:colcon.colcon_core.environment:checking '/home/april/workAreas/apriltag_ws/install/apriltag_ros' for CMake config files
[6.752s] Level 1:colcon.colcon_core.shell:create_environment_hook('apriltag_ros', 'cmake_prefix_path')
[6.759s] INFO:colcon.colcon_core.shell:Creating environment hook '/home/april/workAreas/apriltag_ws/install/apriltag_ros/share/apriltag_ros/hook/cmake_prefix_path.ps1'
[6.762s] INFO:colcon.colcon_core.shell:Creating environment descriptor '/home/april/workAreas/apriltag_ws/install/apriltag_ros/share/apriltag_ros/hook/cmake_prefix_path.dsv'
[6.764s] INFO:colcon.colcon_core.shell:Creating environment hook '/home/april/workAreas/apriltag_ws/install/apriltag_ros/share/apriltag_ros/hook/cmake_prefix_path.sh'
[6.767s] Level 1:colcon.colcon_core.environment:checking '/home/april/workAreas/apriltag_ws/install/apriltag_ros/lib'
[6.767s] Level 1:colcon.colcon_core.shell:create_environment_hook('apriltag_ros', 'ld_library_path_lib')
[6.774s] INFO:colcon.colcon_core.shell:Creating environment hook '/home/april/workAreas/apriltag_ws/install/apriltag_ros/share/apriltag_ros/hook/ld_library_path_lib.ps1'
[6.776s] INFO:colcon.colcon_core.shell:Creating environment descriptor '/home/april/workAreas/apriltag_ws/install/apriltag_ros/share/apriltag_ros/hook/ld_library_path_lib.dsv'
[6.778s] INFO:colcon.colcon_core.shell:Creating environment hook '/home/april/workAreas/apriltag_ws/install/apriltag_ros/share/apriltag_ros/hook/ld_library_path_lib.sh'
[6.781s] Level 1:colcon.colcon_core.environment:checking '/home/april/workAreas/apriltag_ws/install/apriltag_ros/bin'
[6.781s] Level 1:colcon.colcon_core.environment:checking '/home/april/workAreas/apriltag_ws/install/apriltag_ros/lib/pkgconfig/apriltag_ros.pc'
[6.782s] Level 1:colcon.colcon_core.environment:checking '/home/april/workAreas/apriltag_ws/install/apriltag_ros/lib/python3.8/site-packages'
[6.783s] Level 1:colcon.colcon_core.environment:checking '/home/april/workAreas/apriltag_ws/install/apriltag_ros/bin'
[6.791s] INFO:colcon.colcon_core.shell:Creating package script '/home/april/workAreas/apriltag_ws/install/apriltag_ros/share/apriltag_ros/package.ps1'
[6.794s] INFO:colcon.colcon_core.shell:Creating package descriptor '/home/april/workAreas/apriltag_ws/install/apriltag_ros/share/apriltag_ros/package.dsv'
[6.797s] INFO:colcon.colcon_core.shell:Creating package script '/home/april/workAreas/apriltag_ws/install/apriltag_ros/share/apriltag_ros/package.sh'
[6.799s] INFO:colcon.colcon_core.shell:Creating package script '/home/april/workAreas/apriltag_ws/install/apriltag_ros/share/apriltag_ros/package.bash'
[6.802s] INFO:colcon.colcon_core.shell:Creating package script '/home/april/workAreas/apriltag_ws/install/apriltag_ros/share/apriltag_ros/package.zsh'
[6.804s] Level 1:colcon.colcon_core.environment:create_file_with_runtime_dependencies(/home/april/workAreas/apriltag_ws/install/apriltag_ros/share/colcon-core/packages/apriltag_ros)
[7.945s] Level 1:colcon.colcon_core.environment:checking '/home/april/workAreas/apriltag_ws/install/py_pysub' for CMake module files
[7.948s] DEBUG:colcon.colcon_core.event_handler.log_command:Invoked command in '/home/april/workAreas/apriltag_ws/src/py_pysub/py_pysub' returned '0': PYTHONPATH=/home/april/workAreas/apriltag_ws/build/py_pysub/prefix_override:/home/april/workAreas/apriltag_ws/install/py_pysub/lib/python3.8/site-packages:${PYTHONPATH} /usr/bin/python3 setup.py egg_info --egg-base ../../../build/py_pysub build --build-base /home/april/workAreas/apriltag_ws/build/py_pysub/build install --record /home/april/workAreas/apriltag_ws/build/py_pysub/install.log --install-scripts $base/lib/py_pysub --single-version-externally-managed
[7.949s] Level 1:colcon.colcon_core.environment:checking '/home/april/workAreas/apriltag_ws/install/py_pysub' for CMake config files
[7.953s] Level 1:colcon.colcon_core.environment:checking '/home/april/workAreas/apriltag_ws/install/py_pysub/lib'
[7.954s] Level 1:colcon.colcon_core.environment:checking '/home/april/workAreas/apriltag_ws/install/py_pysub/bin'
[7.954s] Level 1:colcon.colcon_core.environment:checking '/home/april/workAreas/apriltag_ws/install/py_pysub/lib/pkgconfig/py_pysub.pc'
[7.955s] Level 1:colcon.colcon_core.environment:checking '/home/april/workAreas/apriltag_ws/install/py_pysub/lib/python3.8/site-packages'
[7.955s] Level 1:colcon.colcon_core.shell:create_environment_hook('py_pysub', 'pythonpath')
[7.963s] INFO:colcon.colcon_core.shell:Creating environment hook '/home/april/workAreas/apriltag_ws/install/py_pysub/share/py_pysub/hook/pythonpath.ps1'
[7.965s] INFO:colcon.colcon_core.shell:Creating environment descriptor '/home/april/workAreas/apriltag_ws/install/py_pysub/share/py_pysub/hook/pythonpath.dsv'
[7.967s] INFO:colcon.colcon_core.shell:Creating environment hook '/home/april/workAreas/apriltag_ws/install/py_pysub/share/py_pysub/hook/pythonpath.sh'
[7.969s] Level 1:colcon.colcon_core.environment:checking '/home/april/workAreas/apriltag_ws/install/py_pysub/bin'
[7.970s] Level 1:colcon.colcon_core.environment:create_environment_scripts_only(py_pysub)
[7.977s] INFO:colcon.colcon_core.shell:Creating package script '/home/april/workAreas/apriltag_ws/install/py_pysub/share/py_pysub/package.ps1'
[7.979s] INFO:colcon.colcon_core.shell:Creating package descriptor '/home/april/workAreas/apriltag_ws/install/py_pysub/share/py_pysub/package.dsv'
[7.982s] INFO:colcon.colcon_core.shell:Creating package script '/home/april/workAreas/apriltag_ws/install/py_pysub/share/py_pysub/package.sh'
[7.984s] INFO:colcon.colcon_core.shell:Creating package script '/home/april/workAreas/apriltag_ws/install/py_pysub/share/py_pysub/package.bash'
[7.986s] INFO:colcon.colcon_core.shell:Creating package script '/home/april/workAreas/apriltag_ws/install/py_pysub/share/py_pysub/package.zsh'
[7.988s] Level 1:colcon.colcon_core.environment:create_file_with_runtime_dependencies(/home/april/workAreas/apriltag_ws/install/py_pysub/share/colcon-core/packages/py_pysub)
[8.444s] DEBUG:colcon.colcon_core.event_handler.log_command:Invoking command in '/home/april/workAreas/apriltag_ws/src/cam_subscriber': CMAKE_PREFIX_PATH=/home/april/workAreas/apriltag_ws/install/apriltag_msgs:/home/april/workAreas/apriltag_ws/install/apriltag_ros:/home/april/rosApril_ws/install/apriltag_ros:/home/april/rosApril_ws/install/apriltag_msgs LD_LIBRARY_PATH=/home/april/workAreas/apriltag_ws/install/apriltag_msgs/lib:/home/april/workAreas/apriltag_ws/install/apriltag_ros/lib:/home/april/rosApril_ws/install/apriltag_ros/lib:/home/april/rosApril_ws/install/apriltag_msgs/lib:/opt/ros/foxy/opt/yaml_cpp_vendor/lib:/opt/ros/foxy/opt/rviz_ogre_vendor/lib:/opt/ros/foxy/lib/aarch64-linux-gnu:/opt/ros/foxy/lib PYTHONPATH=/home/april/workAreas/apriltag_ws/build/cam_subscriber/prefix_override:/home/april/workAreas/apriltag_ws/install/cam_subscriber/lib/python3.8/site-packages:/home/april/workAreas/apriltag_ws/install/apriltag_msgs/lib/python3.8/site-packages:/home/april/workAreas/apriltag_ws/install/py_pysub/lib/python3.8/site-packages:/home/april/workAreas/apriltag_ws/install/cam_subscriber/lib/python3.8/site-packages:/home/april/rosApril_ws/install/py_pysub/lib/python3.8/site-packages:/home/april/rosApril_ws/install/cam_subscriber/lib/python3.8/site-packages:/home/april/rosApril_ws/install/apriltag_msgs/lib/python3.8/site-packages:/opt/ros/foxy/lib/python3.8/site-packages /usr/bin/python3 setup.py egg_info --egg-base ../../build/cam_subscriber build --build-base /home/april/workAreas/apriltag_ws/build/cam_subscriber/build install --record /home/april/workAreas/apriltag_ws/build/cam_subscriber/install.log --install-scripts $base/lib/cam_subscriber --single-version-externally-managed
[9.802s] Level 1:colcon.colcon_core.environment:checking '/home/april/workAreas/apriltag_ws/install/cam_subscriber' for CMake module files
[9.804s] DEBUG:colcon.colcon_core.event_handler.log_command:Invoked command in '/home/april/workAreas/apriltag_ws/src/cam_subscriber' returned '0': CMAKE_PREFIX_PATH=/home/april/workAreas/apriltag_ws/install/apriltag_msgs:/home/april/workAreas/apriltag_ws/install/apriltag_ros:/home/april/rosApril_ws/install/apriltag_ros:/home/april/rosApril_ws/install/apriltag_msgs LD_LIBRARY_PATH=/home/april/workAreas/apriltag_ws/install/apriltag_msgs/lib:/home/april/workAreas/apriltag_ws/install/apriltag_ros/lib:/home/april/rosApril_ws/install/apriltag_ros/lib:/home/april/rosApril_ws/install/apriltag_msgs/lib:/opt/ros/foxy/opt/yaml_cpp_vendor/lib:/opt/ros/foxy/opt/rviz_ogre_vendor/lib:/opt/ros/foxy/lib/aarch64-linux-gnu:/opt/ros/foxy/lib PYTHONPATH=/home/april/workAreas/apriltag_ws/build/cam_subscriber/prefix_override:/home/april/workAreas/apriltag_ws/install/cam_subscriber/lib/python3.8/site-packages:/home/april/workAreas/apriltag_ws/install/apriltag_msgs/lib/python3.8/site-packages:/home/april/workAreas/apriltag_ws/install/py_pysub/lib/python3.8/site-packages:/home/april/workAreas/apriltag_ws/install/cam_subscriber/lib/python3.8/site-packages:/home/april/rosApril_ws/install/py_pysub/lib/python3.8/site-packages:/home/april/rosApril_ws/install/cam_subscriber/lib/python3.8/site-packages:/home/april/rosApril_ws/install/apriltag_msgs/lib/python3.8/site-packages:/opt/ros/foxy/lib/python3.8/site-packages /usr/bin/python3 setup.py egg_info --egg-base ../../build/cam_subscriber build --build-base /home/april/workAreas/apriltag_ws/build/cam_subscriber/build install --record /home/april/workAreas/apriltag_ws/build/cam_subscriber/install.log --install-scripts $base/lib/cam_subscriber --single-version-externally-managed
[9.806s] Level 1:colcon.colcon_core.environment:checking '/home/april/workAreas/apriltag_ws/install/cam_subscriber' for CMake config files
[9.809s] Level 1:colcon.colcon_core.environment:checking '/home/april/workAreas/apriltag_ws/install/cam_subscriber/lib'
[9.809s] Level 1:colcon.colcon_core.environment:checking '/home/april/workAreas/apriltag_ws/install/cam_subscriber/bin'
[9.810s] Level 1:colcon.colcon_core.environment:checking '/home/april/workAreas/apriltag_ws/install/cam_subscriber/lib/pkgconfig/cam_subscriber.pc'
[9.811s] Level 1:colcon.colcon_core.environment:checking '/home/april/workAreas/apriltag_ws/install/cam_subscriber/lib/python3.8/site-packages'
[9.811s] Level 1:colcon.colcon_core.shell:create_environment_hook('cam_subscriber', 'pythonpath')
[9.817s] INFO:colcon.colcon_core.shell:Creating environment hook '/home/april/workAreas/apriltag_ws/install/cam_subscriber/share/cam_subscriber/hook/pythonpath.ps1'
[9.820s] INFO:colcon.colcon_core.shell:Creating environment descriptor '/home/april/workAreas/apriltag_ws/install/cam_subscriber/share/cam_subscriber/hook/pythonpath.dsv'
[9.821s] INFO:colcon.colcon_core.shell:Creating environment hook '/home/april/workAreas/apriltag_ws/install/cam_subscriber/share/cam_subscriber/hook/pythonpath.sh'
[9.824s] Level 1:colcon.colcon_core.environment:checking '/home/april/workAreas/apriltag_ws/install/cam_subscriber/bin'
[9.824s] Level 1:colcon.colcon_core.environment:create_environment_scripts_only(cam_subscriber)
[9.830s] INFO:colcon.colcon_core.shell:Creating package script '/home/april/workAreas/apriltag_ws/install/cam_subscriber/share/cam_subscriber/package.ps1'
[9.832s] INFO:colcon.colcon_core.shell:Creating package descriptor '/home/april/workAreas/apriltag_ws/install/cam_subscriber/share/cam_subscriber/package.dsv'
[9.835s] INFO:colcon.colcon_core.shell:Creating package script '/home/april/workAreas/apriltag_ws/install/cam_subscriber/share/cam_subscriber/package.sh'
[9.844s] INFO:colcon.colcon_core.shell:Creating package script '/home/april/workAreas/apriltag_ws/install/cam_subscriber/share/cam_subscriber/package.bash'
[9.846s] INFO:colcon.colcon_core.shell:Creating package script '/home/april/workAreas/apriltag_ws/install/cam_subscriber/share/cam_subscriber/package.zsh'
[9.848s] Level 1:colcon.colcon_core.environment:create_file_with_runtime_dependencies(/home/april/workAreas/apriltag_ws/install/cam_subscriber/share/colcon-core/packages/cam_subscriber)
[9.849s] DEBUG:colcon.colcon_parallel_executor.executor.parallel:closing loop
[9.850s] DEBUG:colcon.colcon_parallel_executor.executor.parallel:loop closed
[9.851s] DEBUG:colcon.colcon_parallel_executor.executor.parallel:run_until_complete finished with '0'
[9.851s] DEBUG:colcon.colcon_core.event_reactor:joining thread
[9.887s] INFO:colcon.colcon_core.plugin_system:Skipping extension 'colcon_notification.desktop_notification.terminal_notifier': Not used on non-Darwin systems
[9.888s] INFO:colcon.colcon_core.plugin_system:Skipping extension 'colcon_notification.desktop_notification.win32': Not used on non-Windows systems
[9.888s] INFO:colcon.colcon_notification.desktop_notification:Sending desktop notification using 'notify2'
[9.975s] DEBUG:colcon.colcon_core.event_reactor:joined thread
[9.982s] INFO:colcon.colcon_core.shell:Creating prefix script '/home/april/workAreas/apriltag_ws/install/local_setup.ps1'
[9.986s] INFO:colcon.colcon_core.shell:Creating prefix util module '/home/april/workAreas/apriltag_ws/install/_local_setup_util_ps1.py'
[9.996s] INFO:colcon.colcon_core.shell:Creating prefix chain script '/home/april/workAreas/apriltag_ws/install/setup.ps1'
[10.005s] INFO:colcon.colcon_core.shell:Creating prefix script '/home/april/workAreas/apriltag_ws/install/local_setup.sh'
[10.008s] INFO:colcon.colcon_core.shell:Creating prefix util module '/home/april/workAreas/apriltag_ws/install/_local_setup_util_sh.py'
[10.011s] INFO:colcon.colcon_core.shell:Creating prefix chain script '/home/april/workAreas/apriltag_ws/install/setup.sh'
[10.020s] INFO:colcon.colcon_core.shell:Creating prefix script '/home/april/workAreas/apriltag_ws/install/local_setup.bash'
[10.023s] INFO:colcon.colcon_core.shell:Creating prefix chain script '/home/april/workAreas/apriltag_ws/install/setup.bash'
[10.032s] INFO:colcon.colcon_core.shell:Creating prefix script '/home/april/workAreas/apriltag_ws/install/local_setup.zsh'
[10.035s] INFO:colcon.colcon_core.shell:Creating prefix chain script '/home/april/workAreas/apriltag_ws/install/setup.zsh'
