[4.868s] Invoking command in '/home/april/workAreas/apriltag_ws/src/py_pysub/py_pysub': PYTHONPATH=/home/april/workAreas/apriltag_ws/build/py_pysub/prefix_override:/home/april/workAreas/apriltag_ws/install/py_pysub/lib/python3.8/site-packages:${PYTHONPATH} /usr/bin/python3 setup.py egg_info --egg-base ../../../build/py_pysub build --build-base /home/april/workAreas/apriltag_ws/build/py_pysub/build install --record /home/april/workAreas/apriltag_ws/build/py_pysub/install.log --install-scripts $base/lib/py_pysub --single-version-externally-managed
[6.171s] running egg_info
[6.175s] writing ../../../build/py_pysub/py_pysub.egg-info/PKG-INFO
[6.176s] writing dependency_links to ../../../build/py_pysub/py_pysub.egg-info/dependency_links.txt
[6.177s] writing entry points to ../../../build/py_pysub/py_pysub.egg-info/entry_points.txt
[6.178s] writing requirements to ../../../build/py_pysub/py_pysub.egg-info/requires.txt
[6.179s] writing top-level names to ../../../build/py_pysub/py_pysub.egg-info/top_level.txt
[6.329s] reading manifest file '../../../build/py_pysub/py_pysub.egg-info/SOURCES.txt'
[6.335s] writing manifest file '../../../build/py_pysub/py_pysub.egg-info/SOURCES.txt'
[6.336s] running build
[6.336s] running build_py
[6.338s] running install
[6.347s] running install_lib
[6.355s] running install_data
[6.357s] running install_egg_info
[6.364s] removing '/home/april/workAreas/apriltag_ws/install/py_pysub/lib/python3.8/site-packages/py_pysub-0.0.0-py3.8.egg-info' (and everything under it)
[6.366s] Copying ../../../build/py_pysub/py_pysub.egg-info to /home/april/workAreas/apriltag_ws/install/py_pysub/lib/python3.8/site-packages/py_pysub-0.0.0-py3.8.egg-info
[6.372s] running install_scripts
[6.452s] Installing talker script to /home/april/workAreas/apriltag_ws/install/py_pysub/lib/py_pysub
[6.454s] writing list of installed files to '/home/april/workAreas/apriltag_ws/build/py_pysub/install.log'
[6.582s] Invoked command in '/home/april/workAreas/apriltag_ws/src/py_pysub/py_pysub' returned '0': PYTHONPATH=/home/april/workAreas/apriltag_ws/build/py_pysub/prefix_override:/home/april/workAreas/apriltag_ws/install/py_pysub/lib/python3.8/site-packages:${PYTHONPATH} /usr/bin/python3 setup.py egg_info --egg-base ../../../build/py_pysub build --build-base /home/april/workAreas/apriltag_ws/build/py_pysub/build install --record /home/april/workAreas/apriltag_ws/build/py_pysub/install.log --install-scripts $base/lib/py_pysub --single-version-externally-managed
