[5.032s] Invoking command in '/home/april/workAreas/apriltag_ws/src/py_pysub/py_pysub': PYTHONPATH=/home/april/workAreas/apriltag_ws/build/py_pysub/prefix_override:/home/april/workAreas/apriltag_ws/install/py_pysub/lib/python3.8/site-packages:${PYTHONPATH} /usr/bin/python3 setup.py egg_info --egg-base ../../../build/py_pysub build --build-base /home/april/workAreas/apriltag_ws/build/py_pysub/build install --record /home/april/workAreas/apriltag_ws/build/py_pysub/install.log --install-scripts $base/lib/py_pysub --single-version-externally-managed
[6.437s] running egg_info
[6.441s] writing ../../../build/py_pysub/py_pysub.egg-info/PKG-INFO
[6.443s] writing dependency_links to ../../../build/py_pysub/py_pysub.egg-info/dependency_links.txt
[6.445s] writing entry points to ../../../build/py_pysub/py_pysub.egg-info/entry_points.txt
[6.446s] writing requirements to ../../../build/py_pysub/py_pysub.egg-info/requires.txt
[6.448s] writing top-level names to ../../../build/py_pysub/py_pysub.egg-info/top_level.txt
[6.604s] reading manifest file '../../../build/py_pysub/py_pysub.egg-info/SOURCES.txt'
[6.609s] writing manifest file '../../../build/py_pysub/py_pysub.egg-info/SOURCES.txt'
[6.610s] running build
[6.611s] running build_py
[6.611s] running install
[6.617s] running install_lib
[6.622s] running install_data
[6.625s] running install_egg_info
[6.635s] removing '/home/april/workAreas/apriltag_ws/install/py_pysub/lib/python3.8/site-packages/py_pysub-0.0.0-py3.8.egg-info' (and everything under it)
[6.637s] Copying ../../../build/py_pysub/py_pysub.egg-info to /home/april/workAreas/apriltag_ws/install/py_pysub/lib/python3.8/site-packages/py_pysub-0.0.0-py3.8.egg-info
[6.644s] running install_scripts
[6.735s] Installing talker script to /home/april/workAreas/apriltag_ws/install/py_pysub/lib/py_pysub
[6.737s] writing list of installed files to '/home/april/workAreas/apriltag_ws/build/py_pysub/install.log'
[6.871s] Invoked command in '/home/april/workAreas/apriltag_ws/src/py_pysub/py_pysub' returned '0': PYTHONPATH=/home/april/workAreas/apriltag_ws/build/py_pysub/prefix_override:/home/april/workAreas/apriltag_ws/install/py_pysub/lib/python3.8/site-packages:${PYTHONPATH} /usr/bin/python3 setup.py egg_info --egg-base ../../../build/py_pysub build --build-base /home/april/workAreas/apriltag_ws/build/py_pysub/build install --record /home/april/workAreas/apriltag_ws/build/py_pysub/install.log --install-scripts $base/lib/py_pysub --single-version-externally-managed
