[4.830s] Invoking command in '/home/april/workAreas/apriltag_ws/src/py_pysub/py_pysub': PYTHONPATH=/home/april/workAreas/apriltag_ws/build/py_pysub/prefix_override:/home/april/workAreas/apriltag_ws/install/py_pysub/lib/python3.8/site-packages:${PYTHONPATH} /usr/bin/python3 setup.py egg_info --egg-base ../../../build/py_pysub build --build-base /home/april/workAreas/apriltag_ws/build/py_pysub/build install --record /home/april/workAreas/apriltag_ws/build/py_pysub/install.log --install-scripts $base/lib/py_pysub --single-version-externally-managed
[6.117s] running egg_info
[6.121s] writing ../../../build/py_pysub/py_pysub.egg-info/PKG-INFO
[6.122s] writing dependency_links to ../../../build/py_pysub/py_pysub.egg-info/dependency_links.txt
[6.123s] writing entry points to ../../../build/py_pysub/py_pysub.egg-info/entry_points.txt
[6.124s] writing requirements to ../../../build/py_pysub/py_pysub.egg-info/requires.txt
[6.127s] writing top-level names to ../../../build/py_pysub/py_pysub.egg-info/top_level.txt
[6.279s] reading manifest file '../../../build/py_pysub/py_pysub.egg-info/SOURCES.txt'
[6.283s] writing manifest file '../../../build/py_pysub/py_pysub.egg-info/SOURCES.txt'
[6.284s] running build
[6.284s] running build_py
[6.285s] running install
[6.289s] running install_lib
[6.296s] running install_data
[6.299s] running install_egg_info
[6.305s] removing '/home/april/workAreas/apriltag_ws/install/py_pysub/lib/python3.8/site-packages/py_pysub-0.0.0-py3.8.egg-info' (and everything under it)
[6.307s] Copying ../../../build/py_pysub/py_pysub.egg-info to /home/april/workAreas/apriltag_ws/install/py_pysub/lib/python3.8/site-packages/py_pysub-0.0.0-py3.8.egg-info
[6.313s] running install_scripts
[6.397s] Installing talker script to /home/april/workAreas/apriltag_ws/install/py_pysub/lib/py_pysub
[6.399s] writing list of installed files to '/home/april/workAreas/apriltag_ws/build/py_pysub/install.log'
[6.526s] Invoked command in '/home/april/workAreas/apriltag_ws/src/py_pysub/py_pysub' returned '0': PYTHONPATH=/home/april/workAreas/apriltag_ws/build/py_pysub/prefix_override:/home/april/workAreas/apriltag_ws/install/py_pysub/lib/python3.8/site-packages:${PYTHONPATH} /usr/bin/python3 setup.py egg_info --egg-base ../../../build/py_pysub build --build-base /home/april/workAreas/apriltag_ws/build/py_pysub/build install --record /home/april/workAreas/apriltag_ws/build/py_pysub/install.log --install-scripts $base/lib/py_pysub --single-version-externally-managed
