[0.635s] DEBUG:colcon:Command line arguments: ['/usr/bin/colcon', 'build']
[0.636s] DEBUG:colcon:Parsed command line arguments: Namespace(allow_overriding=[], ament_cmake_args=None, base_paths=['.'], build_base='build', catkin_cmake_args=None, catkin_skip_building_tests=False, cmake_args=None, cmake_clean_cache=False, cmake_clean_first=False, cmake_force_configure=False, cmake_target=None, cmake_target_skip_unavailable=False, continue_on_error=False, event_handlers=None, executor='parallel', ignore_user_meta=False, install_base='install', log_base=None, log_level=None, main=<bound method BuildVerb.main of <colcon_core.verb.build.BuildVerb object at 0xffff99c16790>>, merge_install=False, metas=['./colcon.meta'], packages_above=None, packages_above_and_dependencies=None, packages_above_depth=None, packages_end=None, packages_ignore=None, packages_ignore_regex=None, packages_select=None, packages_select_build_failed=False, packages_select_by_dep=None, packages_select_regex=None, packages_select_test_failures=False, packages_skip=None, packages_skip_build_finished=False, packages_skip_by_dep=None, packages_skip_regex=None, packages_skip_test_passed=False, packages_skip_up_to=None, packages_start=None, packages_up_to=None, packages_up_to_regex=None, parallel_workers=4, paths=None, symlink_install=False, test_result_base=None, verb_extension=<colcon_core.verb.build.BuildVerb object at 0xffff99c16790>, verb_name='build', verb_parser=<colcon_defaults.argument_parser.defaults.DefaultArgumentsDecorator object at 0xffff99c16d00>)
[0.731s] Level 1:colcon.colcon_core.package_discovery:discover_packages(colcon_meta) check parameters
[0.732s] Level 1:colcon.colcon_core.package_discovery:discover_packages(recursive) check parameters
[0.732s] Level 1:colcon.colcon_core.package_discovery:discover_packages(ignore) check parameters
[0.732s] Level 1:colcon.colcon_core.package_discovery:discover_packages(path) check parameters
[0.732s] Level 1:colcon.colcon_core.package_discovery:discover_packages(colcon_meta) discover
[0.733s] Level 1:colcon.colcon_core.package_discovery:discover_packages(recursive) discover
[0.733s] INFO:colcon.colcon_core.package_discovery:Crawling recursively for packages in '/home/april/workAreas/apriltag_ws'
[0.733s] Level 1:colcon.colcon_core.package_identification:_identify(.) by extensions ['ignore', 'ignore_ament_install']
[0.734s] Level 1:colcon.colcon_core.package_identification:_identify(.) by extension 'ignore'
[0.734s] Level 1:colcon.colcon_core.package_identification:_identify(.) by extension 'ignore_ament_install'
[0.734s] Level 1:colcon.colcon_core.package_identification:_identify(.) by extensions ['colcon_pkg']
[0.734s] Level 1:colcon.colcon_core.package_identification:_identify(.) by extension 'colcon_pkg'
[0.734s] Level 1:colcon.colcon_core.package_identification:_identify(.) by extensions ['colcon_meta']
[0.734s] Level 1:colcon.colcon_core.package_identification:_identify(.) by extension 'colcon_meta'
[0.735s] Level 1:colcon.colcon_core.package_identification:_identify(.) by extensions ['ros']
[0.735s] Level 1:colcon.colcon_core.package_identification:_identify(.) by extension 'ros'
[0.775s] Level 1:colcon.colcon_core.package_identification:_identify(.) by extensions ['cmake', 'python']
[0.775s] Level 1:colcon.colcon_core.package_identification:_identify(.) by extension 'cmake'
[0.775s] Level 1:colcon.colcon_core.package_identification:_identify(.) by extension 'python'
[0.776s] Level 1:colcon.colcon_core.package_identification:_identify(.) by extensions ['python_setup_py']
[0.776s] Level 1:colcon.colcon_core.package_identification:_identify(.) by extension 'python_setup_py'
[0.776s] Level 1:colcon.colcon_core.package_identification:_identify(build) by extensions ['ignore', 'ignore_ament_install']
[0.777s] Level 1:colcon.colcon_core.package_identification:_identify(build) by extension 'ignore'
[0.777s] Level 1:colcon.colcon_core.package_identification:_identify(build) ignored
[0.777s] Level 1:colcon.colcon_core.package_identification:_identify(install) by extensions ['ignore', 'ignore_ament_install']
[0.778s] Level 1:colcon.colcon_core.package_identification:_identify(install) by extension 'ignore'
[0.778s] Level 1:colcon.colcon_core.package_identification:_identify(install) ignored
[0.779s] Level 1:colcon.colcon_core.package_identification:_identify(log) by extensions ['ignore', 'ignore_ament_install']
[0.779s] Level 1:colcon.colcon_core.package_identification:_identify(log) by extension 'ignore'
[0.779s] Level 1:colcon.colcon_core.package_identification:_identify(log) ignored
[0.779s] Level 1:colcon.colcon_core.package_identification:_identify(src) by extensions ['ignore', 'ignore_ament_install']
[0.780s] Level 1:colcon.colcon_core.package_identification:_identify(src) by extension 'ignore'
[0.780s] Level 1:colcon.colcon_core.package_identification:_identify(src) by extension 'ignore_ament_install'
[0.780s] Level 1:colcon.colcon_core.package_identification:_identify(src) by extensions ['colcon_pkg']
[0.780s] Level 1:colcon.colcon_core.package_identification:_identify(src) by extension 'colcon_pkg'
[0.780s] Level 1:colcon.colcon_core.package_identification:_identify(src) by extensions ['colcon_meta']
[0.780s] Level 1:colcon.colcon_core.package_identification:_identify(src) by extension 'colcon_meta'
[0.780s] Level 1:colcon.colcon_core.package_identification:_identify(src) by extensions ['ros']
[0.781s] Level 1:colcon.colcon_core.package_identification:_identify(src) by extension 'ros'
[0.781s] Level 1:colcon.colcon_core.package_identification:_identify(src) by extensions ['cmake', 'python']
[0.781s] Level 1:colcon.colcon_core.package_identification:_identify(src) by extension 'cmake'
[0.781s] Level 1:colcon.colcon_core.package_identification:_identify(src) by extension 'python'
[0.781s] Level 1:colcon.colcon_core.package_identification:_identify(src) by extensions ['python_setup_py']
[0.782s] Level 1:colcon.colcon_core.package_identification:_identify(src) by extension 'python_setup_py'
[0.782s] Level 1:colcon.colcon_core.package_identification:_identify(src/apriltag_msgs) by extensions ['ignore', 'ignore_ament_install']
[0.782s] Level 1:colcon.colcon_core.package_identification:_identify(src/apriltag_msgs) by extension 'ignore'
[0.782s] Level 1:colcon.colcon_core.package_identification:_identify(src/apriltag_msgs) by extension 'ignore_ament_install'
[0.783s] Level 1:colcon.colcon_core.package_identification:_identify(src/apriltag_msgs) by extensions ['colcon_pkg']
[0.783s] Level 1:colcon.colcon_core.package_identification:_identify(src/apriltag_msgs) by extension 'colcon_pkg'
[0.783s] Level 1:colcon.colcon_core.package_identification:_identify(src/apriltag_msgs) by extensions ['colcon_meta']
[0.783s] Level 1:colcon.colcon_core.package_identification:_identify(src/apriltag_msgs) by extension 'colcon_meta'
[0.783s] Level 1:colcon.colcon_core.package_identification:_identify(src/apriltag_msgs) by extensions ['ros']
[0.783s] Level 1:colcon.colcon_core.package_identification:_identify(src/apriltag_msgs) by extension 'ros'
[0.791s] DEBUG:colcon.colcon_core.package_identification:Package 'src/apriltag_msgs' with type 'ros.ament_cmake' and name 'apriltag_msgs'
[0.792s] Level 1:colcon.colcon_core.package_identification:_identify(src/apriltag_ros) by extensions ['ignore', 'ignore_ament_install']
[0.792s] Level 1:colcon.colcon_core.package_identification:_identify(src/apriltag_ros) by extension 'ignore'
[0.792s] Level 1:colcon.colcon_core.package_identification:_identify(src/apriltag_ros) by extension 'ignore_ament_install'
[0.793s] Level 1:colcon.colcon_core.package_identification:_identify(src/apriltag_ros) by extensions ['colcon_pkg']
[0.793s] Level 1:colcon.colcon_core.package_identification:_identify(src/apriltag_ros) by extension 'colcon_pkg'
[0.793s] Level 1:colcon.colcon_core.package_identification:_identify(src/apriltag_ros) by extensions ['colcon_meta']
[0.793s] Level 1:colcon.colcon_core.package_identification:_identify(src/apriltag_ros) by extension 'colcon_meta'
[0.793s] Level 1:colcon.colcon_core.package_identification:_identify(src/apriltag_ros) by extensions ['ros']
[0.793s] Level 1:colcon.colcon_core.package_identification:_identify(src/apriltag_ros) by extension 'ros'
[0.802s] DEBUG:colcon.colcon_core.package_identification:Package 'src/apriltag_ros' with type 'ros.ament_cmake' and name 'apriltag_ros'
[0.803s] Level 1:colcon.colcon_core.package_identification:_identify(src/cam_subscriber) by extensions ['ignore', 'ignore_ament_install']
[0.803s] Level 1:colcon.colcon_core.package_identification:_identify(src/cam_subscriber) by extension 'ignore'
[0.803s] Level 1:colcon.colcon_core.package_identification:_identify(src/cam_subscriber) by extension 'ignore_ament_install'
[0.804s] Level 1:colcon.colcon_core.package_identification:_identify(src/cam_subscriber) by extensions ['colcon_pkg']
[0.804s] Level 1:colcon.colcon_core.package_identification:_identify(src/cam_subscriber) by extension 'colcon_pkg'
[0.804s] Level 1:colcon.colcon_core.package_identification:_identify(src/cam_subscriber) by extensions ['colcon_meta']
[0.804s] Level 1:colcon.colcon_core.package_identification:_identify(src/cam_subscriber) by extension 'colcon_meta'
[0.804s] Level 1:colcon.colcon_core.package_identification:_identify(src/cam_subscriber) by extensions ['ros']
[0.804s] Level 1:colcon.colcon_core.package_identification:_identify(src/cam_subscriber) by extension 'ros'
[0.807s] DEBUG:colcon.colcon_core.package_identification:Package 'src/cam_subscriber' with type 'ros.ament_python' and name 'cam_subscriber'
[0.808s] Level 1:colcon.colcon_core.package_identification:_identify(src/py_pysub) by extensions ['ignore', 'ignore_ament_install']
[0.808s] Level 1:colcon.colcon_core.package_identification:_identify(src/py_pysub) by extension 'ignore'
[0.808s] Level 1:colcon.colcon_core.package_identification:_identify(src/py_pysub) by extension 'ignore_ament_install'
[0.808s] Level 1:colcon.colcon_core.package_identification:_identify(src/py_pysub) by extensions ['colcon_pkg']
[0.809s] Level 1:colcon.colcon_core.package_identification:_identify(src/py_pysub) by extension 'colcon_pkg'
[0.809s] Level 1:colcon.colcon_core.package_identification:_identify(src/py_pysub) by extensions ['colcon_meta']
[0.809s] Level 1:colcon.colcon_core.package_identification:_identify(src/py_pysub) by extension 'colcon_meta'
[0.809s] Level 1:colcon.colcon_core.package_identification:_identify(src/py_pysub) by extensions ['ros']
[0.809s] Level 1:colcon.colcon_core.package_identification:_identify(src/py_pysub) by extension 'ros'
[0.810s] Level 1:colcon.colcon_core.package_identification:_identify(src/py_pysub) by extensions ['cmake', 'python']
[0.810s] Level 1:colcon.colcon_core.package_identification:_identify(src/py_pysub) by extension 'cmake'
[0.810s] Level 1:colcon.colcon_core.package_identification:_identify(src/py_pysub) by extension 'python'
[0.810s] Level 1:colcon.colcon_core.package_identification:_identify(src/py_pysub) by extensions ['python_setup_py']
[0.810s] Level 1:colcon.colcon_core.package_identification:_identify(src/py_pysub) by extension 'python_setup_py'
[0.811s] Level 1:colcon.colcon_core.package_identification:_identify(src/py_pysub/py_pysub) by extensions ['ignore', 'ignore_ament_install']
[0.811s] Level 1:colcon.colcon_core.package_identification:_identify(src/py_pysub/py_pysub) by extension 'ignore'
[0.811s] Level 1:colcon.colcon_core.package_identification:_identify(src/py_pysub/py_pysub) by extension 'ignore_ament_install'
[0.811s] Level 1:colcon.colcon_core.package_identification:_identify(src/py_pysub/py_pysub) by extensions ['colcon_pkg']
[0.811s] Level 1:colcon.colcon_core.package_identification:_identify(src/py_pysub/py_pysub) by extension 'colcon_pkg'
[0.811s] Level 1:colcon.colcon_core.package_identification:_identify(src/py_pysub/py_pysub) by extensions ['colcon_meta']
[0.812s] Level 1:colcon.colcon_core.package_identification:_identify(src/py_pysub/py_pysub) by extension 'colcon_meta'
[0.812s] Level 1:colcon.colcon_core.package_identification:_identify(src/py_pysub/py_pysub) by extensions ['ros']
[0.812s] Level 1:colcon.colcon_core.package_identification:_identify(src/py_pysub/py_pysub) by extension 'ros'
[0.814s] DEBUG:colcon.colcon_core.package_identification:Package 'src/py_pysub/py_pysub' with type 'ros.ament_python' and name 'py_pysub'
[0.814s] Level 1:colcon.colcon_core.package_discovery:discover_packages(recursive) using defaults
[0.814s] Level 1:colcon.colcon_core.package_discovery:discover_packages(ignore) discover
[0.814s] Level 1:colcon.colcon_core.package_discovery:discover_packages(ignore) using defaults
[0.814s] Level 1:colcon.colcon_core.package_discovery:discover_packages(path) discover
[0.815s] Level 1:colcon.colcon_core.package_discovery:discover_packages(path) using defaults
[0.928s] Level 1:colcon.colcon_core.package_discovery:discover_packages(prefix_path) check parameters
[0.928s] Level 1:colcon.colcon_core.package_discovery:discover_packages(prefix_path) discover
[0.950s] DEBUG:colcon.colcon_installed_package_information.package_discovery:Found 4 installed packages in /home/april/workAreas/apriltag_ws/install
[0.955s] DEBUG:colcon.colcon_installed_package_information.package_discovery:Found 4 installed packages in /home/april/rosApril_ws/install
[0.966s] DEBUG:colcon.colcon_installed_package_information.package_discovery:Found 263 installed packages in /opt/ros/foxy
[0.973s] Level 1:colcon.colcon_core.package_discovery:discover_packages(prefix_path) using defaults
[1.272s] Level 5:colcon.colcon_core.verb:set package 'apriltag_msgs' build argument 'cmake_args' from command line to 'None'
[1.272s] Level 5:colcon.colcon_core.verb:set package 'apriltag_msgs' build argument 'cmake_target' from command line to 'None'
[1.272s] Level 5:colcon.colcon_core.verb:set package 'apriltag_msgs' build argument 'cmake_target_skip_unavailable' from command line to 'False'
[1.272s] Level 5:colcon.colcon_core.verb:set package 'apriltag_msgs' build argument 'cmake_clean_cache' from command line to 'False'
[1.272s] Level 5:colcon.colcon_core.verb:set package 'apriltag_msgs' build argument 'cmake_clean_first' from command line to 'False'
[1.272s] Level 5:colcon.colcon_core.verb:set package 'apriltag_msgs' build argument 'cmake_force_configure' from command line to 'False'
[1.272s] Level 5:colcon.colcon_core.verb:set package 'apriltag_msgs' build argument 'ament_cmake_args' from command line to 'None'
[1.273s] Level 5:colcon.colcon_core.verb:set package 'apriltag_msgs' build argument 'catkin_cmake_args' from command line to 'None'
[1.273s] Level 5:colcon.colcon_core.verb:set package 'apriltag_msgs' build argument 'catkin_skip_building_tests' from command line to 'False'
[1.273s] DEBUG:colcon.colcon_core.verb:Building package 'apriltag_msgs' with the following arguments: {'ament_cmake_args': None, 'build_base': '/home/april/workAreas/apriltag_ws/build/apriltag_msgs', 'catkin_cmake_args': None, 'catkin_skip_building_tests': False, 'cmake_args': None, 'cmake_clean_cache': False, 'cmake_clean_first': False, 'cmake_force_configure': False, 'cmake_target': None, 'cmake_target_skip_unavailable': False, 'install_base': '/home/april/workAreas/apriltag_ws/install/apriltag_msgs', 'merge_install': False, 'path': '/home/april/workAreas/apriltag_ws/src/apriltag_msgs', 'symlink_install': False, 'test_result_base': None}
[1.278s] Level 5:colcon.colcon_core.verb:set package 'py_pysub' build argument 'cmake_args' from command line to 'None'
[1.278s] Level 5:colcon.colcon_core.verb:set package 'py_pysub' build argument 'cmake_target' from command line to 'None'
[1.278s] Level 5:colcon.colcon_core.verb:set package 'py_pysub' build argument 'cmake_target_skip_unavailable' from command line to 'False'
[1.278s] Level 5:colcon.colcon_core.verb:set package 'py_pysub' build argument 'cmake_clean_cache' from command line to 'False'
[1.278s] Level 5:colcon.colcon_core.verb:set package 'py_pysub' build argument 'cmake_clean_first' from command line to 'False'
[1.278s] Level 5:colcon.colcon_core.verb:set package 'py_pysub' build argument 'cmake_force_configure' from command line to 'False'
[1.279s] Level 5:colcon.colcon_core.verb:set package 'py_pysub' build argument 'ament_cmake_args' from command line to 'None'
[1.279s] Level 5:colcon.colcon_core.verb:set package 'py_pysub' build argument 'catkin_cmake_args' from command line to 'None'
[1.279s] Level 5:colcon.colcon_core.verb:set package 'py_pysub' build argument 'catkin_skip_building_tests' from command line to 'False'
[1.279s] DEBUG:colcon.colcon_core.verb:Building package 'py_pysub' with the following arguments: {'ament_cmake_args': None, 'build_base': '/home/april/workAreas/apriltag_ws/build/py_pysub', 'catkin_cmake_args': None, 'catkin_skip_building_tests': False, 'cmake_args': None, 'cmake_clean_cache': False, 'cmake_clean_first': False, 'cmake_force_configure': False, 'cmake_target': None, 'cmake_target_skip_unavailable': False, 'install_base': '/home/april/workAreas/apriltag_ws/install/py_pysub', 'merge_install': False, 'path': '/home/april/workAreas/apriltag_ws/src/py_pysub/py_pysub', 'symlink_install': False, 'test_result_base': None}
[1.283s] Level 5:colcon.colcon_core.verb:set package 'apriltag_ros' build argument 'cmake_args' from command line to 'None'
[1.283s] Level 5:colcon.colcon_core.verb:set package 'apriltag_ros' build argument 'cmake_target' from command line to 'None'
[1.283s] Level 5:colcon.colcon_core.verb:set package 'apriltag_ros' build argument 'cmake_target_skip_unavailable' from command line to 'False'
[1.284s] Level 5:colcon.colcon_core.verb:set package 'apriltag_ros' build argument 'cmake_clean_cache' from command line to 'False'
[1.284s] Level 5:colcon.colcon_core.verb:set package 'apriltag_ros' build argument 'cmake_clean_first' from command line to 'False'
[1.284s] Level 5:colcon.colcon_core.verb:set package 'apriltag_ros' build argument 'cmake_force_configure' from command line to 'False'
[1.284s] Level 5:colcon.colcon_core.verb:set package 'apriltag_ros' build argument 'ament_cmake_args' from command line to 'None'
[1.284s] Level 5:colcon.colcon_core.verb:set package 'apriltag_ros' build argument 'catkin_cmake_args' from command line to 'None'
[1.284s] Level 5:colcon.colcon_core.verb:set package 'apriltag_ros' build argument 'catkin_skip_building_tests' from command line to 'False'
[1.284s] DEBUG:colcon.colcon_core.verb:Building package 'apriltag_ros' with the following arguments: {'ament_cmake_args': None, 'build_base': '/home/april/workAreas/apriltag_ws/build/apriltag_ros', 'catkin_cmake_args': None, 'catkin_skip_building_tests': False, 'cmake_args': None, 'cmake_clean_cache': False, 'cmake_clean_first': False, 'cmake_force_configure': False, 'cmake_target': None, 'cmake_target_skip_unavailable': False, 'install_base': '/home/april/workAreas/apriltag_ws/install/apriltag_ros', 'merge_install': False, 'path': '/home/april/workAreas/apriltag_ws/src/apriltag_ros', 'symlink_install': False, 'test_result_base': None}
[1.288s] Level 5:colcon.colcon_core.verb:set package 'cam_subscriber' build argument 'cmake_args' from command line to 'None'
[1.288s] Level 5:colcon.colcon_core.verb:set package 'cam_subscriber' build argument 'cmake_target' from command line to 'None'
[1.289s] Level 5:colcon.colcon_core.verb:set package 'cam_subscriber' build argument 'cmake_target_skip_unavailable' from command line to 'False'
[1.289s] Level 5:colcon.colcon_core.verb:set package 'cam_subscriber' build argument 'cmake_clean_cache' from command line to 'False'
[1.289s] Level 5:colcon.colcon_core.verb:set package 'cam_subscriber' build argument 'cmake_clean_first' from command line to 'False'
[1.289s] Level 5:colcon.colcon_core.verb:set package 'cam_subscriber' build argument 'cmake_force_configure' from command line to 'False'
[1.289s] Level 5:colcon.colcon_core.verb:set package 'cam_subscriber' build argument 'ament_cmake_args' from command line to 'None'
[1.289s] Level 5:colcon.colcon_core.verb:set package 'cam_subscriber' build argument 'catkin_cmake_args' from command line to 'None'
[1.289s] Level 5:colcon.colcon_core.verb:set package 'cam_subscriber' build argument 'catkin_skip_building_tests' from command line to 'False'
[1.289s] DEBUG:colcon.colcon_core.verb:Building package 'cam_subscriber' with the following arguments: {'ament_cmake_args': None, 'build_base': '/home/april/workAreas/apriltag_ws/build/cam_subscriber', 'catkin_cmake_args': None, 'catkin_skip_building_tests': False, 'cmake_args': None, 'cmake_clean_cache': False, 'cmake_clean_first': False, 'cmake_force_configure': False, 'cmake_target': None, 'cmake_target_skip_unavailable': False, 'install_base': '/home/april/workAreas/apriltag_ws/install/cam_subscriber', 'merge_install': False, 'path': '/home/april/workAreas/apriltag_ws/src/cam_subscriber', 'symlink_install': False, 'test_result_base': None}
[1.292s] INFO:colcon.colcon_core.executor:Executing jobs using 'parallel' executor
[1.308s] DEBUG:colcon.colcon_parallel_executor.executor.parallel:run_until_complete
[1.309s] INFO:colcon.colcon_ros.task.ament_cmake.build:Building ROS package in '/home/april/workAreas/apriltag_ws/src/apriltag_msgs' with build type 'ament_cmake'
[1.309s] INFO:colcon.colcon_cmake.task.cmake.build:Building CMake package in '/home/april/workAreas/apriltag_ws/src/apriltag_msgs'
[1.330s] INFO:colcon.colcon_core.plugin_system:Skipping extension 'colcon_core.shell.bat': Not used on non-Windows systems
[1.330s] INFO:colcon.colcon_core.shell:Skip shell extension 'powershell' for command environment: Not usable outside of PowerShell
[1.331s] DEBUG:colcon.colcon_core.shell:Skip shell extension 'dsv' for command environment
[1.380s] INFO:colcon.colcon_ros.task.ament_python.build:Building ROS package in '/home/april/workAreas/apriltag_ws/src/py_pysub/py_pysub' with build type 'ament_python'
[1.383s] Level 1:colcon.colcon_core.shell:create_environment_hook('py_pysub', 'ament_prefix_path')
[1.394s] INFO:colcon.colcon_core.shell:Creating environment hook '/home/april/workAreas/apriltag_ws/install/py_pysub/share/py_pysub/hook/ament_prefix_path.ps1'
[1.397s] INFO:colcon.colcon_core.shell:Creating environment descriptor '/home/april/workAreas/apriltag_ws/install/py_pysub/share/py_pysub/hook/ament_prefix_path.dsv'
[1.400s] INFO:colcon.colcon_core.shell:Creating environment hook '/home/april/workAreas/apriltag_ws/install/py_pysub/share/py_pysub/hook/ament_prefix_path.sh'
[1.417s] INFO:colcon.colcon_core.shell:Skip shell extension 'powershell' for command environment: Not usable outside of PowerShell
[1.418s] DEBUG:colcon.colcon_core.shell:Skip shell extension 'dsv' for command environment
[1.500s] DEBUG:colcon.colcon_core.event_handler.log_command:Invoking command in '/home/april/workAreas/apriltag_ws/build/apriltag_msgs': CMAKE_PREFIX_PATH=${CMAKE_PREFIX_PATH}:/home/april/workAreas/apriltag_ws/install/py_pysub:/home/april/workAreas/apriltag_ws/install/cam_subscriber:/home/april/rosApril_ws/install/py_pysub:/home/april/rosApril_ws/install/cam_subscriber:/opt/ros/foxy /usr/bin/cmake --build /home/april/workAreas/apriltag_ws/build/apriltag_msgs -- -j4 -l4
[2.980s] INFO:colcon.colcon_core.task.python.build:Building Python package in '/home/april/workAreas/apriltag_ws/src/py_pysub/py_pysub'
[2.987s] INFO:colcon.colcon_core.shell:Skip shell extension 'powershell' for command environment: Not usable outside of PowerShell
[2.987s] DEBUG:colcon.colcon_core.shell:Skip shell extension 'dsv' for command environment
[3.027s] DEBUG:colcon.colcon_core.event_handler.log_command:Invoked command in '/home/april/workAreas/apriltag_ws/build/apriltag_msgs' returned '0': CMAKE_PREFIX_PATH=${CMAKE_PREFIX_PATH}:/home/april/workAreas/apriltag_ws/install/py_pysub:/home/april/workAreas/apriltag_ws/install/cam_subscriber:/home/april/rosApril_ws/install/py_pysub:/home/april/rosApril_ws/install/cam_subscriber:/opt/ros/foxy /usr/bin/cmake --build /home/april/workAreas/apriltag_ws/build/apriltag_msgs -- -j4 -l4
[3.680s] DEBUG:colcon.colcon_core.event_handler.log_command:Invoking command in '/home/april/workAreas/apriltag_ws/build/apriltag_msgs': CMAKE_PREFIX_PATH=${CMAKE_PREFIX_PATH}:/home/april/workAreas/apriltag_ws/install/py_pysub:/home/april/workAreas/apriltag_ws/install/cam_subscriber:/home/april/rosApril_ws/install/py_pysub:/home/april/rosApril_ws/install/cam_subscriber:/opt/ros/foxy /usr/bin/cmake --install /home/april/workAreas/apriltag_ws/build/apriltag_msgs
[4.008s] Level 1:colcon.colcon_core.environment:create_environment_scripts_only(apriltag_msgs)
[4.018s] DEBUG:colcon.colcon_core.event_handler.log_command:Invoked command in '/home/april/workAreas/apriltag_ws/build/apriltag_msgs' returned '0': CMAKE_PREFIX_PATH=${CMAKE_PREFIX_PATH}:/home/april/workAreas/apriltag_ws/install/py_pysub:/home/april/workAreas/apriltag_ws/install/cam_subscriber:/home/april/rosApril_ws/install/py_pysub:/home/april/rosApril_ws/install/cam_subscriber:/opt/ros/foxy /usr/bin/cmake --install /home/april/workAreas/apriltag_ws/build/apriltag_msgs
[4.038s] Level 1:colcon.colcon_core.environment:checking '/home/april/workAreas/apriltag_ws/install/apriltag_msgs' for CMake module files
[4.041s] Level 1:colcon.colcon_core.environment:checking '/home/april/workAreas/apriltag_ws/install/apriltag_msgs' for CMake config files
[4.045s] Level 1:colcon.colcon_core.shell:create_environment_hook('apriltag_msgs', 'cmake_prefix_path')
[4.052s] INFO:colcon.colcon_core.shell:Creating environment hook '/home/april/workAreas/apriltag_ws/install/apriltag_msgs/share/apriltag_msgs/hook/cmake_prefix_path.ps1'
[4.054s] INFO:colcon.colcon_core.shell:Creating environment descriptor '/home/april/workAreas/apriltag_ws/install/apriltag_msgs/share/apriltag_msgs/hook/cmake_prefix_path.dsv'
[4.056s] INFO:colcon.colcon_core.shell:Creating environment hook '/home/april/workAreas/apriltag_ws/install/apriltag_msgs/share/apriltag_msgs/hook/cmake_prefix_path.sh'
[4.059s] Level 1:colcon.colcon_core.environment:checking '/home/april/workAreas/apriltag_ws/install/apriltag_msgs/lib'
[4.060s] Level 1:colcon.colcon_core.shell:create_environment_hook('apriltag_msgs', 'ld_library_path_lib')
[4.067s] INFO:colcon.colcon_core.shell:Creating environment hook '/home/april/workAreas/apriltag_ws/install/apriltag_msgs/share/apriltag_msgs/hook/ld_library_path_lib.ps1'
[4.076s] INFO:colcon.colcon_core.shell:Creating environment descriptor '/home/april/workAreas/apriltag_ws/install/apriltag_msgs/share/apriltag_msgs/hook/ld_library_path_lib.dsv'
[4.078s] INFO:colcon.colcon_core.shell:Creating environment hook '/home/april/workAreas/apriltag_ws/install/apriltag_msgs/share/apriltag_msgs/hook/ld_library_path_lib.sh'
[4.081s] Level 1:colcon.colcon_core.environment:checking '/home/april/workAreas/apriltag_ws/install/apriltag_msgs/bin'
[4.082s] Level 1:colcon.colcon_core.environment:checking '/home/april/workAreas/apriltag_ws/install/apriltag_msgs/lib/pkgconfig/apriltag_msgs.pc'
[4.083s] Level 1:colcon.colcon_core.environment:checking '/home/april/workAreas/apriltag_ws/install/apriltag_msgs/lib/python3.8/site-packages'
[4.083s] Level 1:colcon.colcon_core.shell:create_environment_hook('apriltag_msgs', 'pythonpath')
[4.089s] INFO:colcon.colcon_core.shell:Creating environment hook '/home/april/workAreas/apriltag_ws/install/apriltag_msgs/share/apriltag_msgs/hook/pythonpath.ps1'
[4.091s] INFO:colcon.colcon_core.shell:Creating environment descriptor '/home/april/workAreas/apriltag_ws/install/apriltag_msgs/share/apriltag_msgs/hook/pythonpath.dsv'
[4.093s] INFO:colcon.colcon_core.shell:Creating environment hook '/home/april/workAreas/apriltag_ws/install/apriltag_msgs/share/apriltag_msgs/hook/pythonpath.sh'
[4.096s] Level 1:colcon.colcon_core.environment:checking '/home/april/workAreas/apriltag_ws/install/apriltag_msgs/bin'
[4.102s] INFO:colcon.colcon_core.shell:Creating package script '/home/april/workAreas/apriltag_ws/install/apriltag_msgs/share/apriltag_msgs/package.ps1'
[4.106s] INFO:colcon.colcon_core.shell:Creating package descriptor '/home/april/workAreas/apriltag_ws/install/apriltag_msgs/share/apriltag_msgs/package.dsv'
[4.109s] INFO:colcon.colcon_core.shell:Creating package script '/home/april/workAreas/apriltag_ws/install/apriltag_msgs/share/apriltag_msgs/package.sh'
[4.112s] INFO:colcon.colcon_core.shell:Creating package script '/home/april/workAreas/apriltag_ws/install/apriltag_msgs/share/apriltag_msgs/package.bash'
[4.116s] INFO:colcon.colcon_core.shell:Creating package script '/home/april/workAreas/apriltag_ws/install/apriltag_msgs/share/apriltag_msgs/package.zsh'
[4.119s] Level 1:colcon.colcon_core.environment:create_file_with_runtime_dependencies(/home/april/workAreas/apriltag_ws/install/apriltag_msgs/share/colcon-core/packages/apriltag_msgs)
[4.696s] Level 1:colcon.colcon_core.environment:create_environment_scripts_only(apriltag_msgs)
[4.706s] Level 1:colcon.colcon_core.environment:checking '/home/april/workAreas/apriltag_ws/install/apriltag_msgs' for CMake module files
[4.710s] Level 1:colcon.colcon_core.environment:checking '/home/april/workAreas/apriltag_ws/install/apriltag_msgs' for CMake config files
[4.714s] Level 1:colcon.colcon_core.shell:create_environment_hook('apriltag_msgs', 'cmake_prefix_path')
[4.719s] INFO:colcon.colcon_core.shell:Creating environment hook '/home/april/workAreas/apriltag_ws/install/apriltag_msgs/share/apriltag_msgs/hook/cmake_prefix_path.ps1'
[4.722s] INFO:colcon.colcon_core.shell:Creating environment descriptor '/home/april/workAreas/apriltag_ws/install/apriltag_msgs/share/apriltag_msgs/hook/cmake_prefix_path.dsv'
[4.724s] INFO:colcon.colcon_core.shell:Creating environment hook '/home/april/workAreas/apriltag_ws/install/apriltag_msgs/share/apriltag_msgs/hook/cmake_prefix_path.sh'
[4.727s] Level 1:colcon.colcon_core.environment:checking '/home/april/workAreas/apriltag_ws/install/apriltag_msgs/lib'
[4.727s] Level 1:colcon.colcon_core.shell:create_environment_hook('apriltag_msgs', 'ld_library_path_lib')
[4.733s] INFO:colcon.colcon_core.shell:Creating environment hook '/home/april/workAreas/apriltag_ws/install/apriltag_msgs/share/apriltag_msgs/hook/ld_library_path_lib.ps1'
[4.736s] INFO:colcon.colcon_core.shell:Creating environment descriptor '/home/april/workAreas/apriltag_ws/install/apriltag_msgs/share/apriltag_msgs/hook/ld_library_path_lib.dsv'
[4.738s] INFO:colcon.colcon_core.shell:Creating environment hook '/home/april/workAreas/apriltag_ws/install/apriltag_msgs/share/apriltag_msgs/hook/ld_library_path_lib.sh'
[4.740s] Level 1:colcon.colcon_core.environment:checking '/home/april/workAreas/apriltag_ws/install/apriltag_msgs/bin'
[4.740s] Level 1:colcon.colcon_core.environment:checking '/home/april/workAreas/apriltag_ws/install/apriltag_msgs/lib/pkgconfig/apriltag_msgs.pc'
[4.741s] Level 1:colcon.colcon_core.environment:checking '/home/april/workAreas/apriltag_ws/install/apriltag_msgs/lib/python3.8/site-packages'
[4.741s] Level 1:colcon.colcon_core.shell:create_environment_hook('apriltag_msgs', 'pythonpath')
[4.748s] INFO:colcon.colcon_core.shell:Creating environment hook '/home/april/workAreas/apriltag_ws/install/apriltag_msgs/share/apriltag_msgs/hook/pythonpath.ps1'
[4.750s] INFO:colcon.colcon_core.shell:Creating environment descriptor '/home/april/workAreas/apriltag_ws/install/apriltag_msgs/share/apriltag_msgs/hook/pythonpath.dsv'
[4.752s] INFO:colcon.colcon_core.shell:Creating environment hook '/home/april/workAreas/apriltag_ws/install/apriltag_msgs/share/apriltag_msgs/hook/pythonpath.sh'
[4.755s] Level 1:colcon.colcon_core.environment:checking '/home/april/workAreas/apriltag_ws/install/apriltag_msgs/bin'
[4.762s] INFO:colcon.colcon_core.shell:Creating package script '/home/april/workAreas/apriltag_ws/install/apriltag_msgs/share/apriltag_msgs/package.ps1'
[4.765s] INFO:colcon.colcon_core.shell:Creating package descriptor '/home/april/workAreas/apriltag_ws/install/apriltag_msgs/share/apriltag_msgs/package.dsv'
[4.768s] INFO:colcon.colcon_core.shell:Creating package script '/home/april/workAreas/apriltag_ws/install/apriltag_msgs/share/apriltag_msgs/package.sh'
[4.770s] INFO:colcon.colcon_core.shell:Creating package script '/home/april/workAreas/apriltag_ws/install/apriltag_msgs/share/apriltag_msgs/package.bash'
[4.773s] INFO:colcon.colcon_core.shell:Creating package script '/home/april/workAreas/apriltag_ws/install/apriltag_msgs/share/apriltag_msgs/package.zsh'
[4.777s] Level 1:colcon.colcon_core.environment:create_file_with_runtime_dependencies(/home/april/workAreas/apriltag_ws/install/apriltag_msgs/share/colcon-core/packages/apriltag_msgs)
[4.780s] INFO:colcon.colcon_ros.task.ament_cmake.build:Building ROS package in '/home/april/workAreas/apriltag_ws/src/apriltag_ros' with build type 'ament_cmake'
[4.782s] INFO:colcon.colcon_cmake.task.cmake.build:Building CMake package in '/home/april/workAreas/apriltag_ws/src/apriltag_ros'
[4.796s] INFO:colcon.colcon_core.shell:Skip shell extension 'powershell' for command environment: Not usable outside of PowerShell
[4.797s] DEBUG:colcon.colcon_core.shell:Skip shell extension 'dsv' for command environment
[4.840s] INFO:colcon.colcon_ros.task.ament_python.build:Building ROS package in '/home/april/workAreas/apriltag_ws/src/cam_subscriber' with build type 'ament_python'
[4.844s] Level 1:colcon.colcon_core.shell:create_environment_hook('cam_subscriber', 'ament_prefix_path')
[4.857s] INFO:colcon.colcon_core.shell:Creating environment hook '/home/april/workAreas/apriltag_ws/install/cam_subscriber/share/cam_subscriber/hook/ament_prefix_path.ps1'
[4.864s] INFO:colcon.colcon_core.shell:Creating environment descriptor '/home/april/workAreas/apriltag_ws/install/cam_subscriber/share/cam_subscriber/hook/ament_prefix_path.dsv'
[4.866s] INFO:colcon.colcon_core.shell:Creating environment hook '/home/april/workAreas/apriltag_ws/install/cam_subscriber/share/cam_subscriber/hook/ament_prefix_path.sh'
[4.875s] INFO:colcon.colcon_core.shell:Skip shell extension 'powershell' for command environment: Not usable outside of PowerShell
[4.875s] DEBUG:colcon.colcon_core.shell:Skip shell extension 'dsv' for command environment
[4.956s] DEBUG:colcon.colcon_core.event_handler.log_command:Invoking command in '/home/april/workAreas/apriltag_ws/build/apriltag_ros': CMAKE_PREFIX_PATH=/home/april/workAreas/apriltag_ws/install/apriltag_msgs:/home/april/workAreas/apriltag_ws/install/apriltag_ros:/home/april/rosApril_ws/install/apriltag_ros:/home/april/rosApril_ws/install/apriltag_msgs:/home/april/workAreas/apriltag_ws/install/py_pysub:/home/april/workAreas/apriltag_ws/install/cam_subscriber:/home/april/rosApril_ws/install/py_pysub:/home/april/rosApril_ws/install/cam_subscriber:/opt/ros/foxy LD_LIBRARY_PATH=/home/april/workAreas/apriltag_ws/install/apriltag_msgs/lib:/home/april/workAreas/apriltag_ws/install/apriltag_ros/lib:/home/april/rosApril_ws/install/apriltag_ros/lib:/home/april/rosApril_ws/install/apriltag_msgs/lib:/opt/ros/foxy/opt/yaml_cpp_vendor/lib:/opt/ros/foxy/opt/rviz_ogre_vendor/lib:/opt/ros/foxy/lib/aarch64-linux-gnu:/opt/ros/foxy/lib PYTHONPATH=/home/april/workAreas/apriltag_ws/install/apriltag_msgs/lib/python3.8/site-packages:/home/april/workAreas/apriltag_ws/install/py_pysub/lib/python3.8/site-packages:/home/april/workAreas/apriltag_ws/install/cam_subscriber/lib/python3.8/site-packages:/home/april/rosApril_ws/install/py_pysub/lib/python3.8/site-packages:/home/april/rosApril_ws/install/cam_subscriber/lib/python3.8/site-packages:/home/april/rosApril_ws/install/apriltag_msgs/lib/python3.8/site-packages:/opt/ros/foxy/lib/python3.8/site-packages /usr/bin/cmake --build /home/april/workAreas/apriltag_ws/build/apriltag_ros -- -j4 -l4
[6.241s] INFO:colcon.colcon_core.task.python.build:Building Python package in '/home/april/workAreas/apriltag_ws/src/cam_subscriber'
[6.247s] INFO:colcon.colcon_core.shell:Skip shell extension 'powershell' for command environment: Not usable outside of PowerShell
[6.247s] DEBUG:colcon.colcon_core.shell:Skip shell extension 'dsv' for command environment
[6.289s] DEBUG:colcon.colcon_core.event_handler.log_command:Invoked command in '/home/april/workAreas/apriltag_ws/build/apriltag_ros' returned '0': CMAKE_PREFIX_PATH=/home/april/workAreas/apriltag_ws/install/apriltag_msgs:/home/april/workAreas/apriltag_ws/install/apriltag_ros:/home/april/rosApril_ws/install/apriltag_ros:/home/april/rosApril_ws/install/apriltag_msgs:/home/april/workAreas/apriltag_ws/install/py_pysub:/home/april/workAreas/apriltag_ws/install/cam_subscriber:/home/april/rosApril_ws/install/py_pysub:/home/april/rosApril_ws/install/cam_subscriber:/opt/ros/foxy LD_LIBRARY_PATH=/home/april/workAreas/apriltag_ws/install/apriltag_msgs/lib:/home/april/workAreas/apriltag_ws/install/apriltag_ros/lib:/home/april/rosApril_ws/install/apriltag_ros/lib:/home/april/rosApril_ws/install/apriltag_msgs/lib:/opt/ros/foxy/opt/yaml_cpp_vendor/lib:/opt/ros/foxy/opt/rviz_ogre_vendor/lib:/opt/ros/foxy/lib/aarch64-linux-gnu:/opt/ros/foxy/lib PYTHONPATH=/home/april/workAreas/apriltag_ws/install/apriltag_msgs/lib/python3.8/site-packages:/home/april/workAreas/apriltag_ws/install/py_pysub/lib/python3.8/site-packages:/home/april/workAreas/apriltag_ws/install/cam_subscriber/lib/python3.8/site-packages:/home/april/rosApril_ws/install/py_pysub/lib/python3.8/site-packages:/home/april/rosApril_ws/install/cam_subscriber/lib/python3.8/site-packages:/home/april/rosApril_ws/install/apriltag_msgs/lib/python3.8/site-packages:/opt/ros/foxy/lib/python3.8/site-packages /usr/bin/cmake --build /home/april/workAreas/apriltag_ws/build/apriltag_ros -- -j4 -l4
[6.380s] DEBUG:colcon.colcon_core.event_handler.log_command:Invoking command in '/home/april/workAreas/apriltag_ws/src/py_pysub/py_pysub': PYTHONPATH=/home/april/workAreas/apriltag_ws/build/py_pysub/prefix_override:/home/april/workAreas/apriltag_ws/install/py_pysub/lib/python3.8/site-packages:${PYTHONPATH} /usr/bin/python3 setup.py egg_info --egg-base ../../../build/py_pysub build --build-base /home/april/workAreas/apriltag_ws/build/py_pysub/build install --record /home/april/workAreas/apriltag_ws/build/py_pysub/install.log --install-scripts $base/lib/py_pysub --single-version-externally-managed
[6.520s] DEBUG:colcon.colcon_core.event_handler.log_command:Invoking command in '/home/april/workAreas/apriltag_ws/build/apriltag_ros': CMAKE_PREFIX_PATH=/home/april/workAreas/apriltag_ws/install/apriltag_msgs:/home/april/workAreas/apriltag_ws/install/apriltag_ros:/home/april/rosApril_ws/install/apriltag_ros:/home/april/rosApril_ws/install/apriltag_msgs:/home/april/workAreas/apriltag_ws/install/py_pysub:/home/april/workAreas/apriltag_ws/install/cam_subscriber:/home/april/rosApril_ws/install/py_pysub:/home/april/rosApril_ws/install/cam_subscriber:/opt/ros/foxy LD_LIBRARY_PATH=/home/april/workAreas/apriltag_ws/install/apriltag_msgs/lib:/home/april/workAreas/apriltag_ws/install/apriltag_ros/lib:/home/april/rosApril_ws/install/apriltag_ros/lib:/home/april/rosApril_ws/install/apriltag_msgs/lib:/opt/ros/foxy/opt/yaml_cpp_vendor/lib:/opt/ros/foxy/opt/rviz_ogre_vendor/lib:/opt/ros/foxy/lib/aarch64-linux-gnu:/opt/ros/foxy/lib PYTHONPATH=/home/april/workAreas/apriltag_ws/install/apriltag_msgs/lib/python3.8/site-packages:/home/april/workAreas/apriltag_ws/install/py_pysub/lib/python3.8/site-packages:/home/april/workAreas/apriltag_ws/install/cam_subscriber/lib/python3.8/site-packages:/home/april/rosApril_ws/install/py_pysub/lib/python3.8/site-packages:/home/april/rosApril_ws/install/cam_subscriber/lib/python3.8/site-packages:/home/april/rosApril_ws/install/apriltag_msgs/lib/python3.8/site-packages:/opt/ros/foxy/lib/python3.8/site-packages /usr/bin/cmake --install /home/april/workAreas/apriltag_ws/build/apriltag_ros
[6.602s] Level 1:colcon.colcon_core.environment:create_environment_scripts_only(apriltag_ros)
[6.613s] Level 1:colcon.colcon_core.environment:checking '/home/april/workAreas/apriltag_ws/install/apriltag_ros' for CMake module files
[6.621s] DEBUG:colcon.colcon_core.event_handler.log_command:Invoked command in '/home/april/workAreas/apriltag_ws/build/apriltag_ros' returned '0': CMAKE_PREFIX_PATH=/home/april/workAreas/apriltag_ws/install/apriltag_msgs:/home/april/workAreas/apriltag_ws/install/apriltag_ros:/home/april/rosApril_ws/install/apriltag_ros:/home/april/rosApril_ws/install/apriltag_msgs:/home/april/workAreas/apriltag_ws/install/py_pysub:/home/april/workAreas/apriltag_ws/install/cam_subscriber:/home/april/rosApril_ws/install/py_pysub:/home/april/rosApril_ws/install/cam_subscriber:/opt/ros/foxy LD_LIBRARY_PATH=/home/april/workAreas/apriltag_ws/install/apriltag_msgs/lib:/home/april/workAreas/apriltag_ws/install/apriltag_ros/lib:/home/april/rosApril_ws/install/apriltag_ros/lib:/home/april/rosApril_ws/install/apriltag_msgs/lib:/opt/ros/foxy/opt/yaml_cpp_vendor/lib:/opt/ros/foxy/opt/rviz_ogre_vendor/lib:/opt/ros/foxy/lib/aarch64-linux-gnu:/opt/ros/foxy/lib PYTHONPATH=/home/april/workAreas/apriltag_ws/install/apriltag_msgs/lib/python3.8/site-packages:/home/april/workAreas/apriltag_ws/install/py_pysub/lib/python3.8/site-packages:/home/april/workAreas/apriltag_ws/install/cam_subscriber/lib/python3.8/site-packages:/home/april/rosApril_ws/install/py_pysub/lib/python3.8/site-packages:/home/april/rosApril_ws/install/cam_subscriber/lib/python3.8/site-packages:/home/april/rosApril_ws/install/apriltag_msgs/lib/python3.8/site-packages:/opt/ros/foxy/lib/python3.8/site-packages /usr/bin/cmake --install /home/april/workAreas/apriltag_ws/build/apriltag_ros
[6.623s] Level 1:colcon.colcon_core.environment:checking '/home/april/workAreas/apriltag_ws/install/apriltag_ros' for CMake config files
[6.625s] Level 1:colcon.colcon_core.shell:create_environment_hook('apriltag_ros', 'cmake_prefix_path')
[6.633s] INFO:colcon.colcon_core.shell:Creating environment hook '/home/april/workAreas/apriltag_ws/install/apriltag_ros/share/apriltag_ros/hook/cmake_prefix_path.ps1'
[6.635s] INFO:colcon.colcon_core.shell:Creating environment descriptor '/home/april/workAreas/apriltag_ws/install/apriltag_ros/share/apriltag_ros/hook/cmake_prefix_path.dsv'
[6.638s] INFO:colcon.colcon_core.shell:Creating environment hook '/home/april/workAreas/apriltag_ws/install/apriltag_ros/share/apriltag_ros/hook/cmake_prefix_path.sh'
[6.641s] Level 1:colcon.colcon_core.environment:checking '/home/april/workAreas/apriltag_ws/install/apriltag_ros/lib'
[6.642s] Level 1:colcon.colcon_core.shell:create_environment_hook('apriltag_ros', 'ld_library_path_lib')
[6.661s] INFO:colcon.colcon_core.shell:Creating environment hook '/home/april/workAreas/apriltag_ws/install/apriltag_ros/share/apriltag_ros/hook/ld_library_path_lib.ps1'
[6.664s] INFO:colcon.colcon_core.shell:Creating environment descriptor '/home/april/workAreas/apriltag_ws/install/apriltag_ros/share/apriltag_ros/hook/ld_library_path_lib.dsv'
[6.667s] INFO:colcon.colcon_core.shell:Creating environment hook '/home/april/workAreas/apriltag_ws/install/apriltag_ros/share/apriltag_ros/hook/ld_library_path_lib.sh'
[6.670s] Level 1:colcon.colcon_core.environment:checking '/home/april/workAreas/apriltag_ws/install/apriltag_ros/bin'
[6.670s] Level 1:colcon.colcon_core.environment:checking '/home/april/workAreas/apriltag_ws/install/apriltag_ros/lib/pkgconfig/apriltag_ros.pc'
[6.671s] Level 1:colcon.colcon_core.environment:checking '/home/april/workAreas/apriltag_ws/install/apriltag_ros/lib/python3.8/site-packages'
[6.672s] Level 1:colcon.colcon_core.environment:checking '/home/april/workAreas/apriltag_ws/install/apriltag_ros/bin'
[6.680s] INFO:colcon.colcon_core.shell:Creating package script '/home/april/workAreas/apriltag_ws/install/apriltag_ros/share/apriltag_ros/package.ps1'
[6.683s] INFO:colcon.colcon_core.shell:Creating package descriptor '/home/april/workAreas/apriltag_ws/install/apriltag_ros/share/apriltag_ros/package.dsv'
[6.686s] INFO:colcon.colcon_core.shell:Creating package script '/home/april/workAreas/apriltag_ws/install/apriltag_ros/share/apriltag_ros/package.sh'
[6.688s] INFO:colcon.colcon_core.shell:Creating package script '/home/april/workAreas/apriltag_ws/install/apriltag_ros/share/apriltag_ros/package.bash'
[6.691s] INFO:colcon.colcon_core.shell:Creating package script '/home/april/workAreas/apriltag_ws/install/apriltag_ros/share/apriltag_ros/package.zsh'
[6.696s] Level 1:colcon.colcon_core.environment:create_file_with_runtime_dependencies(/home/april/workAreas/apriltag_ws/install/apriltag_ros/share/colcon-core/packages/apriltag_ros)
[6.875s] Level 1:colcon.colcon_core.environment:create_environment_scripts_only(apriltag_ros)
[6.885s] Level 1:colcon.colcon_core.environment:checking '/home/april/workAreas/apriltag_ws/install/apriltag_ros' for CMake module files
[6.888s] Level 1:colcon.colcon_core.environment:checking '/home/april/workAreas/apriltag_ws/install/apriltag_ros' for CMake config files
[6.890s] Level 1:colcon.colcon_core.shell:create_environment_hook('apriltag_ros', 'cmake_prefix_path')
[6.897s] INFO:colcon.colcon_core.shell:Creating environment hook '/home/april/workAreas/apriltag_ws/install/apriltag_ros/share/apriltag_ros/hook/cmake_prefix_path.ps1'
[6.900s] INFO:colcon.colcon_core.shell:Creating environment descriptor '/home/april/workAreas/apriltag_ws/install/apriltag_ros/share/apriltag_ros/hook/cmake_prefix_path.dsv'
[6.902s] INFO:colcon.colcon_core.shell:Creating environment hook '/home/april/workAreas/apriltag_ws/install/apriltag_ros/share/apriltag_ros/hook/cmake_prefix_path.sh'
[6.905s] Level 1:colcon.colcon_core.environment:checking '/home/april/workAreas/apriltag_ws/install/apriltag_ros/lib'
[6.905s] Level 1:colcon.colcon_core.shell:create_environment_hook('apriltag_ros', 'ld_library_path_lib')
[6.911s] INFO:colcon.colcon_core.shell:Creating environment hook '/home/april/workAreas/apriltag_ws/install/apriltag_ros/share/apriltag_ros/hook/ld_library_path_lib.ps1'
[6.914s] INFO:colcon.colcon_core.shell:Creating environment descriptor '/home/april/workAreas/apriltag_ws/install/apriltag_ros/share/apriltag_ros/hook/ld_library_path_lib.dsv'
[6.916s] INFO:colcon.colcon_core.shell:Creating environment hook '/home/april/workAreas/apriltag_ws/install/apriltag_ros/share/apriltag_ros/hook/ld_library_path_lib.sh'
[6.919s] Level 1:colcon.colcon_core.environment:checking '/home/april/workAreas/apriltag_ws/install/apriltag_ros/bin'
[6.919s] Level 1:colcon.colcon_core.environment:checking '/home/april/workAreas/apriltag_ws/install/apriltag_ros/lib/pkgconfig/apriltag_ros.pc'
[6.921s] Level 1:colcon.colcon_core.environment:checking '/home/april/workAreas/apriltag_ws/install/apriltag_ros/lib/python3.8/site-packages'
[6.922s] Level 1:colcon.colcon_core.environment:checking '/home/april/workAreas/apriltag_ws/install/apriltag_ros/bin'
[6.929s] INFO:colcon.colcon_core.shell:Creating package script '/home/april/workAreas/apriltag_ws/install/apriltag_ros/share/apriltag_ros/package.ps1'
[6.932s] INFO:colcon.colcon_core.shell:Creating package descriptor '/home/april/workAreas/apriltag_ws/install/apriltag_ros/share/apriltag_ros/package.dsv'
[6.935s] INFO:colcon.colcon_core.shell:Creating package script '/home/april/workAreas/apriltag_ws/install/apriltag_ros/share/apriltag_ros/package.sh'
[6.937s] INFO:colcon.colcon_core.shell:Creating package script '/home/april/workAreas/apriltag_ws/install/apriltag_ros/share/apriltag_ros/package.bash'
[6.939s] INFO:colcon.colcon_core.shell:Creating package script '/home/april/workAreas/apriltag_ws/install/apriltag_ros/share/apriltag_ros/package.zsh'
[6.942s] Level 1:colcon.colcon_core.environment:create_file_with_runtime_dependencies(/home/april/workAreas/apriltag_ws/install/apriltag_ros/share/colcon-core/packages/apriltag_ros)
[8.109s] Level 1:colcon.colcon_core.environment:checking '/home/april/workAreas/apriltag_ws/install/py_pysub' for CMake module files
[8.111s] DEBUG:colcon.colcon_core.event_handler.log_command:Invoked command in '/home/april/workAreas/apriltag_ws/src/py_pysub/py_pysub' returned '0': PYTHONPATH=/home/april/workAreas/apriltag_ws/build/py_pysub/prefix_override:/home/april/workAreas/apriltag_ws/install/py_pysub/lib/python3.8/site-packages:${PYTHONPATH} /usr/bin/python3 setup.py egg_info --egg-base ../../../build/py_pysub build --build-base /home/april/workAreas/apriltag_ws/build/py_pysub/build install --record /home/april/workAreas/apriltag_ws/build/py_pysub/install.log --install-scripts $base/lib/py_pysub --single-version-externally-managed
[8.113s] Level 1:colcon.colcon_core.environment:checking '/home/april/workAreas/apriltag_ws/install/py_pysub' for CMake config files
[8.116s] Level 1:colcon.colcon_core.environment:checking '/home/april/workAreas/apriltag_ws/install/py_pysub/lib'
[8.116s] Level 1:colcon.colcon_core.environment:checking '/home/april/workAreas/apriltag_ws/install/py_pysub/bin'
[8.117s] Level 1:colcon.colcon_core.environment:checking '/home/april/workAreas/apriltag_ws/install/py_pysub/lib/pkgconfig/py_pysub.pc'
[8.118s] Level 1:colcon.colcon_core.environment:checking '/home/april/workAreas/apriltag_ws/install/py_pysub/lib/python3.8/site-packages'
[8.118s] Level 1:colcon.colcon_core.shell:create_environment_hook('py_pysub', 'pythonpath')
[8.123s] INFO:colcon.colcon_core.shell:Creating environment hook '/home/april/workAreas/apriltag_ws/install/py_pysub/share/py_pysub/hook/pythonpath.ps1'
[8.125s] INFO:colcon.colcon_core.shell:Creating environment descriptor '/home/april/workAreas/apriltag_ws/install/py_pysub/share/py_pysub/hook/pythonpath.dsv'
[8.127s] INFO:colcon.colcon_core.shell:Creating environment hook '/home/april/workAreas/apriltag_ws/install/py_pysub/share/py_pysub/hook/pythonpath.sh'
[8.130s] Level 1:colcon.colcon_core.environment:checking '/home/april/workAreas/apriltag_ws/install/py_pysub/bin'
[8.131s] Level 1:colcon.colcon_core.environment:create_environment_scripts_only(py_pysub)
[8.137s] INFO:colcon.colcon_core.shell:Creating package script '/home/april/workAreas/apriltag_ws/install/py_pysub/share/py_pysub/package.ps1'
[8.140s] INFO:colcon.colcon_core.shell:Creating package descriptor '/home/april/workAreas/apriltag_ws/install/py_pysub/share/py_pysub/package.dsv'
[8.143s] INFO:colcon.colcon_core.shell:Creating package script '/home/april/workAreas/apriltag_ws/install/py_pysub/share/py_pysub/package.sh'
[8.145s] INFO:colcon.colcon_core.shell:Creating package script '/home/april/workAreas/apriltag_ws/install/py_pysub/share/py_pysub/package.bash'
[8.148s] INFO:colcon.colcon_core.shell:Creating package script '/home/april/workAreas/apriltag_ws/install/py_pysub/share/py_pysub/package.zsh'
[8.150s] Level 1:colcon.colcon_core.environment:create_file_with_runtime_dependencies(/home/april/workAreas/apriltag_ws/install/py_pysub/share/colcon-core/packages/py_pysub)
[8.631s] DEBUG:colcon.colcon_core.event_handler.log_command:Invoking command in '/home/april/workAreas/apriltag_ws/src/cam_subscriber': CMAKE_PREFIX_PATH=/home/april/workAreas/apriltag_ws/install/apriltag_msgs:/home/april/workAreas/apriltag_ws/install/apriltag_ros:/home/april/rosApril_ws/install/apriltag_ros:/home/april/rosApril_ws/install/apriltag_msgs LD_LIBRARY_PATH=/home/april/workAreas/apriltag_ws/install/apriltag_msgs/lib:/home/april/workAreas/apriltag_ws/install/apriltag_ros/lib:/home/april/rosApril_ws/install/apriltag_ros/lib:/home/april/rosApril_ws/install/apriltag_msgs/lib:/opt/ros/foxy/opt/yaml_cpp_vendor/lib:/opt/ros/foxy/opt/rviz_ogre_vendor/lib:/opt/ros/foxy/lib/aarch64-linux-gnu:/opt/ros/foxy/lib PYTHONPATH=/home/april/workAreas/apriltag_ws/build/cam_subscriber/prefix_override:/home/april/workAreas/apriltag_ws/install/cam_subscriber/lib/python3.8/site-packages:/home/april/workAreas/apriltag_ws/install/apriltag_msgs/lib/python3.8/site-packages:/home/april/workAreas/apriltag_ws/install/py_pysub/lib/python3.8/site-packages:/home/april/workAreas/apriltag_ws/install/cam_subscriber/lib/python3.8/site-packages:/home/april/rosApril_ws/install/py_pysub/lib/python3.8/site-packages:/home/april/rosApril_ws/install/cam_subscriber/lib/python3.8/site-packages:/home/april/rosApril_ws/install/apriltag_msgs/lib/python3.8/site-packages:/opt/ros/foxy/lib/python3.8/site-packages /usr/bin/python3 setup.py egg_info --egg-base ../../build/cam_subscriber build --build-base /home/april/workAreas/apriltag_ws/build/cam_subscriber/build install --record /home/april/workAreas/apriltag_ws/build/cam_subscriber/install.log --install-scripts $base/lib/cam_subscriber --single-version-externally-managed
[9.969s] Level 1:colcon.colcon_core.environment:checking '/home/april/workAreas/apriltag_ws/install/cam_subscriber' for CMake module files
[9.972s] DEBUG:colcon.colcon_core.event_handler.log_command:Invoked command in '/home/april/workAreas/apriltag_ws/src/cam_subscriber' returned '0': CMAKE_PREFIX_PATH=/home/april/workAreas/apriltag_ws/install/apriltag_msgs:/home/april/workAreas/apriltag_ws/install/apriltag_ros:/home/april/rosApril_ws/install/apriltag_ros:/home/april/rosApril_ws/install/apriltag_msgs LD_LIBRARY_PATH=/home/april/workAreas/apriltag_ws/install/apriltag_msgs/lib:/home/april/workAreas/apriltag_ws/install/apriltag_ros/lib:/home/april/rosApril_ws/install/apriltag_ros/lib:/home/april/rosApril_ws/install/apriltag_msgs/lib:/opt/ros/foxy/opt/yaml_cpp_vendor/lib:/opt/ros/foxy/opt/rviz_ogre_vendor/lib:/opt/ros/foxy/lib/aarch64-linux-gnu:/opt/ros/foxy/lib PYTHONPATH=/home/april/workAreas/apriltag_ws/build/cam_subscriber/prefix_override:/home/april/workAreas/apriltag_ws/install/cam_subscriber/lib/python3.8/site-packages:/home/april/workAreas/apriltag_ws/install/apriltag_msgs/lib/python3.8/site-packages:/home/april/workAreas/apriltag_ws/install/py_pysub/lib/python3.8/site-packages:/home/april/workAreas/apriltag_ws/install/cam_subscriber/lib/python3.8/site-packages:/home/april/rosApril_ws/install/py_pysub/lib/python3.8/site-packages:/home/april/rosApril_ws/install/cam_subscriber/lib/python3.8/site-packages:/home/april/rosApril_ws/install/apriltag_msgs/lib/python3.8/site-packages:/opt/ros/foxy/lib/python3.8/site-packages /usr/bin/python3 setup.py egg_info --egg-base ../../build/cam_subscriber build --build-base /home/april/workAreas/apriltag_ws/build/cam_subscriber/build install --record /home/april/workAreas/apriltag_ws/build/cam_subscriber/install.log --install-scripts $base/lib/cam_subscriber --single-version-externally-managed
[9.974s] Level 1:colcon.colcon_core.environment:checking '/home/april/workAreas/apriltag_ws/install/cam_subscriber' for CMake config files
[9.983s] Level 1:colcon.colcon_core.environment:checking '/home/april/workAreas/apriltag_ws/install/cam_subscriber/lib'
[9.984s] Level 1:colcon.colcon_core.environment:checking '/home/april/workAreas/apriltag_ws/install/cam_subscriber/bin'
[9.984s] Level 1:colcon.colcon_core.environment:checking '/home/april/workAreas/apriltag_ws/install/cam_subscriber/lib/pkgconfig/cam_subscriber.pc'
[9.986s] Level 1:colcon.colcon_core.environment:checking '/home/april/workAreas/apriltag_ws/install/cam_subscriber/lib/python3.8/site-packages'
[9.986s] Level 1:colcon.colcon_core.shell:create_environment_hook('cam_subscriber', 'pythonpath')
[9.993s] INFO:colcon.colcon_core.shell:Creating environment hook '/home/april/workAreas/apriltag_ws/install/cam_subscriber/share/cam_subscriber/hook/pythonpath.ps1'
[9.995s] INFO:colcon.colcon_core.shell:Creating environment descriptor '/home/april/workAreas/apriltag_ws/install/cam_subscriber/share/cam_subscriber/hook/pythonpath.dsv'
[9.997s] INFO:colcon.colcon_core.shell:Creating environment hook '/home/april/workAreas/apriltag_ws/install/cam_subscriber/share/cam_subscriber/hook/pythonpath.sh'
[9.999s] Level 1:colcon.colcon_core.environment:checking '/home/april/workAreas/apriltag_ws/install/cam_subscriber/bin'
[9.999s] Level 1:colcon.colcon_core.environment:create_environment_scripts_only(cam_subscriber)
[10.005s] INFO:colcon.colcon_core.shell:Creating package script '/home/april/workAreas/apriltag_ws/install/cam_subscriber/share/cam_subscriber/package.ps1'
[10.007s] INFO:colcon.colcon_core.shell:Creating package descriptor '/home/april/workAreas/apriltag_ws/install/cam_subscriber/share/cam_subscriber/package.dsv'
[10.009s] INFO:colcon.colcon_core.shell:Creating package script '/home/april/workAreas/apriltag_ws/install/cam_subscriber/share/cam_subscriber/package.sh'
[10.011s] INFO:colcon.colcon_core.shell:Creating package script '/home/april/workAreas/apriltag_ws/install/cam_subscriber/share/cam_subscriber/package.bash'
[10.013s] INFO:colcon.colcon_core.shell:Creating package script '/home/april/workAreas/apriltag_ws/install/cam_subscriber/share/cam_subscriber/package.zsh'
[10.014s] Level 1:colcon.colcon_core.environment:create_file_with_runtime_dependencies(/home/april/workAreas/apriltag_ws/install/cam_subscriber/share/colcon-core/packages/cam_subscriber)
[10.016s] DEBUG:colcon.colcon_parallel_executor.executor.parallel:closing loop
[10.017s] DEBUG:colcon.colcon_parallel_executor.executor.parallel:loop closed
[10.017s] DEBUG:colcon.colcon_parallel_executor.executor.parallel:run_until_complete finished with '0'
[10.017s] DEBUG:colcon.colcon_core.event_reactor:joining thread
[10.054s] INFO:colcon.colcon_core.plugin_system:Skipping extension 'colcon_notification.desktop_notification.terminal_notifier': Not used on non-Darwin systems
[10.055s] INFO:colcon.colcon_core.plugin_system:Skipping extension 'colcon_notification.desktop_notification.win32': Not used on non-Windows systems
[10.055s] INFO:colcon.colcon_notification.desktop_notification:Sending desktop notification using 'notify2'
[10.147s] DEBUG:colcon.colcon_core.event_reactor:joined thread
[10.155s] INFO:colcon.colcon_core.shell:Creating prefix script '/home/april/workAreas/apriltag_ws/install/local_setup.ps1'
[10.160s] INFO:colcon.colcon_core.shell:Creating prefix util module '/home/april/workAreas/apriltag_ws/install/_local_setup_util_ps1.py'
[10.172s] INFO:colcon.colcon_core.shell:Creating prefix chain script '/home/april/workAreas/apriltag_ws/install/setup.ps1'
[10.181s] INFO:colcon.colcon_core.shell:Creating prefix script '/home/april/workAreas/apriltag_ws/install/local_setup.sh'
[10.184s] INFO:colcon.colcon_core.shell:Creating prefix util module '/home/april/workAreas/apriltag_ws/install/_local_setup_util_sh.py'
[10.187s] INFO:colcon.colcon_core.shell:Creating prefix chain script '/home/april/workAreas/apriltag_ws/install/setup.sh'
[10.196s] INFO:colcon.colcon_core.shell:Creating prefix script '/home/april/workAreas/apriltag_ws/install/local_setup.bash'
[10.199s] INFO:colcon.colcon_core.shell:Creating prefix chain script '/home/april/workAreas/apriltag_ws/install/setup.bash'
[10.209s] INFO:colcon.colcon_core.shell:Creating prefix script '/home/april/workAreas/apriltag_ws/install/local_setup.zsh'
[10.212s] INFO:colcon.colcon_core.shell:Creating prefix chain script '/home/april/workAreas/apriltag_ws/install/setup.zsh'
