[0.419s] Invoking command in '/home/april/workAreas/apriltag_ws/build/apriltag_ros': CMAKE_PREFIX_PATH=/home/april/workAreas/apriltag_ws/install/apriltag_msgs:/home/april/workAreas/apriltag_ws/install/apriltag_ros:/home/april/rosApril_ws/install/apriltag_ros:/home/april/rosApril_ws/install/apriltag_msgs:/home/april/workAreas/apriltag_ws/install/py_pysub:/home/april/workAreas/apriltag_ws/install/cam_subscriber:/opt/ros/foxy:/home/april/rosApril_ws/install/py_pysub:/home/april/rosApril_ws/install/cam_subscriber LD_LIBRARY_PATH=/home/april/workAreas/apriltag_ws/install/apriltag_msgs/lib:/home/april/workAreas/apriltag_ws/install/apriltag_ros/lib:/opt/ros/foxy/opt/yaml_cpp_vendor/lib:/opt/ros/foxy/opt/rviz_ogre_vendor/lib:/opt/ros/foxy/lib/aarch64-linux-gnu:/opt/ros/foxy/lib:/home/april/rosApril_ws/install/apriltag_ros/lib:/home/april/rosApril_ws/install/apriltag_msgs/lib PYTHONPATH=/home/april/workAreas/apriltag_ws/install/apriltag_msgs/lib/python3.8/site-packages:/home/april/workAreas/apriltag_ws/install/py_pysub/lib/python3.8/site-packages:/home/april/workAreas/apriltag_ws/install/cam_subscriber/lib/python3.8/site-packages:/opt/ros/foxy/lib/python3.8/site-packages:/home/april/rosApril_ws/install/py_pysub/lib/python3.8/site-packages:/home/april/rosApril_ws/install/cam_subscriber/lib/python3.8/site-packages:/home/april/rosApril_ws/install/apriltag_msgs/lib/python3.8/site-packages /usr/bin/cmake --build /home/april/workAreas/apriltag_ws/build/apriltag_ros -- -j4 -l4
[1.168s] [100%] Built target AprilTagNode
[2.140s] Invoked command in '/home/april/workAreas/apriltag_ws/build/apriltag_ros' returned '0': CMAKE_PREFIX_PATH=/home/april/workAreas/apriltag_ws/install/apriltag_msgs:/home/april/workAreas/apriltag_ws/install/apriltag_ros:/home/april/rosApril_ws/install/apriltag_ros:/home/april/rosApril_ws/install/apriltag_msgs:/home/april/workAreas/apriltag_ws/install/py_pysub:/home/april/workAreas/apriltag_ws/install/cam_subscriber:/opt/ros/foxy:/home/april/rosApril_ws/install/py_pysub:/home/april/rosApril_ws/install/cam_subscriber LD_LIBRARY_PATH=/home/april/workAreas/apriltag_ws/install/apriltag_msgs/lib:/home/april/workAreas/apriltag_ws/install/apriltag_ros/lib:/opt/ros/foxy/opt/yaml_cpp_vendor/lib:/opt/ros/foxy/opt/rviz_ogre_vendor/lib:/opt/ros/foxy/lib/aarch64-linux-gnu:/opt/ros/foxy/lib:/home/april/rosApril_ws/install/apriltag_ros/lib:/home/april/rosApril_ws/install/apriltag_msgs/lib PYTHONPATH=/home/april/workAreas/apriltag_ws/install/apriltag_msgs/lib/python3.8/site-packages:/home/april/workAreas/apriltag_ws/install/py_pysub/lib/python3.8/site-packages:/home/april/workAreas/apriltag_ws/install/cam_subscriber/lib/python3.8/site-packages:/opt/ros/foxy/lib/python3.8/site-packages:/home/april/rosApril_ws/install/py_pysub/lib/python3.8/site-packages:/home/april/rosApril_ws/install/cam_subscriber/lib/python3.8/site-packages:/home/april/rosApril_ws/install/apriltag_msgs/lib/python3.8/site-packages /usr/bin/cmake --build /home/april/workAreas/apriltag_ws/build/apriltag_ros -- -j4 -l4
[2.353s] Invoking command in '/home/april/workAreas/apriltag_ws/build/apriltag_ros': CMAKE_PREFIX_PATH=/home/april/workAreas/apriltag_ws/install/apriltag_msgs:/home/april/workAreas/apriltag_ws/install/apriltag_ros:/home/april/rosApril_ws/install/apriltag_ros:/home/april/rosApril_ws/install/apriltag_msgs:/home/april/workAreas/apriltag_ws/install/py_pysub:/home/april/workAreas/apriltag_ws/install/cam_subscriber:/opt/ros/foxy:/home/april/rosApril_ws/install/py_pysub:/home/april/rosApril_ws/install/cam_subscriber LD_LIBRARY_PATH=/home/april/workAreas/apriltag_ws/install/apriltag_msgs/lib:/home/april/workAreas/apriltag_ws/install/apriltag_ros/lib:/opt/ros/foxy/opt/yaml_cpp_vendor/lib:/opt/ros/foxy/opt/rviz_ogre_vendor/lib:/opt/ros/foxy/lib/aarch64-linux-gnu:/opt/ros/foxy/lib:/home/april/rosApril_ws/install/apriltag_ros/lib:/home/april/rosApril_ws/install/apriltag_msgs/lib PYTHONPATH=/home/april/workAreas/apriltag_ws/install/apriltag_msgs/lib/python3.8/site-packages:/home/april/workAreas/apriltag_ws/install/py_pysub/lib/python3.8/site-packages:/home/april/workAreas/apriltag_ws/install/cam_subscriber/lib/python3.8/site-packages:/opt/ros/foxy/lib/python3.8/site-packages:/home/april/rosApril_ws/install/py_pysub/lib/python3.8/site-packages:/home/april/rosApril_ws/install/cam_subscriber/lib/python3.8/site-packages:/home/april/rosApril_ws/install/apriltag_msgs/lib/python3.8/site-packages /usr/bin/cmake --install /home/april/workAreas/apriltag_ws/build/apriltag_ros
[2.453s] -- Install configuration: ""
[2.454s] -- Up-to-date: /home/april/workAreas/apriltag_ws/install/apriltag_ros/share/apriltag_ros/environment/library_path.sh
[2.456s] -- Up-to-date: /home/april/workAreas/apriltag_ws/install/apriltag_ros/share/apriltag_ros/environment/library_path.dsv
[2.459s] -- Up-to-date: /home/april/workAreas/apriltag_ws/install/apriltag_ros/lib/libAprilTagNode.so
[2.461s] -- Up-to-date: /home/april/workAreas/apriltag_ws/install/apriltag_ros/share/apriltag_ros/cfg
[2.463s] -- Up-to-date: /home/april/workAreas/apriltag_ws/install/apriltag_ros/share/apriltag_ros/cfg/tags_16h5_all.yaml
[2.464s] -- Up-to-date: /home/april/workAreas/apriltag_ws/install/apriltag_ros/share/apriltag_ros/cfg/tags_16h5_filtered.yaml
[2.465s] -- Up-to-date: /home/april/workAreas/apriltag_ws/install/apriltag_ros/share/apriltag_ros/cfg/tags_36h11_all.yaml
[2.471s] -- Up-to-date: /home/april/workAreas/apriltag_ws/install/apriltag_ros/share/apriltag_ros/launch
[2.473s] -- Up-to-date: /home/april/workAreas/apriltag_ws/install/apriltag_ros/share/apriltag_ros/launch/tag_16h5_all.launch.py
[2.487s] -- Up-to-date: /home/april/workAreas/apriltag_ws/install/apriltag_ros/share/ament_index/resource_index/package_run_dependencies/apriltag_ros
[2.488s] -- Up-to-date: /home/april/workAreas/apriltag_ws/install/apriltag_ros/share/ament_index/resource_index/parent_prefix_path/apriltag_ros
[2.489s] -- Up-to-date: /home/april/workAreas/apriltag_ws/install/apriltag_ros/share/apriltag_ros/environment/ament_prefix_path.sh
[2.491s] -- Up-to-date: /home/april/workAreas/apriltag_ws/install/apriltag_ros/share/apriltag_ros/environment/ament_prefix_path.dsv
[2.516s] -- Up-to-date: /home/april/workAreas/apriltag_ws/install/apriltag_ros/share/apriltag_ros/environment/path.sh
[2.516s] -- Up-to-date: /home/april/workAreas/apriltag_ws/install/apriltag_ros/share/apriltag_ros/environment/path.dsv
[2.517s] -- Up-to-date: /home/april/workAreas/apriltag_ws/install/apriltag_ros/share/apriltag_ros/local_setup.bash
[2.518s] -- Up-to-date: /home/april/workAreas/apriltag_ws/install/apriltag_ros/share/apriltag_ros/local_setup.sh
[2.519s] -- Up-to-date: /home/april/workAreas/apriltag_ws/install/apriltag_ros/share/apriltag_ros/local_setup.zsh
[2.519s] -- Up-to-date: /home/april/workAreas/apriltag_ws/install/apriltag_ros/share/apriltag_ros/local_setup.dsv
[2.520s] -- Installing: /home/april/workAreas/apriltag_ws/install/apriltag_ros/share/apriltag_ros/package.dsv
[2.532s] -- Up-to-date: /home/april/workAreas/apriltag_ws/install/apriltag_ros/share/ament_index/resource_index/packages/apriltag_ros
[2.535s] -- Up-to-date: /home/april/workAreas/apriltag_ws/install/apriltag_ros/share/ament_index/resource_index/rclcpp_components/apriltag_ros
[2.537s] -- Up-to-date: /home/april/workAreas/apriltag_ws/install/apriltag_ros/share/apriltag_ros/cmake/apriltag_rosConfig.cmake
[2.540s] -- Up-to-date: /home/april/workAreas/apriltag_ws/install/apriltag_ros/share/apriltag_ros/cmake/apriltag_rosConfig-version.cmake
[2.541s] -- Up-to-date: /home/april/workAreas/apriltag_ws/install/apriltag_ros/share/apriltag_ros/package.xml
[2.640s] Invoked command in '/home/april/workAreas/apriltag_ws/build/apriltag_ros' returned '0': CMAKE_PREFIX_PATH=/home/april/workAreas/apriltag_ws/install/apriltag_msgs:/home/april/workAreas/apriltag_ws/install/apriltag_ros:/home/april/rosApril_ws/install/apriltag_ros:/home/april/rosApril_ws/install/apriltag_msgs:/home/april/workAreas/apriltag_ws/install/py_pysub:/home/april/workAreas/apriltag_ws/install/cam_subscriber:/opt/ros/foxy:/home/april/rosApril_ws/install/py_pysub:/home/april/rosApril_ws/install/cam_subscriber LD_LIBRARY_PATH=/home/april/workAreas/apriltag_ws/install/apriltag_msgs/lib:/home/april/workAreas/apriltag_ws/install/apriltag_ros/lib:/opt/ros/foxy/opt/yaml_cpp_vendor/lib:/opt/ros/foxy/opt/rviz_ogre_vendor/lib:/opt/ros/foxy/lib/aarch64-linux-gnu:/opt/ros/foxy/lib:/home/april/rosApril_ws/install/apriltag_ros/lib:/home/april/rosApril_ws/install/apriltag_msgs/lib PYTHONPATH=/home/april/workAreas/apriltag_ws/install/apriltag_msgs/lib/python3.8/site-packages:/home/april/workAreas/apriltag_ws/install/py_pysub/lib/python3.8/site-packages:/home/april/workAreas/apriltag_ws/install/cam_subscriber/lib/python3.8/site-packages:/opt/ros/foxy/lib/python3.8/site-packages:/home/april/rosApril_ws/install/py_pysub/lib/python3.8/site-packages:/home/april/rosApril_ws/install/cam_subscriber/lib/python3.8/site-packages:/home/april/rosApril_ws/install/apriltag_msgs/lib/python3.8/site-packages /usr/bin/cmake --install /home/april/workAreas/apriltag_ws/build/apriltag_ros
