[3.870s] Invoking command in '/home/april/workAreas/apriltag_ws/src/py_pysub/py_pysub': PYTHONPATH=/home/april/workAreas/apriltag_ws/build/py_pysub/prefix_override:/home/april/workAreas/apriltag_ws/install/py_pysub/lib/python3.8/site-packages:${PYTHONPATH} /usr/bin/python3 setup.py egg_info --egg-base ../../../build/py_pysub build --build-base /home/april/workAreas/apriltag_ws/build/py_pysub/build install --record /home/april/workAreas/apriltag_ws/build/py_pysub/install.log --install-scripts $base/lib/py_pysub --single-version-externally-managed
[5.266s] running egg_info
[5.270s] writing ../../../build/py_pysub/py_pysub.egg-info/PKG-INFO
[5.271s] writing dependency_links to ../../../build/py_pysub/py_pysub.egg-info/dependency_links.txt
[5.272s] writing entry points to ../../../build/py_pysub/py_pysub.egg-info/entry_points.txt
[5.273s] writing requirements to ../../../build/py_pysub/py_pysub.egg-info/requires.txt
[5.274s] writing top-level names to ../../../build/py_pysub/py_pysub.egg-info/top_level.txt
[5.438s] reading manifest file '../../../build/py_pysub/py_pysub.egg-info/SOURCES.txt'
[5.442s] writing manifest file '../../../build/py_pysub/py_pysub.egg-info/SOURCES.txt'
[5.443s] running build
[5.444s] running build_py
[5.445s] running install
[5.449s] running install_lib
[5.456s] running install_data
[5.458s] running install_egg_info
[5.465s] removing '/home/april/workAreas/apriltag_ws/install/py_pysub/lib/python3.8/site-packages/py_pysub-0.0.0-py3.8.egg-info' (and everything under it)
[5.467s] Copying ../../../build/py_pysub/py_pysub.egg-info to /home/april/workAreas/apriltag_ws/install/py_pysub/lib/python3.8/site-packages/py_pysub-0.0.0-py3.8.egg-info
[5.472s] running install_scripts
[5.563s] Installing talker script to /home/april/workAreas/apriltag_ws/install/py_pysub/lib/py_pysub
[5.566s] writing list of installed files to '/home/april/workAreas/apriltag_ws/build/py_pysub/install.log'
[5.765s] Invoked command in '/home/april/workAreas/apriltag_ws/src/py_pysub/py_pysub' returned '0': PYTHONPATH=/home/april/workAreas/apriltag_ws/build/py_pysub/prefix_override:/home/april/workAreas/apriltag_ws/install/py_pysub/lib/python3.8/site-packages:${PYTHONPATH} /usr/bin/python3 setup.py egg_info --egg-base ../../../build/py_pysub build --build-base /home/april/workAreas/apriltag_ws/build/py_pysub/build install --record /home/april/workAreas/apriltag_ws/build/py_pysub/install.log --install-scripts $base/lib/py_pysub --single-version-externally-managed
