[5.195s] Invoking command in '/home/april/workAreas/apriltag_ws/src/py_pysub/py_pysub': PYTHONPATH=/home/april/workAreas/apriltag_ws/build/py_pysub/prefix_override:/home/april/workAreas/apriltag_ws/install/py_pysub/lib/python3.8/site-packages:${PYTHONPATH} /usr/bin/python3 setup.py egg_info --egg-base ../../../build/py_pysub build --build-base /home/april/workAreas/apriltag_ws/build/py_pysub/build install --record /home/april/workAreas/apriltag_ws/build/py_pysub/install.log --install-scripts $base/lib/py_pysub --single-version-externally-managed
[6.612s] running egg_info
[6.616s] writing ../../../build/py_pysub/py_pysub.egg-info/PKG-INFO
[6.617s] writing dependency_links to ../../../build/py_pysub/py_pysub.egg-info/dependency_links.txt
[6.618s] writing entry points to ../../../build/py_pysub/py_pysub.egg-info/entry_points.txt
[6.619s] writing requirements to ../../../build/py_pysub/py_pysub.egg-info/requires.txt
[6.620s] writing top-level names to ../../../build/py_pysub/py_pysub.egg-info/top_level.txt
[6.792s] reading manifest file '../../../build/py_pysub/py_pysub.egg-info/SOURCES.txt'
[6.797s] writing manifest file '../../../build/py_pysub/py_pysub.egg-info/SOURCES.txt'
[6.798s] running build
[6.799s] running build_py
[6.800s] running install
[6.806s] running install_lib
[6.813s] running install_data
[6.816s] running install_egg_info
[6.824s] removing '/home/april/workAreas/apriltag_ws/install/py_pysub/lib/python3.8/site-packages/py_pysub-0.0.0-py3.8.egg-info' (and everything under it)
[6.826s] Copying ../../../build/py_pysub/py_pysub.egg-info to /home/april/workAreas/apriltag_ws/install/py_pysub/lib/python3.8/site-packages/py_pysub-0.0.0-py3.8.egg-info
[6.832s] running install_scripts
[6.918s] Installing talker script to /home/april/workAreas/apriltag_ws/install/py_pysub/lib/py_pysub
[6.920s] writing list of installed files to '/home/april/workAreas/apriltag_ws/build/py_pysub/install.log'
[7.057s] Invoked command in '/home/april/workAreas/apriltag_ws/src/py_pysub/py_pysub' returned '0': PYTHONPATH=/home/april/workAreas/apriltag_ws/build/py_pysub/prefix_override:/home/april/workAreas/apriltag_ws/install/py_pysub/lib/python3.8/site-packages:${PYTHONPATH} /usr/bin/python3 setup.py egg_info --egg-base ../../../build/py_pysub build --build-base /home/april/workAreas/apriltag_ws/build/py_pysub/build install --record /home/april/workAreas/apriltag_ws/build/py_pysub/install.log --install-scripts $base/lib/py_pysub --single-version-externally-managed
