[7.203s] Invoking command in '/home/april/workAreas/apriltag_ws/src/py_pysub/py_pysub': PYTHONPATH=/home/april/workAreas/apriltag_ws/build/py_pysub/prefix_override:/home/april/workAreas/apriltag_ws/install/py_pysub/lib/python3.8/site-packages:${PYTHONPATH} /usr/bin/python3 setup.py egg_info --egg-base ../../../build/py_pysub build --build-base /home/april/workAreas/apriltag_ws/build/py_pysub/build install --record /home/april/workAreas/apriltag_ws/build/py_pysub/install.log --install-scripts $base/lib/py_pysub --single-version-externally-managed
[10.214s] running egg_info
[10.220s] writing ../../../build/py_pysub/py_pysub.egg-info/PKG-INFO
[10.224s] writing dependency_links to ../../../build/py_pysub/py_pysub.egg-info/dependency_links.txt
[10.228s] writing entry points to ../../../build/py_pysub/py_pysub.egg-info/entry_points.txt
[10.249s] writing requirements to ../../../build/py_pysub/py_pysub.egg-info/requires.txt
[10.250s] writing top-level names to ../../../build/py_pysub/py_pysub.egg-info/top_level.txt
[10.467s] reading manifest file '../../../build/py_pysub/py_pysub.egg-info/SOURCES.txt'
[10.471s] writing manifest file '../../../build/py_pysub/py_pysub.egg-info/SOURCES.txt'
[10.472s] running build
[10.473s] running build_py
[10.474s] running install
[10.481s] running install_lib
[10.495s] running install_data
[10.499s] running install_egg_info
[10.516s] removing '/home/april/workAreas/apriltag_ws/install/py_pysub/lib/python3.8/site-packages/py_pysub-0.0.0-py3.8.egg-info' (and everything under it)
[10.521s] Copying ../../../build/py_pysub/py_pysub.egg-info to /home/april/workAreas/apriltag_ws/install/py_pysub/lib/python3.8/site-packages/py_pysub-0.0.0-py3.8.egg-info
[10.532s] running install_scripts
[10.662s] Installing talker script to /home/april/workAreas/apriltag_ws/install/py_pysub/lib/py_pysub
[10.665s] writing list of installed files to '/home/april/workAreas/apriltag_ws/build/py_pysub/install.log'
[11.419s] Invoked command in '/home/april/workAreas/apriltag_ws/src/py_pysub/py_pysub' returned '0': PYTHONPATH=/home/april/workAreas/apriltag_ws/build/py_pysub/prefix_override:/home/april/workAreas/apriltag_ws/install/py_pysub/lib/python3.8/site-packages:${PYTHONPATH} /usr/bin/python3 setup.py egg_info --egg-base ../../../build/py_pysub build --build-base /home/april/workAreas/apriltag_ws/build/py_pysub/build install --record /home/april/workAreas/apriltag_ws/build/py_pysub/install.log --install-scripts $base/lib/py_pysub --single-version-externally-managed
