[4.893s] Invoking command in '/home/april/workAreas/apriltag_ws/src/py_pysub/py_pysub': PYTHONPATH=/home/april/workAreas/apriltag_ws/build/py_pysub/prefix_override:/home/april/workAreas/apriltag_ws/install/py_pysub/lib/python3.8/site-packages:${PYTHONPATH} /usr/bin/python3 setup.py egg_info --egg-base ../../../build/py_pysub build --build-base /home/april/workAreas/apriltag_ws/build/py_pysub/build install --record /home/april/workAreas/apriltag_ws/build/py_pysub/install.log --install-scripts $base/lib/py_pysub --single-version-externally-managed
[6.223s] running egg_info
[6.233s] writing ../../../build/py_pysub/py_pysub.egg-info/PKG-INFO
[6.236s] writing dependency_links to ../../../build/py_pysub/py_pysub.egg-info/dependency_links.txt
[6.237s] writing entry points to ../../../build/py_pysub/py_pysub.egg-info/entry_points.txt
[6.238s] writing requirements to ../../../build/py_pysub/py_pysub.egg-info/requires.txt
[6.238s] writing top-level names to ../../../build/py_pysub/py_pysub.egg-info/top_level.txt
[6.386s] reading manifest file '../../../build/py_pysub/py_pysub.egg-info/SOURCES.txt'
[6.390s] writing manifest file '../../../build/py_pysub/py_pysub.egg-info/SOURCES.txt'
[6.391s] running build
[6.391s] running build_py
[6.392s] running install
[6.396s] running install_lib
[6.403s] running install_data
[6.406s] running install_egg_info
[6.416s] removing '/home/april/workAreas/apriltag_ws/install/py_pysub/lib/python3.8/site-packages/py_pysub-0.0.0-py3.8.egg-info' (and everything under it)
[6.417s] Copying ../../../build/py_pysub/py_pysub.egg-info to /home/april/workAreas/apriltag_ws/install/py_pysub/lib/python3.8/site-packages/py_pysub-0.0.0-py3.8.egg-info
[6.424s] running install_scripts
[6.503s] Installing talker script to /home/april/workAreas/apriltag_ws/install/py_pysub/lib/py_pysub
[6.506s] writing list of installed files to '/home/april/workAreas/apriltag_ws/build/py_pysub/install.log'
[6.644s] Invoked command in '/home/april/workAreas/apriltag_ws/src/py_pysub/py_pysub' returned '0': PYTHONPATH=/home/april/workAreas/apriltag_ws/build/py_pysub/prefix_override:/home/april/workAreas/apriltag_ws/install/py_pysub/lib/python3.8/site-packages:${PYTHONPATH} /usr/bin/python3 setup.py egg_info --egg-base ../../../build/py_pysub build --build-base /home/april/workAreas/apriltag_ws/build/py_pysub/build install --record /home/april/workAreas/apriltag_ws/build/py_pysub/install.log --install-scripts $base/lib/py_pysub --single-version-externally-managed
