-- The C compiler identification is GNU 9.4.0
-- The CXX compiler identification is GNU 9.4.0
-- Check for working C compiler: /usr/bin/cc
-- Check for working C compiler: /usr/bin/cc -- works
-- Detecting C compiler ABI info
-- Detecting C compiler ABI info - done
-- Detecting C compile features
-- Detecting C compile features - done
-- Check for working CXX compiler: /usr/bin/c++
-- Check for working CXX compiler: /usr/bin/c++ -- works
-- Detecting CXX compiler ABI info
-- Detecting CXX compiler ABI info - done
-- Detecting CXX compile features
-- Detecting CXX compile features - done
-- Found rclcpp: 2.4.2 (/opt/ros/foxy/share/rclcpp/cmake)
-- Found PythonInterp: /usr/bin/python3 (found suitable version "3.8.10", minimum required is "3") 
-- Using PYTHON_EXECUTABLE: /usr/bin/python3
-- Using all available rosidl_typesupport_c: rosidl_typesupport_fastrtps_c;rosidl_typesupport_introspection_c
-- Found rosidl_adapter: 1.3.0 (/opt/ros/foxy/share/rosidl_adapter/cmake)
-- Found OpenSSL: /usr/lib/aarch64-linux-gnu/libcrypto.so (found version "1.1.1f")  
-- Found FastRTPS: /opt/ros/foxy/include  
-- Using all available rosidl_typesupport_cpp: rosidl_typesupport_fastrtps_cpp;rosidl_typesupport_introspection_cpp
-- Found rmw_implementation_cmake: 1.0.3 (/opt/ros/foxy/share/rmw_implementation_cmake/cmake)
-- Using RMW implementation 'rmw_fastrtps_cpp' as default
-- Looking for pthread.h
-- Looking for pthread.h - found
-- Performing Test CMAKE_HAVE_LIBC_PTHREAD
-- Performing Test CMAKE_HAVE_LIBC_PTHREAD - Failed
-- Looking for pthread_create in pthreads
-- Looking for pthread_create in pthreads - not found
-- Looking for pthread_create in pthread
-- Looking for pthread_create in pthread - found
-- Found Threads: TRUE  
-- Found rclcpp_components: 2.4.2 (/opt/ros/foxy/share/rclcpp_components/cmake)
-- Found sensor_msgs: 2.0.5 (/opt/ros/foxy/share/sensor_msgs/cmake)
-- Found apriltag_msgs: 2.0.0 (/home/april/workAreas/apriltag_ws/install/apriltag_msgs/share/apriltag_msgs/cmake)
-- Found tf2_msgs: 0.13.13 (/opt/ros/foxy/share/tf2_msgs/cmake)
-- Found image_transport: 2.4.0 (/opt/ros/foxy/share/image_transport/cmake)
-- Found cv_bridge: 3.0.7 (/opt/ros/foxy/share/cv_bridge/cmake)
-- Configuring done
-- Generating done
-- Build files have been written to: /home/april/workAreas/apriltag_ws/build/apriltag_ros
[35m[1mScanning dependencies of target AprilTagNode[0m
[ 50%] [32mBuilding CXX object CMakeFiles/AprilTagNode.dir/src/AprilTagNode.cpp.o[0m
[100%] [32m[1mLinking CXX shared library libAprilTagNode.so[0m
[100%] Built target AprilTagNode
-- Install configuration: ""
-- Installing: /home/april/workAreas/apriltag_ws/install/apriltag_ros/share/apriltag_ros/environment/library_path.sh
-- Installing: /home/april/workAreas/apriltag_ws/install/apriltag_ros/share/apriltag_ros/environment/library_path.dsv
-- Installing: /home/april/workAreas/apriltag_ws/install/apriltag_ros/lib/libAprilTagNode.so
-- Set runtime path of "/home/april/workAreas/apriltag_ws/install/apriltag_ros/lib/libAprilTagNode.so" to ""
-- Installing: /home/april/workAreas/apriltag_ws/install/apriltag_ros/share/apriltag_ros/cfg
-- Installing: /home/april/workAreas/apriltag_ws/install/apriltag_ros/share/apriltag_ros/cfg/tags_16h5_all.yaml
-- Installing: /home/april/workAreas/apriltag_ws/install/apriltag_ros/share/apriltag_ros/cfg/tags_16h5_filtered.yaml
-- Installing: /home/april/workAreas/apriltag_ws/install/apriltag_ros/share/apriltag_ros/cfg/tags_36h11_all.yaml
-- Installing: /home/april/workAreas/apriltag_ws/install/apriltag_ros/share/apriltag_ros/launch
-- Installing: /home/april/workAreas/apriltag_ws/install/apriltag_ros/share/apriltag_ros/launch/tag_16h5_all.launch.py
-- Installing: /home/april/workAreas/apriltag_ws/install/apriltag_ros/share/ament_index/resource_index/package_run_dependencies/apriltag_ros
-- Installing: /home/april/workAreas/apriltag_ws/install/apriltag_ros/share/ament_index/resource_index/parent_prefix_path/apriltag_ros
-- Installing: /home/april/workAreas/apriltag_ws/install/apriltag_ros/share/apriltag_ros/environment/ament_prefix_path.sh
-- Installing: /home/april/workAreas/apriltag_ws/install/apriltag_ros/share/apriltag_ros/environment/ament_prefix_path.dsv
-- Installing: /home/april/workAreas/apriltag_ws/install/apriltag_ros/share/apriltag_ros/environment/path.sh
-- Installing: /home/april/workAreas/apriltag_ws/install/apriltag_ros/share/apriltag_ros/environment/path.dsv
-- Installing: /home/april/workAreas/apriltag_ws/install/apriltag_ros/share/apriltag_ros/local_setup.bash
-- Installing: /home/april/workAreas/apriltag_ws/install/apriltag_ros/share/apriltag_ros/local_setup.sh
-- Installing: /home/april/workAreas/apriltag_ws/install/apriltag_ros/share/apriltag_ros/local_setup.zsh
-- Installing: /home/april/workAreas/apriltag_ws/install/apriltag_ros/share/apriltag_ros/local_setup.dsv
-- Installing: /home/april/workAreas/apriltag_ws/install/apriltag_ros/share/apriltag_ros/package.dsv
-- Installing: /home/april/workAreas/apriltag_ws/install/apriltag_ros/share/ament_index/resource_index/packages/apriltag_ros
-- Installing: /home/april/workAreas/apriltag_ws/install/apriltag_ros/share/ament_index/resource_index/rclcpp_components/apriltag_ros
-- Installing: /home/april/workAreas/apriltag_ws/install/apriltag_ros/share/apriltag_ros/cmake/apriltag_rosConfig.cmake
-- Installing: /home/april/workAreas/apriltag_ws/install/apriltag_ros/share/apriltag_ros/cmake/apriltag_rosConfig-version.cmake
-- Installing: /home/april/workAreas/apriltag_ws/install/apriltag_ros/share/apriltag_ros/package.xml
