[0.411s] Invoking command in '/home/april/workAreas/apriltag_ws/build/apriltag_ros': CMAKE_PREFIX_PATH=/home/april/workAreas/apriltag_ws/install/apriltag_msgs:/home/april/workAreas/apriltag_ws/install/apriltag_ros:/home/april/rosApril_ws/install/apriltag_ros:/home/april/rosApril_ws/install/apriltag_msgs:/home/april/workAreas/apriltag_ws/install/py_pysub:/home/april/workAreas/apriltag_ws/install/cam_subscriber:/home/april/rosApril_ws/install/py_pysub:/home/april/rosApril_ws/install/cam_subscriber:/opt/ros/foxy LD_LIBRARY_PATH=/home/april/workAreas/apriltag_ws/install/apriltag_msgs/lib:/home/april/workAreas/apriltag_ws/install/apriltag_ros/lib:/home/april/rosApril_ws/install/apriltag_ros/lib:/home/april/rosApril_ws/install/apriltag_msgs/lib:/opt/ros/foxy/opt/yaml_cpp_vendor/lib:/opt/ros/foxy/opt/rviz_ogre_vendor/lib:/opt/ros/foxy/lib/aarch64-linux-gnu:/opt/ros/foxy/lib PYTHONPATH=/home/april/workAreas/apriltag_ws/install/apriltag_msgs/lib/python3.8/site-packages:/home/april/workAreas/apriltag_ws/install/py_pysub/lib/python3.8/site-packages:/home/april/workAreas/apriltag_ws/install/cam_subscriber/lib/python3.8/site-packages:/home/april/rosApril_ws/install/py_pysub/lib/python3.8/site-packages:/home/april/rosApril_ws/install/cam_subscriber/lib/python3.8/site-packages:/home/april/rosApril_ws/install/apriltag_msgs/lib/python3.8/site-packages:/opt/ros/foxy/lib/python3.8/site-packages /usr/bin/cmake --build /home/april/workAreas/apriltag_ws/build/apriltag_ros -- -j4 -l4
[1.327s] [100%] Built target AprilTagNode
[3.011s] Invoked command in '/home/april/workAreas/apriltag_ws/build/apriltag_ros' returned '0': CMAKE_PREFIX_PATH=/home/april/workAreas/apriltag_ws/install/apriltag_msgs:/home/april/workAreas/apriltag_ws/install/apriltag_ros:/home/april/rosApril_ws/install/apriltag_ros:/home/april/rosApril_ws/install/apriltag_msgs:/home/april/workAreas/apriltag_ws/install/py_pysub:/home/april/workAreas/apriltag_ws/install/cam_subscriber:/home/april/rosApril_ws/install/py_pysub:/home/april/rosApril_ws/install/cam_subscriber:/opt/ros/foxy LD_LIBRARY_PATH=/home/april/workAreas/apriltag_ws/install/apriltag_msgs/lib:/home/april/workAreas/apriltag_ws/install/apriltag_ros/lib:/home/april/rosApril_ws/install/apriltag_ros/lib:/home/april/rosApril_ws/install/apriltag_msgs/lib:/opt/ros/foxy/opt/yaml_cpp_vendor/lib:/opt/ros/foxy/opt/rviz_ogre_vendor/lib:/opt/ros/foxy/lib/aarch64-linux-gnu:/opt/ros/foxy/lib PYTHONPATH=/home/april/workAreas/apriltag_ws/install/apriltag_msgs/lib/python3.8/site-packages:/home/april/workAreas/apriltag_ws/install/py_pysub/lib/python3.8/site-packages:/home/april/workAreas/apriltag_ws/install/cam_subscriber/lib/python3.8/site-packages:/home/april/rosApril_ws/install/py_pysub/lib/python3.8/site-packages:/home/april/rosApril_ws/install/cam_subscriber/lib/python3.8/site-packages:/home/april/rosApril_ws/install/apriltag_msgs/lib/python3.8/site-packages:/opt/ros/foxy/lib/python3.8/site-packages /usr/bin/cmake --build /home/april/workAreas/apriltag_ws/build/apriltag_ros -- -j4 -l4
[3.316s] Invoking command in '/home/april/workAreas/apriltag_ws/build/apriltag_ros': CMAKE_PREFIX_PATH=/home/april/workAreas/apriltag_ws/install/apriltag_msgs:/home/april/workAreas/apriltag_ws/install/apriltag_ros:/home/april/rosApril_ws/install/apriltag_ros:/home/april/rosApril_ws/install/apriltag_msgs:/home/april/workAreas/apriltag_ws/install/py_pysub:/home/april/workAreas/apriltag_ws/install/cam_subscriber:/home/april/rosApril_ws/install/py_pysub:/home/april/rosApril_ws/install/cam_subscriber:/opt/ros/foxy LD_LIBRARY_PATH=/home/april/workAreas/apriltag_ws/install/apriltag_msgs/lib:/home/april/workAreas/apriltag_ws/install/apriltag_ros/lib:/home/april/rosApril_ws/install/apriltag_ros/lib:/home/april/rosApril_ws/install/apriltag_msgs/lib:/opt/ros/foxy/opt/yaml_cpp_vendor/lib:/opt/ros/foxy/opt/rviz_ogre_vendor/lib:/opt/ros/foxy/lib/aarch64-linux-gnu:/opt/ros/foxy/lib PYTHONPATH=/home/april/workAreas/apriltag_ws/install/apriltag_msgs/lib/python3.8/site-packages:/home/april/workAreas/apriltag_ws/install/py_pysub/lib/python3.8/site-packages:/home/april/workAreas/apriltag_ws/install/cam_subscriber/lib/python3.8/site-packages:/home/april/rosApril_ws/install/py_pysub/lib/python3.8/site-packages:/home/april/rosApril_ws/install/cam_subscriber/lib/python3.8/site-packages:/home/april/rosApril_ws/install/apriltag_msgs/lib/python3.8/site-packages:/opt/ros/foxy/lib/python3.8/site-packages /usr/bin/cmake --install /home/april/workAreas/apriltag_ws/build/apriltag_ros
[3.421s] -- Install configuration: ""
[3.423s] -- Up-to-date: /home/april/workAreas/apriltag_ws/install/apriltag_ros/share/apriltag_ros/environment/library_path.sh
[3.425s] -- Up-to-date: /home/april/workAreas/apriltag_ws/install/apriltag_ros/share/apriltag_ros/environment/library_path.dsv
[3.427s] -- Up-to-date: /home/april/workAreas/apriltag_ws/install/apriltag_ros/lib/libAprilTagNode.so
[3.437s] -- Up-to-date: /home/april/workAreas/apriltag_ws/install/apriltag_ros/share/apriltag_ros/cfg
[3.438s] -- Up-to-date: /home/april/workAreas/apriltag_ws/install/apriltag_ros/share/apriltag_ros/cfg/tags_16h5_all.yaml
[3.439s] -- Up-to-date: /home/april/workAreas/apriltag_ws/install/apriltag_ros/share/apriltag_ros/cfg/tags_16h5_filtered.yaml
[3.446s] -- Up-to-date: /home/april/workAreas/apriltag_ws/install/apriltag_ros/share/apriltag_ros/cfg/tags_36h11_all.yaml
[3.447s] -- Up-to-date: /home/april/workAreas/apriltag_ws/install/apriltag_ros/share/apriltag_ros/launch
[3.448s] -- Up-to-date: /home/april/workAreas/apriltag_ws/install/apriltag_ros/share/apriltag_ros/launch/tag_16h5_all.launch.py
[3.448s] -- Up-to-date: /home/april/workAreas/apriltag_ws/install/apriltag_ros/share/ament_index/resource_index/package_run_dependencies/apriltag_ros
[3.449s] -- Up-to-date: /home/april/workAreas/apriltag_ws/install/apriltag_ros/share/ament_index/resource_index/parent_prefix_path/apriltag_ros
[3.450s] -- Up-to-date: /home/april/workAreas/apriltag_ws/install/apriltag_ros/share/apriltag_ros/environment/ament_prefix_path.sh
[3.450s] -- Up-to-date: /home/april/workAreas/apriltag_ws/install/apriltag_ros/share/apriltag_ros/environment/ament_prefix_path.dsv
[3.451s] -- Up-to-date: /home/april/workAreas/apriltag_ws/install/apriltag_ros/share/apriltag_ros/environment/path.sh
[3.476s] -- Up-to-date: /home/april/workAreas/apriltag_ws/install/apriltag_ros/share/apriltag_ros/environment/path.dsv
[3.484s] -- Up-to-date: /home/april/workAreas/apriltag_ws/install/apriltag_ros/share/apriltag_ros/local_setup.bash
[3.485s] -- Up-to-date: /home/april/workAreas/apriltag_ws/install/apriltag_ros/share/apriltag_ros/local_setup.sh
[3.485s] -- Up-to-date: /home/april/workAreas/apriltag_ws/install/apriltag_ros/share/apriltag_ros/local_setup.zsh
[3.486s] -- Up-to-date: /home/april/workAreas/apriltag_ws/install/apriltag_ros/share/apriltag_ros/local_setup.dsv
[3.487s] -- Installing: /home/april/workAreas/apriltag_ws/install/apriltag_ros/share/apriltag_ros/package.dsv
[3.487s] -- Up-to-date: /home/april/workAreas/apriltag_ws/install/apriltag_ros/share/ament_index/resource_index/packages/apriltag_ros
[3.489s] -- Up-to-date: /home/april/workAreas/apriltag_ws/install/apriltag_ros/share/ament_index/resource_index/rclcpp_components/apriltag_ros
[3.492s] -- Up-to-date: /home/april/workAreas/apriltag_ws/install/apriltag_ros/share/apriltag_ros/cmake/apriltag_rosConfig.cmake
[3.501s] -- Up-to-date: /home/april/workAreas/apriltag_ws/install/apriltag_ros/share/apriltag_ros/cmake/apriltag_rosConfig-version.cmake
[3.505s] -- Up-to-date: /home/april/workAreas/apriltag_ws/install/apriltag_ros/share/apriltag_ros/package.xml
[3.507s] Invoked command in '/home/april/workAreas/apriltag_ws/build/apriltag_ros' returned '0': CMAKE_PREFIX_PATH=/home/april/workAreas/apriltag_ws/install/apriltag_msgs:/home/april/workAreas/apriltag_ws/install/apriltag_ros:/home/april/rosApril_ws/install/apriltag_ros:/home/april/rosApril_ws/install/apriltag_msgs:/home/april/workAreas/apriltag_ws/install/py_pysub:/home/april/workAreas/apriltag_ws/install/cam_subscriber:/home/april/rosApril_ws/install/py_pysub:/home/april/rosApril_ws/install/cam_subscriber:/opt/ros/foxy LD_LIBRARY_PATH=/home/april/workAreas/apriltag_ws/install/apriltag_msgs/lib:/home/april/workAreas/apriltag_ws/install/apriltag_ros/lib:/home/april/rosApril_ws/install/apriltag_ros/lib:/home/april/rosApril_ws/install/apriltag_msgs/lib:/opt/ros/foxy/opt/yaml_cpp_vendor/lib:/opt/ros/foxy/opt/rviz_ogre_vendor/lib:/opt/ros/foxy/lib/aarch64-linux-gnu:/opt/ros/foxy/lib PYTHONPATH=/home/april/workAreas/apriltag_ws/install/apriltag_msgs/lib/python3.8/site-packages:/home/april/workAreas/apriltag_ws/install/py_pysub/lib/python3.8/site-packages:/home/april/workAreas/apriltag_ws/install/cam_subscriber/lib/python3.8/site-packages:/home/april/rosApril_ws/install/py_pysub/lib/python3.8/site-packages:/home/april/rosApril_ws/install/cam_subscriber/lib/python3.8/site-packages:/home/april/rosApril_ws/install/apriltag_msgs/lib/python3.8/site-packages:/opt/ros/foxy/lib/python3.8/site-packages /usr/bin/cmake --install /home/april/workAreas/apriltag_ws/build/apriltag_ros
